23-Feb-2024 10:11:46.351 INFO [main] org.apache.catalina.startup.VersionLoggerListener.log Server version name:   Apache Tomcat/9.0.85
23-Feb-2024 10:11:46.356 INFO [main] org.apache.catalina.startup.VersionLoggerListener.log Server built:          Jan 5 2024 08:28:07 UTC
23-Feb-2024 10:11:46.356 INFO [main] org.apache.catalina.startup.VersionLoggerListener.log Server version number: 9.0.85.0
23-Feb-2024 10:11:46.356 INFO [main] org.apache.catalina.startup.VersionLoggerListener.log OS Name:               Windows 11
23-Feb-2024 10:11:46.356 INFO [main] org.apache.catalina.startup.VersionLoggerListener.log OS Version:            10.0
23-Feb-2024 10:11:46.357 INFO [main] org.apache.catalina.startup.VersionLoggerListener.log Architecture:          amd64
23-Feb-2024 10:11:46.357 INFO [main] org.apache.catalina.startup.VersionLoggerListener.log Java Home:             C:\Program Files\Java\jdk-21
23-Feb-2024 10:11:46.357 INFO [main] org.apache.catalina.startup.VersionLoggerListener.log JVM Version:           21.0.2+13-LTS-58
23-Feb-2024 10:11:46.357 INFO [main] org.apache.catalina.startup.VersionLoggerListener.log JVM Vendor:            Oracle Corporation
23-Feb-2024 10:11:46.357 INFO [main] org.apache.catalina.startup.VersionLoggerListener.log CATALINA_BASE:         C:\Users\abhig\Documents\NetBeansProjects\FestaVista\Other\apache-tomcat-9.0.85-windows-x64\apache-tomcat-9.0.85
23-Feb-2024 10:11:46.357 INFO [main] org.apache.catalina.startup.VersionLoggerListener.log CATALINA_HOME:         C:\Users\abhig\Documents\NetBeansProjects\FestaVista\Other\apache-tomcat-9.0.85-windows-x64\apache-tomcat-9.0.85
23-Feb-2024 10:11:46.367 INFO [main] org.apache.catalina.startup.VersionLoggerListener.log Command line argument: --add-opens=java.base/java.lang=ALL-UNNAMED
23-Feb-2024 10:11:46.367 INFO [main] org.apache.catalina.startup.VersionLoggerListener.log Command line argument: --add-opens=java.base/java.io=ALL-UNNAMED
23-Feb-2024 10:11:46.368 INFO [main] org.apache.catalina.startup.VersionLoggerListener.log Command line argument: --add-opens=java.base/java.util=ALL-UNNAMED
23-Feb-2024 10:11:46.368 INFO [main] org.apache.catalina.startup.VersionLoggerListener.log Command line argument: --add-opens=java.base/java.util.concurrent=ALL-UNNAMED
23-Feb-2024 10:11:46.368 INFO [main] org.apache.catalina.startup.VersionLoggerListener.log Command line argument: --add-opens=java.rmi/sun.rmi.transport=ALL-UNNAMED
23-Feb-2024 10:11:46.368 INFO [main] org.apache.catalina.startup.VersionLoggerListener.log Command line argument: -Djava.util.logging.config.file=C:\Users\abhig\Documents\NetBeansProjects\FestaVista\Other\apache-tomcat-9.0.85-windows-x64\apache-tomcat-9.0.85\conf\logging.properties
23-Feb-2024 10:11:46.368 INFO [main] org.apache.catalina.startup.VersionLoggerListener.log Command line argument: -Djava.util.logging.manager=org.apache.juli.ClassLoaderLogManager
23-Feb-2024 10:11:46.368 INFO [main] org.apache.catalina.startup.VersionLoggerListener.log Command line argument: -Djdk.tls.ephemeralDHKeySize=2048
23-Feb-2024 10:11:46.368 INFO [main] org.apache.catalina.startup.VersionLoggerListener.log Command line argument: -Djava.protocol.handler.pkgs=org.apache.catalina.webresources
23-Feb-2024 10:11:46.369 INFO [main] org.apache.catalina.startup.VersionLoggerListener.log Command line argument: -Dignore.endorsed.dirs=
23-Feb-2024 10:11:46.369 INFO [main] org.apache.catalina.startup.VersionLoggerListener.log Command line argument: -Dcatalina.base=C:\Users\abhig\Documents\NetBeansProjects\FestaVista\Other\apache-tomcat-9.0.85-windows-x64\apache-tomcat-9.0.85
23-Feb-2024 10:11:46.369 INFO [main] org.apache.catalina.startup.VersionLoggerListener.log Command line argument: -Dcatalina.home=C:\Users\abhig\Documents\NetBeansProjects\FestaVista\Other\apache-tomcat-9.0.85-windows-x64\apache-tomcat-9.0.85
23-Feb-2024 10:11:46.369 INFO [main] org.apache.catalina.startup.VersionLoggerListener.log Command line argument: -Djava.io.tmpdir=C:\Users\abhig\Documents\NetBeansProjects\FestaVista\Other\apache-tomcat-9.0.85-windows-x64\apache-tomcat-9.0.85\temp
23-Feb-2024 10:11:46.372 INFO [main] org.apache.catalina.core.AprLifecycleListener.lifecycleEvent Loaded Apache Tomcat Native library [1.2.39] using APR version [1.7.4].
23-Feb-2024 10:11:46.439 INFO [main] org.apache.catalina.core.AprLifecycleListener.lifecycleEvent APR capabilities: IPv6 [true], sendfile [true], accept filters [false], random [true], UDS [true].
23-Feb-2024 10:11:46.439 INFO [main] org.apache.catalina.core.AprLifecycleListener.lifecycleEvent APR/OpenSSL configuration: useAprConnector [false], useOpenSSL [true]
23-Feb-2024 10:11:46.446 INFO [main] org.apache.catalina.core.AprLifecycleListener.initializeSSL OpenSSL successfully initialized [OpenSSL 3.0.11 19 Sep 2023]
23-Feb-2024 10:11:46.799 INFO [main] org.apache.coyote.AbstractProtocol.init Initializing ProtocolHandler ["http-nio-8080"]
23-Feb-2024 10:11:46.822 INFO [main] org.apache.catalina.startup.Catalina.load Server initialization in [689] milliseconds
23-Feb-2024 10:11:46.880 INFO [main] org.apache.catalina.core.StandardService.startInternal Starting service [Catalina]
23-Feb-2024 10:11:46.881 INFO [main] org.apache.catalina.core.StandardEngine.startInternal Starting Servlet engine: [Apache Tomcat/9.0.85]
23-Feb-2024 10:11:46.891 INFO [main] org.apache.catalina.startup.HostConfig.deployDescriptor Deploying deployment descriptor [C:\Users\abhig\Documents\NetBeansProjects\FestaVista\Other\apache-tomcat-9.0.85-windows-x64\apache-tomcat-9.0.85\conf\Catalina\localhost\eventhub.xml]
23-Feb-2024 10:11:46.906 WARNING [main] org.apache.catalina.startup.HostConfig.deployDescriptor The path attribute with value [/eventhub] in deployment descriptor [C:\Users\abhig\Documents\NetBeansProjects\FestaVista\Other\apache-tomcat-9.0.85-windows-x64\apache-tomcat-9.0.85\conf\Catalina\localhost\eventhub.xml] has been ignored
23-Feb-2024 10:11:46.936 SEVERE [main] org.apache.catalina.startup.HostConfig.deployDescriptor Error deploying deployment descriptor [C:\Users\abhig\Documents\NetBeansProjects\FestaVista\Other\apache-tomcat-9.0.85-windows-x64\apache-tomcat-9.0.85\conf\Catalina\localhost\eventhub.xml]
	java.lang.IllegalStateException: Error starting child
		at org.apache.catalina.core.ContainerBase.addChildInternal(ContainerBase.java:686)
		at org.apache.catalina.core.ContainerBase.addChild(ContainerBase.java:658)
		at org.apache.catalina.core.StandardHost.addChild(StandardHost.java:661)
		at org.apache.catalina.startup.HostConfig.deployDescriptor(HostConfig.java:691)
		at org.apache.catalina.startup.HostConfig$DeployDescriptor.run(HostConfig.java:1897)
		at java.base/java.util.concurrent.Executors$RunnableAdapter.call(Executors.java:572)
		at java.base/java.util.concurrent.FutureTask.run(FutureTask.java:317)
		at org.apache.tomcat.util.threads.InlineExecutorService.execute(InlineExecutorService.java:75)
		at java.base/java.util.concurrent.AbstractExecutorService.submit(AbstractExecutorService.java:123)
		at org.apache.catalina.startup.HostConfig.deployDescriptors(HostConfig.java:584)
		at org.apache.catalina.startup.HostConfig.deployApps(HostConfig.java:474)
		at org.apache.catalina.startup.HostConfig.start(HostConfig.java:1619)
		at org.apache.catalina.startup.HostConfig.lifecycleEvent(HostConfig.java:318)
		at org.apache.catalina.util.LifecycleBase.fireLifecycleEvent(LifecycleBase.java:114)
		at org.apache.catalina.util.LifecycleBase.setStateInternal(LifecycleBase.java:402)
		at org.apache.catalina.util.LifecycleBase.setState(LifecycleBase.java:345)
		at org.apache.catalina.core.ContainerBase.startInternal(ContainerBase.java:893)
		at org.apache.catalina.core.StandardHost.startInternal(StandardHost.java:794)
		at org.apache.catalina.util.LifecycleBase.start(LifecycleBase.java:171)
		at org.apache.catalina.core.ContainerBase$StartChild.call(ContainerBase.java:1332)
		at org.apache.catalina.core.ContainerBase$StartChild.call(ContainerBase.java:1322)
		at java.base/java.util.concurrent.FutureTask.run(FutureTask.java:317)
		at org.apache.tomcat.util.threads.InlineExecutorService.execute(InlineExecutorService.java:75)
		at java.base/java.util.concurrent.AbstractExecutorService.submit(AbstractExecutorService.java:145)
		at org.apache.catalina.core.ContainerBase.startInternal(ContainerBase.java:866)
		at org.apache.catalina.core.StandardEngine.startInternal(StandardEngine.java:248)
		at org.apache.catalina.util.LifecycleBase.start(LifecycleBase.java:171)
		at org.apache.catalina.core.StandardService.startInternal(StandardService.java:433)
		at org.apache.catalina.util.LifecycleBase.start(LifecycleBase.java:171)
		at org.apache.catalina.core.StandardServer.startInternal(StandardServer.java:921)
		at org.apache.catalina.util.LifecycleBase.start(LifecycleBase.java:171)
		at org.apache.catalina.startup.Catalina.start(Catalina.java:772)
		at java.base/jdk.internal.reflect.DirectMethodHandleAccessor.invoke(DirectMethodHandleAccessor.java:103)
		at java.base/java.lang.reflect.Method.invoke(Method.java:580)
		at org.apache.catalina.startup.Bootstrap.start(Bootstrap.java:347)
		at org.apache.catalina.startup.Bootstrap.main(Bootstrap.java:478)
	Caused by: org.apache.catalina.LifecycleException: Failed to start component [org.apache.catalina.webresources.StandardRoot@1cd629b3]
		at org.apache.catalina.util.LifecycleBase.handleSubClassException(LifecycleBase.java:419)
		at org.apache.catalina.util.LifecycleBase.start(LifecycleBase.java:186)
		at org.apache.catalina.core.StandardContext.resourcesStart(StandardContext.java:4575)
		at org.apache.catalina.core.StandardContext.startInternal(StandardContext.java:4708)
		at org.apache.catalina.util.LifecycleBase.start(LifecycleBase.java:171)
		at org.apache.catalina.core.ContainerBase.addChildInternal(ContainerBase.java:683)
		... 35 more
	Caused by: java.lang.IllegalArgumentException: The main resource set specified [C:\Users\abhig\Documents\NetBeansProjects\eventhub\target\eventhub-1.0-SNAPSHOT] is not a directory or war file, or is not readable (it does not exist or permissions to access it are missing)
		at org.apache.catalina.webresources.StandardRoot.createMainResourceSet(StandardRoot.java:749)
		at org.apache.catalina.webresources.StandardRoot.startInternal(StandardRoot.java:707)
		at org.apache.catalina.util.LifecycleBase.start(LifecycleBase.java:171)
		... 39 more
23-Feb-2024 10:11:46.951 INFO [main] org.apache.catalina.startup.HostConfig.deployDescriptor Deployment of deployment descriptor [C:\Users\abhig\Documents\NetBeansProjects\FestaVista\Other\apache-tomcat-9.0.85-windows-x64\apache-tomcat-9.0.85\conf\Catalina\localhost\eventhub.xml] has finished in [60] ms
23-Feb-2024 10:11:46.951 INFO [main] org.apache.catalina.startup.HostConfig.deployDescriptor Deploying deployment descriptor [C:\Users\abhig\Documents\NetBeansProjects\FestaVista\Other\apache-tomcat-9.0.85-windows-x64\apache-tomcat-9.0.85\conf\Catalina\localhost\EventManagement.xml]
23-Feb-2024 10:11:46.952 WARNING [main] org.apache.catalina.startup.HostConfig.deployDescriptor The path attribute with value [/EventManagement] in deployment descriptor [C:\Users\abhig\Documents\NetBeansProjects\FestaVista\Other\apache-tomcat-9.0.85-windows-x64\apache-tomcat-9.0.85\conf\Catalina\localhost\EventManagement.xml] has been ignored
23-Feb-2024 10:11:47.220 INFO [main] org.apache.catalina.startup.HostConfig.deployDescriptor Deployment of deployment descriptor [C:\Users\abhig\Documents\NetBeansProjects\FestaVista\Other\apache-tomcat-9.0.85-windows-x64\apache-tomcat-9.0.85\conf\Catalina\localhost\EventManagement.xml] has finished in [269] ms
23-Feb-2024 10:11:47.236 INFO [main] org.apache.catalina.startup.HostConfig.deployDescriptor Deploying deployment descriptor [C:\Users\abhig\Documents\NetBeansProjects\FestaVista\Other\apache-tomcat-9.0.85-windows-x64\apache-tomcat-9.0.85\conf\Catalina\localhost\FestaVista.xml]
23-Feb-2024 10:11:47.236 WARNING [main] org.apache.catalina.startup.HostConfig.deployDescriptor The path attribute with value [/FestaVista] in deployment descriptor [C:\Users\abhig\Documents\NetBeansProjects\FestaVista\Other\apache-tomcat-9.0.85-windows-x64\apache-tomcat-9.0.85\conf\Catalina\localhost\FestaVista.xml] has been ignored
23-Feb-2024 10:11:47.737 INFO [main] org.apache.jasper.servlet.TldScanner.scanJars At least one JAR was scanned for TLDs yet contained no TLDs. Enable debug logging for this logger for a complete list of JARs that were scanned but no TLDs were found in them. Skipping unneeded JARs during scanning can improve startup time and JSP compilation time.
23-Feb-2024 10:11:47.753 INFO [main] org.apache.catalina.startup.HostConfig.deployDescriptor Deployment of deployment descriptor [C:\Users\abhig\Documents\NetBeansProjects\FestaVista\Other\apache-tomcat-9.0.85-windows-x64\apache-tomcat-9.0.85\conf\Catalina\localhost\FestaVista.xml] has finished in [517] ms
23-Feb-2024 10:11:47.754 INFO [main] org.apache.catalina.startup.HostConfig.deployDescriptor Deploying deployment descriptor [C:\Users\abhig\Documents\NetBeansProjects\FestaVista\Other\apache-tomcat-9.0.85-windows-x64\apache-tomcat-9.0.85\conf\Catalina\localhost\mavenproject1.xml]
23-Feb-2024 10:11:47.754 WARNING [main] org.apache.catalina.startup.HostConfig.deployDescriptor The path attribute with value [/mavenproject1] in deployment descriptor [C:\Users\abhig\Documents\NetBeansProjects\FestaVista\Other\apache-tomcat-9.0.85-windows-x64\apache-tomcat-9.0.85\conf\Catalina\localhost\mavenproject1.xml] has been ignored
23-Feb-2024 10:11:47.758 SEVERE [main] org.apache.catalina.startup.HostConfig.deployDescriptor Error deploying deployment descriptor [C:\Users\abhig\Documents\NetBeansProjects\FestaVista\Other\apache-tomcat-9.0.85-windows-x64\apache-tomcat-9.0.85\conf\Catalina\localhost\mavenproject1.xml]
	java.lang.IllegalStateException: Error starting child
		at org.apache.catalina.core.ContainerBase.addChildInternal(ContainerBase.java:686)
		at org.apache.catalina.core.ContainerBase.addChild(ContainerBase.java:658)
		at org.apache.catalina.core.StandardHost.addChild(StandardHost.java:661)
		at org.apache.catalina.startup.HostConfig.deployDescriptor(HostConfig.java:691)
		at org.apache.catalina.startup.HostConfig$DeployDescriptor.run(HostConfig.java:1897)
		at java.base/java.util.concurrent.Executors$RunnableAdapter.call(Executors.java:572)
		at java.base/java.util.concurrent.FutureTask.run(FutureTask.java:317)
		at org.apache.tomcat.util.threads.InlineExecutorService.execute(InlineExecutorService.java:75)
		at java.base/java.util.concurrent.AbstractExecutorService.submit(AbstractExecutorService.java:123)
		at org.apache.catalina.startup.HostConfig.deployDescriptors(HostConfig.java:584)
		at org.apache.catalina.startup.HostConfig.deployApps(HostConfig.java:474)
		at org.apache.catalina.startup.HostConfig.start(HostConfig.java:1619)
		at org.apache.catalina.startup.HostConfig.lifecycleEvent(HostConfig.java:318)
		at org.apache.catalina.util.LifecycleBase.fireLifecycleEvent(LifecycleBase.java:114)
		at org.apache.catalina.util.LifecycleBase.setStateInternal(LifecycleBase.java:402)
		at org.apache.catalina.util.LifecycleBase.setState(LifecycleBase.java:345)
		at org.apache.catalina.core.ContainerBase.startInternal(ContainerBase.java:893)
		at org.apache.catalina.core.StandardHost.startInternal(StandardHost.java:794)
		at org.apache.catalina.util.LifecycleBase.start(LifecycleBase.java:171)
		at org.apache.catalina.core.ContainerBase$StartChild.call(ContainerBase.java:1332)
		at org.apache.catalina.core.ContainerBase$StartChild.call(ContainerBase.java:1322)
		at java.base/java.util.concurrent.FutureTask.run(FutureTask.java:317)
		at org.apache.tomcat.util.threads.InlineExecutorService.execute(InlineExecutorService.java:75)
		at java.base/java.util.concurrent.AbstractExecutorService.submit(AbstractExecutorService.java:145)
		at org.apache.catalina.core.ContainerBase.startInternal(ContainerBase.java:866)
		at org.apache.catalina.core.StandardEngine.startInternal(StandardEngine.java:248)
		at org.apache.catalina.util.LifecycleBase.start(LifecycleBase.java:171)
		at org.apache.catalina.core.StandardService.startInternal(StandardService.java:433)
		at org.apache.catalina.util.LifecycleBase.start(LifecycleBase.java:171)
		at org.apache.catalina.core.StandardServer.startInternal(StandardServer.java:921)
		at org.apache.catalina.util.LifecycleBase.start(LifecycleBase.java:171)
		at org.apache.catalina.startup.Catalina.start(Catalina.java:772)
		at java.base/jdk.internal.reflect.DirectMethodHandleAccessor.invoke(DirectMethodHandleAccessor.java:103)
		at java.base/java.lang.reflect.Method.invoke(Method.java:580)
		at org.apache.catalina.startup.Bootstrap.start(Bootstrap.java:347)
		at org.apache.catalina.startup.Bootstrap.main(Bootstrap.java:478)
	Caused by: org.apache.catalina.LifecycleException: Failed to start component [org.apache.catalina.webresources.StandardRoot@2873d672]
		at org.apache.catalina.util.LifecycleBase.handleSubClassException(LifecycleBase.java:419)
		at org.apache.catalina.util.LifecycleBase.start(LifecycleBase.java:186)
		at org.apache.catalina.core.StandardContext.resourcesStart(StandardContext.java:4575)
		at org.apache.catalina.core.StandardContext.startInternal(StandardContext.java:4708)
		at org.apache.catalina.util.LifecycleBase.start(LifecycleBase.java:171)
		at org.apache.catalina.core.ContainerBase.addChildInternal(ContainerBase.java:683)
		... 35 more
	Caused by: java.lang.IllegalArgumentException: The main resource set specified [D:\MCA SEM IV\Project\mavenproject1\target\mavenproject1-1.0-SNAPSHOT] is not a directory or war file, or is not readable (it does not exist or permissions to access it are missing)
		at org.apache.catalina.webresources.StandardRoot.createMainResourceSet(StandardRoot.java:749)
		at org.apache.catalina.webresources.StandardRoot.startInternal(StandardRoot.java:707)
		at org.apache.catalina.util.LifecycleBase.start(LifecycleBase.java:171)
		... 39 more
23-Feb-2024 10:11:47.809 INFO [main] org.apache.catalina.startup.HostConfig.deployDescriptor Deployment of deployment descriptor [C:\Users\abhig\Documents\NetBeansProjects\FestaVista\Other\apache-tomcat-9.0.85-windows-x64\apache-tomcat-9.0.85\conf\Catalina\localhost\mavenproject1.xml] has finished in [55] ms
23-Feb-2024 10:11:47.809 INFO [main] org.apache.catalina.startup.HostConfig.deployDescriptor Deploying deployment descriptor [C:\Users\abhig\Documents\NetBeansProjects\FestaVista\Other\apache-tomcat-9.0.85-windows-x64\apache-tomcat-9.0.85\conf\Catalina\localhost\WebApplication1.xml]
23-Feb-2024 10:11:47.810 WARNING [main] org.apache.catalina.startup.HostConfig.deployDescriptor The path attribute with value [/WebApplication1] in deployment descriptor [C:\Users\abhig\Documents\NetBeansProjects\FestaVista\Other\apache-tomcat-9.0.85-windows-x64\apache-tomcat-9.0.85\conf\Catalina\localhost\WebApplication1.xml] has been ignored
23-Feb-2024 10:11:48.140 INFO [main] org.apache.jasper.servlet.TldScanner.scanJars At least one JAR was scanned for TLDs yet contained no TLDs. Enable debug logging for this logger for a complete list of JARs that were scanned but no TLDs were found in them. Skipping unneeded JARs during scanning can improve startup time and JSP compilation time.
23-Feb-2024 10:11:48.143 INFO [main] org.apache.catalina.startup.HostConfig.deployDescriptor Deployment of deployment descriptor [C:\Users\abhig\Documents\NetBeansProjects\FestaVista\Other\apache-tomcat-9.0.85-windows-x64\apache-tomcat-9.0.85\conf\Catalina\localhost\WebApplication1.xml] has finished in [334] ms
23-Feb-2024 10:11:48.143 INFO [main] org.apache.catalina.startup.HostConfig.deployDescriptor Deploying deployment descriptor [C:\Users\abhig\Documents\NetBeansProjects\FestaVista\Other\apache-tomcat-9.0.85-windows-x64\apache-tomcat-9.0.85\conf\Catalina\localhost\WebApplication2.xml]
23-Feb-2024 10:11:48.144 WARNING [main] org.apache.catalina.startup.HostConfig.deployDescriptor The path attribute with value [/WebApplication2] in deployment descriptor [C:\Users\abhig\Documents\NetBeansProjects\FestaVista\Other\apache-tomcat-9.0.85-windows-x64\apache-tomcat-9.0.85\conf\Catalina\localhost\WebApplication2.xml] has been ignored
23-Feb-2024 10:11:48.176 INFO [main] org.apache.catalina.startup.HostConfig.deployDescriptor Deployment of deployment descriptor [C:\Users\abhig\Documents\NetBeansProjects\FestaVista\Other\apache-tomcat-9.0.85-windows-x64\apache-tomcat-9.0.85\conf\Catalina\localhost\WebApplication2.xml] has finished in [33] ms
23-Feb-2024 10:11:48.177 INFO [main] org.apache.catalina.startup.HostConfig.deployDirectory Deploying web application directory [C:\Users\abhig\Documents\NetBeansProjects\FestaVista\Other\apache-tomcat-9.0.85-windows-x64\apache-tomcat-9.0.85\webapps\docs]
23-Feb-2024 10:11:48.213 INFO [main] org.apache.catalina.startup.HostConfig.deployDirectory Deployment of web application directory [C:\Users\abhig\Documents\NetBeansProjects\FestaVista\Other\apache-tomcat-9.0.85-windows-x64\apache-tomcat-9.0.85\webapps\docs] has finished in [36] ms
23-Feb-2024 10:11:48.213 INFO [main] org.apache.catalina.startup.HostConfig.deployDirectory Deploying web application directory [C:\Users\abhig\Documents\NetBeansProjects\FestaVista\Other\apache-tomcat-9.0.85-windows-x64\apache-tomcat-9.0.85\webapps\examples]
23-Feb-2024 10:11:48.628 INFO [main] org.apache.catalina.startup.HostConfig.deployDirectory Deployment of web application directory [C:\Users\abhig\Documents\NetBeansProjects\FestaVista\Other\apache-tomcat-9.0.85-windows-x64\apache-tomcat-9.0.85\webapps\examples] has finished in [414] ms
23-Feb-2024 10:11:48.628 INFO [main] org.apache.catalina.startup.HostConfig.deployDirectory Deploying web application directory [C:\Users\abhig\Documents\NetBeansProjects\FestaVista\Other\apache-tomcat-9.0.85-windows-x64\apache-tomcat-9.0.85\webapps\host-manager]
23-Feb-2024 10:11:48.671 INFO [main] org.apache.catalina.startup.HostConfig.deployDirectory Deployment of web application directory [C:\Users\abhig\Documents\NetBeansProjects\FestaVista\Other\apache-tomcat-9.0.85-windows-x64\apache-tomcat-9.0.85\webapps\host-manager] has finished in [43] ms
23-Feb-2024 10:11:48.671 INFO [main] org.apache.catalina.startup.HostConfig.deployDirectory Deploying web application directory [C:\Users\abhig\Documents\NetBeansProjects\FestaVista\Other\apache-tomcat-9.0.85-windows-x64\apache-tomcat-9.0.85\webapps\manager]
23-Feb-2024 10:11:48.713 INFO [main] org.apache.catalina.startup.HostConfig.deployDirectory Deployment of web application directory [C:\Users\abhig\Documents\NetBeansProjects\FestaVista\Other\apache-tomcat-9.0.85-windows-x64\apache-tomcat-9.0.85\webapps\manager] has finished in [42] ms
23-Feb-2024 10:11:48.713 INFO [main] org.apache.catalina.startup.HostConfig.deployDirectory Deploying web application directory [C:\Users\abhig\Documents\NetBeansProjects\FestaVista\Other\apache-tomcat-9.0.85-windows-x64\apache-tomcat-9.0.85\webapps\ROOT]
23-Feb-2024 10:11:48.739 INFO [main] org.apache.catalina.startup.HostConfig.deployDirectory Deployment of web application directory [C:\Users\abhig\Documents\NetBeansProjects\FestaVista\Other\apache-tomcat-9.0.85-windows-x64\apache-tomcat-9.0.85\webapps\ROOT] has finished in [26] ms
23-Feb-2024 10:11:48.742 INFO [main] org.apache.coyote.AbstractProtocol.start Starting ProtocolHandler ["http-nio-8080"]
23-Feb-2024 10:11:48.772 INFO [main] org.apache.catalina.startup.Catalina.start Server startup in [1948] milliseconds
23-Feb-2024 10:12:16.854 INFO [main] org.apache.catalina.core.StandardServer.await A valid shutdown command was received via the shutdown port. Stopping the Server instance.
23-Feb-2024 10:12:16.854 INFO [main] org.apache.coyote.AbstractProtocol.pause Pausing ProtocolHandler ["http-nio-8080"]
23-Feb-2024 10:12:16.859 INFO [main] org.apache.catalina.core.StandardService.stopInternal Stopping service [Catalina]
23-Feb-2024 10:12:16.909 INFO [main] org.apache.coyote.AbstractProtocol.stop Stopping ProtocolHandler ["http-nio-8080"]
23-Feb-2024 10:12:16.930 INFO [main] org.apache.coyote.AbstractProtocol.destroy Destroying ProtocolHandler ["http-nio-8080"]
23-Feb-2024 10:12:20.070 INFO [main] org.apache.catalina.startup.VersionLoggerListener.log Server version name:   Apache Tomcat/9.0.85
23-Feb-2024 10:12:20.075 INFO [main] org.apache.catalina.startup.VersionLoggerListener.log Server built:          Jan 5 2024 08:28:07 UTC
23-Feb-2024 10:12:20.075 INFO [main] org.apache.catalina.startup.VersionLoggerListener.log Server version number: 9.0.85.0
23-Feb-2024 10:12:20.075 INFO [main] org.apache.catalina.startup.VersionLoggerListener.log OS Name:               Windows 11
23-Feb-2024 10:12:20.076 INFO [main] org.apache.catalina.startup.VersionLoggerListener.log OS Version:            10.0
23-Feb-2024 10:12:20.076 INFO [main] org.apache.catalina.startup.VersionLoggerListener.log Architecture:          amd64
23-Feb-2024 10:12:20.076 INFO [main] org.apache.catalina.startup.VersionLoggerListener.log Java Home:             C:\Program Files\Java\jdk-21
23-Feb-2024 10:12:20.076 INFO [main] org.apache.catalina.startup.VersionLoggerListener.log JVM Version:           21.0.2+13-LTS-58
23-Feb-2024 10:12:20.076 INFO [main] org.apache.catalina.startup.VersionLoggerListener.log JVM Vendor:            Oracle Corporation
23-Feb-2024 10:12:20.076 INFO [main] org.apache.catalina.startup.VersionLoggerListener.log CATALINA_BASE:         C:\Users\abhig\Documents\NetBeansProjects\FestaVista\Other\apache-tomcat-9.0.85-windows-x64\apache-tomcat-9.0.85
23-Feb-2024 10:12:20.076 INFO [main] org.apache.catalina.startup.VersionLoggerListener.log CATALINA_HOME:         C:\Users\abhig\Documents\NetBeansProjects\FestaVista\Other\apache-tomcat-9.0.85-windows-x64\apache-tomcat-9.0.85
23-Feb-2024 10:12:20.087 INFO [main] org.apache.catalina.startup.VersionLoggerListener.log Command line argument: --add-opens=java.base/java.lang=ALL-UNNAMED
23-Feb-2024 10:12:20.088 INFO [main] org.apache.catalina.startup.VersionLoggerListener.log Command line argument: --add-opens=java.base/java.io=ALL-UNNAMED
23-Feb-2024 10:12:20.088 INFO [main] org.apache.catalina.startup.VersionLoggerListener.log Command line argument: --add-opens=java.base/java.util=ALL-UNNAMED
23-Feb-2024 10:12:20.088 INFO [main] org.apache.catalina.startup.VersionLoggerListener.log Command line argument: --add-opens=java.base/java.util.concurrent=ALL-UNNAMED
23-Feb-2024 10:12:20.088 INFO [main] org.apache.catalina.startup.VersionLoggerListener.log Command line argument: --add-opens=java.rmi/sun.rmi.transport=ALL-UNNAMED
23-Feb-2024 10:12:20.088 INFO [main] org.apache.catalina.startup.VersionLoggerListener.log Command line argument: -Djava.util.logging.config.file=C:\Users\abhig\Documents\NetBeansProjects\FestaVista\Other\apache-tomcat-9.0.85-windows-x64\apache-tomcat-9.0.85\conf\logging.properties
23-Feb-2024 10:12:20.088 INFO [main] org.apache.catalina.startup.VersionLoggerListener.log Command line argument: -Djava.util.logging.manager=org.apache.juli.ClassLoaderLogManager
23-Feb-2024 10:12:20.088 INFO [main] org.apache.catalina.startup.VersionLoggerListener.log Command line argument: -Djdk.tls.ephemeralDHKeySize=2048
23-Feb-2024 10:12:20.088 INFO [main] org.apache.catalina.startup.VersionLoggerListener.log Command line argument: -Djava.protocol.handler.pkgs=org.apache.catalina.webresources
23-Feb-2024 10:12:20.088 INFO [main] org.apache.catalina.startup.VersionLoggerListener.log Command line argument: -agentlib:jdwp=transport=dt_shmem,address=tomcat_shared_memory_id,server=y,suspend=n
23-Feb-2024 10:12:20.089 INFO [main] org.apache.catalina.startup.VersionLoggerListener.log Command line argument: -Dignore.endorsed.dirs=
23-Feb-2024 10:12:20.089 INFO [main] org.apache.catalina.startup.VersionLoggerListener.log Command line argument: -Dcatalina.base=C:\Users\abhig\Documents\NetBeansProjects\FestaVista\Other\apache-tomcat-9.0.85-windows-x64\apache-tomcat-9.0.85
23-Feb-2024 10:12:20.090 INFO [main] org.apache.catalina.startup.VersionLoggerListener.log Command line argument: -Dcatalina.home=C:\Users\abhig\Documents\NetBeansProjects\FestaVista\Other\apache-tomcat-9.0.85-windows-x64\apache-tomcat-9.0.85
23-Feb-2024 10:12:20.090 INFO [main] org.apache.catalina.startup.VersionLoggerListener.log Command line argument: -Djava.io.tmpdir=C:\Users\abhig\Documents\NetBeansProjects\FestaVista\Other\apache-tomcat-9.0.85-windows-x64\apache-tomcat-9.0.85\temp
23-Feb-2024 10:12:20.110 INFO [main] org.apache.catalina.core.AprLifecycleListener.lifecycleEvent Loaded Apache Tomcat Native library [1.2.39] using APR version [1.7.4].
23-Feb-2024 10:12:20.110 INFO [main] org.apache.catalina.core.AprLifecycleListener.lifecycleEvent APR capabilities: IPv6 [true], sendfile [true], accept filters [false], random [true], UDS [true].
23-Feb-2024 10:12:20.110 INFO [main] org.apache.catalina.core.AprLifecycleListener.lifecycleEvent APR/OpenSSL configuration: useAprConnector [false], useOpenSSL [true]
23-Feb-2024 10:12:20.112 INFO [main] org.apache.catalina.core.AprLifecycleListener.initializeSSL OpenSSL successfully initialized [OpenSSL 3.0.11 19 Sep 2023]
23-Feb-2024 10:12:20.480 INFO [main] org.apache.coyote.AbstractProtocol.init Initializing ProtocolHandler ["http-nio-8080"]
23-Feb-2024 10:12:20.509 INFO [main] org.apache.catalina.startup.Catalina.load Server initialization in [639] milliseconds
23-Feb-2024 10:12:20.575 INFO [main] org.apache.catalina.core.StandardService.startInternal Starting service [Catalina]
23-Feb-2024 10:12:20.575 INFO [main] org.apache.catalina.core.StandardEngine.startInternal Starting Servlet engine: [Apache Tomcat/9.0.85]
23-Feb-2024 10:12:20.588 INFO [main] org.apache.catalina.startup.HostConfig.deployDescriptor Deploying deployment descriptor [C:\Users\abhig\Documents\NetBeansProjects\FestaVista\Other\apache-tomcat-9.0.85-windows-x64\apache-tomcat-9.0.85\conf\Catalina\localhost\eventhub.xml]
23-Feb-2024 10:12:20.605 WARNING [main] org.apache.catalina.startup.HostConfig.deployDescriptor The path attribute with value [/eventhub] in deployment descriptor [C:\Users\abhig\Documents\NetBeansProjects\FestaVista\Other\apache-tomcat-9.0.85-windows-x64\apache-tomcat-9.0.85\conf\Catalina\localhost\eventhub.xml] has been ignored
23-Feb-2024 10:12:20.640 SEVERE [main] org.apache.catalina.startup.HostConfig.deployDescriptor Error deploying deployment descriptor [C:\Users\abhig\Documents\NetBeansProjects\FestaVista\Other\apache-tomcat-9.0.85-windows-x64\apache-tomcat-9.0.85\conf\Catalina\localhost\eventhub.xml]
	java.lang.IllegalStateException: Error starting child
		at org.apache.catalina.core.ContainerBase.addChildInternal(ContainerBase.java:686)
		at org.apache.catalina.core.ContainerBase.addChild(ContainerBase.java:658)
		at org.apache.catalina.core.StandardHost.addChild(StandardHost.java:661)
		at org.apache.catalina.startup.HostConfig.deployDescriptor(HostConfig.java:691)
		at org.apache.catalina.startup.HostConfig$DeployDescriptor.run(HostConfig.java:1897)
		at java.base/java.util.concurrent.Executors$RunnableAdapter.call(Executors.java:572)
		at java.base/java.util.concurrent.FutureTask.run(FutureTask.java:317)
		at org.apache.tomcat.util.threads.InlineExecutorService.execute(InlineExecutorService.java:75)
		at java.base/java.util.concurrent.AbstractExecutorService.submit(AbstractExecutorService.java:123)
		at org.apache.catalina.startup.HostConfig.deployDescriptors(HostConfig.java:584)
		at org.apache.catalina.startup.HostConfig.deployApps(HostConfig.java:474)
		at org.apache.catalina.startup.HostConfig.start(HostConfig.java:1619)
		at org.apache.catalina.startup.HostConfig.lifecycleEvent(HostConfig.java:318)
		at org.apache.catalina.util.LifecycleBase.fireLifecycleEvent(LifecycleBase.java:114)
		at org.apache.catalina.util.LifecycleBase.setStateInternal(LifecycleBase.java:402)
		at org.apache.catalina.util.LifecycleBase.setState(LifecycleBase.java:345)
		at org.apache.catalina.core.ContainerBase.startInternal(ContainerBase.java:893)
		at org.apache.catalina.core.StandardHost.startInternal(StandardHost.java:794)
		at org.apache.catalina.util.LifecycleBase.start(LifecycleBase.java:171)
		at org.apache.catalina.core.ContainerBase$StartChild.call(ContainerBase.java:1332)
		at org.apache.catalina.core.ContainerBase$StartChild.call(ContainerBase.java:1322)
		at java.base/java.util.concurrent.FutureTask.run(FutureTask.java:317)
		at org.apache.tomcat.util.threads.InlineExecutorService.execute(InlineExecutorService.java:75)
		at java.base/java.util.concurrent.AbstractExecutorService.submit(AbstractExecutorService.java:145)
		at org.apache.catalina.core.ContainerBase.startInternal(ContainerBase.java:866)
		at org.apache.catalina.core.StandardEngine.startInternal(StandardEngine.java:248)
		at org.apache.catalina.util.LifecycleBase.start(LifecycleBase.java:171)
		at org.apache.catalina.core.StandardService.startInternal(StandardService.java:433)
		at org.apache.catalina.util.LifecycleBase.start(LifecycleBase.java:171)
		at org.apache.catalina.core.StandardServer.startInternal(StandardServer.java:921)
		at org.apache.catalina.util.LifecycleBase.start(LifecycleBase.java:171)
		at org.apache.catalina.startup.Catalina.start(Catalina.java:772)
		at java.base/jdk.internal.reflect.DirectMethodHandleAccessor.invoke(DirectMethodHandleAccessor.java:103)
		at java.base/java.lang.reflect.Method.invoke(Method.java:580)
		at org.apache.catalina.startup.Bootstrap.start(Bootstrap.java:347)
		at org.apache.catalina.startup.Bootstrap.main(Bootstrap.java:478)
	Caused by: org.apache.catalina.LifecycleException: Failed to start component [org.apache.catalina.webresources.StandardRoot@241e8ea6]
		at org.apache.catalina.util.LifecycleBase.handleSubClassException(LifecycleBase.java:419)
		at org.apache.catalina.util.LifecycleBase.start(LifecycleBase.java:186)
		at org.apache.catalina.core.StandardContext.resourcesStart(StandardContext.java:4575)
		at org.apache.catalina.core.StandardContext.startInternal(StandardContext.java:4708)
		at org.apache.catalina.util.LifecycleBase.start(LifecycleBase.java:171)
		at org.apache.catalina.core.ContainerBase.addChildInternal(ContainerBase.java:683)
		... 35 more
	Caused by: java.lang.IllegalArgumentException: The main resource set specified [C:\Users\abhig\Documents\NetBeansProjects\eventhub\target\eventhub-1.0-SNAPSHOT] is not a directory or war file, or is not readable (it does not exist or permissions to access it are missing)
		at org.apache.catalina.webresources.StandardRoot.createMainResourceSet(StandardRoot.java:749)
		at org.apache.catalina.webresources.StandardRoot.startInternal(StandardRoot.java:707)
		at org.apache.catalina.util.LifecycleBase.start(LifecycleBase.java:171)
		... 39 more
23-Feb-2024 10:12:20.666 INFO [main] org.apache.catalina.startup.HostConfig.deployDescriptor Deployment of deployment descriptor [C:\Users\abhig\Documents\NetBeansProjects\FestaVista\Other\apache-tomcat-9.0.85-windows-x64\apache-tomcat-9.0.85\conf\Catalina\localhost\eventhub.xml] has finished in [77] ms
23-Feb-2024 10:12:20.667 INFO [main] org.apache.catalina.startup.HostConfig.deployDescriptor Deploying deployment descriptor [C:\Users\abhig\Documents\NetBeansProjects\FestaVista\Other\apache-tomcat-9.0.85-windows-x64\apache-tomcat-9.0.85\conf\Catalina\localhost\EventManagement.xml]
23-Feb-2024 10:12:20.668 WARNING [main] org.apache.catalina.startup.HostConfig.deployDescriptor The path attribute with value [/EventManagement] in deployment descriptor [C:\Users\abhig\Documents\NetBeansProjects\FestaVista\Other\apache-tomcat-9.0.85-windows-x64\apache-tomcat-9.0.85\conf\Catalina\localhost\EventManagement.xml] has been ignored
23-Feb-2024 10:12:20.996 INFO [main] org.apache.catalina.startup.HostConfig.deployDescriptor Deployment of deployment descriptor [C:\Users\abhig\Documents\NetBeansProjects\FestaVista\Other\apache-tomcat-9.0.85-windows-x64\apache-tomcat-9.0.85\conf\Catalina\localhost\EventManagement.xml] has finished in [330] ms
23-Feb-2024 10:12:20.997 INFO [main] org.apache.catalina.startup.HostConfig.deployDescriptor Deploying deployment descriptor [C:\Users\abhig\Documents\NetBeansProjects\FestaVista\Other\apache-tomcat-9.0.85-windows-x64\apache-tomcat-9.0.85\conf\Catalina\localhost\FestaVista.xml]
23-Feb-2024 10:12:20.997 WARNING [main] org.apache.catalina.startup.HostConfig.deployDescriptor The path attribute with value [/FestaVista] in deployment descriptor [C:\Users\abhig\Documents\NetBeansProjects\FestaVista\Other\apache-tomcat-9.0.85-windows-x64\apache-tomcat-9.0.85\conf\Catalina\localhost\FestaVista.xml] has been ignored
23-Feb-2024 10:12:21.539 INFO [main] org.apache.jasper.servlet.TldScanner.scanJars At least one JAR was scanned for TLDs yet contained no TLDs. Enable debug logging for this logger for a complete list of JARs that were scanned but no TLDs were found in them. Skipping unneeded JARs during scanning can improve startup time and JSP compilation time.
23-Feb-2024 10:12:21.559 INFO [main] org.apache.catalina.startup.HostConfig.deployDescriptor Deployment of deployment descriptor [C:\Users\abhig\Documents\NetBeansProjects\FestaVista\Other\apache-tomcat-9.0.85-windows-x64\apache-tomcat-9.0.85\conf\Catalina\localhost\FestaVista.xml] has finished in [563] ms
23-Feb-2024 10:12:21.560 INFO [main] org.apache.catalina.startup.HostConfig.deployDescriptor Deploying deployment descriptor [C:\Users\abhig\Documents\NetBeansProjects\FestaVista\Other\apache-tomcat-9.0.85-windows-x64\apache-tomcat-9.0.85\conf\Catalina\localhost\mavenproject1.xml]
23-Feb-2024 10:12:21.560 WARNING [main] org.apache.catalina.startup.HostConfig.deployDescriptor The path attribute with value [/mavenproject1] in deployment descriptor [C:\Users\abhig\Documents\NetBeansProjects\FestaVista\Other\apache-tomcat-9.0.85-windows-x64\apache-tomcat-9.0.85\conf\Catalina\localhost\mavenproject1.xml] has been ignored
23-Feb-2024 10:12:21.564 SEVERE [main] org.apache.catalina.startup.HostConfig.deployDescriptor Error deploying deployment descriptor [C:\Users\abhig\Documents\NetBeansProjects\FestaVista\Other\apache-tomcat-9.0.85-windows-x64\apache-tomcat-9.0.85\conf\Catalina\localhost\mavenproject1.xml]
	java.lang.IllegalStateException: Error starting child
		at org.apache.catalina.core.ContainerBase.addChildInternal(ContainerBase.java:686)
		at org.apache.catalina.core.ContainerBase.addChild(ContainerBase.java:658)
		at org.apache.catalina.core.StandardHost.addChild(StandardHost.java:661)
		at org.apache.catalina.startup.HostConfig.deployDescriptor(HostConfig.java:691)
		at org.apache.catalina.startup.HostConfig$DeployDescriptor.run(HostConfig.java:1897)
		at java.base/java.util.concurrent.Executors$RunnableAdapter.call(Executors.java:572)
		at java.base/java.util.concurrent.FutureTask.run(FutureTask.java:317)
		at org.apache.tomcat.util.threads.InlineExecutorService.execute(InlineExecutorService.java:75)
		at java.base/java.util.concurrent.AbstractExecutorService.submit(AbstractExecutorService.java:123)
		at org.apache.catalina.startup.HostConfig.deployDescriptors(HostConfig.java:584)
		at org.apache.catalina.startup.HostConfig.deployApps(HostConfig.java:474)
		at org.apache.catalina.startup.HostConfig.start(HostConfig.java:1619)
		at org.apache.catalina.startup.HostConfig.lifecycleEvent(HostConfig.java:318)
		at org.apache.catalina.util.LifecycleBase.fireLifecycleEvent(LifecycleBase.java:114)
		at org.apache.catalina.util.LifecycleBase.setStateInternal(LifecycleBase.java:402)
		at org.apache.catalina.util.LifecycleBase.setState(LifecycleBase.java:345)
		at org.apache.catalina.core.ContainerBase.startInternal(ContainerBase.java:893)
		at org.apache.catalina.core.StandardHost.startInternal(StandardHost.java:794)
		at org.apache.catalina.util.LifecycleBase.start(LifecycleBase.java:171)
		at org.apache.catalina.core.ContainerBase$StartChild.call(ContainerBase.java:1332)
		at org.apache.catalina.core.ContainerBase$StartChild.call(ContainerBase.java:1322)
		at java.base/java.util.concurrent.FutureTask.run(FutureTask.java:317)
		at org.apache.tomcat.util.threads.InlineExecutorService.execute(InlineExecutorService.java:75)
		at java.base/java.util.concurrent.AbstractExecutorService.submit(AbstractExecutorService.java:145)
		at org.apache.catalina.core.ContainerBase.startInternal(ContainerBase.java:866)
		at org.apache.catalina.core.StandardEngine.startInternal(StandardEngine.java:248)
		at org.apache.catalina.util.LifecycleBase.start(LifecycleBase.java:171)
		at org.apache.catalina.core.StandardService.startInternal(StandardService.java:433)
		at org.apache.catalina.util.LifecycleBase.start(LifecycleBase.java:171)
		at org.apache.catalina.core.StandardServer.startInternal(StandardServer.java:921)
		at org.apache.catalina.util.LifecycleBase.start(LifecycleBase.java:171)
		at org.apache.catalina.startup.Catalina.start(Catalina.java:772)
		at java.base/jdk.internal.reflect.DirectMethodHandleAccessor.invoke(DirectMethodHandleAccessor.java:103)
		at java.base/java.lang.reflect.Method.invoke(Method.java:580)
		at org.apache.catalina.startup.Bootstrap.start(Bootstrap.java:347)
		at org.apache.catalina.startup.Bootstrap.main(Bootstrap.java:478)
	Caused by: org.apache.catalina.LifecycleException: Failed to start component [org.apache.catalina.webresources.StandardRoot@1e6dad8]
		at org.apache.catalina.util.LifecycleBase.handleSubClassException(LifecycleBase.java:419)
		at org.apache.catalina.util.LifecycleBase.start(LifecycleBase.java:186)
		at org.apache.catalina.core.StandardContext.resourcesStart(StandardContext.java:4575)
		at org.apache.catalina.core.StandardContext.startInternal(StandardContext.java:4708)
		at org.apache.catalina.util.LifecycleBase.start(LifecycleBase.java:171)
		at org.apache.catalina.core.ContainerBase.addChildInternal(ContainerBase.java:683)
		... 35 more
	Caused by: java.lang.IllegalArgumentException: The main resource set specified [D:\MCA SEM IV\Project\mavenproject1\target\mavenproject1-1.0-SNAPSHOT] is not a directory or war file, or is not readable (it does not exist or permissions to access it are missing)
		at org.apache.catalina.webresources.StandardRoot.createMainResourceSet(StandardRoot.java:749)
		at org.apache.catalina.webresources.StandardRoot.startInternal(StandardRoot.java:707)
		at org.apache.catalina.util.LifecycleBase.start(LifecycleBase.java:171)
		... 39 more
23-Feb-2024 10:12:21.610 INFO [main] org.apache.catalina.startup.HostConfig.deployDescriptor Deployment of deployment descriptor [C:\Users\abhig\Documents\NetBeansProjects\FestaVista\Other\apache-tomcat-9.0.85-windows-x64\apache-tomcat-9.0.85\conf\Catalina\localhost\mavenproject1.xml] has finished in [51] ms
23-Feb-2024 10:12:21.611 INFO [main] org.apache.catalina.startup.HostConfig.deployDescriptor Deploying deployment descriptor [C:\Users\abhig\Documents\NetBeansProjects\FestaVista\Other\apache-tomcat-9.0.85-windows-x64\apache-tomcat-9.0.85\conf\Catalina\localhost\WebApplication1.xml]
23-Feb-2024 10:12:21.612 WARNING [main] org.apache.catalina.startup.HostConfig.deployDescriptor The path attribute with value [/WebApplication1] in deployment descriptor [C:\Users\abhig\Documents\NetBeansProjects\FestaVista\Other\apache-tomcat-9.0.85-windows-x64\apache-tomcat-9.0.85\conf\Catalina\localhost\WebApplication1.xml] has been ignored
23-Feb-2024 10:12:21.899 INFO [main] org.apache.jasper.servlet.TldScanner.scanJars At least one JAR was scanned for TLDs yet contained no TLDs. Enable debug logging for this logger for a complete list of JARs that were scanned but no TLDs were found in them. Skipping unneeded JARs during scanning can improve startup time and JSP compilation time.
23-Feb-2024 10:12:21.903 INFO [main] org.apache.catalina.startup.HostConfig.deployDescriptor Deployment of deployment descriptor [C:\Users\abhig\Documents\NetBeansProjects\FestaVista\Other\apache-tomcat-9.0.85-windows-x64\apache-tomcat-9.0.85\conf\Catalina\localhost\WebApplication1.xml] has finished in [292] ms
23-Feb-2024 10:12:21.903 INFO [main] org.apache.catalina.startup.HostConfig.deployDescriptor Deploying deployment descriptor [C:\Users\abhig\Documents\NetBeansProjects\FestaVista\Other\apache-tomcat-9.0.85-windows-x64\apache-tomcat-9.0.85\conf\Catalina\localhost\WebApplication2.xml]
23-Feb-2024 10:12:21.905 WARNING [main] org.apache.catalina.startup.HostConfig.deployDescriptor The path attribute with value [/WebApplication2] in deployment descriptor [C:\Users\abhig\Documents\NetBeansProjects\FestaVista\Other\apache-tomcat-9.0.85-windows-x64\apache-tomcat-9.0.85\conf\Catalina\localhost\WebApplication2.xml] has been ignored
23-Feb-2024 10:12:21.934 INFO [main] org.apache.catalina.startup.HostConfig.deployDescriptor Deployment of deployment descriptor [C:\Users\abhig\Documents\NetBeansProjects\FestaVista\Other\apache-tomcat-9.0.85-windows-x64\apache-tomcat-9.0.85\conf\Catalina\localhost\WebApplication2.xml] has finished in [30] ms
23-Feb-2024 10:12:21.935 INFO [main] org.apache.catalina.startup.HostConfig.deployDirectory Deploying web application directory [C:\Users\abhig\Documents\NetBeansProjects\FestaVista\Other\apache-tomcat-9.0.85-windows-x64\apache-tomcat-9.0.85\webapps\docs]
23-Feb-2024 10:12:21.964 INFO [main] org.apache.catalina.startup.HostConfig.deployDirectory Deployment of web application directory [C:\Users\abhig\Documents\NetBeansProjects\FestaVista\Other\apache-tomcat-9.0.85-windows-x64\apache-tomcat-9.0.85\webapps\docs] has finished in [30] ms
23-Feb-2024 10:12:21.964 INFO [main] org.apache.catalina.startup.HostConfig.deployDirectory Deploying web application directory [C:\Users\abhig\Documents\NetBeansProjects\FestaVista\Other\apache-tomcat-9.0.85-windows-x64\apache-tomcat-9.0.85\webapps\examples]
23-Feb-2024 10:12:22.385 INFO [main] org.apache.catalina.startup.HostConfig.deployDirectory Deployment of web application directory [C:\Users\abhig\Documents\NetBeansProjects\FestaVista\Other\apache-tomcat-9.0.85-windows-x64\apache-tomcat-9.0.85\webapps\examples] has finished in [420] ms
23-Feb-2024 10:12:22.385 INFO [main] org.apache.catalina.startup.HostConfig.deployDirectory Deploying web application directory [C:\Users\abhig\Documents\NetBeansProjects\FestaVista\Other\apache-tomcat-9.0.85-windows-x64\apache-tomcat-9.0.85\webapps\host-manager]
23-Feb-2024 10:12:22.434 INFO [main] org.apache.catalina.startup.HostConfig.deployDirectory Deployment of web application directory [C:\Users\abhig\Documents\NetBeansProjects\FestaVista\Other\apache-tomcat-9.0.85-windows-x64\apache-tomcat-9.0.85\webapps\host-manager] has finished in [49] ms
23-Feb-2024 10:12:22.434 INFO [main] org.apache.catalina.startup.HostConfig.deployDirectory Deploying web application directory [C:\Users\abhig\Documents\NetBeansProjects\FestaVista\Other\apache-tomcat-9.0.85-windows-x64\apache-tomcat-9.0.85\webapps\manager]
23-Feb-2024 10:12:22.477 INFO [main] org.apache.catalina.startup.HostConfig.deployDirectory Deployment of web application directory [C:\Users\abhig\Documents\NetBeansProjects\FestaVista\Other\apache-tomcat-9.0.85-windows-x64\apache-tomcat-9.0.85\webapps\manager] has finished in [42] ms
23-Feb-2024 10:12:22.478 INFO [main] org.apache.catalina.startup.HostConfig.deployDirectory Deploying web application directory [C:\Users\abhig\Documents\NetBeansProjects\FestaVista\Other\apache-tomcat-9.0.85-windows-x64\apache-tomcat-9.0.85\webapps\ROOT]
23-Feb-2024 10:12:22.503 INFO [main] org.apache.catalina.startup.HostConfig.deployDirectory Deployment of web application directory [C:\Users\abhig\Documents\NetBeansProjects\FestaVista\Other\apache-tomcat-9.0.85-windows-x64\apache-tomcat-9.0.85\webapps\ROOT] has finished in [26] ms
23-Feb-2024 10:12:22.507 INFO [main] org.apache.coyote.AbstractProtocol.start Starting ProtocolHandler ["http-nio-8080"]
23-Feb-2024 10:12:22.533 INFO [main] org.apache.catalina.startup.Catalina.start Server startup in [2022] milliseconds
23-Feb-2024 10:12:23.828 INFO [http-nio-8080-exec-1] org.apache.catalina.startup.HostConfig.undeploy Undeploying context [/FestaVista]
23-Feb-2024 10:12:23.876 INFO [http-nio-8080-exec-9] org.apache.catalina.startup.HostConfig.deployDescriptor Deploying deployment descriptor [C:\Users\abhig\Documents\NetBeansProjects\FestaVista\Other\apache-tomcat-9.0.85-windows-x64\apache-tomcat-9.0.85\conf\Catalina\localhost\FestaVista.xml]
23-Feb-2024 10:12:23.877 WARNING [http-nio-8080-exec-9] org.apache.catalina.startup.HostConfig.deployDescriptor The path attribute with value [/FestaVista] in deployment descriptor [C:\Users\abhig\Documents\NetBeansProjects\FestaVista\Other\apache-tomcat-9.0.85-windows-x64\apache-tomcat-9.0.85\conf\Catalina\localhost\FestaVista.xml] has been ignored
23-Feb-2024 10:12:24.306 INFO [http-nio-8080-exec-9] org.apache.jasper.servlet.TldScanner.scanJars At least one JAR was scanned for TLDs yet contained no TLDs. Enable debug logging for this logger for a complete list of JARs that were scanned but no TLDs were found in them. Skipping unneeded JARs during scanning can improve startup time and JSP compilation time.
23-Feb-2024 10:12:24.306 INFO [http-nio-8080-exec-9] org.apache.catalina.startup.HostConfig.deployDescriptor Deployment of deployment descriptor [C:\Users\abhig\Documents\NetBeansProjects\FestaVista\Other\apache-tomcat-9.0.85-windows-x64\apache-tomcat-9.0.85\conf\Catalina\localhost\FestaVista.xml] has finished in [430] ms
23-Feb-2024 10:12:24.323 INFO [http-nio-8080-exec-8] org.apache.catalina.util.LifecycleBase.start The start() method was called on component [StandardEngine[Catalina].StandardHost[localhost].StandardContext[/FestaVista]] after start() had already been called. The second call will be ignored.
23-Feb-2024 11:25:55.705 INFO [main] org.apache.catalina.core.StandardServer.await A valid shutdown command was received via the shutdown port. Stopping the Server instance.
23-Feb-2024 11:25:55.706 INFO [main] org.apache.coyote.AbstractProtocol.pause Pausing ProtocolHandler ["http-nio-8080"]
23-Feb-2024 11:25:55.711 INFO [main] org.apache.catalina.core.StandardService.stopInternal Stopping service [Catalina]
23-Feb-2024 11:25:55.796 WARNING [main] org.apache.catalina.loader.WebappClassLoaderBase.clearReferencesJdbc The web application [FestaVista] registered the JDBC driver [com.mysql.cj.jdbc.Driver] but failed to unregister it when the web application was stopped. To prevent a memory leak, the JDBC Driver has been forcibly unregistered.
23-Feb-2024 11:25:55.796 WARNING [main] org.apache.catalina.loader.WebappClassLoaderBase.clearReferencesThreads The web application [FestaVista] appears to have started a thread named [mysql-cj-abandoned-connection-cleanup] but has failed to stop it. This is very likely to create a memory leak. Stack trace of thread:
 java.base/jdk.internal.misc.Unsafe.park(Native Method)
 java.base/java.util.concurrent.locks.LockSupport.parkNanos(LockSupport.java:269)
 java.base/java.util.concurrent.locks.AbstractQueuedSynchronizer$ConditionObject.await(AbstractQueuedSynchronizer.java:1847)
 java.base/java.lang.ref.ReferenceQueue.await(ReferenceQueue.java:71)
 java.base/java.lang.ref.ReferenceQueue.remove0(ReferenceQueue.java:143)
 java.base/java.lang.ref.ReferenceQueue.remove(ReferenceQueue.java:218)
 com.mysql.cj.jdbc.AbandonedConnectionCleanupThread.run(AbandonedConnectionCleanupThread.java:93)
 java.base/java.util.concurrent.ThreadPoolExecutor.runWorker(ThreadPoolExecutor.java:1144)
 java.base/java.util.concurrent.ThreadPoolExecutor$Worker.run(ThreadPoolExecutor.java:642)
 java.base/java.lang.Thread.run(Thread.java:1583)
23-Feb-2024 11:25:55.817 INFO [main] org.apache.coyote.AbstractProtocol.stop Stopping ProtocolHandler ["http-nio-8080"]
23-Feb-2024 11:25:55.830 INFO [main] org.apache.coyote.AbstractProtocol.destroy Destroying ProtocolHandler ["http-nio-8080"]
