16-Mar-2024 10:14:45.994 INFO [main] org.apache.catalina.startup.VersionLoggerListener.log Server version name:   Apache Tomcat/9.0.85
16-Mar-2024 10:14:45.997 INFO [main] org.apache.catalina.startup.VersionLoggerListener.log Server built:          Jan 5 2024 08:28:07 UTC
16-Mar-2024 10:14:45.997 INFO [main] org.apache.catalina.startup.VersionLoggerListener.log Server version number: 9.0.85.0
16-Mar-2024 10:14:45.997 INFO [main] org.apache.catalina.startup.VersionLoggerListener.log OS Name:               Windows 11
16-Mar-2024 10:14:45.998 INFO [main] org.apache.catalina.startup.VersionLoggerListener.log OS Version:            10.0
16-Mar-2024 10:14:45.998 INFO [main] org.apache.catalina.startup.VersionLoggerListener.log Architecture:          amd64
16-Mar-2024 10:14:45.998 INFO [main] org.apache.catalina.startup.VersionLoggerListener.log Java Home:             C:\Program Files\Java\jdk-21
16-Mar-2024 10:14:45.998 INFO [main] org.apache.catalina.startup.VersionLoggerListener.log JVM Version:           21.0.2+13-LTS-58
16-Mar-2024 10:14:45.999 INFO [main] org.apache.catalina.startup.VersionLoggerListener.log JVM Vendor:            Oracle Corporation
16-Mar-2024 10:14:45.999 INFO [main] org.apache.catalina.startup.VersionLoggerListener.log CATALINA_BASE:         C:\Users\abhig\Documents\NetBeansProjects\FestaVista\Other\apache-tomcat-9.0.85-windows-x64\apache-tomcat-9.0.85
16-Mar-2024 10:14:45.999 INFO [main] org.apache.catalina.startup.VersionLoggerListener.log CATALINA_HOME:         C:\Users\abhig\Documents\NetBeansProjects\FestaVista\Other\apache-tomcat-9.0.85-windows-x64\apache-tomcat-9.0.85
16-Mar-2024 10:14:46.008 INFO [main] org.apache.catalina.startup.VersionLoggerListener.log Command line argument: --add-opens=java.base/java.lang=ALL-UNNAMED
16-Mar-2024 10:14:46.008 INFO [main] org.apache.catalina.startup.VersionLoggerListener.log Command line argument: --add-opens=java.base/java.io=ALL-UNNAMED
16-Mar-2024 10:14:46.008 INFO [main] org.apache.catalina.startup.VersionLoggerListener.log Command line argument: --add-opens=java.base/java.util=ALL-UNNAMED
16-Mar-2024 10:14:46.008 INFO [main] org.apache.catalina.startup.VersionLoggerListener.log Command line argument: --add-opens=java.base/java.util.concurrent=ALL-UNNAMED
16-Mar-2024 10:14:46.009 INFO [main] org.apache.catalina.startup.VersionLoggerListener.log Command line argument: --add-opens=java.rmi/sun.rmi.transport=ALL-UNNAMED
16-Mar-2024 10:14:46.009 INFO [main] org.apache.catalina.startup.VersionLoggerListener.log Command line argument: -Djava.util.logging.config.file=C:\Users\abhig\Documents\NetBeansProjects\FestaVista\Other\apache-tomcat-9.0.85-windows-x64\apache-tomcat-9.0.85\conf\logging.properties
16-Mar-2024 10:14:46.009 INFO [main] org.apache.catalina.startup.VersionLoggerListener.log Command line argument: -Djava.util.logging.manager=org.apache.juli.ClassLoaderLogManager
16-Mar-2024 10:14:46.009 INFO [main] org.apache.catalina.startup.VersionLoggerListener.log Command line argument: -Djdk.tls.ephemeralDHKeySize=2048
16-Mar-2024 10:14:46.009 INFO [main] org.apache.catalina.startup.VersionLoggerListener.log Command line argument: -Djava.protocol.handler.pkgs=org.apache.catalina.webresources
16-Mar-2024 10:14:46.009 INFO [main] org.apache.catalina.startup.VersionLoggerListener.log Command line argument: -Dignore.endorsed.dirs=
16-Mar-2024 10:14:46.009 INFO [main] org.apache.catalina.startup.VersionLoggerListener.log Command line argument: -Dcatalina.base=C:\Users\abhig\Documents\NetBeansProjects\FestaVista\Other\apache-tomcat-9.0.85-windows-x64\apache-tomcat-9.0.85
16-Mar-2024 10:14:46.009 INFO [main] org.apache.catalina.startup.VersionLoggerListener.log Command line argument: -Dcatalina.home=C:\Users\abhig\Documents\NetBeansProjects\FestaVista\Other\apache-tomcat-9.0.85-windows-x64\apache-tomcat-9.0.85
16-Mar-2024 10:14:46.009 INFO [main] org.apache.catalina.startup.VersionLoggerListener.log Command line argument: -Djava.io.tmpdir=C:\Users\abhig\Documents\NetBeansProjects\FestaVista\Other\apache-tomcat-9.0.85-windows-x64\apache-tomcat-9.0.85\temp
16-Mar-2024 10:14:46.012 INFO [main] org.apache.catalina.core.AprLifecycleListener.lifecycleEvent Loaded Apache Tomcat Native library [1.2.39] using APR version [1.7.4].
16-Mar-2024 10:14:46.037 INFO [main] org.apache.catalina.core.AprLifecycleListener.lifecycleEvent APR capabilities: IPv6 [true], sendfile [true], accept filters [false], random [true], UDS [true].
16-Mar-2024 10:14:46.037 INFO [main] org.apache.catalina.core.AprLifecycleListener.lifecycleEvent APR/OpenSSL configuration: useAprConnector [false], useOpenSSL [true]
16-Mar-2024 10:14:46.042 INFO [main] org.apache.catalina.core.AprLifecycleListener.initializeSSL OpenSSL successfully initialized [OpenSSL 3.0.11 19 Sep 2023]
16-Mar-2024 10:14:46.341 INFO [main] org.apache.coyote.AbstractProtocol.init Initializing ProtocolHandler ["http-nio-8080"]
16-Mar-2024 10:14:46.348 INFO [main] org.apache.catalina.startup.Catalina.load Server initialization in [534] milliseconds
16-Mar-2024 10:14:46.408 INFO [main] org.apache.catalina.core.StandardService.startInternal Starting service [Catalina]
16-Mar-2024 10:14:46.408 INFO [main] org.apache.catalina.core.StandardEngine.startInternal Starting Servlet engine: [Apache Tomcat/9.0.85]
16-Mar-2024 10:14:46.408 INFO [main] org.apache.catalina.startup.HostConfig.deployDescriptor Deploying deployment descriptor [C:\Users\abhig\Documents\NetBeansProjects\FestaVista\Other\apache-tomcat-9.0.85-windows-x64\apache-tomcat-9.0.85\conf\Catalina\localhost\Construction_Monitoring_System.xml]
16-Mar-2024 10:14:46.425 WARNING [main] org.apache.catalina.startup.HostConfig.deployDescriptor The path attribute with value [/Construction_Monitoring_System] in deployment descriptor [C:\Users\abhig\Documents\NetBeansProjects\FestaVista\Other\apache-tomcat-9.0.85-windows-x64\apache-tomcat-9.0.85\conf\Catalina\localhost\Construction_Monitoring_System.xml] has been ignored
16-Mar-2024 10:14:46.722 INFO [main] org.apache.catalina.startup.HostConfig.deployDescriptor Deployment of deployment descriptor [C:\Users\abhig\Documents\NetBeansProjects\FestaVista\Other\apache-tomcat-9.0.85-windows-x64\apache-tomcat-9.0.85\conf\Catalina\localhost\Construction_Monitoring_System.xml] has finished in [314] ms
16-Mar-2024 10:14:46.722 INFO [main] org.apache.catalina.startup.HostConfig.deployDescriptor Deploying deployment descriptor [C:\Users\abhig\Documents\NetBeansProjects\FestaVista\Other\apache-tomcat-9.0.85-windows-x64\apache-tomcat-9.0.85\conf\Catalina\localhost\eventhub.xml]
16-Mar-2024 10:14:46.723 WARNING [main] org.apache.catalina.startup.HostConfig.deployDescriptor The path attribute with value [/eventhub] in deployment descriptor [C:\Users\abhig\Documents\NetBeansProjects\FestaVista\Other\apache-tomcat-9.0.85-windows-x64\apache-tomcat-9.0.85\conf\Catalina\localhost\eventhub.xml] has been ignored
16-Mar-2024 10:14:46.728 SEVERE [main] org.apache.catalina.startup.HostConfig.deployDescriptor Error deploying deployment descriptor [C:\Users\abhig\Documents\NetBeansProjects\FestaVista\Other\apache-tomcat-9.0.85-windows-x64\apache-tomcat-9.0.85\conf\Catalina\localhost\eventhub.xml]
	java.lang.IllegalStateException: Error starting child
		at org.apache.catalina.core.ContainerBase.addChildInternal(ContainerBase.java:686)
		at org.apache.catalina.core.ContainerBase.addChild(ContainerBase.java:658)
		at org.apache.catalina.core.StandardHost.addChild(StandardHost.java:661)
		at org.apache.catalina.startup.HostConfig.deployDescriptor(HostConfig.java:691)
		at org.apache.catalina.startup.HostConfig$DeployDescriptor.run(HostConfig.java:1897)
		at java.base/java.util.concurrent.Executors$RunnableAdapter.call(Executors.java:572)
		at java.base/java.util.concurrent.FutureTask.run(FutureTask.java:317)
		at org.apache.tomcat.util.threads.InlineExecutorService.execute(InlineExecutorService.java:75)
		at java.base/java.util.concurrent.AbstractExecutorService.submit(AbstractExecutorService.java:123)
		at org.apache.catalina.startup.HostConfig.deployDescriptors(HostConfig.java:584)
		at org.apache.catalina.startup.HostConfig.deployApps(HostConfig.java:474)
		at org.apache.catalina.startup.HostConfig.start(HostConfig.java:1619)
		at org.apache.catalina.startup.HostConfig.lifecycleEvent(HostConfig.java:318)
		at org.apache.catalina.util.LifecycleBase.fireLifecycleEvent(LifecycleBase.java:114)
		at org.apache.catalina.util.LifecycleBase.setStateInternal(LifecycleBase.java:402)
		at org.apache.catalina.util.LifecycleBase.setState(LifecycleBase.java:345)
		at org.apache.catalina.core.ContainerBase.startInternal(ContainerBase.java:893)
		at org.apache.catalina.core.StandardHost.startInternal(StandardHost.java:794)
		at org.apache.catalina.util.LifecycleBase.start(LifecycleBase.java:171)
		at org.apache.catalina.core.ContainerBase$StartChild.call(ContainerBase.java:1332)
		at org.apache.catalina.core.ContainerBase$StartChild.call(ContainerBase.java:1322)
		at java.base/java.util.concurrent.FutureTask.run(FutureTask.java:317)
		at org.apache.tomcat.util.threads.InlineExecutorService.execute(InlineExecutorService.java:75)
		at java.base/java.util.concurrent.AbstractExecutorService.submit(AbstractExecutorService.java:145)
		at org.apache.catalina.core.ContainerBase.startInternal(ContainerBase.java:866)
		at org.apache.catalina.core.StandardEngine.startInternal(StandardEngine.java:248)
		at org.apache.catalina.util.LifecycleBase.start(LifecycleBase.java:171)
		at org.apache.catalina.core.StandardService.startInternal(StandardService.java:433)
		at org.apache.catalina.util.LifecycleBase.start(LifecycleBase.java:171)
		at org.apache.catalina.core.StandardServer.startInternal(StandardServer.java:921)
		at org.apache.catalina.util.LifecycleBase.start(LifecycleBase.java:171)
		at org.apache.catalina.startup.Catalina.start(Catalina.java:772)
		at java.base/jdk.internal.reflect.DirectMethodHandleAccessor.invoke(DirectMethodHandleAccessor.java:103)
		at java.base/java.lang.reflect.Method.invoke(Method.java:580)
		at org.apache.catalina.startup.Bootstrap.start(Bootstrap.java:347)
		at org.apache.catalina.startup.Bootstrap.main(Bootstrap.java:478)
	Caused by: org.apache.catalina.LifecycleException: Failed to start component [org.apache.catalina.webresources.StandardRoot@2002348]
		at org.apache.catalina.util.LifecycleBase.handleSubClassException(LifecycleBase.java:419)
		at org.apache.catalina.util.LifecycleBase.start(LifecycleBase.java:186)
		at org.apache.catalina.core.StandardContext.resourcesStart(StandardContext.java:4575)
		at org.apache.catalina.core.StandardContext.startInternal(StandardContext.java:4708)
		at org.apache.catalina.util.LifecycleBase.start(LifecycleBase.java:171)
		at org.apache.catalina.core.ContainerBase.addChildInternal(ContainerBase.java:683)
		... 35 more
	Caused by: java.lang.IllegalArgumentException: The main resource set specified [C:\Users\abhig\Documents\NetBeansProjects\eventhub\target\eventhub-1.0-SNAPSHOT] is not a directory or war file, or is not readable (it does not exist or permissions to access it are missing)
		at org.apache.catalina.webresources.StandardRoot.createMainResourceSet(StandardRoot.java:749)
		at org.apache.catalina.webresources.StandardRoot.startInternal(StandardRoot.java:707)
		at org.apache.catalina.util.LifecycleBase.start(LifecycleBase.java:171)
		... 39 more
16-Mar-2024 10:14:46.735 INFO [main] org.apache.catalina.startup.HostConfig.deployDescriptor Deployment of deployment descriptor [C:\Users\abhig\Documents\NetBeansProjects\FestaVista\Other\apache-tomcat-9.0.85-windows-x64\apache-tomcat-9.0.85\conf\Catalina\localhost\eventhub.xml] has finished in [12] ms
16-Mar-2024 10:14:46.735 INFO [main] org.apache.catalina.startup.HostConfig.deployDescriptor Deploying deployment descriptor [C:\Users\abhig\Documents\NetBeansProjects\FestaVista\Other\apache-tomcat-9.0.85-windows-x64\apache-tomcat-9.0.85\conf\Catalina\localhost\EventManagement.xml]
16-Mar-2024 10:14:46.735 WARNING [main] org.apache.catalina.startup.HostConfig.deployDescriptor The path attribute with value [/EventManagement] in deployment descriptor [C:\Users\abhig\Documents\NetBeansProjects\FestaVista\Other\apache-tomcat-9.0.85-windows-x64\apache-tomcat-9.0.85\conf\Catalina\localhost\EventManagement.xml] has been ignored
16-Mar-2024 10:14:46.793 INFO [main] org.apache.catalina.startup.HostConfig.deployDescriptor Deployment of deployment descriptor [C:\Users\abhig\Documents\NetBeansProjects\FestaVista\Other\apache-tomcat-9.0.85-windows-x64\apache-tomcat-9.0.85\conf\Catalina\localhost\EventManagement.xml] has finished in [57] ms
16-Mar-2024 10:14:46.793 INFO [main] org.apache.catalina.startup.HostConfig.deployDescriptor Deploying deployment descriptor [C:\Users\abhig\Documents\NetBeansProjects\FestaVista\Other\apache-tomcat-9.0.85-windows-x64\apache-tomcat-9.0.85\conf\Catalina\localhost\FestaVista.xml]
16-Mar-2024 10:14:46.794 WARNING [main] org.apache.catalina.startup.HostConfig.deployDescriptor The path attribute with value [/FestaVista] in deployment descriptor [C:\Users\abhig\Documents\NetBeansProjects\FestaVista\Other\apache-tomcat-9.0.85-windows-x64\apache-tomcat-9.0.85\conf\Catalina\localhost\FestaVista.xml] has been ignored
16-Mar-2024 10:14:47.302 INFO [main] org.apache.jasper.servlet.TldScanner.scanJars At least one JAR was scanned for TLDs yet contained no TLDs. Enable debug logging for this logger for a complete list of JARs that were scanned but no TLDs were found in them. Skipping unneeded JARs during scanning can improve startup time and JSP compilation time.
16-Mar-2024 10:14:47.319 INFO [main] org.apache.catalina.startup.HostConfig.deployDescriptor Deployment of deployment descriptor [C:\Users\abhig\Documents\NetBeansProjects\FestaVista\Other\apache-tomcat-9.0.85-windows-x64\apache-tomcat-9.0.85\conf\Catalina\localhost\FestaVista.xml] has finished in [526] ms
16-Mar-2024 10:14:47.319 INFO [main] org.apache.catalina.startup.HostConfig.deployDescriptor Deploying deployment descriptor [C:\Users\abhig\Documents\NetBeansProjects\FestaVista\Other\apache-tomcat-9.0.85-windows-x64\apache-tomcat-9.0.85\conf\Catalina\localhost\mavenproject1.xml]
16-Mar-2024 10:14:47.320 WARNING [main] org.apache.catalina.startup.HostConfig.deployDescriptor The path attribute with value [/mavenproject1] in deployment descriptor [C:\Users\abhig\Documents\NetBeansProjects\FestaVista\Other\apache-tomcat-9.0.85-windows-x64\apache-tomcat-9.0.85\conf\Catalina\localhost\mavenproject1.xml] has been ignored
16-Mar-2024 10:14:47.323 SEVERE [main] org.apache.catalina.startup.HostConfig.deployDescriptor Error deploying deployment descriptor [C:\Users\abhig\Documents\NetBeansProjects\FestaVista\Other\apache-tomcat-9.0.85-windows-x64\apache-tomcat-9.0.85\conf\Catalina\localhost\mavenproject1.xml]
	java.lang.IllegalStateException: Error starting child
		at org.apache.catalina.core.ContainerBase.addChildInternal(ContainerBase.java:686)
		at org.apache.catalina.core.ContainerBase.addChild(ContainerBase.java:658)
		at org.apache.catalina.core.StandardHost.addChild(StandardHost.java:661)
		at org.apache.catalina.startup.HostConfig.deployDescriptor(HostConfig.java:691)
		at org.apache.catalina.startup.HostConfig$DeployDescriptor.run(HostConfig.java:1897)
		at java.base/java.util.concurrent.Executors$RunnableAdapter.call(Executors.java:572)
		at java.base/java.util.concurrent.FutureTask.run(FutureTask.java:317)
		at org.apache.tomcat.util.threads.InlineExecutorService.execute(InlineExecutorService.java:75)
		at java.base/java.util.concurrent.AbstractExecutorService.submit(AbstractExecutorService.java:123)
		at org.apache.catalina.startup.HostConfig.deployDescriptors(HostConfig.java:584)
		at org.apache.catalina.startup.HostConfig.deployApps(HostConfig.java:474)
		at org.apache.catalina.startup.HostConfig.start(HostConfig.java:1619)
		at org.apache.catalina.startup.HostConfig.lifecycleEvent(HostConfig.java:318)
		at org.apache.catalina.util.LifecycleBase.fireLifecycleEvent(LifecycleBase.java:114)
		at org.apache.catalina.util.LifecycleBase.setStateInternal(LifecycleBase.java:402)
		at org.apache.catalina.util.LifecycleBase.setState(LifecycleBase.java:345)
		at org.apache.catalina.core.ContainerBase.startInternal(ContainerBase.java:893)
		at org.apache.catalina.core.StandardHost.startInternal(StandardHost.java:794)
		at org.apache.catalina.util.LifecycleBase.start(LifecycleBase.java:171)
		at org.apache.catalina.core.ContainerBase$StartChild.call(ContainerBase.java:1332)
		at org.apache.catalina.core.ContainerBase$StartChild.call(ContainerBase.java:1322)
		at java.base/java.util.concurrent.FutureTask.run(FutureTask.java:317)
		at org.apache.tomcat.util.threads.InlineExecutorService.execute(InlineExecutorService.java:75)
		at java.base/java.util.concurrent.AbstractExecutorService.submit(AbstractExecutorService.java:145)
		at org.apache.catalina.core.ContainerBase.startInternal(ContainerBase.java:866)
		at org.apache.catalina.core.StandardEngine.startInternal(StandardEngine.java:248)
		at org.apache.catalina.util.LifecycleBase.start(LifecycleBase.java:171)
		at org.apache.catalina.core.StandardService.startInternal(StandardService.java:433)
		at org.apache.catalina.util.LifecycleBase.start(LifecycleBase.java:171)
		at org.apache.catalina.core.StandardServer.startInternal(StandardServer.java:921)
		at org.apache.catalina.util.LifecycleBase.start(LifecycleBase.java:171)
		at org.apache.catalina.startup.Catalina.start(Catalina.java:772)
		at java.base/jdk.internal.reflect.DirectMethodHandleAccessor.invoke(DirectMethodHandleAccessor.java:103)
		at java.base/java.lang.reflect.Method.invoke(Method.java:580)
		at org.apache.catalina.startup.Bootstrap.start(Bootstrap.java:347)
		at org.apache.catalina.startup.Bootstrap.main(Bootstrap.java:478)
	Caused by: org.apache.catalina.LifecycleException: Failed to start component [org.apache.catalina.webresources.StandardRoot@61e45f87]
		at org.apache.catalina.util.LifecycleBase.handleSubClassException(LifecycleBase.java:419)
		at org.apache.catalina.util.LifecycleBase.start(LifecycleBase.java:186)
		at org.apache.catalina.core.StandardContext.resourcesStart(StandardContext.java:4575)
		at org.apache.catalina.core.StandardContext.startInternal(StandardContext.java:4708)
		at org.apache.catalina.util.LifecycleBase.start(LifecycleBase.java:171)
		at org.apache.catalina.core.ContainerBase.addChildInternal(ContainerBase.java:683)
		... 35 more
	Caused by: java.lang.IllegalArgumentException: The main resource set specified [D:\MCA SEM IV\Project\mavenproject1\target\mavenproject1-1.0-SNAPSHOT] is not a directory or war file, or is not readable (it does not exist or permissions to access it are missing)
		at org.apache.catalina.webresources.StandardRoot.createMainResourceSet(StandardRoot.java:749)
		at org.apache.catalina.webresources.StandardRoot.startInternal(StandardRoot.java:707)
		at org.apache.catalina.util.LifecycleBase.start(LifecycleBase.java:171)
		... 39 more
16-Mar-2024 10:14:47.369 INFO [main] org.apache.catalina.startup.HostConfig.deployDescriptor Deployment of deployment descriptor [C:\Users\abhig\Documents\NetBeansProjects\FestaVista\Other\apache-tomcat-9.0.85-windows-x64\apache-tomcat-9.0.85\conf\Catalina\localhost\mavenproject1.xml] has finished in [50] ms
16-Mar-2024 10:14:47.370 INFO [main] org.apache.catalina.startup.HostConfig.deployDescriptor Deploying deployment descriptor [C:\Users\abhig\Documents\NetBeansProjects\FestaVista\Other\apache-tomcat-9.0.85-windows-x64\apache-tomcat-9.0.85\conf\Catalina\localhost\WebApplication1.xml]
16-Mar-2024 10:14:47.370 WARNING [main] org.apache.catalina.startup.HostConfig.deployDescriptor The path attribute with value [/WebApplication1] in deployment descriptor [C:\Users\abhig\Documents\NetBeansProjects\FestaVista\Other\apache-tomcat-9.0.85-windows-x64\apache-tomcat-9.0.85\conf\Catalina\localhost\WebApplication1.xml] has been ignored
16-Mar-2024 10:14:47.698 INFO [main] org.apache.jasper.servlet.TldScanner.scanJars At least one JAR was scanned for TLDs yet contained no TLDs. Enable debug logging for this logger for a complete list of JARs that were scanned but no TLDs were found in them. Skipping unneeded JARs during scanning can improve startup time and JSP compilation time.
16-Mar-2024 10:14:47.702 INFO [main] org.apache.catalina.startup.HostConfig.deployDescriptor Deployment of deployment descriptor [C:\Users\abhig\Documents\NetBeansProjects\FestaVista\Other\apache-tomcat-9.0.85-windows-x64\apache-tomcat-9.0.85\conf\Catalina\localhost\WebApplication1.xml] has finished in [332] ms
16-Mar-2024 10:14:47.703 INFO [main] org.apache.catalina.startup.HostConfig.deployDescriptor Deploying deployment descriptor [C:\Users\abhig\Documents\NetBeansProjects\FestaVista\Other\apache-tomcat-9.0.85-windows-x64\apache-tomcat-9.0.85\conf\Catalina\localhost\WebApplication2.xml]
16-Mar-2024 10:14:47.703 WARNING [main] org.apache.catalina.startup.HostConfig.deployDescriptor The path attribute with value [/WebApplication2] in deployment descriptor [C:\Users\abhig\Documents\NetBeansProjects\FestaVista\Other\apache-tomcat-9.0.85-windows-x64\apache-tomcat-9.0.85\conf\Catalina\localhost\WebApplication2.xml] has been ignored
16-Mar-2024 10:14:47.738 INFO [main] org.apache.catalina.startup.HostConfig.deployDescriptor Deployment of deployment descriptor [C:\Users\abhig\Documents\NetBeansProjects\FestaVista\Other\apache-tomcat-9.0.85-windows-x64\apache-tomcat-9.0.85\conf\Catalina\localhost\WebApplication2.xml] has finished in [36] ms
16-Mar-2024 10:14:47.738 INFO [main] org.apache.catalina.startup.HostConfig.deployDirectory Deploying web application directory [C:\Users\abhig\Documents\NetBeansProjects\FestaVista\Other\apache-tomcat-9.0.85-windows-x64\apache-tomcat-9.0.85\webapps\docs]
16-Mar-2024 10:14:47.780 INFO [main] org.apache.catalina.startup.HostConfig.deployDirectory Deployment of web application directory [C:\Users\abhig\Documents\NetBeansProjects\FestaVista\Other\apache-tomcat-9.0.85-windows-x64\apache-tomcat-9.0.85\webapps\docs] has finished in [41] ms
16-Mar-2024 10:14:47.780 INFO [main] org.apache.catalina.startup.HostConfig.deployDirectory Deploying web application directory [C:\Users\abhig\Documents\NetBeansProjects\FestaVista\Other\apache-tomcat-9.0.85-windows-x64\apache-tomcat-9.0.85\webapps\examples]
16-Mar-2024 10:14:48.269 INFO [main] org.apache.catalina.startup.HostConfig.deployDirectory Deployment of web application directory [C:\Users\abhig\Documents\NetBeansProjects\FestaVista\Other\apache-tomcat-9.0.85-windows-x64\apache-tomcat-9.0.85\webapps\examples] has finished in [489] ms
16-Mar-2024 10:14:48.270 INFO [main] org.apache.catalina.startup.HostConfig.deployDirectory Deploying web application directory [C:\Users\abhig\Documents\NetBeansProjects\FestaVista\Other\apache-tomcat-9.0.85-windows-x64\apache-tomcat-9.0.85\webapps\host-manager]
16-Mar-2024 10:14:48.323 INFO [main] org.apache.catalina.startup.HostConfig.deployDirectory Deployment of web application directory [C:\Users\abhig\Documents\NetBeansProjects\FestaVista\Other\apache-tomcat-9.0.85-windows-x64\apache-tomcat-9.0.85\webapps\host-manager] has finished in [53] ms
16-Mar-2024 10:14:48.323 INFO [main] org.apache.catalina.startup.HostConfig.deployDirectory Deploying web application directory [C:\Users\abhig\Documents\NetBeansProjects\FestaVista\Other\apache-tomcat-9.0.85-windows-x64\apache-tomcat-9.0.85\webapps\manager]
16-Mar-2024 10:14:48.364 INFO [main] org.apache.catalina.startup.HostConfig.deployDirectory Deployment of web application directory [C:\Users\abhig\Documents\NetBeansProjects\FestaVista\Other\apache-tomcat-9.0.85-windows-x64\apache-tomcat-9.0.85\webapps\manager] has finished in [41] ms
16-Mar-2024 10:14:48.364 INFO [main] org.apache.catalina.startup.HostConfig.deployDirectory Deploying web application directory [C:\Users\abhig\Documents\NetBeansProjects\FestaVista\Other\apache-tomcat-9.0.85-windows-x64\apache-tomcat-9.0.85\webapps\ROOT]
16-Mar-2024 10:14:48.394 INFO [main] org.apache.catalina.startup.HostConfig.deployDirectory Deployment of web application directory [C:\Users\abhig\Documents\NetBeansProjects\FestaVista\Other\apache-tomcat-9.0.85-windows-x64\apache-tomcat-9.0.85\webapps\ROOT] has finished in [30] ms
16-Mar-2024 10:14:48.398 INFO [main] org.apache.coyote.AbstractProtocol.start Starting ProtocolHandler ["http-nio-8080"]
16-Mar-2024 10:14:48.427 INFO [main] org.apache.catalina.startup.Catalina.start Server startup in [2064] milliseconds
16-Mar-2024 10:48:41.338 INFO [http-nio-8080-exec-5] org.apache.catalina.startup.HostConfig.undeploy Undeploying context [/FestaVista]
16-Mar-2024 10:48:50.949 INFO [http-nio-8080-exec-1] org.apache.catalina.startup.HostConfig.deployDescriptor Deploying deployment descriptor [C:\Users\abhig\Documents\NetBeansProjects\FestaVista\Other\apache-tomcat-9.0.85-windows-x64\apache-tomcat-9.0.85\conf\Catalina\localhost\FestaVista.xml]
16-Mar-2024 10:48:50.951 WARNING [http-nio-8080-exec-1] org.apache.catalina.startup.HostConfig.deployDescriptor The path attribute with value [/FestaVista] in deployment descriptor [C:\Users\abhig\Documents\NetBeansProjects\FestaVista\Other\apache-tomcat-9.0.85-windows-x64\apache-tomcat-9.0.85\conf\Catalina\localhost\FestaVista.xml] has been ignored
16-Mar-2024 10:48:51.042 INFO [http-nio-8080-exec-1] org.apache.catalina.startup.HostConfig.deployDescriptor Deployment of deployment descriptor [C:\Users\abhig\Documents\NetBeansProjects\FestaVista\Other\apache-tomcat-9.0.85-windows-x64\apache-tomcat-9.0.85\conf\Catalina\localhost\FestaVista.xml] has finished in [92] ms
16-Mar-2024 10:48:51.048 INFO [http-nio-8080-exec-7] org.apache.catalina.util.LifecycleBase.start The start() method was called on component [StandardEngine[Catalina].StandardHost[localhost].StandardContext[/FestaVista]] after start() had already been called. The second call will be ignored.
16-Mar-2024 10:49:01.258 INFO [main] org.apache.catalina.core.StandardServer.await A valid shutdown command was received via the shutdown port. Stopping the Server instance.
16-Mar-2024 10:49:01.258 INFO [main] org.apache.coyote.AbstractProtocol.pause Pausing ProtocolHandler ["http-nio-8080"]
16-Mar-2024 10:49:01.267 INFO [main] org.apache.catalina.core.StandardService.stopInternal Stopping service [Catalina]
16-Mar-2024 10:49:01.310 INFO [main] org.apache.coyote.AbstractProtocol.stop Stopping ProtocolHandler ["http-nio-8080"]
16-Mar-2024 10:49:01.319 INFO [main] org.apache.coyote.AbstractProtocol.destroy Destroying ProtocolHandler ["http-nio-8080"]
16-Mar-2024 10:49:05.468 INFO [main] org.apache.catalina.startup.VersionLoggerListener.log Server version name:   Apache Tomcat/9.0.85
16-Mar-2024 10:49:05.476 INFO [main] org.apache.catalina.startup.VersionLoggerListener.log Server built:          Jan 5 2024 08:28:07 UTC
16-Mar-2024 10:49:05.477 INFO [main] org.apache.catalina.startup.VersionLoggerListener.log Server version number: 9.0.85.0
16-Mar-2024 10:49:05.477 INFO [main] org.apache.catalina.startup.VersionLoggerListener.log OS Name:               Windows 11
16-Mar-2024 10:49:05.477 INFO [main] org.apache.catalina.startup.VersionLoggerListener.log OS Version:            10.0
16-Mar-2024 10:49:05.477 INFO [main] org.apache.catalina.startup.VersionLoggerListener.log Architecture:          amd64
16-Mar-2024 10:49:05.477 INFO [main] org.apache.catalina.startup.VersionLoggerListener.log Java Home:             C:\Program Files\Java\jdk-21
16-Mar-2024 10:49:05.477 INFO [main] org.apache.catalina.startup.VersionLoggerListener.log JVM Version:           21.0.2+13-LTS-58
16-Mar-2024 10:49:05.477 INFO [main] org.apache.catalina.startup.VersionLoggerListener.log JVM Vendor:            Oracle Corporation
16-Mar-2024 10:49:05.479 INFO [main] org.apache.catalina.startup.VersionLoggerListener.log CATALINA_BASE:         C:\Users\abhig\Documents\NetBeansProjects\FestaVista\Other\apache-tomcat-9.0.85-windows-x64\apache-tomcat-9.0.85
16-Mar-2024 10:49:05.479 INFO [main] org.apache.catalina.startup.VersionLoggerListener.log CATALINA_HOME:         C:\Users\abhig\Documents\NetBeansProjects\FestaVista\Other\apache-tomcat-9.0.85-windows-x64\apache-tomcat-9.0.85
16-Mar-2024 10:49:05.508 INFO [main] org.apache.catalina.startup.VersionLoggerListener.log Command line argument: --add-opens=java.base/java.lang=ALL-UNNAMED
16-Mar-2024 10:49:05.508 INFO [main] org.apache.catalina.startup.VersionLoggerListener.log Command line argument: --add-opens=java.base/java.io=ALL-UNNAMED
16-Mar-2024 10:49:05.508 INFO [main] org.apache.catalina.startup.VersionLoggerListener.log Command line argument: --add-opens=java.base/java.util=ALL-UNNAMED
16-Mar-2024 10:49:05.508 INFO [main] org.apache.catalina.startup.VersionLoggerListener.log Command line argument: --add-opens=java.base/java.util.concurrent=ALL-UNNAMED
16-Mar-2024 10:49:05.508 INFO [main] org.apache.catalina.startup.VersionLoggerListener.log Command line argument: --add-opens=java.rmi/sun.rmi.transport=ALL-UNNAMED
16-Mar-2024 10:49:05.508 INFO [main] org.apache.catalina.startup.VersionLoggerListener.log Command line argument: -Djava.util.logging.config.file=C:\Users\abhig\Documents\NetBeansProjects\FestaVista\Other\apache-tomcat-9.0.85-windows-x64\apache-tomcat-9.0.85\conf\logging.properties
16-Mar-2024 10:49:05.510 INFO [main] org.apache.catalina.startup.VersionLoggerListener.log Command line argument: -Djava.util.logging.manager=org.apache.juli.ClassLoaderLogManager
16-Mar-2024 10:49:05.510 INFO [main] org.apache.catalina.startup.VersionLoggerListener.log Command line argument: -Djdk.tls.ephemeralDHKeySize=2048
16-Mar-2024 10:49:05.510 INFO [main] org.apache.catalina.startup.VersionLoggerListener.log Command line argument: -Djava.protocol.handler.pkgs=org.apache.catalina.webresources
16-Mar-2024 10:49:05.510 INFO [main] org.apache.catalina.startup.VersionLoggerListener.log Command line argument: -agentlib:jdwp=transport=dt_shmem,address=tomcat_shared_memory_id,server=y,suspend=n
16-Mar-2024 10:49:05.510 INFO [main] org.apache.catalina.startup.VersionLoggerListener.log Command line argument: -Dignore.endorsed.dirs=
16-Mar-2024 10:49:05.512 INFO [main] org.apache.catalina.startup.VersionLoggerListener.log Command line argument: -Dcatalina.base=C:\Users\abhig\Documents\NetBeansProjects\FestaVista\Other\apache-tomcat-9.0.85-windows-x64\apache-tomcat-9.0.85
16-Mar-2024 10:49:05.512 INFO [main] org.apache.catalina.startup.VersionLoggerListener.log Command line argument: -Dcatalina.home=C:\Users\abhig\Documents\NetBeansProjects\FestaVista\Other\apache-tomcat-9.0.85-windows-x64\apache-tomcat-9.0.85
16-Mar-2024 10:49:05.512 INFO [main] org.apache.catalina.startup.VersionLoggerListener.log Command line argument: -Djava.io.tmpdir=C:\Users\abhig\Documents\NetBeansProjects\FestaVista\Other\apache-tomcat-9.0.85-windows-x64\apache-tomcat-9.0.85\temp
16-Mar-2024 10:49:05.528 INFO [main] org.apache.catalina.core.AprLifecycleListener.lifecycleEvent Loaded Apache Tomcat Native library [1.2.39] using APR version [1.7.4].
16-Mar-2024 10:49:05.528 INFO [main] org.apache.catalina.core.AprLifecycleListener.lifecycleEvent APR capabilities: IPv6 [true], sendfile [true], accept filters [false], random [true], UDS [true].
16-Mar-2024 10:49:05.528 INFO [main] org.apache.catalina.core.AprLifecycleListener.lifecycleEvent APR/OpenSSL configuration: useAprConnector [false], useOpenSSL [true]
16-Mar-2024 10:49:05.539 INFO [main] org.apache.catalina.core.AprLifecycleListener.initializeSSL OpenSSL successfully initialized [OpenSSL 3.0.11 19 Sep 2023]
16-Mar-2024 10:49:06.125 INFO [main] org.apache.coyote.AbstractProtocol.init Initializing ProtocolHandler ["http-nio-8080"]
16-Mar-2024 10:49:06.165 INFO [main] org.apache.catalina.startup.Catalina.load Server initialization in [1021] milliseconds
16-Mar-2024 10:49:06.245 INFO [main] org.apache.catalina.core.StandardService.startInternal Starting service [Catalina]
16-Mar-2024 10:49:06.245 INFO [main] org.apache.catalina.core.StandardEngine.startInternal Starting Servlet engine: [Apache Tomcat/9.0.85]
16-Mar-2024 10:49:06.260 INFO [main] org.apache.catalina.startup.HostConfig.deployDescriptor Deploying deployment descriptor [C:\Users\abhig\Documents\NetBeansProjects\FestaVista\Other\apache-tomcat-9.0.85-windows-x64\apache-tomcat-9.0.85\conf\Catalina\localhost\Construction_Monitoring_System.xml]
16-Mar-2024 10:49:06.287 WARNING [main] org.apache.catalina.startup.HostConfig.deployDescriptor The path attribute with value [/Construction_Monitoring_System] in deployment descriptor [C:\Users\abhig\Documents\NetBeansProjects\FestaVista\Other\apache-tomcat-9.0.85-windows-x64\apache-tomcat-9.0.85\conf\Catalina\localhost\Construction_Monitoring_System.xml] has been ignored
16-Mar-2024 10:49:06.819 INFO [main] org.apache.catalina.startup.HostConfig.deployDescriptor Deployment of deployment descriptor [C:\Users\abhig\Documents\NetBeansProjects\FestaVista\Other\apache-tomcat-9.0.85-windows-x64\apache-tomcat-9.0.85\conf\Catalina\localhost\Construction_Monitoring_System.xml] has finished in [559] ms
16-Mar-2024 10:49:06.820 INFO [main] org.apache.catalina.startup.HostConfig.deployDescriptor Deploying deployment descriptor [C:\Users\abhig\Documents\NetBeansProjects\FestaVista\Other\apache-tomcat-9.0.85-windows-x64\apache-tomcat-9.0.85\conf\Catalina\localhost\eventhub.xml]
16-Mar-2024 10:49:06.823 WARNING [main] org.apache.catalina.startup.HostConfig.deployDescriptor The path attribute with value [/eventhub] in deployment descriptor [C:\Users\abhig\Documents\NetBeansProjects\FestaVista\Other\apache-tomcat-9.0.85-windows-x64\apache-tomcat-9.0.85\conf\Catalina\localhost\eventhub.xml] has been ignored
16-Mar-2024 10:49:06.830 SEVERE [main] org.apache.catalina.startup.HostConfig.deployDescriptor Error deploying deployment descriptor [C:\Users\abhig\Documents\NetBeansProjects\FestaVista\Other\apache-tomcat-9.0.85-windows-x64\apache-tomcat-9.0.85\conf\Catalina\localhost\eventhub.xml]
	java.lang.IllegalStateException: Error starting child
		at org.apache.catalina.core.ContainerBase.addChildInternal(ContainerBase.java:686)
		at org.apache.catalina.core.ContainerBase.addChild(ContainerBase.java:658)
		at org.apache.catalina.core.StandardHost.addChild(StandardHost.java:661)
		at org.apache.catalina.startup.HostConfig.deployDescriptor(HostConfig.java:691)
		at org.apache.catalina.startup.HostConfig$DeployDescriptor.run(HostConfig.java:1897)
		at java.base/java.util.concurrent.Executors$RunnableAdapter.call(Executors.java:572)
		at java.base/java.util.concurrent.FutureTask.run(FutureTask.java:317)
		at org.apache.tomcat.util.threads.InlineExecutorService.execute(InlineExecutorService.java:75)
		at java.base/java.util.concurrent.AbstractExecutorService.submit(AbstractExecutorService.java:123)
		at org.apache.catalina.startup.HostConfig.deployDescriptors(HostConfig.java:584)
		at org.apache.catalina.startup.HostConfig.deployApps(HostConfig.java:474)
		at org.apache.catalina.startup.HostConfig.start(HostConfig.java:1619)
		at org.apache.catalina.startup.HostConfig.lifecycleEvent(HostConfig.java:318)
		at org.apache.catalina.util.LifecycleBase.fireLifecycleEvent(LifecycleBase.java:114)
		at org.apache.catalina.util.LifecycleBase.setStateInternal(LifecycleBase.java:402)
		at org.apache.catalina.util.LifecycleBase.setState(LifecycleBase.java:345)
		at org.apache.catalina.core.ContainerBase.startInternal(ContainerBase.java:893)
		at org.apache.catalina.core.StandardHost.startInternal(StandardHost.java:794)
		at org.apache.catalina.util.LifecycleBase.start(LifecycleBase.java:171)
		at org.apache.catalina.core.ContainerBase$StartChild.call(ContainerBase.java:1332)
		at org.apache.catalina.core.ContainerBase$StartChild.call(ContainerBase.java:1322)
		at java.base/java.util.concurrent.FutureTask.run(FutureTask.java:317)
		at org.apache.tomcat.util.threads.InlineExecutorService.execute(InlineExecutorService.java:75)
		at java.base/java.util.concurrent.AbstractExecutorService.submit(AbstractExecutorService.java:145)
		at org.apache.catalina.core.ContainerBase.startInternal(ContainerBase.java:866)
		at org.apache.catalina.core.StandardEngine.startInternal(StandardEngine.java:248)
		at org.apache.catalina.util.LifecycleBase.start(LifecycleBase.java:171)
		at org.apache.catalina.core.StandardService.startInternal(StandardService.java:433)
		at org.apache.catalina.util.LifecycleBase.start(LifecycleBase.java:171)
		at org.apache.catalina.core.StandardServer.startInternal(StandardServer.java:921)
		at org.apache.catalina.util.LifecycleBase.start(LifecycleBase.java:171)
		at org.apache.catalina.startup.Catalina.start(Catalina.java:772)
		at java.base/jdk.internal.reflect.DirectMethodHandleAccessor.invoke(DirectMethodHandleAccessor.java:103)
		at java.base/java.lang.reflect.Method.invoke(Method.java:580)
		at org.apache.catalina.startup.Bootstrap.start(Bootstrap.java:347)
		at org.apache.catalina.startup.Bootstrap.main(Bootstrap.java:478)
	Caused by: org.apache.catalina.LifecycleException: Failed to start component [org.apache.catalina.webresources.StandardRoot@46e8a539]
		at org.apache.catalina.util.LifecycleBase.handleSubClassException(LifecycleBase.java:419)
		at org.apache.catalina.util.LifecycleBase.start(LifecycleBase.java:186)
		at org.apache.catalina.core.StandardContext.resourcesStart(StandardContext.java:4575)
		at org.apache.catalina.core.StandardContext.startInternal(StandardContext.java:4708)
		at org.apache.catalina.util.LifecycleBase.start(LifecycleBase.java:171)
		at org.apache.catalina.core.ContainerBase.addChildInternal(ContainerBase.java:683)
		... 35 more
	Caused by: java.lang.IllegalArgumentException: The main resource set specified [C:\Users\abhig\Documents\NetBeansProjects\eventhub\target\eventhub-1.0-SNAPSHOT] is not a directory or war file, or is not readable (it does not exist or permissions to access it are missing)
		at org.apache.catalina.webresources.StandardRoot.createMainResourceSet(StandardRoot.java:749)
		at org.apache.catalina.webresources.StandardRoot.startInternal(StandardRoot.java:707)
		at org.apache.catalina.util.LifecycleBase.start(LifecycleBase.java:171)
		... 39 more
16-Mar-2024 10:49:06.914 INFO [main] org.apache.catalina.startup.HostConfig.deployDescriptor Deployment of deployment descriptor [C:\Users\abhig\Documents\NetBeansProjects\FestaVista\Other\apache-tomcat-9.0.85-windows-x64\apache-tomcat-9.0.85\conf\Catalina\localhost\eventhub.xml] has finished in [93] ms
16-Mar-2024 10:49:06.915 INFO [main] org.apache.catalina.startup.HostConfig.deployDescriptor Deploying deployment descriptor [C:\Users\abhig\Documents\NetBeansProjects\FestaVista\Other\apache-tomcat-9.0.85-windows-x64\apache-tomcat-9.0.85\conf\Catalina\localhost\EventManagement.xml]
16-Mar-2024 10:49:06.918 WARNING [main] org.apache.catalina.startup.HostConfig.deployDescriptor The path attribute with value [/EventManagement] in deployment descriptor [C:\Users\abhig\Documents\NetBeansProjects\FestaVista\Other\apache-tomcat-9.0.85-windows-x64\apache-tomcat-9.0.85\conf\Catalina\localhost\EventManagement.xml] has been ignored
16-Mar-2024 10:49:06.991 INFO [main] org.apache.catalina.startup.HostConfig.deployDescriptor Deployment of deployment descriptor [C:\Users\abhig\Documents\NetBeansProjects\FestaVista\Other\apache-tomcat-9.0.85-windows-x64\apache-tomcat-9.0.85\conf\Catalina\localhost\EventManagement.xml] has finished in [76] ms
16-Mar-2024 10:49:06.991 INFO [main] org.apache.catalina.startup.HostConfig.deployDescriptor Deploying deployment descriptor [C:\Users\abhig\Documents\NetBeansProjects\FestaVista\Other\apache-tomcat-9.0.85-windows-x64\apache-tomcat-9.0.85\conf\Catalina\localhost\FestaVista.xml]
16-Mar-2024 10:49:06.994 WARNING [main] org.apache.catalina.startup.HostConfig.deployDescriptor The path attribute with value [/FestaVista] in deployment descriptor [C:\Users\abhig\Documents\NetBeansProjects\FestaVista\Other\apache-tomcat-9.0.85-windows-x64\apache-tomcat-9.0.85\conf\Catalina\localhost\FestaVista.xml] has been ignored
16-Mar-2024 10:49:07.121 INFO [main] org.apache.catalina.startup.HostConfig.deployDescriptor Deployment of deployment descriptor [C:\Users\abhig\Documents\NetBeansProjects\FestaVista\Other\apache-tomcat-9.0.85-windows-x64\apache-tomcat-9.0.85\conf\Catalina\localhost\FestaVista.xml] has finished in [129] ms
16-Mar-2024 10:49:07.121 INFO [main] org.apache.catalina.startup.HostConfig.deployDescriptor Deploying deployment descriptor [C:\Users\abhig\Documents\NetBeansProjects\FestaVista\Other\apache-tomcat-9.0.85-windows-x64\apache-tomcat-9.0.85\conf\Catalina\localhost\mavenproject1.xml]
16-Mar-2024 10:49:07.124 WARNING [main] org.apache.catalina.startup.HostConfig.deployDescriptor The path attribute with value [/mavenproject1] in deployment descriptor [C:\Users\abhig\Documents\NetBeansProjects\FestaVista\Other\apache-tomcat-9.0.85-windows-x64\apache-tomcat-9.0.85\conf\Catalina\localhost\mavenproject1.xml] has been ignored
16-Mar-2024 10:49:07.130 SEVERE [main] org.apache.catalina.startup.HostConfig.deployDescriptor Error deploying deployment descriptor [C:\Users\abhig\Documents\NetBeansProjects\FestaVista\Other\apache-tomcat-9.0.85-windows-x64\apache-tomcat-9.0.85\conf\Catalina\localhost\mavenproject1.xml]
	java.lang.IllegalStateException: Error starting child
		at org.apache.catalina.core.ContainerBase.addChildInternal(ContainerBase.java:686)
		at org.apache.catalina.core.ContainerBase.addChild(ContainerBase.java:658)
		at org.apache.catalina.core.StandardHost.addChild(StandardHost.java:661)
		at org.apache.catalina.startup.HostConfig.deployDescriptor(HostConfig.java:691)
		at org.apache.catalina.startup.HostConfig$DeployDescriptor.run(HostConfig.java:1897)
		at java.base/java.util.concurrent.Executors$RunnableAdapter.call(Executors.java:572)
		at java.base/java.util.concurrent.FutureTask.run(FutureTask.java:317)
		at org.apache.tomcat.util.threads.InlineExecutorService.execute(InlineExecutorService.java:75)
		at java.base/java.util.concurrent.AbstractExecutorService.submit(AbstractExecutorService.java:123)
		at org.apache.catalina.startup.HostConfig.deployDescriptors(HostConfig.java:584)
		at org.apache.catalina.startup.HostConfig.deployApps(HostConfig.java:474)
		at org.apache.catalina.startup.HostConfig.start(HostConfig.java:1619)
		at org.apache.catalina.startup.HostConfig.lifecycleEvent(HostConfig.java:318)
		at org.apache.catalina.util.LifecycleBase.fireLifecycleEvent(LifecycleBase.java:114)
		at org.apache.catalina.util.LifecycleBase.setStateInternal(LifecycleBase.java:402)
		at org.apache.catalina.util.LifecycleBase.setState(LifecycleBase.java:345)
		at org.apache.catalina.core.ContainerBase.startInternal(ContainerBase.java:893)
		at org.apache.catalina.core.StandardHost.startInternal(StandardHost.java:794)
		at org.apache.catalina.util.LifecycleBase.start(LifecycleBase.java:171)
		at org.apache.catalina.core.ContainerBase$StartChild.call(ContainerBase.java:1332)
		at org.apache.catalina.core.ContainerBase$StartChild.call(ContainerBase.java:1322)
		at java.base/java.util.concurrent.FutureTask.run(FutureTask.java:317)
		at org.apache.tomcat.util.threads.InlineExecutorService.execute(InlineExecutorService.java:75)
		at java.base/java.util.concurrent.AbstractExecutorService.submit(AbstractExecutorService.java:145)
		at org.apache.catalina.core.ContainerBase.startInternal(ContainerBase.java:866)
		at org.apache.catalina.core.StandardEngine.startInternal(StandardEngine.java:248)
		at org.apache.catalina.util.LifecycleBase.start(LifecycleBase.java:171)
		at org.apache.catalina.core.StandardService.startInternal(StandardService.java:433)
		at org.apache.catalina.util.LifecycleBase.start(LifecycleBase.java:171)
		at org.apache.catalina.core.StandardServer.startInternal(StandardServer.java:921)
		at org.apache.catalina.util.LifecycleBase.start(LifecycleBase.java:171)
		at org.apache.catalina.startup.Catalina.start(Catalina.java:772)
		at java.base/jdk.internal.reflect.DirectMethodHandleAccessor.invoke(DirectMethodHandleAccessor.java:103)
		at java.base/java.lang.reflect.Method.invoke(Method.java:580)
		at org.apache.catalina.startup.Bootstrap.start(Bootstrap.java:347)
		at org.apache.catalina.startup.Bootstrap.main(Bootstrap.java:478)
	Caused by: org.apache.catalina.LifecycleException: Failed to start component [org.apache.catalina.webresources.StandardRoot@7e70bd39]
		at org.apache.catalina.util.LifecycleBase.handleSubClassException(LifecycleBase.java:419)
		at org.apache.catalina.util.LifecycleBase.start(LifecycleBase.java:186)
		at org.apache.catalina.core.StandardContext.resourcesStart(StandardContext.java:4575)
		at org.apache.catalina.core.StandardContext.startInternal(StandardContext.java:4708)
		at org.apache.catalina.util.LifecycleBase.start(LifecycleBase.java:171)
		at org.apache.catalina.core.ContainerBase.addChildInternal(ContainerBase.java:683)
		... 35 more
	Caused by: java.lang.IllegalArgumentException: The main resource set specified [D:\MCA SEM IV\Project\mavenproject1\target\mavenproject1-1.0-SNAPSHOT] is not a directory or war file, or is not readable (it does not exist or permissions to access it are missing)
		at org.apache.catalina.webresources.StandardRoot.createMainResourceSet(StandardRoot.java:749)
		at org.apache.catalina.webresources.StandardRoot.startInternal(StandardRoot.java:707)
		at org.apache.catalina.util.LifecycleBase.start(LifecycleBase.java:171)
		... 39 more
16-Mar-2024 10:49:07.134 INFO [main] org.apache.catalina.startup.HostConfig.deployDescriptor Deployment of deployment descriptor [C:\Users\abhig\Documents\NetBeansProjects\FestaVista\Other\apache-tomcat-9.0.85-windows-x64\apache-tomcat-9.0.85\conf\Catalina\localhost\mavenproject1.xml] has finished in [13] ms
16-Mar-2024 10:49:07.134 INFO [main] org.apache.catalina.startup.HostConfig.deployDescriptor Deploying deployment descriptor [C:\Users\abhig\Documents\NetBeansProjects\FestaVista\Other\apache-tomcat-9.0.85-windows-x64\apache-tomcat-9.0.85\conf\Catalina\localhost\WebApplication1.xml]
16-Mar-2024 10:49:07.137 WARNING [main] org.apache.catalina.startup.HostConfig.deployDescriptor The path attribute with value [/WebApplication1] in deployment descriptor [C:\Users\abhig\Documents\NetBeansProjects\FestaVista\Other\apache-tomcat-9.0.85-windows-x64\apache-tomcat-9.0.85\conf\Catalina\localhost\WebApplication1.xml] has been ignored
16-Mar-2024 10:49:07.797 INFO [main] org.apache.jasper.servlet.TldScanner.scanJars At least one JAR was scanned for TLDs yet contained no TLDs. Enable debug logging for this logger for a complete list of JARs that were scanned but no TLDs were found in them. Skipping unneeded JARs during scanning can improve startup time and JSP compilation time.
16-Mar-2024 10:49:07.802 INFO [main] org.apache.catalina.startup.HostConfig.deployDescriptor Deployment of deployment descriptor [C:\Users\abhig\Documents\NetBeansProjects\FestaVista\Other\apache-tomcat-9.0.85-windows-x64\apache-tomcat-9.0.85\conf\Catalina\localhost\WebApplication1.xml] has finished in [668] ms
16-Mar-2024 10:49:07.802 INFO [main] org.apache.catalina.startup.HostConfig.deployDescriptor Deploying deployment descriptor [C:\Users\abhig\Documents\NetBeansProjects\FestaVista\Other\apache-tomcat-9.0.85-windows-x64\apache-tomcat-9.0.85\conf\Catalina\localhost\WebApplication2.xml]
16-Mar-2024 10:49:07.807 WARNING [main] org.apache.catalina.startup.HostConfig.deployDescriptor The path attribute with value [/WebApplication2] in deployment descriptor [C:\Users\abhig\Documents\NetBeansProjects\FestaVista\Other\apache-tomcat-9.0.85-windows-x64\apache-tomcat-9.0.85\conf\Catalina\localhost\WebApplication2.xml] has been ignored
16-Mar-2024 10:49:07.858 INFO [main] org.apache.catalina.startup.HostConfig.deployDescriptor Deployment of deployment descriptor [C:\Users\abhig\Documents\NetBeansProjects\FestaVista\Other\apache-tomcat-9.0.85-windows-x64\apache-tomcat-9.0.85\conf\Catalina\localhost\WebApplication2.xml] has finished in [56] ms
16-Mar-2024 10:49:07.859 INFO [main] org.apache.catalina.startup.HostConfig.deployDirectory Deploying web application directory [C:\Users\abhig\Documents\NetBeansProjects\FestaVista\Other\apache-tomcat-9.0.85-windows-x64\apache-tomcat-9.0.85\webapps\docs]
16-Mar-2024 10:49:07.922 INFO [main] org.apache.catalina.startup.HostConfig.deployDirectory Deployment of web application directory [C:\Users\abhig\Documents\NetBeansProjects\FestaVista\Other\apache-tomcat-9.0.85-windows-x64\apache-tomcat-9.0.85\webapps\docs] has finished in [63] ms
16-Mar-2024 10:49:07.922 INFO [main] org.apache.catalina.startup.HostConfig.deployDirectory Deploying web application directory [C:\Users\abhig\Documents\NetBeansProjects\FestaVista\Other\apache-tomcat-9.0.85-windows-x64\apache-tomcat-9.0.85\webapps\examples]
16-Mar-2024 10:49:08.892 INFO [main] org.apache.catalina.startup.HostConfig.deployDirectory Deployment of web application directory [C:\Users\abhig\Documents\NetBeansProjects\FestaVista\Other\apache-tomcat-9.0.85-windows-x64\apache-tomcat-9.0.85\webapps\examples] has finished in [969] ms
16-Mar-2024 10:49:08.892 INFO [main] org.apache.catalina.startup.HostConfig.deployDirectory Deploying web application directory [C:\Users\abhig\Documents\NetBeansProjects\FestaVista\Other\apache-tomcat-9.0.85-windows-x64\apache-tomcat-9.0.85\webapps\host-manager]
16-Mar-2024 10:49:08.963 INFO [main] org.apache.catalina.startup.HostConfig.deployDirectory Deployment of web application directory [C:\Users\abhig\Documents\NetBeansProjects\FestaVista\Other\apache-tomcat-9.0.85-windows-x64\apache-tomcat-9.0.85\webapps\host-manager] has finished in [71] ms
16-Mar-2024 10:49:08.964 INFO [main] org.apache.catalina.startup.HostConfig.deployDirectory Deploying web application directory [C:\Users\abhig\Documents\NetBeansProjects\FestaVista\Other\apache-tomcat-9.0.85-windows-x64\apache-tomcat-9.0.85\webapps\manager]
16-Mar-2024 10:49:09.038 INFO [main] org.apache.catalina.startup.HostConfig.deployDirectory Deployment of web application directory [C:\Users\abhig\Documents\NetBeansProjects\FestaVista\Other\apache-tomcat-9.0.85-windows-x64\apache-tomcat-9.0.85\webapps\manager] has finished in [74] ms
16-Mar-2024 10:49:09.039 INFO [main] org.apache.catalina.startup.HostConfig.deployDirectory Deploying web application directory [C:\Users\abhig\Documents\NetBeansProjects\FestaVista\Other\apache-tomcat-9.0.85-windows-x64\apache-tomcat-9.0.85\webapps\ROOT]
16-Mar-2024 10:49:09.088 INFO [main] org.apache.catalina.startup.HostConfig.deployDirectory Deployment of web application directory [C:\Users\abhig\Documents\NetBeansProjects\FestaVista\Other\apache-tomcat-9.0.85-windows-x64\apache-tomcat-9.0.85\webapps\ROOT] has finished in [49] ms
16-Mar-2024 10:49:09.094 INFO [main] org.apache.coyote.AbstractProtocol.start Starting ProtocolHandler ["http-nio-8080"]
16-Mar-2024 10:49:09.134 INFO [main] org.apache.catalina.startup.Catalina.start Server startup in [2967] milliseconds
16-Mar-2024 10:49:10.927 INFO [http-nio-8080-exec-5] org.apache.catalina.startup.HostConfig.undeploy Undeploying context [/FestaVista]
16-Mar-2024 10:49:10.969 INFO [http-nio-8080-exec-7] org.apache.catalina.startup.HostConfig.deployDescriptor Deploying deployment descriptor [C:\Users\abhig\Documents\NetBeansProjects\FestaVista\Other\apache-tomcat-9.0.85-windows-x64\apache-tomcat-9.0.85\conf\Catalina\localhost\FestaVista.xml]
16-Mar-2024 10:49:10.972 WARNING [http-nio-8080-exec-7] org.apache.catalina.startup.HostConfig.deployDescriptor The path attribute with value [/FestaVista] in deployment descriptor [C:\Users\abhig\Documents\NetBeansProjects\FestaVista\Other\apache-tomcat-9.0.85-windows-x64\apache-tomcat-9.0.85\conf\Catalina\localhost\FestaVista.xml] has been ignored
16-Mar-2024 10:49:11.028 INFO [http-nio-8080-exec-7] org.apache.catalina.startup.HostConfig.deployDescriptor Deployment of deployment descriptor [C:\Users\abhig\Documents\NetBeansProjects\FestaVista\Other\apache-tomcat-9.0.85-windows-x64\apache-tomcat-9.0.85\conf\Catalina\localhost\FestaVista.xml] has finished in [59] ms
16-Mar-2024 10:49:11.044 INFO [http-nio-8080-exec-8] org.apache.catalina.util.LifecycleBase.start The start() method was called on component [StandardEngine[Catalina].StandardHost[localhost].StandardContext[/FestaVista]] after start() had already been called. The second call will be ignored.
16-Mar-2024 10:52:30.156 INFO [http-nio-8080-exec-12] org.apache.catalina.startup.HostConfig.undeploy Undeploying context [/FestaVista]
16-Mar-2024 10:52:30.191 INFO [http-nio-8080-exec-18] org.apache.catalina.startup.HostConfig.deployDescriptor Deploying deployment descriptor [C:\Users\abhig\Documents\NetBeansProjects\FestaVista\Other\apache-tomcat-9.0.85-windows-x64\apache-tomcat-9.0.85\conf\Catalina\localhost\FestaVista.xml]
16-Mar-2024 10:52:30.194 WARNING [http-nio-8080-exec-18] org.apache.catalina.startup.HostConfig.deployDescriptor The path attribute with value [/FestaVista] in deployment descriptor [C:\Users\abhig\Documents\NetBeansProjects\FestaVista\Other\apache-tomcat-9.0.85-windows-x64\apache-tomcat-9.0.85\conf\Catalina\localhost\FestaVista.xml] has been ignored
16-Mar-2024 10:52:30.268 INFO [http-nio-8080-exec-18] org.apache.catalina.startup.HostConfig.deployDescriptor Deployment of deployment descriptor [C:\Users\abhig\Documents\NetBeansProjects\FestaVista\Other\apache-tomcat-9.0.85-windows-x64\apache-tomcat-9.0.85\conf\Catalina\localhost\FestaVista.xml] has finished in [77] ms
16-Mar-2024 10:52:30.274 INFO [http-nio-8080-exec-20] org.apache.catalina.util.LifecycleBase.start The start() method was called on component [StandardEngine[Catalina].StandardHost[localhost].StandardContext[/FestaVista]] after start() had already been called. The second call will be ignored.
16-Mar-2024 10:54:08.867 INFO [main] org.apache.catalina.core.StandardServer.await A valid shutdown command was received via the shutdown port. Stopping the Server instance.
16-Mar-2024 10:54:08.867 INFO [main] org.apache.coyote.AbstractProtocol.pause Pausing ProtocolHandler ["http-nio-8080"]
16-Mar-2024 10:54:08.878 INFO [main] org.apache.catalina.core.StandardService.stopInternal Stopping service [Catalina]
16-Mar-2024 10:54:08.921 INFO [main] org.apache.coyote.AbstractProtocol.stop Stopping ProtocolHandler ["http-nio-8080"]
16-Mar-2024 10:54:08.931 INFO [main] org.apache.coyote.AbstractProtocol.destroy Destroying ProtocolHandler ["http-nio-8080"]
16-Mar-2024 12:04:03.771 INFO [main] org.apache.catalina.startup.VersionLoggerListener.log Server version name:   Apache Tomcat/9.0.85
16-Mar-2024 12:04:03.775 INFO [main] org.apache.catalina.startup.VersionLoggerListener.log Server built:          Jan 5 2024 08:28:07 UTC
16-Mar-2024 12:04:03.775 INFO [main] org.apache.catalina.startup.VersionLoggerListener.log Server version number: 9.0.85.0
16-Mar-2024 12:04:03.775 INFO [main] org.apache.catalina.startup.VersionLoggerListener.log OS Name:               Windows 11
16-Mar-2024 12:04:03.775 INFO [main] org.apache.catalina.startup.VersionLoggerListener.log OS Version:            10.0
16-Mar-2024 12:04:03.775 INFO [main] org.apache.catalina.startup.VersionLoggerListener.log Architecture:          amd64
16-Mar-2024 12:04:03.775 INFO [main] org.apache.catalina.startup.VersionLoggerListener.log Java Home:             C:\Program Files\Java\jdk-21
16-Mar-2024 12:04:03.775 INFO [main] org.apache.catalina.startup.VersionLoggerListener.log JVM Version:           21.0.2+13-LTS-58
16-Mar-2024 12:04:03.776 INFO [main] org.apache.catalina.startup.VersionLoggerListener.log JVM Vendor:            Oracle Corporation
16-Mar-2024 12:04:03.776 INFO [main] org.apache.catalina.startup.VersionLoggerListener.log CATALINA_BASE:         C:\Users\abhig\Documents\NetBeansProjects\FestaVista\Other\apache-tomcat-9.0.85-windows-x64\apache-tomcat-9.0.85
16-Mar-2024 12:04:03.776 INFO [main] org.apache.catalina.startup.VersionLoggerListener.log CATALINA_HOME:         C:\Users\abhig\Documents\NetBeansProjects\FestaVista\Other\apache-tomcat-9.0.85-windows-x64\apache-tomcat-9.0.85
16-Mar-2024 12:04:03.785 INFO [main] org.apache.catalina.startup.VersionLoggerListener.log Command line argument: --add-opens=java.base/java.lang=ALL-UNNAMED
16-Mar-2024 12:04:03.785 INFO [main] org.apache.catalina.startup.VersionLoggerListener.log Command line argument: --add-opens=java.base/java.io=ALL-UNNAMED
16-Mar-2024 12:04:03.785 INFO [main] org.apache.catalina.startup.VersionLoggerListener.log Command line argument: --add-opens=java.base/java.util=ALL-UNNAMED
16-Mar-2024 12:04:03.785 INFO [main] org.apache.catalina.startup.VersionLoggerListener.log Command line argument: --add-opens=java.base/java.util.concurrent=ALL-UNNAMED
16-Mar-2024 12:04:03.785 INFO [main] org.apache.catalina.startup.VersionLoggerListener.log Command line argument: --add-opens=java.rmi/sun.rmi.transport=ALL-UNNAMED
16-Mar-2024 12:04:03.785 INFO [main] org.apache.catalina.startup.VersionLoggerListener.log Command line argument: -Djava.util.logging.config.file=C:\Users\abhig\Documents\NetBeansProjects\FestaVista\Other\apache-tomcat-9.0.85-windows-x64\apache-tomcat-9.0.85\conf\logging.properties
16-Mar-2024 12:04:03.786 INFO [main] org.apache.catalina.startup.VersionLoggerListener.log Command line argument: -Djava.util.logging.manager=org.apache.juli.ClassLoaderLogManager
16-Mar-2024 12:04:03.786 INFO [main] org.apache.catalina.startup.VersionLoggerListener.log Command line argument: -Djdk.tls.ephemeralDHKeySize=2048
16-Mar-2024 12:04:03.786 INFO [main] org.apache.catalina.startup.VersionLoggerListener.log Command line argument: -Djava.protocol.handler.pkgs=org.apache.catalina.webresources
16-Mar-2024 12:04:03.787 INFO [main] org.apache.catalina.startup.VersionLoggerListener.log Command line argument: -Dignore.endorsed.dirs=
16-Mar-2024 12:04:03.787 INFO [main] org.apache.catalina.startup.VersionLoggerListener.log Command line argument: -Dcatalina.base=C:\Users\abhig\Documents\NetBeansProjects\FestaVista\Other\apache-tomcat-9.0.85-windows-x64\apache-tomcat-9.0.85
16-Mar-2024 12:04:03.787 INFO [main] org.apache.catalina.startup.VersionLoggerListener.log Command line argument: -Dcatalina.home=C:\Users\abhig\Documents\NetBeansProjects\FestaVista\Other\apache-tomcat-9.0.85-windows-x64\apache-tomcat-9.0.85
16-Mar-2024 12:04:03.787 INFO [main] org.apache.catalina.startup.VersionLoggerListener.log Command line argument: -Djava.io.tmpdir=C:\Users\abhig\Documents\NetBeansProjects\FestaVista\Other\apache-tomcat-9.0.85-windows-x64\apache-tomcat-9.0.85\temp
16-Mar-2024 12:04:03.791 INFO [main] org.apache.catalina.core.AprLifecycleListener.lifecycleEvent Loaded Apache Tomcat Native library [1.2.39] using APR version [1.7.4].
16-Mar-2024 12:04:03.868 INFO [main] org.apache.catalina.core.AprLifecycleListener.lifecycleEvent APR capabilities: IPv6 [true], sendfile [true], accept filters [false], random [true], UDS [true].
16-Mar-2024 12:04:03.868 INFO [main] org.apache.catalina.core.AprLifecycleListener.lifecycleEvent APR/OpenSSL configuration: useAprConnector [false], useOpenSSL [true]
16-Mar-2024 12:04:03.872 INFO [main] org.apache.catalina.core.AprLifecycleListener.initializeSSL OpenSSL successfully initialized [OpenSSL 3.0.11 19 Sep 2023]
16-Mar-2024 12:04:04.201 INFO [main] org.apache.coyote.AbstractProtocol.init Initializing ProtocolHandler ["http-nio-8080"]
16-Mar-2024 12:04:04.225 INFO [main] org.apache.catalina.startup.Catalina.load Server initialization in [635] milliseconds
16-Mar-2024 12:04:04.273 INFO [main] org.apache.catalina.core.StandardService.startInternal Starting service [Catalina]
16-Mar-2024 12:04:04.273 INFO [main] org.apache.catalina.core.StandardEngine.startInternal Starting Servlet engine: [Apache Tomcat/9.0.85]
16-Mar-2024 12:04:04.282 INFO [main] org.apache.catalina.startup.HostConfig.deployDescriptor Deploying deployment descriptor [C:\Users\abhig\Documents\NetBeansProjects\FestaVista\Other\apache-tomcat-9.0.85-windows-x64\apache-tomcat-9.0.85\conf\Catalina\localhost\Construction_Monitoring_System.xml]
16-Mar-2024 12:04:04.282 WARNING [main] org.apache.catalina.startup.HostConfig.deployDescriptor The path attribute with value [/Construction_Monitoring_System] in deployment descriptor [C:\Users\abhig\Documents\NetBeansProjects\FestaVista\Other\apache-tomcat-9.0.85-windows-x64\apache-tomcat-9.0.85\conf\Catalina\localhost\Construction_Monitoring_System.xml] has been ignored
16-Mar-2024 12:04:04.564 INFO [main] org.apache.catalina.startup.HostConfig.deployDescriptor Deployment of deployment descriptor [C:\Users\abhig\Documents\NetBeansProjects\FestaVista\Other\apache-tomcat-9.0.85-windows-x64\apache-tomcat-9.0.85\conf\Catalina\localhost\Construction_Monitoring_System.xml] has finished in [282] ms
16-Mar-2024 12:04:04.564 INFO [main] org.apache.catalina.startup.HostConfig.deployDescriptor Deploying deployment descriptor [C:\Users\abhig\Documents\NetBeansProjects\FestaVista\Other\apache-tomcat-9.0.85-windows-x64\apache-tomcat-9.0.85\conf\Catalina\localhost\eventhub.xml]
16-Mar-2024 12:04:04.565 WARNING [main] org.apache.catalina.startup.HostConfig.deployDescriptor The path attribute with value [/eventhub] in deployment descriptor [C:\Users\abhig\Documents\NetBeansProjects\FestaVista\Other\apache-tomcat-9.0.85-windows-x64\apache-tomcat-9.0.85\conf\Catalina\localhost\eventhub.xml] has been ignored
16-Mar-2024 12:04:04.570 SEVERE [main] org.apache.catalina.startup.HostConfig.deployDescriptor Error deploying deployment descriptor [C:\Users\abhig\Documents\NetBeansProjects\FestaVista\Other\apache-tomcat-9.0.85-windows-x64\apache-tomcat-9.0.85\conf\Catalina\localhost\eventhub.xml]
	java.lang.IllegalStateException: Error starting child
		at org.apache.catalina.core.ContainerBase.addChildInternal(ContainerBase.java:686)
		at org.apache.catalina.core.ContainerBase.addChild(ContainerBase.java:658)
		at org.apache.catalina.core.StandardHost.addChild(StandardHost.java:661)
		at org.apache.catalina.startup.HostConfig.deployDescriptor(HostConfig.java:691)
		at org.apache.catalina.startup.HostConfig$DeployDescriptor.run(HostConfig.java:1897)
		at java.base/java.util.concurrent.Executors$RunnableAdapter.call(Executors.java:572)
		at java.base/java.util.concurrent.FutureTask.run(FutureTask.java:317)
		at org.apache.tomcat.util.threads.InlineExecutorService.execute(InlineExecutorService.java:75)
		at java.base/java.util.concurrent.AbstractExecutorService.submit(AbstractExecutorService.java:123)
		at org.apache.catalina.startup.HostConfig.deployDescriptors(HostConfig.java:584)
		at org.apache.catalina.startup.HostConfig.deployApps(HostConfig.java:474)
		at org.apache.catalina.startup.HostConfig.start(HostConfig.java:1619)
		at org.apache.catalina.startup.HostConfig.lifecycleEvent(HostConfig.java:318)
		at org.apache.catalina.util.LifecycleBase.fireLifecycleEvent(LifecycleBase.java:114)
		at org.apache.catalina.util.LifecycleBase.setStateInternal(LifecycleBase.java:402)
		at org.apache.catalina.util.LifecycleBase.setState(LifecycleBase.java:345)
		at org.apache.catalina.core.ContainerBase.startInternal(ContainerBase.java:893)
		at org.apache.catalina.core.StandardHost.startInternal(StandardHost.java:794)
		at org.apache.catalina.util.LifecycleBase.start(LifecycleBase.java:171)
		at org.apache.catalina.core.ContainerBase$StartChild.call(ContainerBase.java:1332)
		at org.apache.catalina.core.ContainerBase$StartChild.call(ContainerBase.java:1322)
		at java.base/java.util.concurrent.FutureTask.run(FutureTask.java:317)
		at org.apache.tomcat.util.threads.InlineExecutorService.execute(InlineExecutorService.java:75)
		at java.base/java.util.concurrent.AbstractExecutorService.submit(AbstractExecutorService.java:145)
		at org.apache.catalina.core.ContainerBase.startInternal(ContainerBase.java:866)
		at org.apache.catalina.core.StandardEngine.startInternal(StandardEngine.java:248)
		at org.apache.catalina.util.LifecycleBase.start(LifecycleBase.java:171)
		at org.apache.catalina.core.StandardService.startInternal(StandardService.java:433)
		at org.apache.catalina.util.LifecycleBase.start(LifecycleBase.java:171)
		at org.apache.catalina.core.StandardServer.startInternal(StandardServer.java:921)
		at org.apache.catalina.util.LifecycleBase.start(LifecycleBase.java:171)
		at org.apache.catalina.startup.Catalina.start(Catalina.java:772)
		at java.base/jdk.internal.reflect.DirectMethodHandleAccessor.invoke(DirectMethodHandleAccessor.java:103)
		at java.base/java.lang.reflect.Method.invoke(Method.java:580)
		at org.apache.catalina.startup.Bootstrap.start(Bootstrap.java:347)
		at org.apache.catalina.startup.Bootstrap.main(Bootstrap.java:478)
	Caused by: org.apache.catalina.LifecycleException: Failed to start component [org.apache.catalina.webresources.StandardRoot@31000e60]
		at org.apache.catalina.util.LifecycleBase.handleSubClassException(LifecycleBase.java:419)
		at org.apache.catalina.util.LifecycleBase.start(LifecycleBase.java:186)
		at org.apache.catalina.core.StandardContext.resourcesStart(StandardContext.java:4575)
		at org.apache.catalina.core.StandardContext.startInternal(StandardContext.java:4708)
		at org.apache.catalina.util.LifecycleBase.start(LifecycleBase.java:171)
		at org.apache.catalina.core.ContainerBase.addChildInternal(ContainerBase.java:683)
		... 35 more
	Caused by: java.lang.IllegalArgumentException: The main resource set specified [C:\Users\abhig\Documents\NetBeansProjects\eventhub\target\eventhub-1.0-SNAPSHOT] is not a directory or war file, or is not readable (it does not exist or permissions to access it are missing)
		at org.apache.catalina.webresources.StandardRoot.createMainResourceSet(StandardRoot.java:749)
		at org.apache.catalina.webresources.StandardRoot.startInternal(StandardRoot.java:707)
		at org.apache.catalina.util.LifecycleBase.start(LifecycleBase.java:171)
		... 39 more
16-Mar-2024 12:04:04.580 INFO [main] org.apache.catalina.startup.HostConfig.deployDescriptor Deployment of deployment descriptor [C:\Users\abhig\Documents\NetBeansProjects\FestaVista\Other\apache-tomcat-9.0.85-windows-x64\apache-tomcat-9.0.85\conf\Catalina\localhost\eventhub.xml] has finished in [16] ms
16-Mar-2024 12:04:04.580 INFO [main] org.apache.catalina.startup.HostConfig.deployDescriptor Deploying deployment descriptor [C:\Users\abhig\Documents\NetBeansProjects\FestaVista\Other\apache-tomcat-9.0.85-windows-x64\apache-tomcat-9.0.85\conf\Catalina\localhost\EventManagement.xml]
16-Mar-2024 12:04:04.581 WARNING [main] org.apache.catalina.startup.HostConfig.deployDescriptor The path attribute with value [/EventManagement] in deployment descriptor [C:\Users\abhig\Documents\NetBeansProjects\FestaVista\Other\apache-tomcat-9.0.85-windows-x64\apache-tomcat-9.0.85\conf\Catalina\localhost\EventManagement.xml] has been ignored
16-Mar-2024 12:04:04.627 INFO [main] org.apache.catalina.startup.HostConfig.deployDescriptor Deployment of deployment descriptor [C:\Users\abhig\Documents\NetBeansProjects\FestaVista\Other\apache-tomcat-9.0.85-windows-x64\apache-tomcat-9.0.85\conf\Catalina\localhost\EventManagement.xml] has finished in [46] ms
16-Mar-2024 12:04:04.627 INFO [main] org.apache.catalina.startup.HostConfig.deployDescriptor Deploying deployment descriptor [C:\Users\abhig\Documents\NetBeansProjects\FestaVista\Other\apache-tomcat-9.0.85-windows-x64\apache-tomcat-9.0.85\conf\Catalina\localhost\FestaVista.xml]
16-Mar-2024 12:04:04.628 WARNING [main] org.apache.catalina.startup.HostConfig.deployDescriptor The path attribute with value [/FestaVista] in deployment descriptor [C:\Users\abhig\Documents\NetBeansProjects\FestaVista\Other\apache-tomcat-9.0.85-windows-x64\apache-tomcat-9.0.85\conf\Catalina\localhost\FestaVista.xml] has been ignored
16-Mar-2024 12:04:04.727 INFO [main] org.apache.catalina.startup.HostConfig.deployDescriptor Deployment of deployment descriptor [C:\Users\abhig\Documents\NetBeansProjects\FestaVista\Other\apache-tomcat-9.0.85-windows-x64\apache-tomcat-9.0.85\conf\Catalina\localhost\FestaVista.xml] has finished in [100] ms
16-Mar-2024 12:04:04.727 INFO [main] org.apache.catalina.startup.HostConfig.deployDescriptor Deploying deployment descriptor [C:\Users\abhig\Documents\NetBeansProjects\FestaVista\Other\apache-tomcat-9.0.85-windows-x64\apache-tomcat-9.0.85\conf\Catalina\localhost\mavenproject1.xml]
16-Mar-2024 12:04:04.728 WARNING [main] org.apache.catalina.startup.HostConfig.deployDescriptor The path attribute with value [/mavenproject1] in deployment descriptor [C:\Users\abhig\Documents\NetBeansProjects\FestaVista\Other\apache-tomcat-9.0.85-windows-x64\apache-tomcat-9.0.85\conf\Catalina\localhost\mavenproject1.xml] has been ignored
16-Mar-2024 12:04:04.734 SEVERE [main] org.apache.catalina.startup.HostConfig.deployDescriptor Error deploying deployment descriptor [C:\Users\abhig\Documents\NetBeansProjects\FestaVista\Other\apache-tomcat-9.0.85-windows-x64\apache-tomcat-9.0.85\conf\Catalina\localhost\mavenproject1.xml]
	java.lang.IllegalStateException: Error starting child
		at org.apache.catalina.core.ContainerBase.addChildInternal(ContainerBase.java:686)
		at org.apache.catalina.core.ContainerBase.addChild(ContainerBase.java:658)
		at org.apache.catalina.core.StandardHost.addChild(StandardHost.java:661)
		at org.apache.catalina.startup.HostConfig.deployDescriptor(HostConfig.java:691)
		at org.apache.catalina.startup.HostConfig$DeployDescriptor.run(HostConfig.java:1897)
		at java.base/java.util.concurrent.Executors$RunnableAdapter.call(Executors.java:572)
		at java.base/java.util.concurrent.FutureTask.run(FutureTask.java:317)
		at org.apache.tomcat.util.threads.InlineExecutorService.execute(InlineExecutorService.java:75)
		at java.base/java.util.concurrent.AbstractExecutorService.submit(AbstractExecutorService.java:123)
		at org.apache.catalina.startup.HostConfig.deployDescriptors(HostConfig.java:584)
		at org.apache.catalina.startup.HostConfig.deployApps(HostConfig.java:474)
		at org.apache.catalina.startup.HostConfig.start(HostConfig.java:1619)
		at org.apache.catalina.startup.HostConfig.lifecycleEvent(HostConfig.java:318)
		at org.apache.catalina.util.LifecycleBase.fireLifecycleEvent(LifecycleBase.java:114)
		at org.apache.catalina.util.LifecycleBase.setStateInternal(LifecycleBase.java:402)
		at org.apache.catalina.util.LifecycleBase.setState(LifecycleBase.java:345)
		at org.apache.catalina.core.ContainerBase.startInternal(ContainerBase.java:893)
		at org.apache.catalina.core.StandardHost.startInternal(StandardHost.java:794)
		at org.apache.catalina.util.LifecycleBase.start(LifecycleBase.java:171)
		at org.apache.catalina.core.ContainerBase$StartChild.call(ContainerBase.java:1332)
		at org.apache.catalina.core.ContainerBase$StartChild.call(ContainerBase.java:1322)
		at java.base/java.util.concurrent.FutureTask.run(FutureTask.java:317)
		at org.apache.tomcat.util.threads.InlineExecutorService.execute(InlineExecutorService.java:75)
		at java.base/java.util.concurrent.AbstractExecutorService.submit(AbstractExecutorService.java:145)
		at org.apache.catalina.core.ContainerBase.startInternal(ContainerBase.java:866)
		at org.apache.catalina.core.StandardEngine.startInternal(StandardEngine.java:248)
		at org.apache.catalina.util.LifecycleBase.start(LifecycleBase.java:171)
		at org.apache.catalina.core.StandardService.startInternal(StandardService.java:433)
		at org.apache.catalina.util.LifecycleBase.start(LifecycleBase.java:171)
		at org.apache.catalina.core.StandardServer.startInternal(StandardServer.java:921)
		at org.apache.catalina.util.LifecycleBase.start(LifecycleBase.java:171)
		at org.apache.catalina.startup.Catalina.start(Catalina.java:772)
		at java.base/jdk.internal.reflect.DirectMethodHandleAccessor.invoke(DirectMethodHandleAccessor.java:103)
		at java.base/java.lang.reflect.Method.invoke(Method.java:580)
		at org.apache.catalina.startup.Bootstrap.start(Bootstrap.java:347)
		at org.apache.catalina.startup.Bootstrap.main(Bootstrap.java:478)
	Caused by: org.apache.catalina.LifecycleException: Failed to start component [org.apache.catalina.webresources.StandardRoot@32811494]
		at org.apache.catalina.util.LifecycleBase.handleSubClassException(LifecycleBase.java:419)
		at org.apache.catalina.util.LifecycleBase.start(LifecycleBase.java:186)
		at org.apache.catalina.core.StandardContext.resourcesStart(StandardContext.java:4575)
		at org.apache.catalina.core.StandardContext.startInternal(StandardContext.java:4708)
		at org.apache.catalina.util.LifecycleBase.start(LifecycleBase.java:171)
		at org.apache.catalina.core.ContainerBase.addChildInternal(ContainerBase.java:683)
		... 35 more
	Caused by: java.lang.IllegalArgumentException: The main resource set specified [D:\MCA SEM IV\Project\mavenproject1\target\mavenproject1-1.0-SNAPSHOT] is not a directory or war file, or is not readable (it does not exist or permissions to access it are missing)
		at org.apache.catalina.webresources.StandardRoot.createMainResourceSet(StandardRoot.java:749)
		at org.apache.catalina.webresources.StandardRoot.startInternal(StandardRoot.java:707)
		at org.apache.catalina.util.LifecycleBase.start(LifecycleBase.java:171)
		... 39 more
16-Mar-2024 12:04:04.782 INFO [main] org.apache.catalina.startup.HostConfig.deployDescriptor Deployment of deployment descriptor [C:\Users\abhig\Documents\NetBeansProjects\FestaVista\Other\apache-tomcat-9.0.85-windows-x64\apache-tomcat-9.0.85\conf\Catalina\localhost\mavenproject1.xml] has finished in [55] ms
16-Mar-2024 12:04:04.782 INFO [main] org.apache.catalina.startup.HostConfig.deployDescriptor Deploying deployment descriptor [C:\Users\abhig\Documents\NetBeansProjects\FestaVista\Other\apache-tomcat-9.0.85-windows-x64\apache-tomcat-9.0.85\conf\Catalina\localhost\WebApplication1.xml]
16-Mar-2024 12:04:04.782 WARNING [main] org.apache.catalina.startup.HostConfig.deployDescriptor The path attribute with value [/WebApplication1] in deployment descriptor [C:\Users\abhig\Documents\NetBeansProjects\FestaVista\Other\apache-tomcat-9.0.85-windows-x64\apache-tomcat-9.0.85\conf\Catalina\localhost\WebApplication1.xml] has been ignored
16-Mar-2024 12:04:05.180 INFO [main] org.apache.jasper.servlet.TldScanner.scanJars At least one JAR was scanned for TLDs yet contained no TLDs. Enable debug logging for this logger for a complete list of JARs that were scanned but no TLDs were found in them. Skipping unneeded JARs during scanning can improve startup time and JSP compilation time.
16-Mar-2024 12:04:05.183 INFO [main] org.apache.catalina.startup.HostConfig.deployDescriptor Deployment of deployment descriptor [C:\Users\abhig\Documents\NetBeansProjects\FestaVista\Other\apache-tomcat-9.0.85-windows-x64\apache-tomcat-9.0.85\conf\Catalina\localhost\WebApplication1.xml] has finished in [401] ms
16-Mar-2024 12:04:05.183 INFO [main] org.apache.catalina.startup.HostConfig.deployDescriptor Deploying deployment descriptor [C:\Users\abhig\Documents\NetBeansProjects\FestaVista\Other\apache-tomcat-9.0.85-windows-x64\apache-tomcat-9.0.85\conf\Catalina\localhost\WebApplication2.xml]
16-Mar-2024 12:04:05.184 WARNING [main] org.apache.catalina.startup.HostConfig.deployDescriptor The path attribute with value [/WebApplication2] in deployment descriptor [C:\Users\abhig\Documents\NetBeansProjects\FestaVista\Other\apache-tomcat-9.0.85-windows-x64\apache-tomcat-9.0.85\conf\Catalina\localhost\WebApplication2.xml] has been ignored
16-Mar-2024 12:04:05.214 INFO [main] org.apache.catalina.startup.HostConfig.deployDescriptor Deployment of deployment descriptor [C:\Users\abhig\Documents\NetBeansProjects\FestaVista\Other\apache-tomcat-9.0.85-windows-x64\apache-tomcat-9.0.85\conf\Catalina\localhost\WebApplication2.xml] has finished in [31] ms
16-Mar-2024 12:04:05.215 INFO [main] org.apache.catalina.startup.HostConfig.deployDirectory Deploying web application directory [C:\Users\abhig\Documents\NetBeansProjects\FestaVista\Other\apache-tomcat-9.0.85-windows-x64\apache-tomcat-9.0.85\webapps\docs]
16-Mar-2024 12:04:05.253 INFO [main] org.apache.catalina.startup.HostConfig.deployDirectory Deployment of web application directory [C:\Users\abhig\Documents\NetBeansProjects\FestaVista\Other\apache-tomcat-9.0.85-windows-x64\apache-tomcat-9.0.85\webapps\docs] has finished in [38] ms
16-Mar-2024 12:04:05.253 INFO [main] org.apache.catalina.startup.HostConfig.deployDirectory Deploying web application directory [C:\Users\abhig\Documents\NetBeansProjects\FestaVista\Other\apache-tomcat-9.0.85-windows-x64\apache-tomcat-9.0.85\webapps\examples]
16-Mar-2024 12:04:05.701 INFO [main] org.apache.catalina.startup.HostConfig.deployDirectory Deployment of web application directory [C:\Users\abhig\Documents\NetBeansProjects\FestaVista\Other\apache-tomcat-9.0.85-windows-x64\apache-tomcat-9.0.85\webapps\examples] has finished in [448] ms
16-Mar-2024 12:04:05.701 INFO [main] org.apache.catalina.startup.HostConfig.deployDirectory Deploying web application directory [C:\Users\abhig\Documents\NetBeansProjects\FestaVista\Other\apache-tomcat-9.0.85-windows-x64\apache-tomcat-9.0.85\webapps\host-manager]
16-Mar-2024 12:04:05.744 INFO [main] org.apache.catalina.startup.HostConfig.deployDirectory Deployment of web application directory [C:\Users\abhig\Documents\NetBeansProjects\FestaVista\Other\apache-tomcat-9.0.85-windows-x64\apache-tomcat-9.0.85\webapps\host-manager] has finished in [43] ms
16-Mar-2024 12:04:05.745 INFO [main] org.apache.catalina.startup.HostConfig.deployDirectory Deploying web application directory [C:\Users\abhig\Documents\NetBeansProjects\FestaVista\Other\apache-tomcat-9.0.85-windows-x64\apache-tomcat-9.0.85\webapps\manager]
16-Mar-2024 12:04:05.789 INFO [main] org.apache.catalina.startup.HostConfig.deployDirectory Deployment of web application directory [C:\Users\abhig\Documents\NetBeansProjects\FestaVista\Other\apache-tomcat-9.0.85-windows-x64\apache-tomcat-9.0.85\webapps\manager] has finished in [43] ms
16-Mar-2024 12:04:05.789 INFO [main] org.apache.catalina.startup.HostConfig.deployDirectory Deploying web application directory [C:\Users\abhig\Documents\NetBeansProjects\FestaVista\Other\apache-tomcat-9.0.85-windows-x64\apache-tomcat-9.0.85\webapps\ROOT]
16-Mar-2024 12:04:05.813 INFO [main] org.apache.catalina.startup.HostConfig.deployDirectory Deployment of web application directory [C:\Users\abhig\Documents\NetBeansProjects\FestaVista\Other\apache-tomcat-9.0.85-windows-x64\apache-tomcat-9.0.85\webapps\ROOT] has finished in [24] ms
16-Mar-2024 12:04:05.820 INFO [main] org.apache.coyote.AbstractProtocol.start Starting ProtocolHandler ["http-nio-8080"]
16-Mar-2024 12:04:05.849 INFO [main] org.apache.catalina.startup.Catalina.start Server startup in [1622] milliseconds
