22-Mar-2024 17:23:57.989 INFO [main] org.apache.catalina.startup.VersionLoggerListener.log Server version name:   Apache Tomcat/9.0.85
22-Mar-2024 17:23:57.993 INFO [main] org.apache.catalina.startup.VersionLoggerListener.log Server built:          Jan 5 2024 08:28:07 UTC
22-Mar-2024 17:23:57.994 INFO [main] org.apache.catalina.startup.VersionLoggerListener.log Server version number: 9.0.85.0
22-Mar-2024 17:23:57.994 INFO [main] org.apache.catalina.startup.VersionLoggerListener.log OS Name:               Windows 11
22-Mar-2024 17:23:57.994 INFO [main] org.apache.catalina.startup.VersionLoggerListener.log OS Version:            10.0
22-Mar-2024 17:23:57.994 INFO [main] org.apache.catalina.startup.VersionLoggerListener.log Architecture:          amd64
22-Mar-2024 17:23:57.994 INFO [main] org.apache.catalina.startup.VersionLoggerListener.log Java Home:             C:\Program Files\Java\jdk-21
22-Mar-2024 17:23:57.994 INFO [main] org.apache.catalina.startup.VersionLoggerListener.log JVM Version:           21.0.2+13-LTS-58
22-Mar-2024 17:23:57.995 INFO [main] org.apache.catalina.startup.VersionLoggerListener.log JVM Vendor:            Oracle Corporation
22-Mar-2024 17:23:57.995 INFO [main] org.apache.catalina.startup.VersionLoggerListener.log CATALINA_BASE:         C:\Users\abhig\Documents\NetBeansProjects\FestaVista\Other\apache-tomcat-9.0.85-windows-x64\apache-tomcat-9.0.85
22-Mar-2024 17:23:57.995 INFO [main] org.apache.catalina.startup.VersionLoggerListener.log CATALINA_HOME:         C:\Users\abhig\Documents\NetBeansProjects\FestaVista\Other\apache-tomcat-9.0.85-windows-x64\apache-tomcat-9.0.85
22-Mar-2024 17:23:58.004 INFO [main] org.apache.catalina.startup.VersionLoggerListener.log Command line argument: --add-opens=java.base/java.lang=ALL-UNNAMED
22-Mar-2024 17:23:58.004 INFO [main] org.apache.catalina.startup.VersionLoggerListener.log Command line argument: --add-opens=java.base/java.io=ALL-UNNAMED
22-Mar-2024 17:23:58.004 INFO [main] org.apache.catalina.startup.VersionLoggerListener.log Command line argument: --add-opens=java.base/java.util=ALL-UNNAMED
22-Mar-2024 17:23:58.004 INFO [main] org.apache.catalina.startup.VersionLoggerListener.log Command line argument: --add-opens=java.base/java.util.concurrent=ALL-UNNAMED
22-Mar-2024 17:23:58.004 INFO [main] org.apache.catalina.startup.VersionLoggerListener.log Command line argument: --add-opens=java.rmi/sun.rmi.transport=ALL-UNNAMED
22-Mar-2024 17:23:58.004 INFO [main] org.apache.catalina.startup.VersionLoggerListener.log Command line argument: -Djava.util.logging.config.file=C:\Users\abhig\Documents\NetBeansProjects\FestaVista\Other\apache-tomcat-9.0.85-windows-x64\apache-tomcat-9.0.85\conf\logging.properties
22-Mar-2024 17:23:58.005 INFO [main] org.apache.catalina.startup.VersionLoggerListener.log Command line argument: -Djava.util.logging.manager=org.apache.juli.ClassLoaderLogManager
22-Mar-2024 17:23:58.005 INFO [main] org.apache.catalina.startup.VersionLoggerListener.log Command line argument: -Djdk.tls.ephemeralDHKeySize=2048
22-Mar-2024 17:23:58.005 INFO [main] org.apache.catalina.startup.VersionLoggerListener.log Command line argument: -Djava.protocol.handler.pkgs=org.apache.catalina.webresources
22-Mar-2024 17:23:58.005 INFO [main] org.apache.catalina.startup.VersionLoggerListener.log Command line argument: -Dignore.endorsed.dirs=
22-Mar-2024 17:23:58.005 INFO [main] org.apache.catalina.startup.VersionLoggerListener.log Command line argument: -Dcatalina.base=C:\Users\abhig\Documents\NetBeansProjects\FestaVista\Other\apache-tomcat-9.0.85-windows-x64\apache-tomcat-9.0.85
22-Mar-2024 17:23:58.005 INFO [main] org.apache.catalina.startup.VersionLoggerListener.log Command line argument: -Dcatalina.home=C:\Users\abhig\Documents\NetBeansProjects\FestaVista\Other\apache-tomcat-9.0.85-windows-x64\apache-tomcat-9.0.85
22-Mar-2024 17:23:58.005 INFO [main] org.apache.catalina.startup.VersionLoggerListener.log Command line argument: -Djava.io.tmpdir=C:\Users\abhig\Documents\NetBeansProjects\FestaVista\Other\apache-tomcat-9.0.85-windows-x64\apache-tomcat-9.0.85\temp
22-Mar-2024 17:23:58.009 INFO [main] org.apache.catalina.core.AprLifecycleListener.lifecycleEvent Loaded Apache Tomcat Native library [1.2.39] using APR version [1.7.4].
22-Mar-2024 17:23:58.044 INFO [main] org.apache.catalina.core.AprLifecycleListener.lifecycleEvent APR capabilities: IPv6 [true], sendfile [true], accept filters [false], random [true], UDS [true].
22-Mar-2024 17:23:58.044 INFO [main] org.apache.catalina.core.AprLifecycleListener.lifecycleEvent APR/OpenSSL configuration: useAprConnector [false], useOpenSSL [true]
22-Mar-2024 17:23:58.049 INFO [main] org.apache.catalina.core.AprLifecycleListener.initializeSSL OpenSSL successfully initialized [OpenSSL 3.0.11 19 Sep 2023]
22-Mar-2024 17:23:58.408 INFO [main] org.apache.coyote.AbstractProtocol.init Initializing ProtocolHandler ["http-nio-8080"]
22-Mar-2024 17:23:58.434 INFO [main] org.apache.catalina.startup.Catalina.load Server initialization in [631] milliseconds
22-Mar-2024 17:23:58.489 INFO [main] org.apache.catalina.core.StandardService.startInternal Starting service [Catalina]
22-Mar-2024 17:23:58.489 INFO [main] org.apache.catalina.core.StandardEngine.startInternal Starting Servlet engine: [Apache Tomcat/9.0.85]
22-Mar-2024 17:23:58.500 INFO [main] org.apache.catalina.startup.HostConfig.deployDescriptor Deploying deployment descriptor [C:\Users\abhig\Documents\NetBeansProjects\FestaVista\Other\apache-tomcat-9.0.85-windows-x64\apache-tomcat-9.0.85\conf\Catalina\localhost\Construction_Monitoring_System.xml]
22-Mar-2024 17:23:58.514 WARNING [main] org.apache.catalina.startup.HostConfig.deployDescriptor The path attribute with value [/Construction_Monitoring_System] in deployment descriptor [C:\Users\abhig\Documents\NetBeansProjects\FestaVista\Other\apache-tomcat-9.0.85-windows-x64\apache-tomcat-9.0.85\conf\Catalina\localhost\Construction_Monitoring_System.xml] has been ignored
22-Mar-2024 17:23:58.812 INFO [main] org.apache.catalina.startup.HostConfig.deployDescriptor Deployment of deployment descriptor [C:\Users\abhig\Documents\NetBeansProjects\FestaVista\Other\apache-tomcat-9.0.85-windows-x64\apache-tomcat-9.0.85\conf\Catalina\localhost\Construction_Monitoring_System.xml] has finished in [312] ms
22-Mar-2024 17:23:58.813 INFO [main] org.apache.catalina.startup.HostConfig.deployDescriptor Deploying deployment descriptor [C:\Users\abhig\Documents\NetBeansProjects\FestaVista\Other\apache-tomcat-9.0.85-windows-x64\apache-tomcat-9.0.85\conf\Catalina\localhost\eventhub.xml]
22-Mar-2024 17:23:58.813 WARNING [main] org.apache.catalina.startup.HostConfig.deployDescriptor The path attribute with value [/eventhub] in deployment descriptor [C:\Users\abhig\Documents\NetBeansProjects\FestaVista\Other\apache-tomcat-9.0.85-windows-x64\apache-tomcat-9.0.85\conf\Catalina\localhost\eventhub.xml] has been ignored
22-Mar-2024 17:23:58.818 SEVERE [main] org.apache.catalina.startup.HostConfig.deployDescriptor Error deploying deployment descriptor [C:\Users\abhig\Documents\NetBeansProjects\FestaVista\Other\apache-tomcat-9.0.85-windows-x64\apache-tomcat-9.0.85\conf\Catalina\localhost\eventhub.xml]
	java.lang.IllegalStateException: Error starting child
		at org.apache.catalina.core.ContainerBase.addChildInternal(ContainerBase.java:686)
		at org.apache.catalina.core.ContainerBase.addChild(ContainerBase.java:658)
		at org.apache.catalina.core.StandardHost.addChild(StandardHost.java:661)
		at org.apache.catalina.startup.HostConfig.deployDescriptor(HostConfig.java:691)
		at org.apache.catalina.startup.HostConfig$DeployDescriptor.run(HostConfig.java:1897)
		at java.base/java.util.concurrent.Executors$RunnableAdapter.call(Executors.java:572)
		at java.base/java.util.concurrent.FutureTask.run(FutureTask.java:317)
		at org.apache.tomcat.util.threads.InlineExecutorService.execute(InlineExecutorService.java:75)
		at java.base/java.util.concurrent.AbstractExecutorService.submit(AbstractExecutorService.java:123)
		at org.apache.catalina.startup.HostConfig.deployDescriptors(HostConfig.java:584)
		at org.apache.catalina.startup.HostConfig.deployApps(HostConfig.java:474)
		at org.apache.catalina.startup.HostConfig.start(HostConfig.java:1619)
		at org.apache.catalina.startup.HostConfig.lifecycleEvent(HostConfig.java:318)
		at org.apache.catalina.util.LifecycleBase.fireLifecycleEvent(LifecycleBase.java:114)
		at org.apache.catalina.util.LifecycleBase.setStateInternal(LifecycleBase.java:402)
		at org.apache.catalina.util.LifecycleBase.setState(LifecycleBase.java:345)
		at org.apache.catalina.core.ContainerBase.startInternal(ContainerBase.java:893)
		at org.apache.catalina.core.StandardHost.startInternal(StandardHost.java:794)
		at org.apache.catalina.util.LifecycleBase.start(LifecycleBase.java:171)
		at org.apache.catalina.core.ContainerBase$StartChild.call(ContainerBase.java:1332)
		at org.apache.catalina.core.ContainerBase$StartChild.call(ContainerBase.java:1322)
		at java.base/java.util.concurrent.FutureTask.run(FutureTask.java:317)
		at org.apache.tomcat.util.threads.InlineExecutorService.execute(InlineExecutorService.java:75)
		at java.base/java.util.concurrent.AbstractExecutorService.submit(AbstractExecutorService.java:145)
		at org.apache.catalina.core.ContainerBase.startInternal(ContainerBase.java:866)
		at org.apache.catalina.core.StandardEngine.startInternal(StandardEngine.java:248)
		at org.apache.catalina.util.LifecycleBase.start(LifecycleBase.java:171)
		at org.apache.catalina.core.StandardService.startInternal(StandardService.java:433)
		at org.apache.catalina.util.LifecycleBase.start(LifecycleBase.java:171)
		at org.apache.catalina.core.StandardServer.startInternal(StandardServer.java:921)
		at org.apache.catalina.util.LifecycleBase.start(LifecycleBase.java:171)
		at org.apache.catalina.startup.Catalina.start(Catalina.java:772)
		at java.base/jdk.internal.reflect.DirectMethodHandleAccessor.invoke(DirectMethodHandleAccessor.java:103)
		at java.base/java.lang.reflect.Method.invoke(Method.java:580)
		at org.apache.catalina.startup.Bootstrap.start(Bootstrap.java:347)
		at org.apache.catalina.startup.Bootstrap.main(Bootstrap.java:478)
	Caused by: org.apache.catalina.LifecycleException: Failed to start component [org.apache.catalina.webresources.StandardRoot@5911e990]
		at org.apache.catalina.util.LifecycleBase.handleSubClassException(LifecycleBase.java:419)
		at org.apache.catalina.util.LifecycleBase.start(LifecycleBase.java:186)
		at org.apache.catalina.core.StandardContext.resourcesStart(StandardContext.java:4575)
		at org.apache.catalina.core.StandardContext.startInternal(StandardContext.java:4708)
		at org.apache.catalina.util.LifecycleBase.start(LifecycleBase.java:171)
		at org.apache.catalina.core.ContainerBase.addChildInternal(ContainerBase.java:683)
		... 35 more
	Caused by: java.lang.IllegalArgumentException: The main resource set specified [C:\Users\abhig\Documents\NetBeansProjects\eventhub\target\eventhub-1.0-SNAPSHOT] is not a directory or war file, or is not readable (it does not exist or permissions to access it are missing)
		at org.apache.catalina.webresources.StandardRoot.createMainResourceSet(StandardRoot.java:749)
		at org.apache.catalina.webresources.StandardRoot.startInternal(StandardRoot.java:707)
		at org.apache.catalina.util.LifecycleBase.start(LifecycleBase.java:171)
		... 39 more
22-Mar-2024 17:23:58.830 INFO [main] org.apache.catalina.startup.HostConfig.deployDescriptor Deployment of deployment descriptor [C:\Users\abhig\Documents\NetBeansProjects\FestaVista\Other\apache-tomcat-9.0.85-windows-x64\apache-tomcat-9.0.85\conf\Catalina\localhost\eventhub.xml] has finished in [18] ms
22-Mar-2024 17:23:58.831 INFO [main] org.apache.catalina.startup.HostConfig.deployDescriptor Deploying deployment descriptor [C:\Users\abhig\Documents\NetBeansProjects\FestaVista\Other\apache-tomcat-9.0.85-windows-x64\apache-tomcat-9.0.85\conf\Catalina\localhost\EventManagement.xml]
22-Mar-2024 17:23:58.831 WARNING [main] org.apache.catalina.startup.HostConfig.deployDescriptor The path attribute with value [/EventManagement] in deployment descriptor [C:\Users\abhig\Documents\NetBeansProjects\FestaVista\Other\apache-tomcat-9.0.85-windows-x64\apache-tomcat-9.0.85\conf\Catalina\localhost\EventManagement.xml] has been ignored
22-Mar-2024 17:23:58.883 INFO [main] org.apache.catalina.startup.HostConfig.deployDescriptor Deployment of deployment descriptor [C:\Users\abhig\Documents\NetBeansProjects\FestaVista\Other\apache-tomcat-9.0.85-windows-x64\apache-tomcat-9.0.85\conf\Catalina\localhost\EventManagement.xml] has finished in [53] ms
22-Mar-2024 17:23:58.883 INFO [main] org.apache.catalina.startup.HostConfig.deployDescriptor Deploying deployment descriptor [C:\Users\abhig\Documents\NetBeansProjects\FestaVista\Other\apache-tomcat-9.0.85-windows-x64\apache-tomcat-9.0.85\conf\Catalina\localhost\FestaVista.xml]
22-Mar-2024 17:23:58.883 WARNING [main] org.apache.catalina.startup.HostConfig.deployDescriptor The path attribute with value [/FestaVista] in deployment descriptor [C:\Users\abhig\Documents\NetBeansProjects\FestaVista\Other\apache-tomcat-9.0.85-windows-x64\apache-tomcat-9.0.85\conf\Catalina\localhost\FestaVista.xml] has been ignored
22-Mar-2024 17:23:59.429 INFO [main] org.apache.jasper.servlet.TldScanner.scanJars At least one JAR was scanned for TLDs yet contained no TLDs. Enable debug logging for this logger for a complete list of JARs that were scanned but no TLDs were found in them. Skipping unneeded JARs during scanning can improve startup time and JSP compilation time.
22-Mar-2024 17:23:59.433 INFO [main] org.apache.catalina.startup.HostConfig.deployDescriptor Deployment of deployment descriptor [C:\Users\abhig\Documents\NetBeansProjects\FestaVista\Other\apache-tomcat-9.0.85-windows-x64\apache-tomcat-9.0.85\conf\Catalina\localhost\FestaVista.xml] has finished in [549] ms
22-Mar-2024 17:23:59.433 INFO [main] org.apache.catalina.startup.HostConfig.deployDescriptor Deploying deployment descriptor [C:\Users\abhig\Documents\NetBeansProjects\FestaVista\Other\apache-tomcat-9.0.85-windows-x64\apache-tomcat-9.0.85\conf\Catalina\localhost\mavenproject1.xml]
22-Mar-2024 17:23:59.433 WARNING [main] org.apache.catalina.startup.HostConfig.deployDescriptor The path attribute with value [/mavenproject1] in deployment descriptor [C:\Users\abhig\Documents\NetBeansProjects\FestaVista\Other\apache-tomcat-9.0.85-windows-x64\apache-tomcat-9.0.85\conf\Catalina\localhost\mavenproject1.xml] has been ignored
22-Mar-2024 17:23:59.437 SEVERE [main] org.apache.catalina.startup.HostConfig.deployDescriptor Error deploying deployment descriptor [C:\Users\abhig\Documents\NetBeansProjects\FestaVista\Other\apache-tomcat-9.0.85-windows-x64\apache-tomcat-9.0.85\conf\Catalina\localhost\mavenproject1.xml]
	java.lang.IllegalStateException: Error starting child
		at org.apache.catalina.core.ContainerBase.addChildInternal(ContainerBase.java:686)
		at org.apache.catalina.core.ContainerBase.addChild(ContainerBase.java:658)
		at org.apache.catalina.core.StandardHost.addChild(StandardHost.java:661)
		at org.apache.catalina.startup.HostConfig.deployDescriptor(HostConfig.java:691)
		at org.apache.catalina.startup.HostConfig$DeployDescriptor.run(HostConfig.java:1897)
		at java.base/java.util.concurrent.Executors$RunnableAdapter.call(Executors.java:572)
		at java.base/java.util.concurrent.FutureTask.run(FutureTask.java:317)
		at org.apache.tomcat.util.threads.InlineExecutorService.execute(InlineExecutorService.java:75)
		at java.base/java.util.concurrent.AbstractExecutorService.submit(AbstractExecutorService.java:123)
		at org.apache.catalina.startup.HostConfig.deployDescriptors(HostConfig.java:584)
		at org.apache.catalina.startup.HostConfig.deployApps(HostConfig.java:474)
		at org.apache.catalina.startup.HostConfig.start(HostConfig.java:1619)
		at org.apache.catalina.startup.HostConfig.lifecycleEvent(HostConfig.java:318)
		at org.apache.catalina.util.LifecycleBase.fireLifecycleEvent(LifecycleBase.java:114)
		at org.apache.catalina.util.LifecycleBase.setStateInternal(LifecycleBase.java:402)
		at org.apache.catalina.util.LifecycleBase.setState(LifecycleBase.java:345)
		at org.apache.catalina.core.ContainerBase.startInternal(ContainerBase.java:893)
		at org.apache.catalina.core.StandardHost.startInternal(StandardHost.java:794)
		at org.apache.catalina.util.LifecycleBase.start(LifecycleBase.java:171)
		at org.apache.catalina.core.ContainerBase$StartChild.call(ContainerBase.java:1332)
		at org.apache.catalina.core.ContainerBase$StartChild.call(ContainerBase.java:1322)
		at java.base/java.util.concurrent.FutureTask.run(FutureTask.java:317)
		at org.apache.tomcat.util.threads.InlineExecutorService.execute(InlineExecutorService.java:75)
		at java.base/java.util.concurrent.AbstractExecutorService.submit(AbstractExecutorService.java:145)
		at org.apache.catalina.core.ContainerBase.startInternal(ContainerBase.java:866)
		at org.apache.catalina.core.StandardEngine.startInternal(StandardEngine.java:248)
		at org.apache.catalina.util.LifecycleBase.start(LifecycleBase.java:171)
		at org.apache.catalina.core.StandardService.startInternal(StandardService.java:433)
		at org.apache.catalina.util.LifecycleBase.start(LifecycleBase.java:171)
		at org.apache.catalina.core.StandardServer.startInternal(StandardServer.java:921)
		at org.apache.catalina.util.LifecycleBase.start(LifecycleBase.java:171)
		at org.apache.catalina.startup.Catalina.start(Catalina.java:772)
		at java.base/jdk.internal.reflect.DirectMethodHandleAccessor.invoke(DirectMethodHandleAccessor.java:103)
		at java.base/java.lang.reflect.Method.invoke(Method.java:580)
		at org.apache.catalina.startup.Bootstrap.start(Bootstrap.java:347)
		at org.apache.catalina.startup.Bootstrap.main(Bootstrap.java:478)
	Caused by: org.apache.catalina.LifecycleException: Failed to start component [org.apache.catalina.webresources.StandardRoot@3a60c416]
		at org.apache.catalina.util.LifecycleBase.handleSubClassException(LifecycleBase.java:419)
		at org.apache.catalina.util.LifecycleBase.start(LifecycleBase.java:186)
		at org.apache.catalina.core.StandardContext.resourcesStart(StandardContext.java:4575)
		at org.apache.catalina.core.StandardContext.startInternal(StandardContext.java:4708)
		at org.apache.catalina.util.LifecycleBase.start(LifecycleBase.java:171)
		at org.apache.catalina.core.ContainerBase.addChildInternal(ContainerBase.java:683)
		... 35 more
	Caused by: java.lang.IllegalArgumentException: The main resource set specified [D:\MCA SEM IV\Project\mavenproject1\target\mavenproject1-1.0-SNAPSHOT] is not a directory or war file, or is not readable (it does not exist or permissions to access it are missing)
		at org.apache.catalina.webresources.StandardRoot.createMainResourceSet(StandardRoot.java:749)
		at org.apache.catalina.webresources.StandardRoot.startInternal(StandardRoot.java:707)
		at org.apache.catalina.util.LifecycleBase.start(LifecycleBase.java:171)
		... 39 more
22-Mar-2024 17:23:59.459 INFO [main] org.apache.catalina.startup.HostConfig.deployDescriptor Deployment of deployment descriptor [C:\Users\abhig\Documents\NetBeansProjects\FestaVista\Other\apache-tomcat-9.0.85-windows-x64\apache-tomcat-9.0.85\conf\Catalina\localhost\mavenproject1.xml] has finished in [26] ms
22-Mar-2024 17:23:59.459 INFO [main] org.apache.catalina.startup.HostConfig.deployDescriptor Deploying deployment descriptor [C:\Users\abhig\Documents\NetBeansProjects\FestaVista\Other\apache-tomcat-9.0.85-windows-x64\apache-tomcat-9.0.85\conf\Catalina\localhost\Realtime_Construction.xml]
22-Mar-2024 17:23:59.460 WARNING [main] org.apache.catalina.startup.HostConfig.deployDescriptor The path attribute with value [/Realtime_Construction] in deployment descriptor [C:\Users\abhig\Documents\NetBeansProjects\FestaVista\Other\apache-tomcat-9.0.85-windows-x64\apache-tomcat-9.0.85\conf\Catalina\localhost\Realtime_Construction.xml] has been ignored
22-Mar-2024 17:24:00.993 INFO [main] org.apache.jasper.servlet.TldScanner.scanJars At least one JAR was scanned for TLDs yet contained no TLDs. Enable debug logging for this logger for a complete list of JARs that were scanned but no TLDs were found in them. Skipping unneeded JARs during scanning can improve startup time and JSP compilation time.
22-Mar-2024 17:24:01.045 INFO [main] org.springframework.web.context.ContextLoader.initWebApplicationContext Root WebApplicationContext: initialization started
22-Mar-2024 17:24:01.129 INFO [main] org.springframework.web.context.support.XmlWebApplicationContext.prepareRefresh Refreshing Root WebApplicationContext: startup date [Fri Mar 22 17:24:01 IST 2024]; root of context hierarchy
22-Mar-2024 17:24:01.196 INFO [main] org.springframework.beans.factory.xml.XmlBeanDefinitionReader.loadBeanDefinitions Loading XML bean definitions from ServletContext resource [/WEB-INF/applicationContext.xml]
22-Mar-2024 17:24:01.335 INFO [main] org.springframework.web.context.ContextLoader.initWebApplicationContext Root WebApplicationContext: initialization completed in 289 ms
22-Mar-2024 17:24:01.352 INFO [main] org.springframework.web.servlet.DispatcherServlet.initServletBean FrameworkServlet 'dispatcher': initialization started
22-Mar-2024 17:24:01.366 INFO [main] org.springframework.web.context.support.XmlWebApplicationContext.prepareRefresh Refreshing WebApplicationContext for namespace 'dispatcher-servlet': startup date [Fri Mar 22 17:24:01 IST 2024]; parent: Root WebApplicationContext
22-Mar-2024 17:24:01.367 INFO [main] org.springframework.beans.factory.xml.XmlBeanDefinitionReader.loadBeanDefinitions Loading XML bean definitions from ServletContext resource [/WEB-INF/dispatcher-servlet.xml]
22-Mar-2024 17:24:01.572 INFO [main] org.springframework.web.servlet.handler.SimpleUrlHandlerMapping.registerHandler Mapped URL path [/index.htm] onto handler 'indexController'
22-Mar-2024 17:24:01.655 INFO [main] org.springframework.web.servlet.DispatcherServlet.initServletBean FrameworkServlet 'dispatcher': initialization completed in 303 ms
22-Mar-2024 17:24:01.659 INFO [main] org.apache.catalina.startup.HostConfig.deployDescriptor Deployment of deployment descriptor [C:\Users\abhig\Documents\NetBeansProjects\FestaVista\Other\apache-tomcat-9.0.85-windows-x64\apache-tomcat-9.0.85\conf\Catalina\localhost\Realtime_Construction.xml] has finished in [2,199] ms
22-Mar-2024 17:24:01.659 INFO [main] org.apache.catalina.startup.HostConfig.deployDescriptor Deploying deployment descriptor [C:\Users\abhig\Documents\NetBeansProjects\FestaVista\Other\apache-tomcat-9.0.85-windows-x64\apache-tomcat-9.0.85\conf\Catalina\localhost\WebApplication1.xml]
22-Mar-2024 17:24:01.660 WARNING [main] org.apache.catalina.startup.HostConfig.deployDescriptor The path attribute with value [/WebApplication1] in deployment descriptor [C:\Users\abhig\Documents\NetBeansProjects\FestaVista\Other\apache-tomcat-9.0.85-windows-x64\apache-tomcat-9.0.85\conf\Catalina\localhost\WebApplication1.xml] has been ignored
22-Mar-2024 17:24:01.954 INFO [main] org.apache.jasper.servlet.TldScanner.scanJars At least one JAR was scanned for TLDs yet contained no TLDs. Enable debug logging for this logger for a complete list of JARs that were scanned but no TLDs were found in them. Skipping unneeded JARs during scanning can improve startup time and JSP compilation time.
22-Mar-2024 17:24:01.972 INFO [main] org.apache.catalina.startup.HostConfig.deployDescriptor Deployment of deployment descriptor [C:\Users\abhig\Documents\NetBeansProjects\FestaVista\Other\apache-tomcat-9.0.85-windows-x64\apache-tomcat-9.0.85\conf\Catalina\localhost\WebApplication1.xml] has finished in [312] ms
22-Mar-2024 17:24:01.972 INFO [main] org.apache.catalina.startup.HostConfig.deployDescriptor Deploying deployment descriptor [C:\Users\abhig\Documents\NetBeansProjects\FestaVista\Other\apache-tomcat-9.0.85-windows-x64\apache-tomcat-9.0.85\conf\Catalina\localhost\WebApplication2.xml]
22-Mar-2024 17:24:01.973 WARNING [main] org.apache.catalina.startup.HostConfig.deployDescriptor The path attribute with value [/WebApplication2] in deployment descriptor [C:\Users\abhig\Documents\NetBeansProjects\FestaVista\Other\apache-tomcat-9.0.85-windows-x64\apache-tomcat-9.0.85\conf\Catalina\localhost\WebApplication2.xml] has been ignored
22-Mar-2024 17:24:02.006 INFO [main] org.apache.catalina.startup.HostConfig.deployDescriptor Deployment of deployment descriptor [C:\Users\abhig\Documents\NetBeansProjects\FestaVista\Other\apache-tomcat-9.0.85-windows-x64\apache-tomcat-9.0.85\conf\Catalina\localhost\WebApplication2.xml] has finished in [34] ms
22-Mar-2024 17:24:02.007 INFO [main] org.apache.catalina.startup.HostConfig.deployDirectory Deploying web application directory [C:\Users\abhig\Documents\NetBeansProjects\FestaVista\Other\apache-tomcat-9.0.85-windows-x64\apache-tomcat-9.0.85\webapps\docs]
22-Mar-2024 17:24:02.039 INFO [main] org.apache.catalina.startup.HostConfig.deployDirectory Deployment of web application directory [C:\Users\abhig\Documents\NetBeansProjects\FestaVista\Other\apache-tomcat-9.0.85-windows-x64\apache-tomcat-9.0.85\webapps\docs] has finished in [32] ms
22-Mar-2024 17:24:02.044 INFO [main] org.apache.catalina.startup.HostConfig.deployDirectory Deploying web application directory [C:\Users\abhig\Documents\NetBeansProjects\FestaVista\Other\apache-tomcat-9.0.85-windows-x64\apache-tomcat-9.0.85\webapps\examples]
22-Mar-2024 17:24:02.419 INFO [main] org.apache.catalina.startup.HostConfig.deployDirectory Deployment of web application directory [C:\Users\abhig\Documents\NetBeansProjects\FestaVista\Other\apache-tomcat-9.0.85-windows-x64\apache-tomcat-9.0.85\webapps\examples] has finished in [375] ms
22-Mar-2024 17:24:02.419 INFO [main] org.apache.catalina.startup.HostConfig.deployDirectory Deploying web application directory [C:\Users\abhig\Documents\NetBeansProjects\FestaVista\Other\apache-tomcat-9.0.85-windows-x64\apache-tomcat-9.0.85\webapps\host-manager]
22-Mar-2024 17:24:02.457 INFO [main] org.apache.catalina.startup.HostConfig.deployDirectory Deployment of web application directory [C:\Users\abhig\Documents\NetBeansProjects\FestaVista\Other\apache-tomcat-9.0.85-windows-x64\apache-tomcat-9.0.85\webapps\host-manager] has finished in [38] ms
22-Mar-2024 17:24:02.457 INFO [main] org.apache.catalina.startup.HostConfig.deployDirectory Deploying web application directory [C:\Users\abhig\Documents\NetBeansProjects\FestaVista\Other\apache-tomcat-9.0.85-windows-x64\apache-tomcat-9.0.85\webapps\manager]
22-Mar-2024 17:24:02.498 INFO [main] org.apache.catalina.startup.HostConfig.deployDirectory Deployment of web application directory [C:\Users\abhig\Documents\NetBeansProjects\FestaVista\Other\apache-tomcat-9.0.85-windows-x64\apache-tomcat-9.0.85\webapps\manager] has finished in [41] ms
22-Mar-2024 17:24:02.498 INFO [main] org.apache.catalina.startup.HostConfig.deployDirectory Deploying web application directory [C:\Users\abhig\Documents\NetBeansProjects\FestaVista\Other\apache-tomcat-9.0.85-windows-x64\apache-tomcat-9.0.85\webapps\ROOT]
22-Mar-2024 17:24:02.523 INFO [main] org.apache.catalina.startup.HostConfig.deployDirectory Deployment of web application directory [C:\Users\abhig\Documents\NetBeansProjects\FestaVista\Other\apache-tomcat-9.0.85-windows-x64\apache-tomcat-9.0.85\webapps\ROOT] has finished in [25] ms
22-Mar-2024 17:24:02.525 INFO [main] org.apache.coyote.AbstractProtocol.start Starting ProtocolHandler ["http-nio-8080"]
22-Mar-2024 17:24:02.557 INFO [main] org.apache.catalina.startup.Catalina.start Server startup in [4121] milliseconds
22-Mar-2024 19:09:39.130 INFO [main] org.apache.catalina.core.StandardServer.await A valid shutdown command was received via the shutdown port. Stopping the Server instance.
22-Mar-2024 19:09:39.130 INFO [main] org.apache.coyote.AbstractProtocol.pause Pausing ProtocolHandler ["http-nio-8080"]
22-Mar-2024 19:09:39.136 INFO [main] org.apache.catalina.core.StandardService.stopInternal Stopping service [Catalina]
22-Mar-2024 19:09:39.197 INFO [main] org.springframework.web.context.support.XmlWebApplicationContext.doClose Closing WebApplicationContext for namespace 'dispatcher-servlet': startup date [Fri Mar 22 17:24:01 IST 2024]; parent: Root WebApplicationContext
22-Mar-2024 19:09:39.205 INFO [main] org.springframework.web.context.support.XmlWebApplicationContext.doClose Closing Root WebApplicationContext: startup date [Fri Mar 22 17:24:01 IST 2024]; root of context hierarchy
22-Mar-2024 19:09:39.226 INFO [main] org.apache.coyote.AbstractProtocol.stop Stopping ProtocolHandler ["http-nio-8080"]
22-Mar-2024 19:09:39.232 INFO [main] org.apache.coyote.AbstractProtocol.destroy Destroying ProtocolHandler ["http-nio-8080"]
22-Mar-2024 19:21:24.031 INFO [main] org.apache.catalina.startup.VersionLoggerListener.log Server version name:   Apache Tomcat/9.0.85
22-Mar-2024 19:21:24.042 INFO [main] org.apache.catalina.startup.VersionLoggerListener.log Server built:          Jan 5 2024 08:28:07 UTC
22-Mar-2024 19:21:24.042 INFO [main] org.apache.catalina.startup.VersionLoggerListener.log Server version number: 9.0.85.0
22-Mar-2024 19:21:24.042 INFO [main] org.apache.catalina.startup.VersionLoggerListener.log OS Name:               Windows 11
22-Mar-2024 19:21:24.042 INFO [main] org.apache.catalina.startup.VersionLoggerListener.log OS Version:            10.0
22-Mar-2024 19:21:24.042 INFO [main] org.apache.catalina.startup.VersionLoggerListener.log Architecture:          amd64
22-Mar-2024 19:21:24.042 INFO [main] org.apache.catalina.startup.VersionLoggerListener.log Java Home:             C:\Program Files\Java\jdk-21
22-Mar-2024 19:21:24.042 INFO [main] org.apache.catalina.startup.VersionLoggerListener.log JVM Version:           21.0.2+13-LTS-58
22-Mar-2024 19:21:24.042 INFO [main] org.apache.catalina.startup.VersionLoggerListener.log JVM Vendor:            Oracle Corporation
22-Mar-2024 19:21:24.042 INFO [main] org.apache.catalina.startup.VersionLoggerListener.log CATALINA_BASE:         C:\Users\abhig\Documents\NetBeansProjects\FestaVista\Other\apache-tomcat-9.0.85-windows-x64\apache-tomcat-9.0.85
22-Mar-2024 19:21:24.042 INFO [main] org.apache.catalina.startup.VersionLoggerListener.log CATALINA_HOME:         C:\Users\abhig\Documents\NetBeansProjects\FestaVista\Other\apache-tomcat-9.0.85-windows-x64\apache-tomcat-9.0.85
22-Mar-2024 19:21:24.042 INFO [main] org.apache.catalina.startup.VersionLoggerListener.log Command line argument: --add-opens=java.base/java.lang=ALL-UNNAMED
22-Mar-2024 19:21:24.042 INFO [main] org.apache.catalina.startup.VersionLoggerListener.log Command line argument: --add-opens=java.base/java.io=ALL-UNNAMED
22-Mar-2024 19:21:24.042 INFO [main] org.apache.catalina.startup.VersionLoggerListener.log Command line argument: --add-opens=java.base/java.util=ALL-UNNAMED
22-Mar-2024 19:21:24.042 INFO [main] org.apache.catalina.startup.VersionLoggerListener.log Command line argument: --add-opens=java.base/java.util.concurrent=ALL-UNNAMED
22-Mar-2024 19:21:24.042 INFO [main] org.apache.catalina.startup.VersionLoggerListener.log Command line argument: --add-opens=java.rmi/sun.rmi.transport=ALL-UNNAMED
22-Mar-2024 19:21:24.042 INFO [main] org.apache.catalina.startup.VersionLoggerListener.log Command line argument: -Djava.util.logging.config.file=C:\Users\abhig\Documents\NetBeansProjects\FestaVista\Other\apache-tomcat-9.0.85-windows-x64\apache-tomcat-9.0.85\conf\logging.properties
22-Mar-2024 19:21:24.042 INFO [main] org.apache.catalina.startup.VersionLoggerListener.log Command line argument: -Djava.util.logging.manager=org.apache.juli.ClassLoaderLogManager
22-Mar-2024 19:21:24.042 INFO [main] org.apache.catalina.startup.VersionLoggerListener.log Command line argument: -Djdk.tls.ephemeralDHKeySize=2048
22-Mar-2024 19:21:24.042 INFO [main] org.apache.catalina.startup.VersionLoggerListener.log Command line argument: -Djava.protocol.handler.pkgs=org.apache.catalina.webresources
22-Mar-2024 19:21:24.042 INFO [main] org.apache.catalina.startup.VersionLoggerListener.log Command line argument: -Dignore.endorsed.dirs=
22-Mar-2024 19:21:24.042 INFO [main] org.apache.catalina.startup.VersionLoggerListener.log Command line argument: -Dcatalina.base=C:\Users\abhig\Documents\NetBeansProjects\FestaVista\Other\apache-tomcat-9.0.85-windows-x64\apache-tomcat-9.0.85
22-Mar-2024 19:21:24.042 INFO [main] org.apache.catalina.startup.VersionLoggerListener.log Command line argument: -Dcatalina.home=C:\Users\abhig\Documents\NetBeansProjects\FestaVista\Other\apache-tomcat-9.0.85-windows-x64\apache-tomcat-9.0.85
22-Mar-2024 19:21:24.042 INFO [main] org.apache.catalina.startup.VersionLoggerListener.log Command line argument: -Djava.io.tmpdir=C:\Users\abhig\Documents\NetBeansProjects\FestaVista\Other\apache-tomcat-9.0.85-windows-x64\apache-tomcat-9.0.85\temp
22-Mar-2024 19:21:24.042 INFO [main] org.apache.catalina.core.AprLifecycleListener.lifecycleEvent Loaded Apache Tomcat Native library [1.2.39] using APR version [1.7.4].
22-Mar-2024 19:21:24.119 INFO [main] org.apache.catalina.core.AprLifecycleListener.lifecycleEvent APR capabilities: IPv6 [true], sendfile [true], accept filters [false], random [true], UDS [true].
22-Mar-2024 19:21:24.119 INFO [main] org.apache.catalina.core.AprLifecycleListener.lifecycleEvent APR/OpenSSL configuration: useAprConnector [false], useOpenSSL [true]
22-Mar-2024 19:21:24.127 INFO [main] org.apache.catalina.core.AprLifecycleListener.initializeSSL OpenSSL successfully initialized [OpenSSL 3.0.11 19 Sep 2023]
22-Mar-2024 19:21:24.435 INFO [main] org.apache.coyote.AbstractProtocol.init Initializing ProtocolHandler ["http-nio-8080"]
22-Mar-2024 19:21:24.461 INFO [main] org.apache.catalina.startup.Catalina.load Server initialization in [602] milliseconds
22-Mar-2024 19:21:24.522 INFO [main] org.apache.catalina.core.StandardService.startInternal Starting service [Catalina]
22-Mar-2024 19:21:24.522 INFO [main] org.apache.catalina.core.StandardEngine.startInternal Starting Servlet engine: [Apache Tomcat/9.0.85]
22-Mar-2024 19:21:24.533 INFO [main] org.apache.catalina.startup.HostConfig.deployDescriptor Deploying deployment descriptor [C:\Users\abhig\Documents\NetBeansProjects\FestaVista\Other\apache-tomcat-9.0.85-windows-x64\apache-tomcat-9.0.85\conf\Catalina\localhost\Construction_Monitoring_System.xml]
22-Mar-2024 19:21:24.537 WARNING [main] org.apache.catalina.startup.HostConfig.deployDescriptor The path attribute with value [/Construction_Monitoring_System] in deployment descriptor [C:\Users\abhig\Documents\NetBeansProjects\FestaVista\Other\apache-tomcat-9.0.85-windows-x64\apache-tomcat-9.0.85\conf\Catalina\localhost\Construction_Monitoring_System.xml] has been ignored
22-Mar-2024 19:21:24.855 INFO [main] org.apache.catalina.startup.HostConfig.deployDescriptor Deployment of deployment descriptor [C:\Users\abhig\Documents\NetBeansProjects\FestaVista\Other\apache-tomcat-9.0.85-windows-x64\apache-tomcat-9.0.85\conf\Catalina\localhost\Construction_Monitoring_System.xml] has finished in [321] ms
22-Mar-2024 19:21:24.855 INFO [main] org.apache.catalina.startup.HostConfig.deployDescriptor Deploying deployment descriptor [C:\Users\abhig\Documents\NetBeansProjects\FestaVista\Other\apache-tomcat-9.0.85-windows-x64\apache-tomcat-9.0.85\conf\Catalina\localhost\eventhub.xml]
22-Mar-2024 19:21:24.856 WARNING [main] org.apache.catalina.startup.HostConfig.deployDescriptor The path attribute with value [/eventhub] in deployment descriptor [C:\Users\abhig\Documents\NetBeansProjects\FestaVista\Other\apache-tomcat-9.0.85-windows-x64\apache-tomcat-9.0.85\conf\Catalina\localhost\eventhub.xml] has been ignored
22-Mar-2024 19:21:24.857 SEVERE [main] org.apache.catalina.startup.HostConfig.deployDescriptor Error deploying deployment descriptor [C:\Users\abhig\Documents\NetBeansProjects\FestaVista\Other\apache-tomcat-9.0.85-windows-x64\apache-tomcat-9.0.85\conf\Catalina\localhost\eventhub.xml]
	java.lang.IllegalStateException: Error starting child
		at org.apache.catalina.core.ContainerBase.addChildInternal(ContainerBase.java:686)
		at org.apache.catalina.core.ContainerBase.addChild(ContainerBase.java:658)
		at org.apache.catalina.core.StandardHost.addChild(StandardHost.java:661)
		at org.apache.catalina.startup.HostConfig.deployDescriptor(HostConfig.java:691)
		at org.apache.catalina.startup.HostConfig$DeployDescriptor.run(HostConfig.java:1897)
		at java.base/java.util.concurrent.Executors$RunnableAdapter.call(Executors.java:572)
		at java.base/java.util.concurrent.FutureTask.run(FutureTask.java:317)
		at org.apache.tomcat.util.threads.InlineExecutorService.execute(InlineExecutorService.java:75)
		at java.base/java.util.concurrent.AbstractExecutorService.submit(AbstractExecutorService.java:123)
		at org.apache.catalina.startup.HostConfig.deployDescriptors(HostConfig.java:584)
		at org.apache.catalina.startup.HostConfig.deployApps(HostConfig.java:474)
		at org.apache.catalina.startup.HostConfig.start(HostConfig.java:1619)
		at org.apache.catalina.startup.HostConfig.lifecycleEvent(HostConfig.java:318)
		at org.apache.catalina.util.LifecycleBase.fireLifecycleEvent(LifecycleBase.java:114)
		at org.apache.catalina.util.LifecycleBase.setStateInternal(LifecycleBase.java:402)
		at org.apache.catalina.util.LifecycleBase.setState(LifecycleBase.java:345)
		at org.apache.catalina.core.ContainerBase.startInternal(ContainerBase.java:893)
		at org.apache.catalina.core.StandardHost.startInternal(StandardHost.java:794)
		at org.apache.catalina.util.LifecycleBase.start(LifecycleBase.java:171)
		at org.apache.catalina.core.ContainerBase$StartChild.call(ContainerBase.java:1332)
		at org.apache.catalina.core.ContainerBase$StartChild.call(ContainerBase.java:1322)
		at java.base/java.util.concurrent.FutureTask.run(FutureTask.java:317)
		at org.apache.tomcat.util.threads.InlineExecutorService.execute(InlineExecutorService.java:75)
		at java.base/java.util.concurrent.AbstractExecutorService.submit(AbstractExecutorService.java:145)
		at org.apache.catalina.core.ContainerBase.startInternal(ContainerBase.java:866)
		at org.apache.catalina.core.StandardEngine.startInternal(StandardEngine.java:248)
		at org.apache.catalina.util.LifecycleBase.start(LifecycleBase.java:171)
		at org.apache.catalina.core.StandardService.startInternal(StandardService.java:433)
		at org.apache.catalina.util.LifecycleBase.start(LifecycleBase.java:171)
		at org.apache.catalina.core.StandardServer.startInternal(StandardServer.java:921)
		at org.apache.catalina.util.LifecycleBase.start(LifecycleBase.java:171)
		at org.apache.catalina.startup.Catalina.start(Catalina.java:772)
		at java.base/jdk.internal.reflect.DirectMethodHandleAccessor.invoke(DirectMethodHandleAccessor.java:103)
		at java.base/java.lang.reflect.Method.invoke(Method.java:580)
		at org.apache.catalina.startup.Bootstrap.start(Bootstrap.java:347)
		at org.apache.catalina.startup.Bootstrap.main(Bootstrap.java:478)
	Caused by: org.apache.catalina.LifecycleException: Failed to start component [org.apache.catalina.webresources.StandardRoot@2002348]
		at org.apache.catalina.util.LifecycleBase.handleSubClassException(LifecycleBase.java:419)
		at org.apache.catalina.util.LifecycleBase.start(LifecycleBase.java:186)
		at org.apache.catalina.core.StandardContext.resourcesStart(StandardContext.java:4575)
		at org.apache.catalina.core.StandardContext.startInternal(StandardContext.java:4708)
		at org.apache.catalina.util.LifecycleBase.start(LifecycleBase.java:171)
		at org.apache.catalina.core.ContainerBase.addChildInternal(ContainerBase.java:683)
		... 35 more
	Caused by: java.lang.IllegalArgumentException: The main resource set specified [C:\Users\abhig\Documents\NetBeansProjects\eventhub\target\eventhub-1.0-SNAPSHOT] is not a directory or war file, or is not readable (it does not exist or permissions to access it are missing)
		at org.apache.catalina.webresources.StandardRoot.createMainResourceSet(StandardRoot.java:749)
		at org.apache.catalina.webresources.StandardRoot.startInternal(StandardRoot.java:707)
		at org.apache.catalina.util.LifecycleBase.start(LifecycleBase.java:171)
		... 39 more
22-Mar-2024 19:21:24.877 INFO [main] org.apache.catalina.startup.HostConfig.deployDescriptor Deployment of deployment descriptor [C:\Users\abhig\Documents\NetBeansProjects\FestaVista\Other\apache-tomcat-9.0.85-windows-x64\apache-tomcat-9.0.85\conf\Catalina\localhost\eventhub.xml] has finished in [22] ms
22-Mar-2024 19:21:24.877 INFO [main] org.apache.catalina.startup.HostConfig.deployDescriptor Deploying deployment descriptor [C:\Users\abhig\Documents\NetBeansProjects\FestaVista\Other\apache-tomcat-9.0.85-windows-x64\apache-tomcat-9.0.85\conf\Catalina\localhost\EventManagement.xml]
22-Mar-2024 19:21:24.877 WARNING [main] org.apache.catalina.startup.HostConfig.deployDescriptor The path attribute with value [/EventManagement] in deployment descriptor [C:\Users\abhig\Documents\NetBeansProjects\FestaVista\Other\apache-tomcat-9.0.85-windows-x64\apache-tomcat-9.0.85\conf\Catalina\localhost\EventManagement.xml] has been ignored
22-Mar-2024 19:21:24.937 INFO [main] org.apache.catalina.startup.HostConfig.deployDescriptor Deployment of deployment descriptor [C:\Users\abhig\Documents\NetBeansProjects\FestaVista\Other\apache-tomcat-9.0.85-windows-x64\apache-tomcat-9.0.85\conf\Catalina\localhost\EventManagement.xml] has finished in [60] ms
22-Mar-2024 19:21:24.937 INFO [main] org.apache.catalina.startup.HostConfig.deployDescriptor Deploying deployment descriptor [C:\Users\abhig\Documents\NetBeansProjects\FestaVista\Other\apache-tomcat-9.0.85-windows-x64\apache-tomcat-9.0.85\conf\Catalina\localhost\FestaVista.xml]
22-Mar-2024 19:21:24.938 WARNING [main] org.apache.catalina.startup.HostConfig.deployDescriptor The path attribute with value [/FestaVista] in deployment descriptor [C:\Users\abhig\Documents\NetBeansProjects\FestaVista\Other\apache-tomcat-9.0.85-windows-x64\apache-tomcat-9.0.85\conf\Catalina\localhost\FestaVista.xml] has been ignored
22-Mar-2024 19:21:25.481 INFO [main] org.apache.jasper.servlet.TldScanner.scanJars At least one JAR was scanned for TLDs yet contained no TLDs. Enable debug logging for this logger for a complete list of JARs that were scanned but no TLDs were found in them. Skipping unneeded JARs during scanning can improve startup time and JSP compilation time.
22-Mar-2024 19:21:25.486 INFO [main] org.apache.catalina.startup.HostConfig.deployDescriptor Deployment of deployment descriptor [C:\Users\abhig\Documents\NetBeansProjects\FestaVista\Other\apache-tomcat-9.0.85-windows-x64\apache-tomcat-9.0.85\conf\Catalina\localhost\FestaVista.xml] has finished in [548] ms
22-Mar-2024 19:21:25.486 INFO [main] org.apache.catalina.startup.HostConfig.deployDescriptor Deploying deployment descriptor [C:\Users\abhig\Documents\NetBeansProjects\FestaVista\Other\apache-tomcat-9.0.85-windows-x64\apache-tomcat-9.0.85\conf\Catalina\localhost\mavenproject1.xml]
22-Mar-2024 19:21:25.487 WARNING [main] org.apache.catalina.startup.HostConfig.deployDescriptor The path attribute with value [/mavenproject1] in deployment descriptor [C:\Users\abhig\Documents\NetBeansProjects\FestaVista\Other\apache-tomcat-9.0.85-windows-x64\apache-tomcat-9.0.85\conf\Catalina\localhost\mavenproject1.xml] has been ignored
22-Mar-2024 19:21:25.492 SEVERE [main] org.apache.catalina.startup.HostConfig.deployDescriptor Error deploying deployment descriptor [C:\Users\abhig\Documents\NetBeansProjects\FestaVista\Other\apache-tomcat-9.0.85-windows-x64\apache-tomcat-9.0.85\conf\Catalina\localhost\mavenproject1.xml]
	java.lang.IllegalStateException: Error starting child
		at org.apache.catalina.core.ContainerBase.addChildInternal(ContainerBase.java:686)
		at org.apache.catalina.core.ContainerBase.addChild(ContainerBase.java:658)
		at org.apache.catalina.core.StandardHost.addChild(StandardHost.java:661)
		at org.apache.catalina.startup.HostConfig.deployDescriptor(HostConfig.java:691)
		at org.apache.catalina.startup.HostConfig$DeployDescriptor.run(HostConfig.java:1897)
		at java.base/java.util.concurrent.Executors$RunnableAdapter.call(Executors.java:572)
		at java.base/java.util.concurrent.FutureTask.run(FutureTask.java:317)
		at org.apache.tomcat.util.threads.InlineExecutorService.execute(InlineExecutorService.java:75)
		at java.base/java.util.concurrent.AbstractExecutorService.submit(AbstractExecutorService.java:123)
		at org.apache.catalina.startup.HostConfig.deployDescriptors(HostConfig.java:584)
		at org.apache.catalina.startup.HostConfig.deployApps(HostConfig.java:474)
		at org.apache.catalina.startup.HostConfig.start(HostConfig.java:1619)
		at org.apache.catalina.startup.HostConfig.lifecycleEvent(HostConfig.java:318)
		at org.apache.catalina.util.LifecycleBase.fireLifecycleEvent(LifecycleBase.java:114)
		at org.apache.catalina.util.LifecycleBase.setStateInternal(LifecycleBase.java:402)
		at org.apache.catalina.util.LifecycleBase.setState(LifecycleBase.java:345)
		at org.apache.catalina.core.ContainerBase.startInternal(ContainerBase.java:893)
		at org.apache.catalina.core.StandardHost.startInternal(StandardHost.java:794)
		at org.apache.catalina.util.LifecycleBase.start(LifecycleBase.java:171)
		at org.apache.catalina.core.ContainerBase$StartChild.call(ContainerBase.java:1332)
		at org.apache.catalina.core.ContainerBase$StartChild.call(ContainerBase.java:1322)
		at java.base/java.util.concurrent.FutureTask.run(FutureTask.java:317)
		at org.apache.tomcat.util.threads.InlineExecutorService.execute(InlineExecutorService.java:75)
		at java.base/java.util.concurrent.AbstractExecutorService.submit(AbstractExecutorService.java:145)
		at org.apache.catalina.core.ContainerBase.startInternal(ContainerBase.java:866)
		at org.apache.catalina.core.StandardEngine.startInternal(StandardEngine.java:248)
		at org.apache.catalina.util.LifecycleBase.start(LifecycleBase.java:171)
		at org.apache.catalina.core.StandardService.startInternal(StandardService.java:433)
		at org.apache.catalina.util.LifecycleBase.start(LifecycleBase.java:171)
		at org.apache.catalina.core.StandardServer.startInternal(StandardServer.java:921)
		at org.apache.catalina.util.LifecycleBase.start(LifecycleBase.java:171)
		at org.apache.catalina.startup.Catalina.start(Catalina.java:772)
		at java.base/jdk.internal.reflect.DirectMethodHandleAccessor.invoke(DirectMethodHandleAccessor.java:103)
		at java.base/java.lang.reflect.Method.invoke(Method.java:580)
		at org.apache.catalina.startup.Bootstrap.start(Bootstrap.java:347)
		at org.apache.catalina.startup.Bootstrap.main(Bootstrap.java:478)
	Caused by: org.apache.catalina.LifecycleException: Failed to start component [org.apache.catalina.webresources.StandardRoot@3a60c416]
		at org.apache.catalina.util.LifecycleBase.handleSubClassException(LifecycleBase.java:419)
		at org.apache.catalina.util.LifecycleBase.start(LifecycleBase.java:186)
		at org.apache.catalina.core.StandardContext.resourcesStart(StandardContext.java:4575)
		at org.apache.catalina.core.StandardContext.startInternal(StandardContext.java:4708)
		at org.apache.catalina.util.LifecycleBase.start(LifecycleBase.java:171)
		at org.apache.catalina.core.ContainerBase.addChildInternal(ContainerBase.java:683)
		... 35 more
	Caused by: java.lang.IllegalArgumentException: The main resource set specified [D:\MCA SEM IV\Project\mavenproject1\target\mavenproject1-1.0-SNAPSHOT] is not a directory or war file, or is not readable (it does not exist or permissions to access it are missing)
		at org.apache.catalina.webresources.StandardRoot.createMainResourceSet(StandardRoot.java:749)
		at org.apache.catalina.webresources.StandardRoot.startInternal(StandardRoot.java:707)
		at org.apache.catalina.util.LifecycleBase.start(LifecycleBase.java:171)
		... 39 more
22-Mar-2024 19:21:25.535 INFO [main] org.apache.catalina.startup.HostConfig.deployDescriptor Deployment of deployment descriptor [C:\Users\abhig\Documents\NetBeansProjects\FestaVista\Other\apache-tomcat-9.0.85-windows-x64\apache-tomcat-9.0.85\conf\Catalina\localhost\mavenproject1.xml] has finished in [49] ms
22-Mar-2024 19:21:25.535 INFO [main] org.apache.catalina.startup.HostConfig.deployDescriptor Deploying deployment descriptor [C:\Users\abhig\Documents\NetBeansProjects\FestaVista\Other\apache-tomcat-9.0.85-windows-x64\apache-tomcat-9.0.85\conf\Catalina\localhost\Realtime_Construction.xml]
22-Mar-2024 19:21:25.536 WARNING [main] org.apache.catalina.startup.HostConfig.deployDescriptor The path attribute with value [/Realtime_Construction] in deployment descriptor [C:\Users\abhig\Documents\NetBeansProjects\FestaVista\Other\apache-tomcat-9.0.85-windows-x64\apache-tomcat-9.0.85\conf\Catalina\localhost\Realtime_Construction.xml] has been ignored
22-Mar-2024 19:21:27.068 INFO [main] org.apache.jasper.servlet.TldScanner.scanJars At least one JAR was scanned for TLDs yet contained no TLDs. Enable debug logging for this logger for a complete list of JARs that were scanned but no TLDs were found in them. Skipping unneeded JARs during scanning can improve startup time and JSP compilation time.
22-Mar-2024 19:21:27.127 INFO [main] org.springframework.web.context.ContextLoader.initWebApplicationContext Root WebApplicationContext: initialization started
22-Mar-2024 19:21:27.205 INFO [main] org.springframework.web.context.support.XmlWebApplicationContext.prepareRefresh Refreshing Root WebApplicationContext: startup date [Fri Mar 22 19:21:27 IST 2024]; root of context hierarchy
22-Mar-2024 19:21:27.269 INFO [main] org.springframework.beans.factory.xml.XmlBeanDefinitionReader.loadBeanDefinitions Loading XML bean definitions from ServletContext resource [/WEB-INF/applicationContext.xml]
22-Mar-2024 19:21:27.419 INFO [main] org.springframework.web.context.ContextLoader.initWebApplicationContext Root WebApplicationContext: initialization completed in 292 ms
22-Mar-2024 19:21:27.430 INFO [main] org.springframework.web.servlet.DispatcherServlet.initServletBean FrameworkServlet 'dispatcher': initialization started
22-Mar-2024 19:21:27.446 INFO [main] org.springframework.web.context.support.XmlWebApplicationContext.prepareRefresh Refreshing WebApplicationContext for namespace 'dispatcher-servlet': startup date [Fri Mar 22 19:21:27 IST 2024]; parent: Root WebApplicationContext
22-Mar-2024 19:21:27.446 INFO [main] org.springframework.beans.factory.xml.XmlBeanDefinitionReader.loadBeanDefinitions Loading XML bean definitions from ServletContext resource [/WEB-INF/dispatcher-servlet.xml]
22-Mar-2024 19:21:27.622 INFO [main] org.springframework.web.servlet.handler.SimpleUrlHandlerMapping.registerHandler Mapped URL path [/index.htm] onto handler 'indexController'
22-Mar-2024 19:21:27.706 INFO [main] org.springframework.web.servlet.DispatcherServlet.initServletBean FrameworkServlet 'dispatcher': initialization completed in 276 ms
22-Mar-2024 19:21:27.709 INFO [main] org.apache.catalina.startup.HostConfig.deployDescriptor Deployment of deployment descriptor [C:\Users\abhig\Documents\NetBeansProjects\FestaVista\Other\apache-tomcat-9.0.85-windows-x64\apache-tomcat-9.0.85\conf\Catalina\localhost\Realtime_Construction.xml] has finished in [2,174] ms
22-Mar-2024 19:21:27.709 INFO [main] org.apache.catalina.startup.HostConfig.deployDescriptor Deploying deployment descriptor [C:\Users\abhig\Documents\NetBeansProjects\FestaVista\Other\apache-tomcat-9.0.85-windows-x64\apache-tomcat-9.0.85\conf\Catalina\localhost\WebApplication1.xml]
22-Mar-2024 19:21:27.710 WARNING [main] org.apache.catalina.startup.HostConfig.deployDescriptor The path attribute with value [/WebApplication1] in deployment descriptor [C:\Users\abhig\Documents\NetBeansProjects\FestaVista\Other\apache-tomcat-9.0.85-windows-x64\apache-tomcat-9.0.85\conf\Catalina\localhost\WebApplication1.xml] has been ignored
22-Mar-2024 19:21:28.007 INFO [main] org.apache.jasper.servlet.TldScanner.scanJars At least one JAR was scanned for TLDs yet contained no TLDs. Enable debug logging for this logger for a complete list of JARs that were scanned but no TLDs were found in them. Skipping unneeded JARs during scanning can improve startup time and JSP compilation time.
22-Mar-2024 19:21:28.010 INFO [main] org.apache.catalina.startup.HostConfig.deployDescriptor Deployment of deployment descriptor [C:\Users\abhig\Documents\NetBeansProjects\FestaVista\Other\apache-tomcat-9.0.85-windows-x64\apache-tomcat-9.0.85\conf\Catalina\localhost\WebApplication1.xml] has finished in [301] ms
22-Mar-2024 19:21:28.010 INFO [main] org.apache.catalina.startup.HostConfig.deployDescriptor Deploying deployment descriptor [C:\Users\abhig\Documents\NetBeansProjects\FestaVista\Other\apache-tomcat-9.0.85-windows-x64\apache-tomcat-9.0.85\conf\Catalina\localhost\WebApplication2.xml]
22-Mar-2024 19:21:28.011 WARNING [main] org.apache.catalina.startup.HostConfig.deployDescriptor The path attribute with value [/WebApplication2] in deployment descriptor [C:\Users\abhig\Documents\NetBeansProjects\FestaVista\Other\apache-tomcat-9.0.85-windows-x64\apache-tomcat-9.0.85\conf\Catalina\localhost\WebApplication2.xml] has been ignored
22-Mar-2024 19:21:28.039 INFO [main] org.apache.catalina.startup.HostConfig.deployDescriptor Deployment of deployment descriptor [C:\Users\abhig\Documents\NetBeansProjects\FestaVista\Other\apache-tomcat-9.0.85-windows-x64\apache-tomcat-9.0.85\conf\Catalina\localhost\WebApplication2.xml] has finished in [28] ms
22-Mar-2024 19:21:28.039 INFO [main] org.apache.catalina.startup.HostConfig.deployDirectory Deploying web application directory [C:\Users\abhig\Documents\NetBeansProjects\FestaVista\Other\apache-tomcat-9.0.85-windows-x64\apache-tomcat-9.0.85\webapps\docs]
22-Mar-2024 19:21:28.075 INFO [main] org.apache.catalina.startup.HostConfig.deployDirectory Deployment of web application directory [C:\Users\abhig\Documents\NetBeansProjects\FestaVista\Other\apache-tomcat-9.0.85-windows-x64\apache-tomcat-9.0.85\webapps\docs] has finished in [36] ms
22-Mar-2024 19:21:28.075 INFO [main] org.apache.catalina.startup.HostConfig.deployDirectory Deploying web application directory [C:\Users\abhig\Documents\NetBeansProjects\FestaVista\Other\apache-tomcat-9.0.85-windows-x64\apache-tomcat-9.0.85\webapps\examples]
22-Mar-2024 19:21:28.439 INFO [main] org.apache.catalina.startup.HostConfig.deployDirectory Deployment of web application directory [C:\Users\abhig\Documents\NetBeansProjects\FestaVista\Other\apache-tomcat-9.0.85-windows-x64\apache-tomcat-9.0.85\webapps\examples] has finished in [363] ms
22-Mar-2024 19:21:28.439 INFO [main] org.apache.catalina.startup.HostConfig.deployDirectory Deploying web application directory [C:\Users\abhig\Documents\NetBeansProjects\FestaVista\Other\apache-tomcat-9.0.85-windows-x64\apache-tomcat-9.0.85\webapps\host-manager]
22-Mar-2024 19:21:28.476 INFO [main] org.apache.catalina.startup.HostConfig.deployDirectory Deployment of web application directory [C:\Users\abhig\Documents\NetBeansProjects\FestaVista\Other\apache-tomcat-9.0.85-windows-x64\apache-tomcat-9.0.85\webapps\host-manager] has finished in [36] ms
22-Mar-2024 19:21:28.476 INFO [main] org.apache.catalina.startup.HostConfig.deployDirectory Deploying web application directory [C:\Users\abhig\Documents\NetBeansProjects\FestaVista\Other\apache-tomcat-9.0.85-windows-x64\apache-tomcat-9.0.85\webapps\manager]
22-Mar-2024 19:21:28.512 INFO [main] org.apache.catalina.startup.HostConfig.deployDirectory Deployment of web application directory [C:\Users\abhig\Documents\NetBeansProjects\FestaVista\Other\apache-tomcat-9.0.85-windows-x64\apache-tomcat-9.0.85\webapps\manager] has finished in [36] ms
22-Mar-2024 19:21:28.513 INFO [main] org.apache.catalina.startup.HostConfig.deployDirectory Deploying web application directory [C:\Users\abhig\Documents\NetBeansProjects\FestaVista\Other\apache-tomcat-9.0.85-windows-x64\apache-tomcat-9.0.85\webapps\ROOT]
22-Mar-2024 19:21:28.538 INFO [main] org.apache.catalina.startup.HostConfig.deployDirectory Deployment of web application directory [C:\Users\abhig\Documents\NetBeansProjects\FestaVista\Other\apache-tomcat-9.0.85-windows-x64\apache-tomcat-9.0.85\webapps\ROOT] has finished in [24] ms
22-Mar-2024 19:21:28.541 INFO [main] org.apache.coyote.AbstractProtocol.start Starting ProtocolHandler ["http-nio-8080"]
22-Mar-2024 19:21:28.564 INFO [main] org.apache.catalina.startup.Catalina.start Server startup in [4101] milliseconds
22-Mar-2024 19:41:51.890 INFO [main] org.apache.catalina.core.StandardServer.await A valid shutdown command was received via the shutdown port. Stopping the Server instance.
22-Mar-2024 19:41:51.892 INFO [main] org.apache.coyote.AbstractProtocol.pause Pausing ProtocolHandler ["http-nio-8080"]
22-Mar-2024 19:41:51.897 INFO [main] org.apache.catalina.core.StandardService.stopInternal Stopping service [Catalina]
22-Mar-2024 19:41:51.922 WARNING [main] org.apache.catalina.loader.WebappClassLoaderBase.clearReferencesJdbc The web application [FestaVista] registered the JDBC driver [com.mysql.cj.jdbc.Driver] but failed to unregister it when the web application was stopped. To prevent a memory leak, the JDBC Driver has been forcibly unregistered.
22-Mar-2024 19:41:51.923 WARNING [main] org.apache.catalina.loader.WebappClassLoaderBase.clearReferencesThreads The web application [FestaVista] appears to have started a thread named [mysql-cj-abandoned-connection-cleanup] but has failed to stop it. This is very likely to create a memory leak. Stack trace of thread:
 java.base/jdk.internal.misc.Unsafe.park(Native Method)
 java.base/java.util.concurrent.locks.LockSupport.parkNanos(LockSupport.java:269)
 java.base/java.util.concurrent.locks.AbstractQueuedSynchronizer$ConditionObject.await(AbstractQueuedSynchronizer.java:1847)
 java.base/java.lang.ref.ReferenceQueue.await(ReferenceQueue.java:71)
 java.base/java.lang.ref.ReferenceQueue.remove0(ReferenceQueue.java:143)
 java.base/java.lang.ref.ReferenceQueue.remove(ReferenceQueue.java:218)
 com.mysql.cj.jdbc.AbandonedConnectionCleanupThread.run(AbandonedConnectionCleanupThread.java:91)
 java.base/java.util.concurrent.ThreadPoolExecutor.runWorker(ThreadPoolExecutor.java:1144)
 java.base/java.util.concurrent.ThreadPoolExecutor$Worker.run(ThreadPoolExecutor.java:642)
 java.base/java.lang.Thread.run(Thread.java:1583)
22-Mar-2024 19:41:51.946 INFO [main] org.springframework.web.context.support.XmlWebApplicationContext.doClose Closing WebApplicationContext for namespace 'dispatcher-servlet': startup date [Fri Mar 22 19:21:27 IST 2024]; parent: Root WebApplicationContext
22-Mar-2024 19:41:51.949 INFO [main] org.springframework.web.context.support.XmlWebApplicationContext.doClose Closing Root WebApplicationContext: startup date [Fri Mar 22 19:21:27 IST 2024]; root of context hierarchy
22-Mar-2024 19:41:51.964 INFO [main] org.apache.coyote.AbstractProtocol.stop Stopping ProtocolHandler ["http-nio-8080"]
22-Mar-2024 19:41:51.974 INFO [main] org.apache.coyote.AbstractProtocol.destroy Destroying ProtocolHandler ["http-nio-8080"]
