20-Feb-2024 13:04:34.352 INFO [main] org.apache.catalina.startup.VersionLoggerListener.log Server version name:   Apache Tomcat/9.0.85
20-Feb-2024 13:04:34.359 INFO [main] org.apache.catalina.startup.VersionLoggerListener.log Server built:          Jan 5 2024 08:28:07 UTC
20-Feb-2024 13:04:34.360 INFO [main] org.apache.catalina.startup.VersionLoggerListener.log Server version number: 9.0.85.0
20-Feb-2024 13:04:34.360 INFO [main] org.apache.catalina.startup.VersionLoggerListener.log OS Name:               Windows 11
20-Feb-2024 13:04:34.360 INFO [main] org.apache.catalina.startup.VersionLoggerListener.log OS Version:            10.0
20-Feb-2024 13:04:34.360 INFO [main] org.apache.catalina.startup.VersionLoggerListener.log Architecture:          amd64
20-Feb-2024 13:04:34.361 INFO [main] org.apache.catalina.startup.VersionLoggerListener.log Java Home:             C:\Program Files\Java\jdk-21
20-Feb-2024 13:04:34.361 INFO [main] org.apache.catalina.startup.VersionLoggerListener.log JVM Version:           21.0.2+13-LTS-58
20-Feb-2024 13:04:34.361 INFO [main] org.apache.catalina.startup.VersionLoggerListener.log JVM Vendor:            Oracle Corporation
20-Feb-2024 13:04:34.361 INFO [main] org.apache.catalina.startup.VersionLoggerListener.log CATALINA_BASE:         C:\Users\abhig\Documents\NetBeansProjects\FestaVista\Other\apache-tomcat-9.0.85-windows-x64\apache-tomcat-9.0.85
20-Feb-2024 13:04:34.361 INFO [main] org.apache.catalina.startup.VersionLoggerListener.log CATALINA_HOME:         C:\Users\abhig\Documents\NetBeansProjects\FestaVista\Other\apache-tomcat-9.0.85-windows-x64\apache-tomcat-9.0.85
20-Feb-2024 13:04:34.375 INFO [main] org.apache.catalina.startup.VersionLoggerListener.log Command line argument: --add-opens=java.base/java.lang=ALL-UNNAMED
20-Feb-2024 13:04:34.377 INFO [main] org.apache.catalina.startup.VersionLoggerListener.log Command line argument: --add-opens=java.base/java.io=ALL-UNNAMED
20-Feb-2024 13:04:34.377 INFO [main] org.apache.catalina.startup.VersionLoggerListener.log Command line argument: --add-opens=java.base/java.util=ALL-UNNAMED
20-Feb-2024 13:04:34.377 INFO [main] org.apache.catalina.startup.VersionLoggerListener.log Command line argument: --add-opens=java.base/java.util.concurrent=ALL-UNNAMED
20-Feb-2024 13:04:34.377 INFO [main] org.apache.catalina.startup.VersionLoggerListener.log Command line argument: --add-opens=java.rmi/sun.rmi.transport=ALL-UNNAMED
20-Feb-2024 13:04:34.377 INFO [main] org.apache.catalina.startup.VersionLoggerListener.log Command line argument: -Djava.util.logging.config.file=C:\Users\abhig\Documents\NetBeansProjects\FestaVista\Other\apache-tomcat-9.0.85-windows-x64\apache-tomcat-9.0.85\conf\logging.properties
20-Feb-2024 13:04:34.377 INFO [main] org.apache.catalina.startup.VersionLoggerListener.log Command line argument: -Djava.util.logging.manager=org.apache.juli.ClassLoaderLogManager
20-Feb-2024 13:04:34.378 INFO [main] org.apache.catalina.startup.VersionLoggerListener.log Command line argument: -Djdk.tls.ephemeralDHKeySize=2048
20-Feb-2024 13:04:34.378 INFO [main] org.apache.catalina.startup.VersionLoggerListener.log Command line argument: -Djava.protocol.handler.pkgs=org.apache.catalina.webresources
20-Feb-2024 13:04:34.378 INFO [main] org.apache.catalina.startup.VersionLoggerListener.log Command line argument: -Dignore.endorsed.dirs=
20-Feb-2024 13:04:34.378 INFO [main] org.apache.catalina.startup.VersionLoggerListener.log Command line argument: -Dcatalina.base=C:\Users\abhig\Documents\NetBeansProjects\FestaVista\Other\apache-tomcat-9.0.85-windows-x64\apache-tomcat-9.0.85
20-Feb-2024 13:04:34.378 INFO [main] org.apache.catalina.startup.VersionLoggerListener.log Command line argument: -Dcatalina.home=C:\Users\abhig\Documents\NetBeansProjects\FestaVista\Other\apache-tomcat-9.0.85-windows-x64\apache-tomcat-9.0.85
20-Feb-2024 13:04:34.379 INFO [main] org.apache.catalina.startup.VersionLoggerListener.log Command line argument: -Djava.io.tmpdir=C:\Users\abhig\Documents\NetBeansProjects\FestaVista\Other\apache-tomcat-9.0.85-windows-x64\apache-tomcat-9.0.85\temp
20-Feb-2024 13:04:34.386 INFO [main] org.apache.catalina.core.AprLifecycleListener.lifecycleEvent Loaded Apache Tomcat Native library [1.2.39] using APR version [1.7.4].
20-Feb-2024 13:04:34.442 INFO [main] org.apache.catalina.core.AprLifecycleListener.lifecycleEvent APR capabilities: IPv6 [true], sendfile [true], accept filters [false], random [true], UDS [true].
20-Feb-2024 13:04:34.442 INFO [main] org.apache.catalina.core.AprLifecycleListener.lifecycleEvent APR/OpenSSL configuration: useAprConnector [false], useOpenSSL [true]
20-Feb-2024 13:04:34.469 INFO [main] org.apache.catalina.core.AprLifecycleListener.initializeSSL OpenSSL successfully initialized [OpenSSL 3.0.11 19 Sep 2023]
20-Feb-2024 13:04:35.017 INFO [main] org.apache.coyote.AbstractProtocol.init Initializing ProtocolHandler ["http-nio-8080"]
20-Feb-2024 13:04:35.055 INFO [main] org.apache.catalina.startup.Catalina.load Server initialization in [1033] milliseconds
20-Feb-2024 13:04:35.137 INFO [main] org.apache.catalina.core.StandardService.startInternal Starting service [Catalina]
20-Feb-2024 13:04:35.137 INFO [main] org.apache.catalina.core.StandardEngine.startInternal Starting Servlet engine: [Apache Tomcat/9.0.85]
20-Feb-2024 13:04:35.154 INFO [main] org.apache.catalina.startup.HostConfig.deployDescriptor Deploying deployment descriptor [C:\Users\abhig\Documents\NetBeansProjects\FestaVista\Other\apache-tomcat-9.0.85-windows-x64\apache-tomcat-9.0.85\conf\Catalina\localhost\eventhub.xml]
20-Feb-2024 13:04:35.180 WARNING [main] org.apache.catalina.startup.HostConfig.deployDescriptor The path attribute with value [/eventhub] in deployment descriptor [C:\Users\abhig\Documents\NetBeansProjects\FestaVista\Other\apache-tomcat-9.0.85-windows-x64\apache-tomcat-9.0.85\conf\Catalina\localhost\eventhub.xml] has been ignored
20-Feb-2024 13:04:35.235 SEVERE [main] org.apache.catalina.startup.HostConfig.deployDescriptor Error deploying deployment descriptor [C:\Users\abhig\Documents\NetBeansProjects\FestaVista\Other\apache-tomcat-9.0.85-windows-x64\apache-tomcat-9.0.85\conf\Catalina\localhost\eventhub.xml]
	java.lang.IllegalStateException: Error starting child
		at org.apache.catalina.core.ContainerBase.addChildInternal(ContainerBase.java:686)
		at org.apache.catalina.core.ContainerBase.addChild(ContainerBase.java:658)
		at org.apache.catalina.core.StandardHost.addChild(StandardHost.java:661)
		at org.apache.catalina.startup.HostConfig.deployDescriptor(HostConfig.java:691)
		at org.apache.catalina.startup.HostConfig$DeployDescriptor.run(HostConfig.java:1897)
		at java.base/java.util.concurrent.Executors$RunnableAdapter.call(Executors.java:572)
		at java.base/java.util.concurrent.FutureTask.run(FutureTask.java:317)
		at org.apache.tomcat.util.threads.InlineExecutorService.execute(InlineExecutorService.java:75)
		at java.base/java.util.concurrent.AbstractExecutorService.submit(AbstractExecutorService.java:123)
		at org.apache.catalina.startup.HostConfig.deployDescriptors(HostConfig.java:584)
		at org.apache.catalina.startup.HostConfig.deployApps(HostConfig.java:474)
		at org.apache.catalina.startup.HostConfig.start(HostConfig.java:1619)
		at org.apache.catalina.startup.HostConfig.lifecycleEvent(HostConfig.java:318)
		at org.apache.catalina.util.LifecycleBase.fireLifecycleEvent(LifecycleBase.java:114)
		at org.apache.catalina.util.LifecycleBase.setStateInternal(LifecycleBase.java:402)
		at org.apache.catalina.util.LifecycleBase.setState(LifecycleBase.java:345)
		at org.apache.catalina.core.ContainerBase.startInternal(ContainerBase.java:893)
		at org.apache.catalina.core.StandardHost.startInternal(StandardHost.java:794)
		at org.apache.catalina.util.LifecycleBase.start(LifecycleBase.java:171)
		at org.apache.catalina.core.ContainerBase$StartChild.call(ContainerBase.java:1332)
		at org.apache.catalina.core.ContainerBase$StartChild.call(ContainerBase.java:1322)
		at java.base/java.util.concurrent.FutureTask.run(FutureTask.java:317)
		at org.apache.tomcat.util.threads.InlineExecutorService.execute(InlineExecutorService.java:75)
		at java.base/java.util.concurrent.AbstractExecutorService.submit(AbstractExecutorService.java:145)
		at org.apache.catalina.core.ContainerBase.startInternal(ContainerBase.java:866)
		at org.apache.catalina.core.StandardEngine.startInternal(StandardEngine.java:248)
		at org.apache.catalina.util.LifecycleBase.start(LifecycleBase.java:171)
		at org.apache.catalina.core.StandardService.startInternal(StandardService.java:433)
		at org.apache.catalina.util.LifecycleBase.start(LifecycleBase.java:171)
		at org.apache.catalina.core.StandardServer.startInternal(StandardServer.java:921)
		at org.apache.catalina.util.LifecycleBase.start(LifecycleBase.java:171)
		at org.apache.catalina.startup.Catalina.start(Catalina.java:772)
		at java.base/jdk.internal.reflect.DirectMethodHandleAccessor.invoke(DirectMethodHandleAccessor.java:103)
		at java.base/java.lang.reflect.Method.invoke(Method.java:580)
		at org.apache.catalina.startup.Bootstrap.start(Bootstrap.java:347)
		at org.apache.catalina.startup.Bootstrap.main(Bootstrap.java:478)
	Caused by: org.apache.catalina.LifecycleException: Failed to start component [org.apache.catalina.webresources.StandardRoot@2e32ccc5]
		at org.apache.catalina.util.LifecycleBase.handleSubClassException(LifecycleBase.java:419)
		at org.apache.catalina.util.LifecycleBase.start(LifecycleBase.java:186)
		at org.apache.catalina.core.StandardContext.resourcesStart(StandardContext.java:4575)
		at org.apache.catalina.core.StandardContext.startInternal(StandardContext.java:4708)
		at org.apache.catalina.util.LifecycleBase.start(LifecycleBase.java:171)
		at org.apache.catalina.core.ContainerBase.addChildInternal(ContainerBase.java:683)
		... 35 more
	Caused by: java.lang.IllegalArgumentException: The main resource set specified [C:\Users\abhig\Documents\NetBeansProjects\eventhub\target\eventhub-1.0-SNAPSHOT] is not a directory or war file, or is not readable (it does not exist or permissions to access it are missing)
		at org.apache.catalina.webresources.StandardRoot.createMainResourceSet(StandardRoot.java:749)
		at org.apache.catalina.webresources.StandardRoot.startInternal(StandardRoot.java:707)
		at org.apache.catalina.util.LifecycleBase.start(LifecycleBase.java:171)
		... 39 more
20-Feb-2024 13:04:35.284 INFO [main] org.apache.catalina.startup.HostConfig.deployDescriptor Deployment of deployment descriptor [C:\Users\abhig\Documents\NetBeansProjects\FestaVista\Other\apache-tomcat-9.0.85-windows-x64\apache-tomcat-9.0.85\conf\Catalina\localhost\eventhub.xml] has finished in [129] ms
20-Feb-2024 13:04:35.284 INFO [main] org.apache.catalina.startup.HostConfig.deployDescriptor Deploying deployment descriptor [C:\Users\abhig\Documents\NetBeansProjects\FestaVista\Other\apache-tomcat-9.0.85-windows-x64\apache-tomcat-9.0.85\conf\Catalina\localhost\EventManagement.xml]
20-Feb-2024 13:04:35.287 WARNING [main] org.apache.catalina.startup.HostConfig.deployDescriptor The path attribute with value [/EventManagement] in deployment descriptor [C:\Users\abhig\Documents\NetBeansProjects\FestaVista\Other\apache-tomcat-9.0.85-windows-x64\apache-tomcat-9.0.85\conf\Catalina\localhost\EventManagement.xml] has been ignored
20-Feb-2024 13:04:35.771 INFO [main] org.apache.catalina.startup.HostConfig.deployDescriptor Deployment of deployment descriptor [C:\Users\abhig\Documents\NetBeansProjects\FestaVista\Other\apache-tomcat-9.0.85-windows-x64\apache-tomcat-9.0.85\conf\Catalina\localhost\EventManagement.xml] has finished in [486] ms
20-Feb-2024 13:04:35.771 INFO [main] org.apache.catalina.startup.HostConfig.deployDescriptor Deploying deployment descriptor [C:\Users\abhig\Documents\NetBeansProjects\FestaVista\Other\apache-tomcat-9.0.85-windows-x64\apache-tomcat-9.0.85\conf\Catalina\localhost\FestaVista.xml]
20-Feb-2024 13:04:35.772 WARNING [main] org.apache.catalina.startup.HostConfig.deployDescriptor The path attribute with value [/FestaVista] in deployment descriptor [C:\Users\abhig\Documents\NetBeansProjects\FestaVista\Other\apache-tomcat-9.0.85-windows-x64\apache-tomcat-9.0.85\conf\Catalina\localhost\FestaVista.xml] has been ignored
20-Feb-2024 13:04:36.684 INFO [main] org.apache.jasper.servlet.TldScanner.scanJars At least one JAR was scanned for TLDs yet contained no TLDs. Enable debug logging for this logger for a complete list of JARs that were scanned but no TLDs were found in them. Skipping unneeded JARs during scanning can improve startup time and JSP compilation time.
20-Feb-2024 13:04:36.713 INFO [main] org.apache.catalina.startup.HostConfig.deployDescriptor Deployment of deployment descriptor [C:\Users\abhig\Documents\NetBeansProjects\FestaVista\Other\apache-tomcat-9.0.85-windows-x64\apache-tomcat-9.0.85\conf\Catalina\localhost\FestaVista.xml] has finished in [942] ms
20-Feb-2024 13:04:36.714 INFO [main] org.apache.catalina.startup.HostConfig.deployDescriptor Deploying deployment descriptor [C:\Users\abhig\Documents\NetBeansProjects\FestaVista\Other\apache-tomcat-9.0.85-windows-x64\apache-tomcat-9.0.85\conf\Catalina\localhost\mavenproject1.xml]
20-Feb-2024 13:04:36.715 WARNING [main] org.apache.catalina.startup.HostConfig.deployDescriptor The path attribute with value [/mavenproject1] in deployment descriptor [C:\Users\abhig\Documents\NetBeansProjects\FestaVista\Other\apache-tomcat-9.0.85-windows-x64\apache-tomcat-9.0.85\conf\Catalina\localhost\mavenproject1.xml] has been ignored
20-Feb-2024 13:04:36.722 SEVERE [main] org.apache.catalina.startup.HostConfig.deployDescriptor Error deploying deployment descriptor [C:\Users\abhig\Documents\NetBeansProjects\FestaVista\Other\apache-tomcat-9.0.85-windows-x64\apache-tomcat-9.0.85\conf\Catalina\localhost\mavenproject1.xml]
	java.lang.IllegalStateException: Error starting child
		at org.apache.catalina.core.ContainerBase.addChildInternal(ContainerBase.java:686)
		at org.apache.catalina.core.ContainerBase.addChild(ContainerBase.java:658)
		at org.apache.catalina.core.StandardHost.addChild(StandardHost.java:661)
		at org.apache.catalina.startup.HostConfig.deployDescriptor(HostConfig.java:691)
		at org.apache.catalina.startup.HostConfig$DeployDescriptor.run(HostConfig.java:1897)
		at java.base/java.util.concurrent.Executors$RunnableAdapter.call(Executors.java:572)
		at java.base/java.util.concurrent.FutureTask.run(FutureTask.java:317)
		at org.apache.tomcat.util.threads.InlineExecutorService.execute(InlineExecutorService.java:75)
		at java.base/java.util.concurrent.AbstractExecutorService.submit(AbstractExecutorService.java:123)
		at org.apache.catalina.startup.HostConfig.deployDescriptors(HostConfig.java:584)
		at org.apache.catalina.startup.HostConfig.deployApps(HostConfig.java:474)
		at org.apache.catalina.startup.HostConfig.start(HostConfig.java:1619)
		at org.apache.catalina.startup.HostConfig.lifecycleEvent(HostConfig.java:318)
		at org.apache.catalina.util.LifecycleBase.fireLifecycleEvent(LifecycleBase.java:114)
		at org.apache.catalina.util.LifecycleBase.setStateInternal(LifecycleBase.java:402)
		at org.apache.catalina.util.LifecycleBase.setState(LifecycleBase.java:345)
		at org.apache.catalina.core.ContainerBase.startInternal(ContainerBase.java:893)
		at org.apache.catalina.core.StandardHost.startInternal(StandardHost.java:794)
		at org.apache.catalina.util.LifecycleBase.start(LifecycleBase.java:171)
		at org.apache.catalina.core.ContainerBase$StartChild.call(ContainerBase.java:1332)
		at org.apache.catalina.core.ContainerBase$StartChild.call(ContainerBase.java:1322)
		at java.base/java.util.concurrent.FutureTask.run(FutureTask.java:317)
		at org.apache.tomcat.util.threads.InlineExecutorService.execute(InlineExecutorService.java:75)
		at java.base/java.util.concurrent.AbstractExecutorService.submit(AbstractExecutorService.java:145)
		at org.apache.catalina.core.ContainerBase.startInternal(ContainerBase.java:866)
		at org.apache.catalina.core.StandardEngine.startInternal(StandardEngine.java:248)
		at org.apache.catalina.util.LifecycleBase.start(LifecycleBase.java:171)
		at org.apache.catalina.core.StandardService.startInternal(StandardService.java:433)
		at org.apache.catalina.util.LifecycleBase.start(LifecycleBase.java:171)
		at org.apache.catalina.core.StandardServer.startInternal(StandardServer.java:921)
		at org.apache.catalina.util.LifecycleBase.start(LifecycleBase.java:171)
		at org.apache.catalina.startup.Catalina.start(Catalina.java:772)
		at java.base/jdk.internal.reflect.DirectMethodHandleAccessor.invoke(DirectMethodHandleAccessor.java:103)
		at java.base/java.lang.reflect.Method.invoke(Method.java:580)
		at org.apache.catalina.startup.Bootstrap.start(Bootstrap.java:347)
		at org.apache.catalina.startup.Bootstrap.main(Bootstrap.java:478)
	Caused by: org.apache.catalina.LifecycleException: Failed to start component [org.apache.catalina.webresources.StandardRoot@13e698c7]
		at org.apache.catalina.util.LifecycleBase.handleSubClassException(LifecycleBase.java:419)
		at org.apache.catalina.util.LifecycleBase.start(LifecycleBase.java:186)
		at org.apache.catalina.core.StandardContext.resourcesStart(StandardContext.java:4575)
		at org.apache.catalina.core.StandardContext.startInternal(StandardContext.java:4708)
		at org.apache.catalina.util.LifecycleBase.start(LifecycleBase.java:171)
		at org.apache.catalina.core.ContainerBase.addChildInternal(ContainerBase.java:683)
		... 35 more
	Caused by: java.lang.IllegalArgumentException: The main resource set specified [D:\MCA SEM IV\Project\mavenproject1\target\mavenproject1-1.0-SNAPSHOT] is not a directory or war file, or is not readable (it does not exist or permissions to access it are missing)
		at org.apache.catalina.webresources.StandardRoot.createMainResourceSet(StandardRoot.java:749)
		at org.apache.catalina.webresources.StandardRoot.startInternal(StandardRoot.java:707)
		at org.apache.catalina.util.LifecycleBase.start(LifecycleBase.java:171)
		... 39 more
20-Feb-2024 13:04:36.757 INFO [main] org.apache.catalina.startup.HostConfig.deployDescriptor Deployment of deployment descriptor [C:\Users\abhig\Documents\NetBeansProjects\FestaVista\Other\apache-tomcat-9.0.85-windows-x64\apache-tomcat-9.0.85\conf\Catalina\localhost\mavenproject1.xml] has finished in [44] ms
20-Feb-2024 13:04:36.758 INFO [main] org.apache.catalina.startup.HostConfig.deployDescriptor Deploying deployment descriptor [C:\Users\abhig\Documents\NetBeansProjects\FestaVista\Other\apache-tomcat-9.0.85-windows-x64\apache-tomcat-9.0.85\conf\Catalina\localhost\WebApplication1.xml]
20-Feb-2024 13:04:36.759 WARNING [main] org.apache.catalina.startup.HostConfig.deployDescriptor The path attribute with value [/WebApplication1] in deployment descriptor [C:\Users\abhig\Documents\NetBeansProjects\FestaVista\Other\apache-tomcat-9.0.85-windows-x64\apache-tomcat-9.0.85\conf\Catalina\localhost\WebApplication1.xml] has been ignored
20-Feb-2024 13:04:37.412 INFO [main] org.apache.jasper.servlet.TldScanner.scanJars At least one JAR was scanned for TLDs yet contained no TLDs. Enable debug logging for this logger for a complete list of JARs that were scanned but no TLDs were found in them. Skipping unneeded JARs during scanning can improve startup time and JSP compilation time.
20-Feb-2024 13:04:37.413 INFO [main] org.apache.catalina.startup.HostConfig.deployDescriptor Deployment of deployment descriptor [C:\Users\abhig\Documents\NetBeansProjects\FestaVista\Other\apache-tomcat-9.0.85-windows-x64\apache-tomcat-9.0.85\conf\Catalina\localhost\WebApplication1.xml] has finished in [655] ms
20-Feb-2024 13:04:37.413 INFO [main] org.apache.catalina.startup.HostConfig.deployDescriptor Deploying deployment descriptor [C:\Users\abhig\Documents\NetBeansProjects\FestaVista\Other\apache-tomcat-9.0.85-windows-x64\apache-tomcat-9.0.85\conf\Catalina\localhost\WebApplication2.xml]
20-Feb-2024 13:04:37.413 WARNING [main] org.apache.catalina.startup.HostConfig.deployDescriptor The path attribute with value [/WebApplication2] in deployment descriptor [C:\Users\abhig\Documents\NetBeansProjects\FestaVista\Other\apache-tomcat-9.0.85-windows-x64\apache-tomcat-9.0.85\conf\Catalina\localhost\WebApplication2.xml] has been ignored
20-Feb-2024 13:04:37.478 INFO [main] org.apache.catalina.startup.HostConfig.deployDescriptor Deployment of deployment descriptor [C:\Users\abhig\Documents\NetBeansProjects\FestaVista\Other\apache-tomcat-9.0.85-windows-x64\apache-tomcat-9.0.85\conf\Catalina\localhost\WebApplication2.xml] has finished in [65] ms
20-Feb-2024 13:04:37.479 INFO [main] org.apache.catalina.startup.HostConfig.deployDirectory Deploying web application directory [C:\Users\abhig\Documents\NetBeansProjects\FestaVista\Other\apache-tomcat-9.0.85-windows-x64\apache-tomcat-9.0.85\webapps\docs]
20-Feb-2024 13:04:37.558 INFO [main] org.apache.catalina.startup.HostConfig.deployDirectory Deployment of web application directory [C:\Users\abhig\Documents\NetBeansProjects\FestaVista\Other\apache-tomcat-9.0.85-windows-x64\apache-tomcat-9.0.85\webapps\docs] has finished in [79] ms
20-Feb-2024 13:04:37.559 INFO [main] org.apache.catalina.startup.HostConfig.deployDirectory Deploying web application directory [C:\Users\abhig\Documents\NetBeansProjects\FestaVista\Other\apache-tomcat-9.0.85-windows-x64\apache-tomcat-9.0.85\webapps\examples]
20-Feb-2024 13:04:38.426 INFO [main] org.apache.catalina.startup.HostConfig.deployDirectory Deployment of web application directory [C:\Users\abhig\Documents\NetBeansProjects\FestaVista\Other\apache-tomcat-9.0.85-windows-x64\apache-tomcat-9.0.85\webapps\examples] has finished in [867] ms
20-Feb-2024 13:04:38.426 INFO [main] org.apache.catalina.startup.HostConfig.deployDirectory Deploying web application directory [C:\Users\abhig\Documents\NetBeansProjects\FestaVista\Other\apache-tomcat-9.0.85-windows-x64\apache-tomcat-9.0.85\webapps\host-manager]
20-Feb-2024 13:04:38.513 INFO [main] org.apache.catalina.startup.HostConfig.deployDirectory Deployment of web application directory [C:\Users\abhig\Documents\NetBeansProjects\FestaVista\Other\apache-tomcat-9.0.85-windows-x64\apache-tomcat-9.0.85\webapps\host-manager] has finished in [86] ms
20-Feb-2024 13:04:38.513 INFO [main] org.apache.catalina.startup.HostConfig.deployDirectory Deploying web application directory [C:\Users\abhig\Documents\NetBeansProjects\FestaVista\Other\apache-tomcat-9.0.85-windows-x64\apache-tomcat-9.0.85\webapps\manager]
20-Feb-2024 13:04:38.581 INFO [main] org.apache.catalina.startup.HostConfig.deployDirectory Deployment of web application directory [C:\Users\abhig\Documents\NetBeansProjects\FestaVista\Other\apache-tomcat-9.0.85-windows-x64\apache-tomcat-9.0.85\webapps\manager] has finished in [68] ms
20-Feb-2024 13:04:38.582 INFO [main] org.apache.catalina.startup.HostConfig.deployDirectory Deploying web application directory [C:\Users\abhig\Documents\NetBeansProjects\FestaVista\Other\apache-tomcat-9.0.85-windows-x64\apache-tomcat-9.0.85\webapps\ROOT]
20-Feb-2024 13:04:38.632 INFO [main] org.apache.catalina.startup.HostConfig.deployDirectory Deployment of web application directory [C:\Users\abhig\Documents\NetBeansProjects\FestaVista\Other\apache-tomcat-9.0.85-windows-x64\apache-tomcat-9.0.85\webapps\ROOT] has finished in [50] ms
20-Feb-2024 13:04:38.638 INFO [main] org.apache.coyote.AbstractProtocol.start Starting ProtocolHandler ["http-nio-8080"]
20-Feb-2024 13:04:38.691 INFO [main] org.apache.catalina.startup.Catalina.start Server startup in [3633] milliseconds
20-Feb-2024 13:04:41.962 INFO [http-nio-8080-exec-10] org.apache.catalina.core.StandardContext.reload Reloading Context with name [/FestaVista] has started
20-Feb-2024 13:04:42.738 INFO [http-nio-8080-exec-10] org.apache.jasper.servlet.TldScanner.scanJars At least one JAR was scanned for TLDs yet contained no TLDs. Enable debug logging for this logger for a complete list of JARs that were scanned but no TLDs were found in them. Skipping unneeded JARs during scanning can improve startup time and JSP compilation time.
20-Feb-2024 13:04:42.743 INFO [http-nio-8080-exec-10] org.apache.catalina.core.StandardContext.reload Reloading Context with name [/FestaVista] is completed
20-Feb-2024 16:19:31.645 INFO [main] org.apache.catalina.core.StandardServer.await A valid shutdown command was received via the shutdown port. Stopping the Server instance.
20-Feb-2024 16:19:31.646 INFO [main] org.apache.coyote.AbstractProtocol.pause Pausing ProtocolHandler ["http-nio-8080"]
20-Feb-2024 16:19:31.653 INFO [main] org.apache.catalina.core.StandardService.stopInternal Stopping service [Catalina]
20-Feb-2024 16:19:31.666 WARNING [main] org.apache.catalina.loader.WebappClassLoaderBase.clearReferencesJdbc The web application [FestaVista] registered the JDBC driver [com.mysql.cj.jdbc.Driver] but failed to unregister it when the web application was stopped. To prevent a memory leak, the JDBC Driver has been forcibly unregistered.
20-Feb-2024 16:19:31.668 WARNING [main] org.apache.catalina.loader.WebappClassLoaderBase.clearReferencesThreads The web application [FestaVista] appears to have started a thread named [mysql-cj-abandoned-connection-cleanup] but has failed to stop it. This is very likely to create a memory leak. Stack trace of thread:
 java.base/jdk.internal.misc.Unsafe.park(Native Method)
 java.base/java.util.concurrent.locks.LockSupport.parkNanos(LockSupport.java:269)
 java.base/java.util.concurrent.locks.AbstractQueuedSynchronizer$ConditionObject.await(AbstractQueuedSynchronizer.java:1847)
 java.base/java.lang.ref.ReferenceQueue.await(ReferenceQueue.java:71)
 java.base/java.lang.ref.ReferenceQueue.remove0(ReferenceQueue.java:143)
 java.base/java.lang.ref.ReferenceQueue.remove(ReferenceQueue.java:218)
 com.mysql.cj.jdbc.AbandonedConnectionCleanupThread.run(AbandonedConnectionCleanupThread.java:93)
 java.base/java.util.concurrent.ThreadPoolExecutor.runWorker(ThreadPoolExecutor.java:1144)
 java.base/java.util.concurrent.ThreadPoolExecutor$Worker.run(ThreadPoolExecutor.java:642)
 java.base/java.lang.Thread.run(Thread.java:1583)
20-Feb-2024 16:19:31.693 INFO [main] org.apache.coyote.AbstractProtocol.stop Stopping ProtocolHandler ["http-nio-8080"]
20-Feb-2024 16:19:31.701 INFO [main] org.apache.coyote.AbstractProtocol.destroy Destroying ProtocolHandler ["http-nio-8080"]
20-Feb-2024 16:19:35.557 INFO [main] org.apache.catalina.startup.VersionLoggerListener.log Server version name:   Apache Tomcat/9.0.85
20-Feb-2024 16:19:35.564 INFO [main] org.apache.catalina.startup.VersionLoggerListener.log Server built:          Jan 5 2024 08:28:07 UTC
20-Feb-2024 16:19:35.564 INFO [main] org.apache.catalina.startup.VersionLoggerListener.log Server version number: 9.0.85.0
20-Feb-2024 16:19:35.564 INFO [main] org.apache.catalina.startup.VersionLoggerListener.log OS Name:               Windows 11
20-Feb-2024 16:19:35.564 INFO [main] org.apache.catalina.startup.VersionLoggerListener.log OS Version:            10.0
20-Feb-2024 16:19:35.564 INFO [main] org.apache.catalina.startup.VersionLoggerListener.log Architecture:          amd64
20-Feb-2024 16:19:35.565 INFO [main] org.apache.catalina.startup.VersionLoggerListener.log Java Home:             C:\Program Files\Java\jdk-21
20-Feb-2024 16:19:35.565 INFO [main] org.apache.catalina.startup.VersionLoggerListener.log JVM Version:           21.0.2+13-LTS-58
20-Feb-2024 16:19:35.566 INFO [main] org.apache.catalina.startup.VersionLoggerListener.log JVM Vendor:            Oracle Corporation
20-Feb-2024 16:19:35.566 INFO [main] org.apache.catalina.startup.VersionLoggerListener.log CATALINA_BASE:         C:\Users\abhig\Documents\NetBeansProjects\FestaVista\Other\apache-tomcat-9.0.85-windows-x64\apache-tomcat-9.0.85
20-Feb-2024 16:19:35.566 INFO [main] org.apache.catalina.startup.VersionLoggerListener.log CATALINA_HOME:         C:\Users\abhig\Documents\NetBeansProjects\FestaVista\Other\apache-tomcat-9.0.85-windows-x64\apache-tomcat-9.0.85
20-Feb-2024 16:19:35.594 INFO [main] org.apache.catalina.startup.VersionLoggerListener.log Command line argument: --add-opens=java.base/java.lang=ALL-UNNAMED
20-Feb-2024 16:19:35.595 INFO [main] org.apache.catalina.startup.VersionLoggerListener.log Command line argument: --add-opens=java.base/java.io=ALL-UNNAMED
20-Feb-2024 16:19:35.596 INFO [main] org.apache.catalina.startup.VersionLoggerListener.log Command line argument: --add-opens=java.base/java.util=ALL-UNNAMED
20-Feb-2024 16:19:35.596 INFO [main] org.apache.catalina.startup.VersionLoggerListener.log Command line argument: --add-opens=java.base/java.util.concurrent=ALL-UNNAMED
20-Feb-2024 16:19:35.596 INFO [main] org.apache.catalina.startup.VersionLoggerListener.log Command line argument: --add-opens=java.rmi/sun.rmi.transport=ALL-UNNAMED
20-Feb-2024 16:19:35.596 INFO [main] org.apache.catalina.startup.VersionLoggerListener.log Command line argument: -Djava.util.logging.config.file=C:\Users\abhig\Documents\NetBeansProjects\FestaVista\Other\apache-tomcat-9.0.85-windows-x64\apache-tomcat-9.0.85\conf\logging.properties
20-Feb-2024 16:19:35.596 INFO [main] org.apache.catalina.startup.VersionLoggerListener.log Command line argument: -Djava.util.logging.manager=org.apache.juli.ClassLoaderLogManager
20-Feb-2024 16:19:35.596 INFO [main] org.apache.catalina.startup.VersionLoggerListener.log Command line argument: -Djdk.tls.ephemeralDHKeySize=2048
20-Feb-2024 16:19:35.597 INFO [main] org.apache.catalina.startup.VersionLoggerListener.log Command line argument: -Djava.protocol.handler.pkgs=org.apache.catalina.webresources
20-Feb-2024 16:19:35.597 INFO [main] org.apache.catalina.startup.VersionLoggerListener.log Command line argument: -agentlib:jdwp=transport=dt_shmem,address=tomcat_shared_memory_id,server=y,suspend=n
20-Feb-2024 16:19:35.597 INFO [main] org.apache.catalina.startup.VersionLoggerListener.log Command line argument: -Dignore.endorsed.dirs=
20-Feb-2024 16:19:35.597 INFO [main] org.apache.catalina.startup.VersionLoggerListener.log Command line argument: -Dcatalina.base=C:\Users\abhig\Documents\NetBeansProjects\FestaVista\Other\apache-tomcat-9.0.85-windows-x64\apache-tomcat-9.0.85
20-Feb-2024 16:19:35.597 INFO [main] org.apache.catalina.startup.VersionLoggerListener.log Command line argument: -Dcatalina.home=C:\Users\abhig\Documents\NetBeansProjects\FestaVista\Other\apache-tomcat-9.0.85-windows-x64\apache-tomcat-9.0.85
20-Feb-2024 16:19:35.597 INFO [main] org.apache.catalina.startup.VersionLoggerListener.log Command line argument: -Djava.io.tmpdir=C:\Users\abhig\Documents\NetBeansProjects\FestaVista\Other\apache-tomcat-9.0.85-windows-x64\apache-tomcat-9.0.85\temp
20-Feb-2024 16:19:35.679 INFO [main] org.apache.catalina.core.AprLifecycleListener.lifecycleEvent Loaded Apache Tomcat Native library [1.2.39] using APR version [1.7.4].
20-Feb-2024 16:19:35.679 INFO [main] org.apache.catalina.core.AprLifecycleListener.lifecycleEvent APR capabilities: IPv6 [true], sendfile [true], accept filters [false], random [true], UDS [true].
20-Feb-2024 16:19:35.679 INFO [main] org.apache.catalina.core.AprLifecycleListener.lifecycleEvent APR/OpenSSL configuration: useAprConnector [false], useOpenSSL [true]
20-Feb-2024 16:19:35.681 INFO [main] org.apache.catalina.core.AprLifecycleListener.initializeSSL OpenSSL successfully initialized [OpenSSL 3.0.11 19 Sep 2023]
20-Feb-2024 16:19:36.287 INFO [main] org.apache.coyote.AbstractProtocol.init Initializing ProtocolHandler ["http-nio-8080"]
20-Feb-2024 16:19:36.330 INFO [main] org.apache.catalina.startup.Catalina.load Server initialization in [1099] milliseconds
20-Feb-2024 16:19:36.430 INFO [main] org.apache.catalina.core.StandardService.startInternal Starting service [Catalina]
20-Feb-2024 16:19:36.430 INFO [main] org.apache.catalina.core.StandardEngine.startInternal Starting Servlet engine: [Apache Tomcat/9.0.85]
20-Feb-2024 16:19:36.447 INFO [main] org.apache.catalina.startup.HostConfig.deployDescriptor Deploying deployment descriptor [C:\Users\abhig\Documents\NetBeansProjects\FestaVista\Other\apache-tomcat-9.0.85-windows-x64\apache-tomcat-9.0.85\conf\Catalina\localhost\eventhub.xml]
20-Feb-2024 16:19:36.473 WARNING [main] org.apache.catalina.startup.HostConfig.deployDescriptor The path attribute with value [/eventhub] in deployment descriptor [C:\Users\abhig\Documents\NetBeansProjects\FestaVista\Other\apache-tomcat-9.0.85-windows-x64\apache-tomcat-9.0.85\conf\Catalina\localhost\eventhub.xml] has been ignored
20-Feb-2024 16:19:36.537 SEVERE [main] org.apache.catalina.startup.HostConfig.deployDescriptor Error deploying deployment descriptor [C:\Users\abhig\Documents\NetBeansProjects\FestaVista\Other\apache-tomcat-9.0.85-windows-x64\apache-tomcat-9.0.85\conf\Catalina\localhost\eventhub.xml]
	java.lang.IllegalStateException: Error starting child
		at org.apache.catalina.core.ContainerBase.addChildInternal(ContainerBase.java:686)
		at org.apache.catalina.core.ContainerBase.addChild(ContainerBase.java:658)
		at org.apache.catalina.core.StandardHost.addChild(StandardHost.java:661)
		at org.apache.catalina.startup.HostConfig.deployDescriptor(HostConfig.java:691)
		at org.apache.catalina.startup.HostConfig$DeployDescriptor.run(HostConfig.java:1897)
		at java.base/java.util.concurrent.Executors$RunnableAdapter.call(Executors.java:572)
		at java.base/java.util.concurrent.FutureTask.run(FutureTask.java:317)
		at org.apache.tomcat.util.threads.InlineExecutorService.execute(InlineExecutorService.java:75)
		at java.base/java.util.concurrent.AbstractExecutorService.submit(AbstractExecutorService.java:123)
		at org.apache.catalina.startup.HostConfig.deployDescriptors(HostConfig.java:584)
		at org.apache.catalina.startup.HostConfig.deployApps(HostConfig.java:474)
		at org.apache.catalina.startup.HostConfig.start(HostConfig.java:1619)
		at org.apache.catalina.startup.HostConfig.lifecycleEvent(HostConfig.java:318)
		at org.apache.catalina.util.LifecycleBase.fireLifecycleEvent(LifecycleBase.java:114)
		at org.apache.catalina.util.LifecycleBase.setStateInternal(LifecycleBase.java:402)
		at org.apache.catalina.util.LifecycleBase.setState(LifecycleBase.java:345)
		at org.apache.catalina.core.ContainerBase.startInternal(ContainerBase.java:893)
		at org.apache.catalina.core.StandardHost.startInternal(StandardHost.java:794)
		at org.apache.catalina.util.LifecycleBase.start(LifecycleBase.java:171)
		at org.apache.catalina.core.ContainerBase$StartChild.call(ContainerBase.java:1332)
		at org.apache.catalina.core.ContainerBase$StartChild.call(ContainerBase.java:1322)
		at java.base/java.util.concurrent.FutureTask.run(FutureTask.java:317)
		at org.apache.tomcat.util.threads.InlineExecutorService.execute(InlineExecutorService.java:75)
		at java.base/java.util.concurrent.AbstractExecutorService.submit(AbstractExecutorService.java:145)
		at org.apache.catalina.core.ContainerBase.startInternal(ContainerBase.java:866)
		at org.apache.catalina.core.StandardEngine.startInternal(StandardEngine.java:248)
		at org.apache.catalina.util.LifecycleBase.start(LifecycleBase.java:171)
		at org.apache.catalina.core.StandardService.startInternal(StandardService.java:433)
		at org.apache.catalina.util.LifecycleBase.start(LifecycleBase.java:171)
		at org.apache.catalina.core.StandardServer.startInternal(StandardServer.java:921)
		at org.apache.catalina.util.LifecycleBase.start(LifecycleBase.java:171)
		at org.apache.catalina.startup.Catalina.start(Catalina.java:772)
		at java.base/jdk.internal.reflect.DirectMethodHandleAccessor.invoke(DirectMethodHandleAccessor.java:103)
		at java.base/java.lang.reflect.Method.invoke(Method.java:580)
		at org.apache.catalina.startup.Bootstrap.start(Bootstrap.java:347)
		at org.apache.catalina.startup.Bootstrap.main(Bootstrap.java:478)
	Caused by: org.apache.catalina.LifecycleException: Failed to start component [org.apache.catalina.webresources.StandardRoot@4af0df05]
		at org.apache.catalina.util.LifecycleBase.handleSubClassException(LifecycleBase.java:419)
		at org.apache.catalina.util.LifecycleBase.start(LifecycleBase.java:186)
		at org.apache.catalina.core.StandardContext.resourcesStart(StandardContext.java:4575)
		at org.apache.catalina.core.StandardContext.startInternal(StandardContext.java:4708)
		at org.apache.catalina.util.LifecycleBase.start(LifecycleBase.java:171)
		at org.apache.catalina.core.ContainerBase.addChildInternal(ContainerBase.java:683)
		... 35 more
	Caused by: java.lang.IllegalArgumentException: The main resource set specified [C:\Users\abhig\Documents\NetBeansProjects\eventhub\target\eventhub-1.0-SNAPSHOT] is not a directory or war file, or is not readable (it does not exist or permissions to access it are missing)
		at org.apache.catalina.webresources.StandardRoot.createMainResourceSet(StandardRoot.java:749)
		at org.apache.catalina.webresources.StandardRoot.startInternal(StandardRoot.java:707)
		at org.apache.catalina.util.LifecycleBase.start(LifecycleBase.java:171)
		... 39 more
20-Feb-2024 16:19:36.578 INFO [main] org.apache.catalina.startup.HostConfig.deployDescriptor Deployment of deployment descriptor [C:\Users\abhig\Documents\NetBeansProjects\FestaVista\Other\apache-tomcat-9.0.85-windows-x64\apache-tomcat-9.0.85\conf\Catalina\localhost\eventhub.xml] has finished in [130] ms
20-Feb-2024 16:19:36.578 INFO [main] org.apache.catalina.startup.HostConfig.deployDescriptor Deploying deployment descriptor [C:\Users\abhig\Documents\NetBeansProjects\FestaVista\Other\apache-tomcat-9.0.85-windows-x64\apache-tomcat-9.0.85\conf\Catalina\localhost\EventManagement.xml]
20-Feb-2024 16:19:36.581 WARNING [main] org.apache.catalina.startup.HostConfig.deployDescriptor The path attribute with value [/EventManagement] in deployment descriptor [C:\Users\abhig\Documents\NetBeansProjects\FestaVista\Other\apache-tomcat-9.0.85-windows-x64\apache-tomcat-9.0.85\conf\Catalina\localhost\EventManagement.xml] has been ignored
20-Feb-2024 16:19:37.115 INFO [main] org.apache.catalina.startup.HostConfig.deployDescriptor Deployment of deployment descriptor [C:\Users\abhig\Documents\NetBeansProjects\FestaVista\Other\apache-tomcat-9.0.85-windows-x64\apache-tomcat-9.0.85\conf\Catalina\localhost\EventManagement.xml] has finished in [537] ms
20-Feb-2024 16:19:37.119 INFO [main] org.apache.catalina.startup.HostConfig.deployDescriptor Deploying deployment descriptor [C:\Users\abhig\Documents\NetBeansProjects\FestaVista\Other\apache-tomcat-9.0.85-windows-x64\apache-tomcat-9.0.85\conf\Catalina\localhost\FestaVista.xml]
20-Feb-2024 16:19:37.127 WARNING [main] org.apache.catalina.startup.HostConfig.deployDescriptor The path attribute with value [/FestaVista] in deployment descriptor [C:\Users\abhig\Documents\NetBeansProjects\FestaVista\Other\apache-tomcat-9.0.85-windows-x64\apache-tomcat-9.0.85\conf\Catalina\localhost\FestaVista.xml] has been ignored
20-Feb-2024 16:19:37.953 INFO [main] org.apache.jasper.servlet.TldScanner.scanJars At least one JAR was scanned for TLDs yet contained no TLDs. Enable debug logging for this logger for a complete list of JARs that were scanned but no TLDs were found in them. Skipping unneeded JARs during scanning can improve startup time and JSP compilation time.
20-Feb-2024 16:19:37.986 INFO [main] org.apache.catalina.startup.HostConfig.deployDescriptor Deployment of deployment descriptor [C:\Users\abhig\Documents\NetBeansProjects\FestaVista\Other\apache-tomcat-9.0.85-windows-x64\apache-tomcat-9.0.85\conf\Catalina\localhost\FestaVista.xml] has finished in [866] ms
20-Feb-2024 16:19:37.986 INFO [main] org.apache.catalina.startup.HostConfig.deployDescriptor Deploying deployment descriptor [C:\Users\abhig\Documents\NetBeansProjects\FestaVista\Other\apache-tomcat-9.0.85-windows-x64\apache-tomcat-9.0.85\conf\Catalina\localhost\mavenproject1.xml]
20-Feb-2024 16:19:37.988 WARNING [main] org.apache.catalina.startup.HostConfig.deployDescriptor The path attribute with value [/mavenproject1] in deployment descriptor [C:\Users\abhig\Documents\NetBeansProjects\FestaVista\Other\apache-tomcat-9.0.85-windows-x64\apache-tomcat-9.0.85\conf\Catalina\localhost\mavenproject1.xml] has been ignored
20-Feb-2024 16:19:38.004 SEVERE [main] org.apache.catalina.startup.HostConfig.deployDescriptor Error deploying deployment descriptor [C:\Users\abhig\Documents\NetBeansProjects\FestaVista\Other\apache-tomcat-9.0.85-windows-x64\apache-tomcat-9.0.85\conf\Catalina\localhost\mavenproject1.xml]
	java.lang.IllegalStateException: Error starting child
		at org.apache.catalina.core.ContainerBase.addChildInternal(ContainerBase.java:686)
		at org.apache.catalina.core.ContainerBase.addChild(ContainerBase.java:658)
		at org.apache.catalina.core.StandardHost.addChild(StandardHost.java:661)
		at org.apache.catalina.startup.HostConfig.deployDescriptor(HostConfig.java:691)
		at org.apache.catalina.startup.HostConfig$DeployDescriptor.run(HostConfig.java:1897)
		at java.base/java.util.concurrent.Executors$RunnableAdapter.call(Executors.java:572)
		at java.base/java.util.concurrent.FutureTask.run(FutureTask.java:317)
		at org.apache.tomcat.util.threads.InlineExecutorService.execute(InlineExecutorService.java:75)
		at java.base/java.util.concurrent.AbstractExecutorService.submit(AbstractExecutorService.java:123)
		at org.apache.catalina.startup.HostConfig.deployDescriptors(HostConfig.java:584)
		at org.apache.catalina.startup.HostConfig.deployApps(HostConfig.java:474)
		at org.apache.catalina.startup.HostConfig.start(HostConfig.java:1619)
		at org.apache.catalina.startup.HostConfig.lifecycleEvent(HostConfig.java:318)
		at org.apache.catalina.util.LifecycleBase.fireLifecycleEvent(LifecycleBase.java:114)
		at org.apache.catalina.util.LifecycleBase.setStateInternal(LifecycleBase.java:402)
		at org.apache.catalina.util.LifecycleBase.setState(LifecycleBase.java:345)
		at org.apache.catalina.core.ContainerBase.startInternal(ContainerBase.java:893)
		at org.apache.catalina.core.StandardHost.startInternal(StandardHost.java:794)
		at org.apache.catalina.util.LifecycleBase.start(LifecycleBase.java:171)
		at org.apache.catalina.core.ContainerBase$StartChild.call(ContainerBase.java:1332)
		at org.apache.catalina.core.ContainerBase$StartChild.call(ContainerBase.java:1322)
		at java.base/java.util.concurrent.FutureTask.run(FutureTask.java:317)
		at org.apache.tomcat.util.threads.InlineExecutorService.execute(InlineExecutorService.java:75)
		at java.base/java.util.concurrent.AbstractExecutorService.submit(AbstractExecutorService.java:145)
		at org.apache.catalina.core.ContainerBase.startInternal(ContainerBase.java:866)
		at org.apache.catalina.core.StandardEngine.startInternal(StandardEngine.java:248)
		at org.apache.catalina.util.LifecycleBase.start(LifecycleBase.java:171)
		at org.apache.catalina.core.StandardService.startInternal(StandardService.java:433)
		at org.apache.catalina.util.LifecycleBase.start(LifecycleBase.java:171)
		at org.apache.catalina.core.StandardServer.startInternal(StandardServer.java:921)
		at org.apache.catalina.util.LifecycleBase.start(LifecycleBase.java:171)
		at org.apache.catalina.startup.Catalina.start(Catalina.java:772)
		at java.base/jdk.internal.reflect.DirectMethodHandleAccessor.invoke(DirectMethodHandleAccessor.java:103)
		at java.base/java.lang.reflect.Method.invoke(Method.java:580)
		at org.apache.catalina.startup.Bootstrap.start(Bootstrap.java:347)
		at org.apache.catalina.startup.Bootstrap.main(Bootstrap.java:478)
	Caused by: org.apache.catalina.LifecycleException: Failed to start component [org.apache.catalina.webresources.StandardRoot@4a5905d9]
		at org.apache.catalina.util.LifecycleBase.handleSubClassException(LifecycleBase.java:419)
		at org.apache.catalina.util.LifecycleBase.start(LifecycleBase.java:186)
		at org.apache.catalina.core.StandardContext.resourcesStart(StandardContext.java:4575)
		at org.apache.catalina.core.StandardContext.startInternal(StandardContext.java:4708)
		at org.apache.catalina.util.LifecycleBase.start(LifecycleBase.java:171)
		at org.apache.catalina.core.ContainerBase.addChildInternal(ContainerBase.java:683)
		... 35 more
	Caused by: java.lang.IllegalArgumentException: The main resource set specified [D:\MCA SEM IV\Project\mavenproject1\target\mavenproject1-1.0-SNAPSHOT] is not a directory or war file, or is not readable (it does not exist or permissions to access it are missing)
		at org.apache.catalina.webresources.StandardRoot.createMainResourceSet(StandardRoot.java:749)
		at org.apache.catalina.webresources.StandardRoot.startInternal(StandardRoot.java:707)
		at org.apache.catalina.util.LifecycleBase.start(LifecycleBase.java:171)
		... 39 more
20-Feb-2024 16:19:38.026 INFO [main] org.apache.catalina.startup.HostConfig.deployDescriptor Deployment of deployment descriptor [C:\Users\abhig\Documents\NetBeansProjects\FestaVista\Other\apache-tomcat-9.0.85-windows-x64\apache-tomcat-9.0.85\conf\Catalina\localhost\mavenproject1.xml] has finished in [40] ms
20-Feb-2024 16:19:38.027 INFO [main] org.apache.catalina.startup.HostConfig.deployDescriptor Deploying deployment descriptor [C:\Users\abhig\Documents\NetBeansProjects\FestaVista\Other\apache-tomcat-9.0.85-windows-x64\apache-tomcat-9.0.85\conf\Catalina\localhost\WebApplication1.xml]
20-Feb-2024 16:19:38.032 WARNING [main] org.apache.catalina.startup.HostConfig.deployDescriptor The path attribute with value [/WebApplication1] in deployment descriptor [C:\Users\abhig\Documents\NetBeansProjects\FestaVista\Other\apache-tomcat-9.0.85-windows-x64\apache-tomcat-9.0.85\conf\Catalina\localhost\WebApplication1.xml] has been ignored
20-Feb-2024 16:19:38.659 INFO [main] org.apache.jasper.servlet.TldScanner.scanJars At least one JAR was scanned for TLDs yet contained no TLDs. Enable debug logging for this logger for a complete list of JARs that were scanned but no TLDs were found in them. Skipping unneeded JARs during scanning can improve startup time and JSP compilation time.
20-Feb-2024 16:19:38.666 INFO [main] org.apache.catalina.startup.HostConfig.deployDescriptor Deployment of deployment descriptor [C:\Users\abhig\Documents\NetBeansProjects\FestaVista\Other\apache-tomcat-9.0.85-windows-x64\apache-tomcat-9.0.85\conf\Catalina\localhost\WebApplication1.xml] has finished in [638] ms
20-Feb-2024 16:19:38.666 INFO [main] org.apache.catalina.startup.HostConfig.deployDescriptor Deploying deployment descriptor [C:\Users\abhig\Documents\NetBeansProjects\FestaVista\Other\apache-tomcat-9.0.85-windows-x64\apache-tomcat-9.0.85\conf\Catalina\localhost\WebApplication2.xml]
20-Feb-2024 16:19:38.668 WARNING [main] org.apache.catalina.startup.HostConfig.deployDescriptor The path attribute with value [/WebApplication2] in deployment descriptor [C:\Users\abhig\Documents\NetBeansProjects\FestaVista\Other\apache-tomcat-9.0.85-windows-x64\apache-tomcat-9.0.85\conf\Catalina\localhost\WebApplication2.xml] has been ignored
20-Feb-2024 16:19:38.718 INFO [main] org.apache.catalina.startup.HostConfig.deployDescriptor Deployment of deployment descriptor [C:\Users\abhig\Documents\NetBeansProjects\FestaVista\Other\apache-tomcat-9.0.85-windows-x64\apache-tomcat-9.0.85\conf\Catalina\localhost\WebApplication2.xml] has finished in [52] ms
20-Feb-2024 16:19:38.719 INFO [main] org.apache.catalina.startup.HostConfig.deployDirectory Deploying web application directory [C:\Users\abhig\Documents\NetBeansProjects\FestaVista\Other\apache-tomcat-9.0.85-windows-x64\apache-tomcat-9.0.85\webapps\docs]
20-Feb-2024 16:19:38.792 INFO [main] org.apache.catalina.startup.HostConfig.deployDirectory Deployment of web application directory [C:\Users\abhig\Documents\NetBeansProjects\FestaVista\Other\apache-tomcat-9.0.85-windows-x64\apache-tomcat-9.0.85\webapps\docs] has finished in [72] ms
20-Feb-2024 16:19:38.792 INFO [main] org.apache.catalina.startup.HostConfig.deployDirectory Deploying web application directory [C:\Users\abhig\Documents\NetBeansProjects\FestaVista\Other\apache-tomcat-9.0.85-windows-x64\apache-tomcat-9.0.85\webapps\examples]
20-Feb-2024 16:19:39.756 INFO [main] org.apache.catalina.startup.HostConfig.deployDirectory Deployment of web application directory [C:\Users\abhig\Documents\NetBeansProjects\FestaVista\Other\apache-tomcat-9.0.85-windows-x64\apache-tomcat-9.0.85\webapps\examples] has finished in [964] ms
20-Feb-2024 16:19:39.757 INFO [main] org.apache.catalina.startup.HostConfig.deployDirectory Deploying web application directory [C:\Users\abhig\Documents\NetBeansProjects\FestaVista\Other\apache-tomcat-9.0.85-windows-x64\apache-tomcat-9.0.85\webapps\host-manager]
20-Feb-2024 16:19:39.841 INFO [main] org.apache.catalina.startup.HostConfig.deployDirectory Deployment of web application directory [C:\Users\abhig\Documents\NetBeansProjects\FestaVista\Other\apache-tomcat-9.0.85-windows-x64\apache-tomcat-9.0.85\webapps\host-manager] has finished in [83] ms
20-Feb-2024 16:19:39.842 INFO [main] org.apache.catalina.startup.HostConfig.deployDirectory Deploying web application directory [C:\Users\abhig\Documents\NetBeansProjects\FestaVista\Other\apache-tomcat-9.0.85-windows-x64\apache-tomcat-9.0.85\webapps\manager]
20-Feb-2024 16:19:39.939 INFO [main] org.apache.catalina.startup.HostConfig.deployDirectory Deployment of web application directory [C:\Users\abhig\Documents\NetBeansProjects\FestaVista\Other\apache-tomcat-9.0.85-windows-x64\apache-tomcat-9.0.85\webapps\manager] has finished in [97] ms
20-Feb-2024 16:19:39.940 INFO [main] org.apache.catalina.startup.HostConfig.deployDirectory Deploying web application directory [C:\Users\abhig\Documents\NetBeansProjects\FestaVista\Other\apache-tomcat-9.0.85-windows-x64\apache-tomcat-9.0.85\webapps\ROOT]
20-Feb-2024 16:19:39.988 INFO [main] org.apache.catalina.startup.HostConfig.deployDirectory Deployment of web application directory [C:\Users\abhig\Documents\NetBeansProjects\FestaVista\Other\apache-tomcat-9.0.85-windows-x64\apache-tomcat-9.0.85\webapps\ROOT] has finished in [48] ms
20-Feb-2024 16:19:39.994 INFO [main] org.apache.coyote.AbstractProtocol.start Starting ProtocolHandler ["http-nio-8080"]
20-Feb-2024 16:19:40.038 INFO [main] org.apache.catalina.startup.Catalina.start Server startup in [3705] milliseconds
20-Feb-2024 16:19:41.777 INFO [http-nio-8080-exec-1] org.apache.catalina.startup.HostConfig.undeploy Undeploying context [/FestaVista]
20-Feb-2024 16:19:41.836 INFO [http-nio-8080-exec-5] org.apache.catalina.startup.HostConfig.deployDescriptor Deploying deployment descriptor [C:\Users\abhig\Documents\NetBeansProjects\FestaVista\Other\apache-tomcat-9.0.85-windows-x64\apache-tomcat-9.0.85\conf\Catalina\localhost\FestaVista.xml]
20-Feb-2024 16:19:41.837 WARNING [http-nio-8080-exec-5] org.apache.catalina.startup.HostConfig.deployDescriptor The path attribute with value [/FestaVista] in deployment descriptor [C:\Users\abhig\Documents\NetBeansProjects\FestaVista\Other\apache-tomcat-9.0.85-windows-x64\apache-tomcat-9.0.85\conf\Catalina\localhost\FestaVista.xml] has been ignored
20-Feb-2024 16:19:42.616 INFO [http-nio-8080-exec-5] org.apache.jasper.servlet.TldScanner.scanJars At least one JAR was scanned for TLDs yet contained no TLDs. Enable debug logging for this logger for a complete list of JARs that were scanned but no TLDs were found in them. Skipping unneeded JARs during scanning can improve startup time and JSP compilation time.
20-Feb-2024 16:19:42.622 INFO [http-nio-8080-exec-5] org.apache.catalina.startup.HostConfig.deployDescriptor Deployment of deployment descriptor [C:\Users\abhig\Documents\NetBeansProjects\FestaVista\Other\apache-tomcat-9.0.85-windows-x64\apache-tomcat-9.0.85\conf\Catalina\localhost\FestaVista.xml] has finished in [786] ms
20-Feb-2024 16:19:42.627 INFO [http-nio-8080-exec-2] org.apache.catalina.util.LifecycleBase.start The start() method was called on component [StandardEngine[Catalina].StandardHost[localhost].StandardContext[/FestaVista]] after start() had already been called. The second call will be ignored.
20-Feb-2024 17:41:10.969 INFO [http-nio-8080-exec-16] org.apache.catalina.startup.HostConfig.undeploy Undeploying context [/FestaVista]
20-Feb-2024 17:41:11.027 INFO [http-nio-8080-exec-12] org.apache.catalina.startup.HostConfig.deployDescriptor Deploying deployment descriptor [C:\Users\abhig\Documents\NetBeansProjects\FestaVista\Other\apache-tomcat-9.0.85-windows-x64\apache-tomcat-9.0.85\conf\Catalina\localhost\FestaVista.xml]
20-Feb-2024 17:41:11.029 WARNING [http-nio-8080-exec-12] org.apache.catalina.startup.HostConfig.deployDescriptor The path attribute with value [/FestaVista] in deployment descriptor [C:\Users\abhig\Documents\NetBeansProjects\FestaVista\Other\apache-tomcat-9.0.85-windows-x64\apache-tomcat-9.0.85\conf\Catalina\localhost\FestaVista.xml] has been ignored
20-Feb-2024 17:41:11.834 INFO [http-nio-8080-exec-12] org.apache.jasper.servlet.TldScanner.scanJars At least one JAR was scanned for TLDs yet contained no TLDs. Enable debug logging for this logger for a complete list of JARs that were scanned but no TLDs were found in them. Skipping unneeded JARs during scanning can improve startup time and JSP compilation time.
20-Feb-2024 17:41:11.835 INFO [http-nio-8080-exec-12] org.apache.catalina.startup.HostConfig.deployDescriptor Deployment of deployment descriptor [C:\Users\abhig\Documents\NetBeansProjects\FestaVista\Other\apache-tomcat-9.0.85-windows-x64\apache-tomcat-9.0.85\conf\Catalina\localhost\FestaVista.xml] has finished in [808] ms
20-Feb-2024 17:41:11.846 INFO [http-nio-8080-exec-13] org.apache.catalina.util.LifecycleBase.start The start() method was called on component [StandardEngine[Catalina].StandardHost[localhost].StandardContext[/FestaVista]] after start() had already been called. The second call will be ignored.
20-Feb-2024 19:13:26.622 INFO [main] org.apache.catalina.core.StandardServer.await A valid shutdown command was received via the shutdown port. Stopping the Server instance.
20-Feb-2024 19:13:26.622 INFO [main] org.apache.coyote.AbstractProtocol.pause Pausing ProtocolHandler ["http-nio-8080"]
20-Feb-2024 19:13:26.625 INFO [main] org.apache.catalina.core.StandardService.stopInternal Stopping service [Catalina]
20-Feb-2024 19:13:26.637 INFO [main] org.apache.coyote.AbstractProtocol.stop Stopping ProtocolHandler ["http-nio-8080"]
20-Feb-2024 19:13:26.651 INFO [main] org.apache.coyote.AbstractProtocol.destroy Destroying ProtocolHandler ["http-nio-8080"]
