26-Feb-2024 00:02:51.017 INFO [main] org.apache.catalina.core.StandardServer.await A valid shutdown command was received via the shutdown port. Stopping the Server instance.
26-Feb-2024 00:02:51.017 INFO [main] org.apache.coyote.AbstractProtocol.pause Pausing ProtocolHandler ["http-nio-8080"]
26-Feb-2024 00:02:51.017 INFO [main] org.apache.catalina.core.StandardService.stopInternal Stopping service [Catalina]
26-Feb-2024 00:02:51.061 WARNING [main] org.apache.catalina.loader.WebappClassLoaderBase.clearReferencesJdbc The web application [FestaVista] registered the JDBC driver [com.mysql.cj.jdbc.Driver] but failed to unregister it when the web application was stopped. To prevent a memory leak, the JDBC Driver has been forcibly unregistered.
26-Feb-2024 00:02:51.061 WARNING [main] org.apache.catalina.loader.WebappClassLoaderBase.clearReferencesThreads The web application [FestaVista] appears to have started a thread named [mysql-cj-abandoned-connection-cleanup] but has failed to stop it. This is very likely to create a memory leak. Stack trace of thread:
 java.base/jdk.internal.misc.Unsafe.park(Native Method)
 java.base/java.util.concurrent.locks.LockSupport.parkNanos(LockSupport.java:269)
 java.base/java.util.concurrent.locks.AbstractQueuedSynchronizer$ConditionObject.await(AbstractQueuedSynchronizer.java:1847)
 java.base/java.lang.ref.ReferenceQueue.await(ReferenceQueue.java:71)
 java.base/java.lang.ref.ReferenceQueue.remove0(ReferenceQueue.java:143)
 java.base/java.lang.ref.ReferenceQueue.remove(ReferenceQueue.java:218)
 com.mysql.cj.jdbc.AbandonedConnectionCleanupThread.run(AbandonedConnectionCleanupThread.java:93)
 java.base/java.util.concurrent.ThreadPoolExecutor.runWorker(ThreadPoolExecutor.java:1144)
 java.base/java.util.concurrent.ThreadPoolExecutor$Worker.run(ThreadPoolExecutor.java:642)
 java.base/java.lang.Thread.run(Thread.java:1583)
26-Feb-2024 00:02:51.096 INFO [main] org.apache.coyote.AbstractProtocol.stop Stopping ProtocolHandler ["http-nio-8080"]
26-Feb-2024 00:02:51.112 INFO [main] org.apache.coyote.AbstractProtocol.destroy Destroying ProtocolHandler ["http-nio-8080"]
26-Feb-2024 13:03:42.017 INFO [main] org.apache.catalina.startup.VersionLoggerListener.log Server version name:   Apache Tomcat/9.0.85
26-Feb-2024 13:03:42.023 INFO [main] org.apache.catalina.startup.VersionLoggerListener.log Server built:          Jan 5 2024 08:28:07 UTC
26-Feb-2024 13:03:42.024 INFO [main] org.apache.catalina.startup.VersionLoggerListener.log Server version number: 9.0.85.0
26-Feb-2024 13:03:42.024 INFO [main] org.apache.catalina.startup.VersionLoggerListener.log OS Name:               Windows 11
26-Feb-2024 13:03:42.024 INFO [main] org.apache.catalina.startup.VersionLoggerListener.log OS Version:            10.0
26-Feb-2024 13:03:42.024 INFO [main] org.apache.catalina.startup.VersionLoggerListener.log Architecture:          amd64
26-Feb-2024 13:03:42.025 INFO [main] org.apache.catalina.startup.VersionLoggerListener.log Java Home:             C:\Program Files\Java\jdk-21
26-Feb-2024 13:03:42.025 INFO [main] org.apache.catalina.startup.VersionLoggerListener.log JVM Version:           21.0.2+13-LTS-58
26-Feb-2024 13:03:42.025 INFO [main] org.apache.catalina.startup.VersionLoggerListener.log JVM Vendor:            Oracle Corporation
26-Feb-2024 13:03:42.025 INFO [main] org.apache.catalina.startup.VersionLoggerListener.log CATALINA_BASE:         C:\Users\abhig\Documents\NetBeansProjects\FestaVista\Other\apache-tomcat-9.0.85-windows-x64\apache-tomcat-9.0.85
26-Feb-2024 13:03:42.025 INFO [main] org.apache.catalina.startup.VersionLoggerListener.log CATALINA_HOME:         C:\Users\abhig\Documents\NetBeansProjects\FestaVista\Other\apache-tomcat-9.0.85-windows-x64\apache-tomcat-9.0.85
26-Feb-2024 13:03:42.040 INFO [main] org.apache.catalina.startup.VersionLoggerListener.log Command line argument: --add-opens=java.base/java.lang=ALL-UNNAMED
26-Feb-2024 13:03:42.040 INFO [main] org.apache.catalina.startup.VersionLoggerListener.log Command line argument: --add-opens=java.base/java.io=ALL-UNNAMED
26-Feb-2024 13:03:42.041 INFO [main] org.apache.catalina.startup.VersionLoggerListener.log Command line argument: --add-opens=java.base/java.util=ALL-UNNAMED
26-Feb-2024 13:03:42.041 INFO [main] org.apache.catalina.startup.VersionLoggerListener.log Command line argument: --add-opens=java.base/java.util.concurrent=ALL-UNNAMED
26-Feb-2024 13:03:42.041 INFO [main] org.apache.catalina.startup.VersionLoggerListener.log Command line argument: --add-opens=java.rmi/sun.rmi.transport=ALL-UNNAMED
26-Feb-2024 13:03:42.041 INFO [main] org.apache.catalina.startup.VersionLoggerListener.log Command line argument: -Djava.util.logging.config.file=C:\Users\abhig\Documents\NetBeansProjects\FestaVista\Other\apache-tomcat-9.0.85-windows-x64\apache-tomcat-9.0.85\conf\logging.properties
26-Feb-2024 13:03:42.042 INFO [main] org.apache.catalina.startup.VersionLoggerListener.log Command line argument: -Djava.util.logging.manager=org.apache.juli.ClassLoaderLogManager
26-Feb-2024 13:03:42.043 INFO [main] org.apache.catalina.startup.VersionLoggerListener.log Command line argument: -Djdk.tls.ephemeralDHKeySize=2048
26-Feb-2024 13:03:42.043 INFO [main] org.apache.catalina.startup.VersionLoggerListener.log Command line argument: -Djava.protocol.handler.pkgs=org.apache.catalina.webresources
26-Feb-2024 13:03:42.043 INFO [main] org.apache.catalina.startup.VersionLoggerListener.log Command line argument: -Dignore.endorsed.dirs=
26-Feb-2024 13:03:42.043 INFO [main] org.apache.catalina.startup.VersionLoggerListener.log Command line argument: -Dcatalina.base=C:\Users\abhig\Documents\NetBeansProjects\FestaVista\Other\apache-tomcat-9.0.85-windows-x64\apache-tomcat-9.0.85
26-Feb-2024 13:03:42.043 INFO [main] org.apache.catalina.startup.VersionLoggerListener.log Command line argument: -Dcatalina.home=C:\Users\abhig\Documents\NetBeansProjects\FestaVista\Other\apache-tomcat-9.0.85-windows-x64\apache-tomcat-9.0.85
26-Feb-2024 13:03:42.044 INFO [main] org.apache.catalina.startup.VersionLoggerListener.log Command line argument: -Djava.io.tmpdir=C:\Users\abhig\Documents\NetBeansProjects\FestaVista\Other\apache-tomcat-9.0.85-windows-x64\apache-tomcat-9.0.85\temp
26-Feb-2024 13:03:42.050 INFO [main] org.apache.catalina.core.AprLifecycleListener.lifecycleEvent Loaded Apache Tomcat Native library [1.2.39] using APR version [1.7.4].
26-Feb-2024 13:03:42.113 INFO [main] org.apache.catalina.core.AprLifecycleListener.lifecycleEvent APR capabilities: IPv6 [true], sendfile [true], accept filters [false], random [true], UDS [true].
26-Feb-2024 13:03:42.113 INFO [main] org.apache.catalina.core.AprLifecycleListener.lifecycleEvent APR/OpenSSL configuration: useAprConnector [false], useOpenSSL [true]
26-Feb-2024 13:03:42.126 INFO [main] org.apache.catalina.core.AprLifecycleListener.initializeSSL OpenSSL successfully initialized [OpenSSL 3.0.11 19 Sep 2023]
26-Feb-2024 13:03:42.669 INFO [main] org.apache.coyote.AbstractProtocol.init Initializing ProtocolHandler ["http-nio-8080"]
26-Feb-2024 13:03:42.705 INFO [main] org.apache.catalina.startup.Catalina.load Server initialization in [985] milliseconds
26-Feb-2024 13:03:42.786 INFO [main] org.apache.catalina.core.StandardService.startInternal Starting service [Catalina]
26-Feb-2024 13:03:42.787 INFO [main] org.apache.catalina.core.StandardEngine.startInternal Starting Servlet engine: [Apache Tomcat/9.0.85]
26-Feb-2024 13:03:42.801 INFO [main] org.apache.catalina.startup.HostConfig.deployDescriptor Deploying deployment descriptor [C:\Users\abhig\Documents\NetBeansProjects\FestaVista\Other\apache-tomcat-9.0.85-windows-x64\apache-tomcat-9.0.85\conf\Catalina\localhost\eventhub.xml]
26-Feb-2024 13:03:42.823 WARNING [main] org.apache.catalina.startup.HostConfig.deployDescriptor The path attribute with value [/eventhub] in deployment descriptor [C:\Users\abhig\Documents\NetBeansProjects\FestaVista\Other\apache-tomcat-9.0.85-windows-x64\apache-tomcat-9.0.85\conf\Catalina\localhost\eventhub.xml] has been ignored
26-Feb-2024 13:03:42.863 SEVERE [main] org.apache.catalina.startup.HostConfig.deployDescriptor Error deploying deployment descriptor [C:\Users\abhig\Documents\NetBeansProjects\FestaVista\Other\apache-tomcat-9.0.85-windows-x64\apache-tomcat-9.0.85\conf\Catalina\localhost\eventhub.xml]
	java.lang.IllegalStateException: Error starting child
		at org.apache.catalina.core.ContainerBase.addChildInternal(ContainerBase.java:686)
		at org.apache.catalina.core.ContainerBase.addChild(ContainerBase.java:658)
		at org.apache.catalina.core.StandardHost.addChild(StandardHost.java:661)
		at org.apache.catalina.startup.HostConfig.deployDescriptor(HostConfig.java:691)
		at org.apache.catalina.startup.HostConfig$DeployDescriptor.run(HostConfig.java:1897)
		at java.base/java.util.concurrent.Executors$RunnableAdapter.call(Executors.java:572)
		at java.base/java.util.concurrent.FutureTask.run(FutureTask.java:317)
		at org.apache.tomcat.util.threads.InlineExecutorService.execute(InlineExecutorService.java:75)
		at java.base/java.util.concurrent.AbstractExecutorService.submit(AbstractExecutorService.java:123)
		at org.apache.catalina.startup.HostConfig.deployDescriptors(HostConfig.java:584)
		at org.apache.catalina.startup.HostConfig.deployApps(HostConfig.java:474)
		at org.apache.catalina.startup.HostConfig.start(HostConfig.java:1619)
		at org.apache.catalina.startup.HostConfig.lifecycleEvent(HostConfig.java:318)
		at org.apache.catalina.util.LifecycleBase.fireLifecycleEvent(LifecycleBase.java:114)
		at org.apache.catalina.util.LifecycleBase.setStateInternal(LifecycleBase.java:402)
		at org.apache.catalina.util.LifecycleBase.setState(LifecycleBase.java:345)
		at org.apache.catalina.core.ContainerBase.startInternal(ContainerBase.java:893)
		at org.apache.catalina.core.StandardHost.startInternal(StandardHost.java:794)
		at org.apache.catalina.util.LifecycleBase.start(LifecycleBase.java:171)
		at org.apache.catalina.core.ContainerBase$StartChild.call(ContainerBase.java:1332)
		at org.apache.catalina.core.ContainerBase$StartChild.call(ContainerBase.java:1322)
		at java.base/java.util.concurrent.FutureTask.run(FutureTask.java:317)
		at org.apache.tomcat.util.threads.InlineExecutorService.execute(InlineExecutorService.java:75)
		at java.base/java.util.concurrent.AbstractExecutorService.submit(AbstractExecutorService.java:145)
		at org.apache.catalina.core.ContainerBase.startInternal(ContainerBase.java:866)
		at org.apache.catalina.core.StandardEngine.startInternal(StandardEngine.java:248)
		at org.apache.catalina.util.LifecycleBase.start(LifecycleBase.java:171)
		at org.apache.catalina.core.StandardService.startInternal(StandardService.java:433)
		at org.apache.catalina.util.LifecycleBase.start(LifecycleBase.java:171)
		at org.apache.catalina.core.StandardServer.startInternal(StandardServer.java:921)
		at org.apache.catalina.util.LifecycleBase.start(LifecycleBase.java:171)
		at org.apache.catalina.startup.Catalina.start(Catalina.java:772)
		at java.base/jdk.internal.reflect.DirectMethodHandleAccessor.invoke(DirectMethodHandleAccessor.java:103)
		at java.base/java.lang.reflect.Method.invoke(Method.java:580)
		at org.apache.catalina.startup.Bootstrap.start(Bootstrap.java:347)
		at org.apache.catalina.startup.Bootstrap.main(Bootstrap.java:478)
	Caused by: org.apache.catalina.LifecycleException: Failed to start component [org.apache.catalina.webresources.StandardRoot@1cd629b3]
		at org.apache.catalina.util.LifecycleBase.handleSubClassException(LifecycleBase.java:419)
		at org.apache.catalina.util.LifecycleBase.start(LifecycleBase.java:186)
		at org.apache.catalina.core.StandardContext.resourcesStart(StandardContext.java:4575)
		at org.apache.catalina.core.StandardContext.startInternal(StandardContext.java:4708)
		at org.apache.catalina.util.LifecycleBase.start(LifecycleBase.java:171)
		at org.apache.catalina.core.ContainerBase.addChildInternal(ContainerBase.java:683)
		... 35 more
	Caused by: java.lang.IllegalArgumentException: The main resource set specified [C:\Users\abhig\Documents\NetBeansProjects\eventhub\target\eventhub-1.0-SNAPSHOT] is not a directory or war file, or is not readable (it does not exist or permissions to access it are missing)
		at org.apache.catalina.webresources.StandardRoot.createMainResourceSet(StandardRoot.java:749)
		at org.apache.catalina.webresources.StandardRoot.startInternal(StandardRoot.java:707)
		at org.apache.catalina.util.LifecycleBase.start(LifecycleBase.java:171)
		... 39 more
26-Feb-2024 13:03:42.935 INFO [main] org.apache.catalina.startup.HostConfig.deployDescriptor Deployment of deployment descriptor [C:\Users\abhig\Documents\NetBeansProjects\FestaVista\Other\apache-tomcat-9.0.85-windows-x64\apache-tomcat-9.0.85\conf\Catalina\localhost\eventhub.xml] has finished in [133] ms
26-Feb-2024 13:03:42.935 INFO [main] org.apache.catalina.startup.HostConfig.deployDescriptor Deploying deployment descriptor [C:\Users\abhig\Documents\NetBeansProjects\FestaVista\Other\apache-tomcat-9.0.85-windows-x64\apache-tomcat-9.0.85\conf\Catalina\localhost\EventManagement.xml]
26-Feb-2024 13:03:42.937 WARNING [main] org.apache.catalina.startup.HostConfig.deployDescriptor The path attribute with value [/EventManagement] in deployment descriptor [C:\Users\abhig\Documents\NetBeansProjects\FestaVista\Other\apache-tomcat-9.0.85-windows-x64\apache-tomcat-9.0.85\conf\Catalina\localhost\EventManagement.xml] has been ignored
26-Feb-2024 13:03:43.454 INFO [main] org.apache.catalina.startup.HostConfig.deployDescriptor Deployment of deployment descriptor [C:\Users\abhig\Documents\NetBeansProjects\FestaVista\Other\apache-tomcat-9.0.85-windows-x64\apache-tomcat-9.0.85\conf\Catalina\localhost\EventManagement.xml] has finished in [519] ms
26-Feb-2024 13:03:43.454 INFO [main] org.apache.catalina.startup.HostConfig.deployDescriptor Deploying deployment descriptor [C:\Users\abhig\Documents\NetBeansProjects\FestaVista\Other\apache-tomcat-9.0.85-windows-x64\apache-tomcat-9.0.85\conf\Catalina\localhost\FestaVista.xml]
26-Feb-2024 13:03:43.457 WARNING [main] org.apache.catalina.startup.HostConfig.deployDescriptor The path attribute with value [/FestaVista] in deployment descriptor [C:\Users\abhig\Documents\NetBeansProjects\FestaVista\Other\apache-tomcat-9.0.85-windows-x64\apache-tomcat-9.0.85\conf\Catalina\localhost\FestaVista.xml] has been ignored
26-Feb-2024 13:03:44.315 INFO [main] org.apache.jasper.servlet.TldScanner.scanJars At least one JAR was scanned for TLDs yet contained no TLDs. Enable debug logging for this logger for a complete list of JARs that were scanned but no TLDs were found in them. Skipping unneeded JARs during scanning can improve startup time and JSP compilation time.
26-Feb-2024 13:03:44.324 INFO [main] org.apache.catalina.startup.HostConfig.deployDescriptor Deployment of deployment descriptor [C:\Users\abhig\Documents\NetBeansProjects\FestaVista\Other\apache-tomcat-9.0.85-windows-x64\apache-tomcat-9.0.85\conf\Catalina\localhost\FestaVista.xml] has finished in [870] ms
26-Feb-2024 13:03:44.326 INFO [main] org.apache.catalina.startup.HostConfig.deployDescriptor Deploying deployment descriptor [C:\Users\abhig\Documents\NetBeansProjects\FestaVista\Other\apache-tomcat-9.0.85-windows-x64\apache-tomcat-9.0.85\conf\Catalina\localhost\mavenproject1.xml]
26-Feb-2024 13:03:44.327 WARNING [main] org.apache.catalina.startup.HostConfig.deployDescriptor The path attribute with value [/mavenproject1] in deployment descriptor [C:\Users\abhig\Documents\NetBeansProjects\FestaVista\Other\apache-tomcat-9.0.85-windows-x64\apache-tomcat-9.0.85\conf\Catalina\localhost\mavenproject1.xml] has been ignored
26-Feb-2024 13:03:44.332 SEVERE [main] org.apache.catalina.startup.HostConfig.deployDescriptor Error deploying deployment descriptor [C:\Users\abhig\Documents\NetBeansProjects\FestaVista\Other\apache-tomcat-9.0.85-windows-x64\apache-tomcat-9.0.85\conf\Catalina\localhost\mavenproject1.xml]
	java.lang.IllegalStateException: Error starting child
		at org.apache.catalina.core.ContainerBase.addChildInternal(ContainerBase.java:686)
		at org.apache.catalina.core.ContainerBase.addChild(ContainerBase.java:658)
		at org.apache.catalina.core.StandardHost.addChild(StandardHost.java:661)
		at org.apache.catalina.startup.HostConfig.deployDescriptor(HostConfig.java:691)
		at org.apache.catalina.startup.HostConfig$DeployDescriptor.run(HostConfig.java:1897)
		at java.base/java.util.concurrent.Executors$RunnableAdapter.call(Executors.java:572)
		at java.base/java.util.concurrent.FutureTask.run(FutureTask.java:317)
		at org.apache.tomcat.util.threads.InlineExecutorService.execute(InlineExecutorService.java:75)
		at java.base/java.util.concurrent.AbstractExecutorService.submit(AbstractExecutorService.java:123)
		at org.apache.catalina.startup.HostConfig.deployDescriptors(HostConfig.java:584)
		at org.apache.catalina.startup.HostConfig.deployApps(HostConfig.java:474)
		at org.apache.catalina.startup.HostConfig.start(HostConfig.java:1619)
		at org.apache.catalina.startup.HostConfig.lifecycleEvent(HostConfig.java:318)
		at org.apache.catalina.util.LifecycleBase.fireLifecycleEvent(LifecycleBase.java:114)
		at org.apache.catalina.util.LifecycleBase.setStateInternal(LifecycleBase.java:402)
		at org.apache.catalina.util.LifecycleBase.setState(LifecycleBase.java:345)
		at org.apache.catalina.core.ContainerBase.startInternal(ContainerBase.java:893)
		at org.apache.catalina.core.StandardHost.startInternal(StandardHost.java:794)
		at org.apache.catalina.util.LifecycleBase.start(LifecycleBase.java:171)
		at org.apache.catalina.core.ContainerBase$StartChild.call(ContainerBase.java:1332)
		at org.apache.catalina.core.ContainerBase$StartChild.call(ContainerBase.java:1322)
		at java.base/java.util.concurrent.FutureTask.run(FutureTask.java:317)
		at org.apache.tomcat.util.threads.InlineExecutorService.execute(InlineExecutorService.java:75)
		at java.base/java.util.concurrent.AbstractExecutorService.submit(AbstractExecutorService.java:145)
		at org.apache.catalina.core.ContainerBase.startInternal(ContainerBase.java:866)
		at org.apache.catalina.core.StandardEngine.startInternal(StandardEngine.java:248)
		at org.apache.catalina.util.LifecycleBase.start(LifecycleBase.java:171)
		at org.apache.catalina.core.StandardService.startInternal(StandardService.java:433)
		at org.apache.catalina.util.LifecycleBase.start(LifecycleBase.java:171)
		at org.apache.catalina.core.StandardServer.startInternal(StandardServer.java:921)
		at org.apache.catalina.util.LifecycleBase.start(LifecycleBase.java:171)
		at org.apache.catalina.startup.Catalina.start(Catalina.java:772)
		at java.base/jdk.internal.reflect.DirectMethodHandleAccessor.invoke(DirectMethodHandleAccessor.java:103)
		at java.base/java.lang.reflect.Method.invoke(Method.java:580)
		at org.apache.catalina.startup.Bootstrap.start(Bootstrap.java:347)
		at org.apache.catalina.startup.Bootstrap.main(Bootstrap.java:478)
	Caused by: org.apache.catalina.LifecycleException: Failed to start component [org.apache.catalina.webresources.StandardRoot@2375b321]
		at org.apache.catalina.util.LifecycleBase.handleSubClassException(LifecycleBase.java:419)
		at org.apache.catalina.util.LifecycleBase.start(LifecycleBase.java:186)
		at org.apache.catalina.core.StandardContext.resourcesStart(StandardContext.java:4575)
		at org.apache.catalina.core.StandardContext.startInternal(StandardContext.java:4708)
		at org.apache.catalina.util.LifecycleBase.start(LifecycleBase.java:171)
		at org.apache.catalina.core.ContainerBase.addChildInternal(ContainerBase.java:683)
		... 35 more
	Caused by: java.lang.IllegalArgumentException: The main resource set specified [D:\MCA SEM IV\Project\mavenproject1\target\mavenproject1-1.0-SNAPSHOT] is not a directory or war file, or is not readable (it does not exist or permissions to access it are missing)
		at org.apache.catalina.webresources.StandardRoot.createMainResourceSet(StandardRoot.java:749)
		at org.apache.catalina.webresources.StandardRoot.startInternal(StandardRoot.java:707)
		at org.apache.catalina.util.LifecycleBase.start(LifecycleBase.java:171)
		... 39 more
26-Feb-2024 13:03:44.381 INFO [main] org.apache.catalina.startup.HostConfig.deployDescriptor Deployment of deployment descriptor [C:\Users\abhig\Documents\NetBeansProjects\FestaVista\Other\apache-tomcat-9.0.85-windows-x64\apache-tomcat-9.0.85\conf\Catalina\localhost\mavenproject1.xml] has finished in [54] ms
26-Feb-2024 13:03:44.381 INFO [main] org.apache.catalina.startup.HostConfig.deployDescriptor Deploying deployment descriptor [C:\Users\abhig\Documents\NetBeansProjects\FestaVista\Other\apache-tomcat-9.0.85-windows-x64\apache-tomcat-9.0.85\conf\Catalina\localhost\WebApplication1.xml]
26-Feb-2024 13:03:44.385 WARNING [main] org.apache.catalina.startup.HostConfig.deployDescriptor The path attribute with value [/WebApplication1] in deployment descriptor [C:\Users\abhig\Documents\NetBeansProjects\FestaVista\Other\apache-tomcat-9.0.85-windows-x64\apache-tomcat-9.0.85\conf\Catalina\localhost\WebApplication1.xml] has been ignored
26-Feb-2024 13:03:45.002 INFO [main] org.apache.jasper.servlet.TldScanner.scanJars At least one JAR was scanned for TLDs yet contained no TLDs. Enable debug logging for this logger for a complete list of JARs that were scanned but no TLDs were found in them. Skipping unneeded JARs during scanning can improve startup time and JSP compilation time.
26-Feb-2024 13:03:45.008 INFO [main] org.apache.catalina.startup.HostConfig.deployDescriptor Deployment of deployment descriptor [C:\Users\abhig\Documents\NetBeansProjects\FestaVista\Other\apache-tomcat-9.0.85-windows-x64\apache-tomcat-9.0.85\conf\Catalina\localhost\WebApplication1.xml] has finished in [627] ms
26-Feb-2024 13:03:45.009 INFO [main] org.apache.catalina.startup.HostConfig.deployDescriptor Deploying deployment descriptor [C:\Users\abhig\Documents\NetBeansProjects\FestaVista\Other\apache-tomcat-9.0.85-windows-x64\apache-tomcat-9.0.85\conf\Catalina\localhost\WebApplication2.xml]
26-Feb-2024 13:03:45.010 WARNING [main] org.apache.catalina.startup.HostConfig.deployDescriptor The path attribute with value [/WebApplication2] in deployment descriptor [C:\Users\abhig\Documents\NetBeansProjects\FestaVista\Other\apache-tomcat-9.0.85-windows-x64\apache-tomcat-9.0.85\conf\Catalina\localhost\WebApplication2.xml] has been ignored
26-Feb-2024 13:03:45.061 INFO [main] org.apache.catalina.startup.HostConfig.deployDescriptor Deployment of deployment descriptor [C:\Users\abhig\Documents\NetBeansProjects\FestaVista\Other\apache-tomcat-9.0.85-windows-x64\apache-tomcat-9.0.85\conf\Catalina\localhost\WebApplication2.xml] has finished in [53] ms
26-Feb-2024 13:03:45.062 INFO [main] org.apache.catalina.startup.HostConfig.deployDirectory Deploying web application directory [C:\Users\abhig\Documents\NetBeansProjects\FestaVista\Other\apache-tomcat-9.0.85-windows-x64\apache-tomcat-9.0.85\webapps\docs]
26-Feb-2024 13:03:45.127 INFO [main] org.apache.catalina.startup.HostConfig.deployDirectory Deployment of web application directory [C:\Users\abhig\Documents\NetBeansProjects\FestaVista\Other\apache-tomcat-9.0.85-windows-x64\apache-tomcat-9.0.85\webapps\docs] has finished in [64] ms
26-Feb-2024 13:03:45.127 INFO [main] org.apache.catalina.startup.HostConfig.deployDirectory Deploying web application directory [C:\Users\abhig\Documents\NetBeansProjects\FestaVista\Other\apache-tomcat-9.0.85-windows-x64\apache-tomcat-9.0.85\webapps\examples]
26-Feb-2024 13:03:45.888 INFO [main] org.apache.catalina.startup.HostConfig.deployDirectory Deployment of web application directory [C:\Users\abhig\Documents\NetBeansProjects\FestaVista\Other\apache-tomcat-9.0.85-windows-x64\apache-tomcat-9.0.85\webapps\examples] has finished in [760] ms
26-Feb-2024 13:03:45.888 INFO [main] org.apache.catalina.startup.HostConfig.deployDirectory Deploying web application directory [C:\Users\abhig\Documents\NetBeansProjects\FestaVista\Other\apache-tomcat-9.0.85-windows-x64\apache-tomcat-9.0.85\webapps\host-manager]
26-Feb-2024 13:03:45.958 INFO [main] org.apache.catalina.startup.HostConfig.deployDirectory Deployment of web application directory [C:\Users\abhig\Documents\NetBeansProjects\FestaVista\Other\apache-tomcat-9.0.85-windows-x64\apache-tomcat-9.0.85\webapps\host-manager] has finished in [70] ms
26-Feb-2024 13:03:45.959 INFO [main] org.apache.catalina.startup.HostConfig.deployDirectory Deploying web application directory [C:\Users\abhig\Documents\NetBeansProjects\FestaVista\Other\apache-tomcat-9.0.85-windows-x64\apache-tomcat-9.0.85\webapps\manager]
26-Feb-2024 13:03:46.036 INFO [main] org.apache.catalina.startup.HostConfig.deployDirectory Deployment of web application directory [C:\Users\abhig\Documents\NetBeansProjects\FestaVista\Other\apache-tomcat-9.0.85-windows-x64\apache-tomcat-9.0.85\webapps\manager] has finished in [77] ms
26-Feb-2024 13:03:46.037 INFO [main] org.apache.catalina.startup.HostConfig.deployDirectory Deploying web application directory [C:\Users\abhig\Documents\NetBeansProjects\FestaVista\Other\apache-tomcat-9.0.85-windows-x64\apache-tomcat-9.0.85\webapps\ROOT]
26-Feb-2024 13:03:46.081 INFO [main] org.apache.catalina.startup.HostConfig.deployDirectory Deployment of web application directory [C:\Users\abhig\Documents\NetBeansProjects\FestaVista\Other\apache-tomcat-9.0.85-windows-x64\apache-tomcat-9.0.85\webapps\ROOT] has finished in [44] ms
26-Feb-2024 13:03:46.087 INFO [main] org.apache.coyote.AbstractProtocol.start Starting ProtocolHandler ["http-nio-8080"]
26-Feb-2024 13:03:46.143 INFO [main] org.apache.catalina.startup.Catalina.start Server startup in [3436] milliseconds
26-Feb-2024 13:06:14.233 INFO [main] org.apache.catalina.core.StandardServer.await A valid shutdown command was received via the shutdown port. Stopping the Server instance.
26-Feb-2024 13:06:14.233 INFO [main] org.apache.coyote.AbstractProtocol.pause Pausing ProtocolHandler ["http-nio-8080"]
26-Feb-2024 13:06:14.240 INFO [main] org.apache.catalina.core.StandardService.stopInternal Stopping service [Catalina]
26-Feb-2024 13:06:14.280 WARNING [main] org.apache.catalina.loader.WebappClassLoaderBase.clearReferencesJdbc The web application [FestaVista] registered the JDBC driver [com.mysql.cj.jdbc.Driver] but failed to unregister it when the web application was stopped. To prevent a memory leak, the JDBC Driver has been forcibly unregistered.
26-Feb-2024 13:06:14.280 WARNING [main] org.apache.catalina.loader.WebappClassLoaderBase.clearReferencesThreads The web application [FestaVista] appears to have started a thread named [mysql-cj-abandoned-connection-cleanup] but has failed to stop it. This is very likely to create a memory leak. Stack trace of thread:
 java.base/jdk.internal.misc.Unsafe.park(Native Method)
 java.base/java.util.concurrent.locks.LockSupport.parkNanos(LockSupport.java:269)
 java.base/java.util.concurrent.locks.AbstractQueuedSynchronizer$ConditionObject.await(AbstractQueuedSynchronizer.java:1847)
 java.base/java.lang.ref.ReferenceQueue.await(ReferenceQueue.java:71)
 java.base/java.lang.ref.ReferenceQueue.remove0(ReferenceQueue.java:143)
 java.base/java.lang.ref.ReferenceQueue.remove(ReferenceQueue.java:218)
 com.mysql.cj.jdbc.AbandonedConnectionCleanupThread.run(AbandonedConnectionCleanupThread.java:93)
 java.base/java.util.concurrent.ThreadPoolExecutor.runWorker(ThreadPoolExecutor.java:1144)
 java.base/java.util.concurrent.ThreadPoolExecutor$Worker.run(ThreadPoolExecutor.java:642)
 java.base/java.lang.Thread.run(Thread.java:1583)
26-Feb-2024 13:06:14.307 INFO [main] org.apache.coyote.AbstractProtocol.stop Stopping ProtocolHandler ["http-nio-8080"]
26-Feb-2024 13:06:14.319 INFO [main] org.apache.coyote.AbstractProtocol.destroy Destroying ProtocolHandler ["http-nio-8080"]
