26-Jan-2024 10:51:16.601 INFO [main] org.apache.catalina.core.ApplicationContext.log ContextListener: contextInitialized()
26-Jan-2024 10:51:16.601 INFO [main] org.apache.catalina.core.ApplicationContext.log SessionListener: contextInitialized()
26-Jan-2024 10:51:16.601 INFO [main] org.apache.catalina.core.ApplicationContext.log ContextListener: attributeAdded('StockTicker', 'async.Stockticker@8fcafb')
26-Jan-2024 11:12:40.738 INFO [main] org.apache.catalina.core.ApplicationContext.log SessionListener: contextDestroyed()
26-Jan-2024 11:12:40.738 INFO [main] org.apache.catalina.core.ApplicationContext.log ContextListener: contextDestroyed()
26-Jan-2024 11:12:47.113 INFO [main] org.apache.catalina.core.ApplicationContext.log ContextListener: contextInitialized()
26-Jan-2024 11:12:47.113 INFO [main] org.apache.catalina.core.ApplicationContext.log SessionListener: contextInitialized()
26-Jan-2024 11:12:47.119 INFO [main] org.apache.catalina.core.ApplicationContext.log ContextListener: attributeAdded('StockTicker', 'async.Stockticker@bb84b1')
26-Jan-2024 19:26:19.604 INFO [main] org.apache.catalina.core.ApplicationContext.log SessionListener: contextDestroyed()
26-Jan-2024 19:26:19.604 INFO [main] org.apache.catalina.core.ApplicationContext.log ContextListener: contextDestroyed()
26-Jan-2024 19:27:11.395 INFO [main] org.apache.catalina.core.ApplicationContext.log ContextListener: contextInitialized()
26-Jan-2024 19:27:11.395 INFO [main] org.apache.catalina.core.ApplicationContext.log SessionListener: contextInitialized()
26-Jan-2024 19:27:11.395 INFO [main] org.apache.catalina.core.ApplicationContext.log ContextListener: attributeAdded('StockTicker', 'async.Stockticker@8fcafb')
26-Jan-2024 19:53:27.362 INFO [main] org.apache.catalina.core.ApplicationContext.log SessionListener: contextDestroyed()
26-Jan-2024 19:53:27.362 INFO [main] org.apache.catalina.core.ApplicationContext.log ContextListener: contextDestroyed()
26-Jan-2024 19:53:33.695 INFO [main] org.apache.catalina.core.ApplicationContext.log ContextListener: contextInitialized()
26-Jan-2024 19:53:33.695 INFO [main] org.apache.catalina.core.ApplicationContext.log SessionListener: contextInitialized()
26-Jan-2024 19:53:33.695 INFO [main] org.apache.catalina.core.ApplicationContext.log ContextListener: attributeAdded('StockTicker', 'async.Stockticker@809cc7')
26-Jan-2024 21:06:25.949 INFO [main] org.apache.catalina.core.ApplicationContext.log SessionListener: contextDestroyed()
26-Jan-2024 21:06:25.949 INFO [main] org.apache.catalina.core.ApplicationContext.log ContextListener: contextDestroyed()
