21-Mar-2024 15:03:35.559 INFO [main] org.apache.catalina.core.ApplicationContext.log ContextListener: contextInitialized()
21-Mar-2024 15:03:35.559 INFO [main] org.apache.catalina.core.ApplicationContext.log SessionListener: contextInitialized()
21-Mar-2024 15:03:35.562 INFO [main] org.apache.catalina.core.ApplicationContext.log ContextListener: attributeAdded('StockTicker', 'async.Stockticker@67e25252')
21-Mar-2024 15:20:28.660 INFO [main] org.apache.catalina.core.ApplicationContext.log SessionListener: contextDestroyed()
21-Mar-2024 15:20:28.660 INFO [main] org.apache.catalina.core.ApplicationContext.log ContextListener: contextDestroyed()
21-Mar-2024 15:21:01.488 INFO [main] org.apache.catalina.core.ApplicationContext.log ContextListener: contextInitialized()
21-Mar-2024 15:21:01.488 INFO [main] org.apache.catalina.core.ApplicationContext.log SessionListener: contextInitialized()
21-Mar-2024 15:21:01.493 INFO [main] org.apache.catalina.core.ApplicationContext.log ContextListener: attributeAdded('StockTicker', 'async.Stockticker@273a5a8a')
21-Mar-2024 15:24:18.791 INFO [http-nio-8080-exec-23] org.apache.catalina.core.ApplicationContext.log No Spring WebApplicationInitializer types detected on classpath
21-Mar-2024 15:24:18.876 INFO [http-nio-8080-exec-23] org.apache.catalina.core.ApplicationContext.log Initializing Spring root WebApplicationContext
21-Mar-2024 15:24:19.371 INFO [http-nio-8080-exec-23] org.apache.catalina.core.ApplicationContext.log Initializing Spring FrameworkServlet 'dispatcher'
21-Mar-2024 15:31:45.783 INFO [http-nio-8080-exec-21] org.apache.catalina.core.ApplicationContext.log Destroying Spring FrameworkServlet 'dispatcher'
21-Mar-2024 15:31:45.800 INFO [http-nio-8080-exec-21] org.apache.catalina.core.ApplicationContext.log Closing Spring root WebApplicationContext
21-Mar-2024 15:31:48.670 INFO [http-nio-8080-exec-20] org.apache.catalina.core.ApplicationContext.log No Spring WebApplicationInitializer types detected on classpath
21-Mar-2024 15:31:48.714 INFO [http-nio-8080-exec-20] org.apache.catalina.core.ApplicationContext.log Initializing Spring root WebApplicationContext
21-Mar-2024 15:31:49.115 INFO [http-nio-8080-exec-20] org.apache.catalina.core.ApplicationContext.log Initializing Spring FrameworkServlet 'dispatcher'
21-Mar-2024 15:31:52.847 INFO [Catalina-utility-1] org.apache.catalina.core.ApplicationContext.log Destroying Spring FrameworkServlet 'dispatcher'
21-Mar-2024 15:31:52.850 INFO [Catalina-utility-1] org.apache.catalina.core.ApplicationContext.log Closing Spring root WebApplicationContext
21-Mar-2024 15:31:55.253 INFO [Catalina-utility-1] org.apache.catalina.core.ApplicationContext.log No Spring WebApplicationInitializer types detected on classpath
21-Mar-2024 15:31:55.312 INFO [Catalina-utility-1] org.apache.catalina.core.ApplicationContext.log Initializing Spring root WebApplicationContext
21-Mar-2024 15:31:55.718 INFO [Catalina-utility-1] org.apache.catalina.core.ApplicationContext.log Initializing Spring FrameworkServlet 'dispatcher'
21-Mar-2024 15:31:56.275 INFO [http-nio-8080-exec-18] org.apache.catalina.core.ApplicationContext.log Destroying Spring FrameworkServlet 'dispatcher'
21-Mar-2024 15:31:56.280 INFO [http-nio-8080-exec-18] org.apache.catalina.core.ApplicationContext.log Closing Spring root WebApplicationContext
21-Mar-2024 15:31:59.443 INFO [http-nio-8080-exec-17] org.apache.catalina.core.ApplicationContext.log No Spring WebApplicationInitializer types detected on classpath
21-Mar-2024 15:31:59.487 INFO [http-nio-8080-exec-17] org.apache.catalina.core.ApplicationContext.log Initializing Spring root WebApplicationContext
21-Mar-2024 15:31:59.854 INFO [http-nio-8080-exec-17] org.apache.catalina.core.ApplicationContext.log Initializing Spring FrameworkServlet 'dispatcher'
21-Mar-2024 15:32:15.310 INFO [http-nio-8080-exec-34] org.apache.catalina.core.ApplicationContext.log Destroying Spring FrameworkServlet 'dispatcher'
21-Mar-2024 15:32:15.310 INFO [http-nio-8080-exec-34] org.apache.catalina.core.ApplicationContext.log Closing Spring root WebApplicationContext
21-Mar-2024 15:32:17.907 INFO [http-nio-8080-exec-31] org.apache.catalina.core.ApplicationContext.log No Spring WebApplicationInitializer types detected on classpath
21-Mar-2024 15:32:17.956 INFO [http-nio-8080-exec-31] org.apache.catalina.core.ApplicationContext.log Initializing Spring root WebApplicationContext
21-Mar-2024 15:32:18.309 INFO [http-nio-8080-exec-31] org.apache.catalina.core.ApplicationContext.log Initializing Spring FrameworkServlet 'dispatcher'
21-Mar-2024 15:32:18.706 INFO [http-nio-8080-exec-25] org.apache.catalina.core.ApplicationContext.log Destroying Spring FrameworkServlet 'dispatcher'
21-Mar-2024 15:32:18.708 INFO [http-nio-8080-exec-25] org.apache.catalina.core.ApplicationContext.log Closing Spring root WebApplicationContext
21-Mar-2024 15:32:21.406 INFO [http-nio-8080-exec-35] org.apache.catalina.core.ApplicationContext.log No Spring WebApplicationInitializer types detected on classpath
21-Mar-2024 15:32:21.450 INFO [http-nio-8080-exec-35] org.apache.catalina.core.ApplicationContext.log Initializing Spring root WebApplicationContext
21-Mar-2024 15:32:21.815 INFO [http-nio-8080-exec-35] org.apache.catalina.core.ApplicationContext.log Initializing Spring FrameworkServlet 'dispatcher'
21-Mar-2024 15:33:05.129 INFO [http-nio-8080-exec-32] org.apache.catalina.core.ApplicationContext.log Destroying Spring FrameworkServlet 'dispatcher'
21-Mar-2024 15:33:05.132 INFO [http-nio-8080-exec-32] org.apache.catalina.core.ApplicationContext.log Closing Spring root WebApplicationContext
21-Mar-2024 15:33:07.962 INFO [http-nio-8080-exec-41] org.apache.catalina.core.ApplicationContext.log No Spring WebApplicationInitializer types detected on classpath
21-Mar-2024 15:33:08.012 INFO [http-nio-8080-exec-41] org.apache.catalina.core.ApplicationContext.log Initializing Spring root WebApplicationContext
21-Mar-2024 15:33:08.368 INFO [http-nio-8080-exec-41] org.apache.catalina.core.ApplicationContext.log Initializing Spring FrameworkServlet 'dispatcher'
21-Mar-2024 15:33:38.825 INFO [http-nio-8080-exec-39] org.apache.catalina.core.ApplicationContext.log Destroying Spring FrameworkServlet 'dispatcher'
21-Mar-2024 15:33:38.828 INFO [http-nio-8080-exec-39] org.apache.catalina.core.ApplicationContext.log Closing Spring root WebApplicationContext
21-Mar-2024 15:33:42.201 INFO [http-nio-8080-exec-46] org.apache.catalina.core.ApplicationContext.log No Spring WebApplicationInitializer types detected on classpath
21-Mar-2024 15:33:42.245 INFO [http-nio-8080-exec-46] org.apache.catalina.core.ApplicationContext.log Initializing Spring root WebApplicationContext
21-Mar-2024 15:33:42.608 INFO [http-nio-8080-exec-46] org.apache.catalina.core.ApplicationContext.log Initializing Spring FrameworkServlet 'dispatcher'
21-Mar-2024 15:35:14.484 INFO [http-nio-8080-exec-54] org.apache.catalina.core.ApplicationContext.log Destroying Spring FrameworkServlet 'dispatcher'
21-Mar-2024 15:35:14.488 INFO [http-nio-8080-exec-54] org.apache.catalina.core.ApplicationContext.log Closing Spring root WebApplicationContext
21-Mar-2024 15:35:17.588 INFO [http-nio-8080-exec-47] org.apache.catalina.core.ApplicationContext.log No Spring WebApplicationInitializer types detected on classpath
21-Mar-2024 15:35:17.652 INFO [http-nio-8080-exec-47] org.apache.catalina.core.ApplicationContext.log Initializing Spring root WebApplicationContext
21-Mar-2024 15:35:18.036 INFO [http-nio-8080-exec-47] org.apache.catalina.core.ApplicationContext.log Initializing Spring FrameworkServlet 'dispatcher'
21-Mar-2024 15:38:18.665 INFO [http-nio-8080-exec-62] org.apache.catalina.core.ApplicationContext.log Destroying Spring FrameworkServlet 'dispatcher'
21-Mar-2024 15:38:18.675 INFO [http-nio-8080-exec-62] org.apache.catalina.core.ApplicationContext.log Closing Spring root WebApplicationContext
21-Mar-2024 15:38:21.444 INFO [http-nio-8080-exec-65] org.apache.catalina.core.ApplicationContext.log No Spring WebApplicationInitializer types detected on classpath
21-Mar-2024 15:38:21.548 INFO [http-nio-8080-exec-65] org.apache.catalina.core.ApplicationContext.log Initializing Spring root WebApplicationContext
21-Mar-2024 15:38:21.933 INFO [http-nio-8080-exec-65] org.apache.catalina.core.ApplicationContext.log Initializing Spring FrameworkServlet 'dispatcher'
21-Mar-2024 15:52:51.993 INFO [http-nio-8080-exec-72] org.apache.catalina.core.ApplicationContext.log Destroying Spring FrameworkServlet 'dispatcher'
21-Mar-2024 15:52:51.997 INFO [http-nio-8080-exec-72] org.apache.catalina.core.ApplicationContext.log Closing Spring root WebApplicationContext
21-Mar-2024 15:52:54.701 INFO [http-nio-8080-exec-74] org.apache.catalina.core.ApplicationContext.log No Spring WebApplicationInitializer types detected on classpath
21-Mar-2024 15:52:54.751 INFO [http-nio-8080-exec-74] org.apache.catalina.core.ApplicationContext.log Initializing Spring root WebApplicationContext
21-Mar-2024 15:52:55.158 INFO [http-nio-8080-exec-74] org.apache.catalina.core.ApplicationContext.log Initializing Spring FrameworkServlet 'dispatcher'
21-Mar-2024 16:07:58.974 INFO [http-nio-8080-exec-83] org.apache.catalina.core.ApplicationContext.log Destroying Spring FrameworkServlet 'dispatcher'
21-Mar-2024 16:07:58.977 INFO [http-nio-8080-exec-83] org.apache.catalina.core.ApplicationContext.log Closing Spring root WebApplicationContext
21-Mar-2024 16:08:01.850 INFO [http-nio-8080-exec-82] org.apache.catalina.core.ApplicationContext.log No Spring WebApplicationInitializer types detected on classpath
21-Mar-2024 16:08:01.897 INFO [http-nio-8080-exec-82] org.apache.catalina.core.ApplicationContext.log Initializing Spring root WebApplicationContext
21-Mar-2024 16:08:02.282 INFO [http-nio-8080-exec-82] org.apache.catalina.core.ApplicationContext.log Initializing Spring FrameworkServlet 'dispatcher'
21-Mar-2024 16:38:55.905 INFO [http-nio-8080-exec-89] org.apache.catalina.core.ApplicationContext.log Destroying Spring FrameworkServlet 'dispatcher'
21-Mar-2024 16:38:55.909 INFO [http-nio-8080-exec-89] org.apache.catalina.core.ApplicationContext.log Closing Spring root WebApplicationContext
21-Mar-2024 16:38:58.776 INFO [http-nio-8080-exec-90] org.apache.catalina.core.ApplicationContext.log No Spring WebApplicationInitializer types detected on classpath
21-Mar-2024 16:38:58.825 INFO [http-nio-8080-exec-90] org.apache.catalina.core.ApplicationContext.log Initializing Spring root WebApplicationContext
21-Mar-2024 16:38:59.190 INFO [http-nio-8080-exec-90] org.apache.catalina.core.ApplicationContext.log Initializing Spring FrameworkServlet 'dispatcher'
21-Mar-2024 17:00:29.940 INFO [http-nio-8080-exec-103] org.apache.catalina.core.ApplicationContext.log Destroying Spring FrameworkServlet 'dispatcher'
21-Mar-2024 17:00:29.942 INFO [http-nio-8080-exec-103] org.apache.catalina.core.ApplicationContext.log Closing Spring root WebApplicationContext
21-Mar-2024 17:00:32.938 INFO [http-nio-8080-exec-104] org.apache.catalina.core.ApplicationContext.log No Spring WebApplicationInitializer types detected on classpath
21-Mar-2024 17:00:32.982 INFO [http-nio-8080-exec-104] org.apache.catalina.core.ApplicationContext.log Initializing Spring root WebApplicationContext
21-Mar-2024 17:00:33.316 INFO [http-nio-8080-exec-104] org.apache.catalina.core.ApplicationContext.log Initializing Spring FrameworkServlet 'dispatcher'
21-Mar-2024 17:09:52.390 INFO [http-nio-8080-exec-111] org.apache.catalina.core.ApplicationContext.log Destroying Spring FrameworkServlet 'dispatcher'
21-Mar-2024 17:09:52.393 INFO [http-nio-8080-exec-111] org.apache.catalina.core.ApplicationContext.log Closing Spring root WebApplicationContext
21-Mar-2024 17:09:55.363 INFO [http-nio-8080-exec-108] org.apache.catalina.core.ApplicationContext.log No Spring WebApplicationInitializer types detected on classpath
21-Mar-2024 17:09:55.416 INFO [http-nio-8080-exec-108] org.apache.catalina.core.ApplicationContext.log Initializing Spring root WebApplicationContext
21-Mar-2024 17:09:55.754 INFO [http-nio-8080-exec-108] org.apache.catalina.core.ApplicationContext.log Initializing Spring FrameworkServlet 'dispatcher'
21-Mar-2024 17:14:50.803 INFO [http-nio-8080-exec-123] org.apache.catalina.core.ApplicationContext.log Destroying Spring FrameworkServlet 'dispatcher'
21-Mar-2024 17:14:50.807 INFO [http-nio-8080-exec-123] org.apache.catalina.core.ApplicationContext.log Closing Spring root WebApplicationContext
21-Mar-2024 17:14:53.713 INFO [http-nio-8080-exec-119] org.apache.catalina.core.ApplicationContext.log No Spring WebApplicationInitializer types detected on classpath
21-Mar-2024 17:14:53.755 INFO [http-nio-8080-exec-119] org.apache.catalina.core.ApplicationContext.log Initializing Spring root WebApplicationContext
21-Mar-2024 17:14:54.093 INFO [http-nio-8080-exec-119] org.apache.catalina.core.ApplicationContext.log Initializing Spring FrameworkServlet 'dispatcher'
21-Mar-2024 18:51:27.541 INFO [http-nio-8080-exec-134] org.apache.catalina.core.ApplicationContext.log Destroying Spring FrameworkServlet 'dispatcher'
21-Mar-2024 18:51:27.546 INFO [http-nio-8080-exec-134] org.apache.catalina.core.ApplicationContext.log Closing Spring root WebApplicationContext
21-Mar-2024 18:51:30.487 INFO [http-nio-8080-exec-127] org.apache.catalina.core.ApplicationContext.log No Spring WebApplicationInitializer types detected on classpath
21-Mar-2024 18:51:30.542 INFO [http-nio-8080-exec-127] org.apache.catalina.core.ApplicationContext.log Initializing Spring root WebApplicationContext
21-Mar-2024 18:51:30.916 INFO [http-nio-8080-exec-127] org.apache.catalina.core.ApplicationContext.log Initializing Spring FrameworkServlet 'dispatcher'
21-Mar-2024 18:56:22.043 INFO [http-nio-8080-exec-140] org.apache.catalina.core.ApplicationContext.log Destroying Spring FrameworkServlet 'dispatcher'
21-Mar-2024 18:56:22.047 INFO [http-nio-8080-exec-140] org.apache.catalina.core.ApplicationContext.log Closing Spring root WebApplicationContext
21-Mar-2024 18:56:24.960 INFO [http-nio-8080-exec-143] org.apache.catalina.core.ApplicationContext.log No Spring WebApplicationInitializer types detected on classpath
21-Mar-2024 18:56:25.006 INFO [http-nio-8080-exec-143] org.apache.catalina.core.ApplicationContext.log Initializing Spring root WebApplicationContext
21-Mar-2024 18:56:25.350 INFO [http-nio-8080-exec-143] org.apache.catalina.core.ApplicationContext.log Initializing Spring FrameworkServlet 'dispatcher'
21-Mar-2024 22:12:08.576 INFO [main] org.apache.catalina.core.ApplicationContext.log SessionListener: contextDestroyed()
21-Mar-2024 22:12:08.576 INFO [main] org.apache.catalina.core.ApplicationContext.log ContextListener: contextDestroyed()
21-Mar-2024 22:12:08.587 INFO [main] org.apache.catalina.core.ApplicationContext.log Destroying Spring FrameworkServlet 'dispatcher'
21-Mar-2024 22:12:08.599 INFO [main] org.apache.catalina.core.ApplicationContext.log Closing Spring root WebApplicationContext
