13-Apr-2024 09:01:53.290 INFO [main] org.apache.catalina.core.ApplicationContext.log No Spring WebApplicationInitializer types detected on classpath
13-Apr-2024 09:01:53.333 INFO [main] org.apache.catalina.core.ApplicationContext.log Initializing Spring root WebApplicationContext
13-Apr-2024 09:01:53.631 INFO [main] org.apache.catalina.core.ApplicationContext.log Initializing Spring FrameworkServlet 'dispatcher'
13-Apr-2024 09:01:54.649 INFO [main] org.apache.catalina.core.ApplicationContext.log ContextListener: contextInitialized()
13-Apr-2024 09:01:54.649 INFO [main] org.apache.catalina.core.ApplicationContext.log SessionListener: contextInitialized()
13-Apr-2024 09:01:54.652 INFO [main] org.apache.catalina.core.ApplicationContext.log ContextListener: attributeAdded('StockTicker', 'async.Stockticker@c7aac7c')
13-Apr-2024 13:05:18.302 INFO [main] org.apache.catalina.core.ApplicationContext.log SessionListener: contextDestroyed()
13-Apr-2024 13:05:18.302 INFO [main] org.apache.catalina.core.ApplicationContext.log ContextListener: contextDestroyed()
13-Apr-2024 13:05:18.308 INFO [main] org.apache.catalina.core.ApplicationContext.log Destroying Spring FrameworkServlet 'dispatcher'
13-Apr-2024 13:05:18.310 INFO [main] org.apache.catalina.core.ApplicationContext.log Closing Spring root WebApplicationContext
13-Apr-2024 13:39:11.404 INFO [main] org.apache.catalina.core.ApplicationContext.log No Spring WebApplicationInitializer types detected on classpath
13-Apr-2024 13:39:11.462 INFO [main] org.apache.catalina.core.ApplicationContext.log Initializing Spring root WebApplicationContext
13-Apr-2024 13:39:11.983 INFO [main] org.apache.catalina.core.ApplicationContext.log Initializing Spring FrameworkServlet 'dispatcher'
13-Apr-2024 13:39:13.866 INFO [main] org.apache.catalina.core.ApplicationContext.log ContextListener: contextInitialized()
13-Apr-2024 13:39:13.866 INFO [main] org.apache.catalina.core.ApplicationContext.log SessionListener: contextInitialized()
13-Apr-2024 13:39:13.868 INFO [main] org.apache.catalina.core.ApplicationContext.log ContextListener: attributeAdded('StockTicker', 'async.Stockticker@4ffcb1bd')
13-Apr-2024 17:13:46.074 INFO [main] org.apache.catalina.core.ApplicationContext.log SessionListener: contextDestroyed()
13-Apr-2024 17:13:46.074 INFO [main] org.apache.catalina.core.ApplicationContext.log ContextListener: contextDestroyed()
13-Apr-2024 17:13:46.074 INFO [main] org.apache.catalina.core.ApplicationContext.log Destroying Spring FrameworkServlet 'dispatcher'
13-Apr-2024 17:13:46.089 INFO [main] org.apache.catalina.core.ApplicationContext.log Closing Spring root WebApplicationContext
