23-Mar-2024 14:29:34.734 INFO [main] org.apache.catalina.core.ApplicationContext.log No Spring WebApplicationInitializer types detected on classpath
23-Mar-2024 14:29:34.786 INFO [main] org.apache.catalina.core.ApplicationContext.log Initializing Spring root WebApplicationContext
23-Mar-2024 14:29:35.324 INFO [main] org.apache.catalina.core.ApplicationContext.log Initializing Spring FrameworkServlet 'dispatcher'
23-Mar-2024 14:29:37.355 INFO [main] org.apache.catalina.core.ApplicationContext.log ContextListener: contextInitialized()
23-Mar-2024 14:29:37.355 INFO [main] org.apache.catalina.core.ApplicationContext.log SessionListener: contextInitialized()
23-Mar-2024 14:29:37.357 INFO [main] org.apache.catalina.core.ApplicationContext.log ContextListener: attributeAdded('StockTicker', 'async.Stockticker@531bfe4b')
23-Mar-2024 15:28:05.046 INFO [main] org.apache.catalina.core.ApplicationContext.log SessionListener: contextDestroyed()
23-Mar-2024 15:28:05.046 INFO [main] org.apache.catalina.core.ApplicationContext.log ContextListener: contextDestroyed()
23-Mar-2024 15:28:05.056 INFO [main] org.apache.catalina.core.ApplicationContext.log Destroying Spring FrameworkServlet 'dispatcher'
23-Mar-2024 15:28:05.063 INFO [main] org.apache.catalina.core.ApplicationContext.log Closing Spring root WebApplicationContext
23-Mar-2024 15:28:15.012 INFO [main] org.apache.catalina.core.ApplicationContext.log No Spring WebApplicationInitializer types detected on classpath
23-Mar-2024 15:28:15.068 INFO [main] org.apache.catalina.core.ApplicationContext.log Initializing Spring root WebApplicationContext
23-Mar-2024 15:28:15.607 INFO [main] org.apache.catalina.core.ApplicationContext.log Initializing Spring FrameworkServlet 'dispatcher'
23-Mar-2024 15:28:17.332 INFO [main] org.apache.catalina.core.ApplicationContext.log ContextListener: contextInitialized()
23-Mar-2024 15:28:17.332 INFO [main] org.apache.catalina.core.ApplicationContext.log SessionListener: contextInitialized()
23-Mar-2024 15:28:17.333 INFO [main] org.apache.catalina.core.ApplicationContext.log ContextListener: attributeAdded('StockTicker', 'async.Stockticker@4bc75792')
23-Mar-2024 15:28:18.643 INFO [http-nio-8080-exec-2] org.apache.catalina.core.ApplicationContext.log Destroying Spring FrameworkServlet 'dispatcher'
23-Mar-2024 15:28:18.653 INFO [http-nio-8080-exec-2] org.apache.catalina.core.ApplicationContext.log Closing Spring root WebApplicationContext
23-Mar-2024 15:28:21.697 INFO [http-nio-8080-exec-10] org.apache.catalina.core.ApplicationContext.log No Spring WebApplicationInitializer types detected on classpath
23-Mar-2024 15:28:21.757 INFO [http-nio-8080-exec-10] org.apache.catalina.core.ApplicationContext.log Initializing Spring root WebApplicationContext
23-Mar-2024 15:28:22.128 INFO [http-nio-8080-exec-10] org.apache.catalina.core.ApplicationContext.log Initializing Spring FrameworkServlet 'dispatcher'
23-Mar-2024 15:36:57.316 INFO [http-nio-8080-exec-17] org.apache.catalina.core.ApplicationContext.log Destroying Spring FrameworkServlet 'dispatcher'
23-Mar-2024 15:36:57.320 INFO [http-nio-8080-exec-17] org.apache.catalina.core.ApplicationContext.log Closing Spring root WebApplicationContext
23-Mar-2024 15:37:00.350 INFO [http-nio-8080-exec-16] org.apache.catalina.core.ApplicationContext.log No Spring WebApplicationInitializer types detected on classpath
23-Mar-2024 15:37:00.404 INFO [http-nio-8080-exec-16] org.apache.catalina.core.ApplicationContext.log Initializing Spring root WebApplicationContext
23-Mar-2024 15:37:00.771 INFO [http-nio-8080-exec-16] org.apache.catalina.core.ApplicationContext.log Initializing Spring FrameworkServlet 'dispatcher'
23-Mar-2024 15:50:20.842 INFO [main] org.apache.catalina.core.ApplicationContext.log SessionListener: contextDestroyed()
23-Mar-2024 15:50:20.842 INFO [main] org.apache.catalina.core.ApplicationContext.log ContextListener: contextDestroyed()
23-Mar-2024 15:50:20.873 INFO [main] org.apache.catalina.core.ApplicationContext.log Destroying Spring FrameworkServlet 'dispatcher'
23-Mar-2024 15:50:20.879 INFO [main] org.apache.catalina.core.ApplicationContext.log Closing Spring root WebApplicationContext
