26-Apr-2024 09:19:14.192 INFO [main] org.apache.catalina.core.ApplicationContext.log No Spring WebApplicationInitializer types detected on classpath
26-Apr-2024 09:19:14.239 INFO [main] org.apache.catalina.core.ApplicationContext.log Initializing Spring root WebApplicationContext
26-Apr-2024 09:19:14.740 INFO [main] org.apache.catalina.core.ApplicationContext.log Initializing Spring FrameworkServlet 'dispatcher'
26-Apr-2024 09:19:16.525 INFO [main] org.apache.catalina.core.ApplicationContext.log ContextListener: contextInitialized()
26-Apr-2024 09:19:16.525 INFO [main] org.apache.catalina.core.ApplicationContext.log SessionListener: contextInitialized()
26-Apr-2024 09:19:16.527 INFO [main] org.apache.catalina.core.ApplicationContext.log ContextListener: attributeAdded('StockTicker', 'async.Stockticker@74474fc0')
26-Apr-2024 11:12:48.493 INFO [main] org.apache.catalina.core.ApplicationContext.log SessionListener: contextDestroyed()
26-Apr-2024 11:12:48.493 INFO [main] org.apache.catalina.core.ApplicationContext.log ContextListener: contextDestroyed()
26-Apr-2024 11:12:48.500 INFO [main] org.apache.catalina.core.ApplicationContext.log Destroying Spring FrameworkServlet 'dispatcher'
26-Apr-2024 11:12:48.502 INFO [main] org.apache.catalina.core.ApplicationContext.log Closing Spring root WebApplicationContext
26-Apr-2024 18:21:42.545 INFO [main] org.apache.catalina.core.ApplicationContext.log No Spring WebApplicationInitializer types detected on classpath
26-Apr-2024 18:21:42.574 INFO [main] org.apache.catalina.core.ApplicationContext.log Initializing Spring root WebApplicationContext
26-Apr-2024 18:21:42.813 INFO [main] org.apache.catalina.core.ApplicationContext.log Initializing Spring FrameworkServlet 'dispatcher'
26-Apr-2024 18:21:43.688 INFO [main] org.apache.catalina.core.ApplicationContext.log ContextListener: contextInitialized()
26-Apr-2024 18:21:43.688 INFO [main] org.apache.catalina.core.ApplicationContext.log SessionListener: contextInitialized()
26-Apr-2024 18:21:43.689 INFO [main] org.apache.catalina.core.ApplicationContext.log ContextListener: attributeAdded('StockTicker', 'async.Stockticker@499f9003')
26-Apr-2024 19:30:29.227 SEVERE [http-nio-8080-exec-11] org.apache.catalina.core.ApplicationDispatcher.invoke Servlet.service() for servlet [jsp] threw exception
	org.apache.jasper.JasperException: Unable to compile class for JSP: 

An error occurred at line: [303] in the jsp file: [/admindashboard.jsp]
organizerName cannot be resolved to a variable
300:                 <h2>Edit Profile</h2>
301:                 <form id="profileUpdateform" action="Servlet?id=updateOrgProfile" method="post">
302:                     <p><strong>Username:</strong> <input type="text" name="org_user" value="<%= loggedInUsername%>" readonly></p>
303:                     <p><strong>Name:</strong> <input type="text" name="org_name" value="<%= organizerName%>"></p>
304:                     <p><strong>Organization:</strong> <input type="text" name="org_organization" value="<%= organizerOrg%>"></p>
305:                     <p><strong>Email:</strong> <input type="text" name="org_email" value="<%= organizerEmail%>"></p>
306:                     <p><strong>Mobile:</strong> <input type="text" name="org_mobile" value="<%= organizerMobile%>"></p>


An error occurred at line: [304] in the jsp file: [/admindashboard.jsp]
organizerOrg cannot be resolved to a variable
301:                 <form id="profileUpdateform" action="Servlet?id=updateOrgProfile" method="post">
302:                     <p><strong>Username:</strong> <input type="text" name="org_user" value="<%= loggedInUsername%>" readonly></p>
303:                     <p><strong>Name:</strong> <input type="text" name="org_name" value="<%= organizerName%>"></p>
304:                     <p><strong>Organization:</strong> <input type="text" name="org_organization" value="<%= organizerOrg%>"></p>
305:                     <p><strong>Email:</strong> <input type="text" name="org_email" value="<%= organizerEmail%>"></p>
306:                     <p><strong>Mobile:</strong> <input type="text" name="org_mobile" value="<%= organizerMobile%>"></p>
307:                     <button type="submit">Save Changes</button>


An error occurred at line: [305] in the jsp file: [/admindashboard.jsp]
organizerEmail cannot be resolved to a variable
302:                     <p><strong>Username:</strong> <input type="text" name="org_user" value="<%= loggedInUsername%>" readonly></p>
303:                     <p><strong>Name:</strong> <input type="text" name="org_name" value="<%= organizerName%>"></p>
304:                     <p><strong>Organization:</strong> <input type="text" name="org_organization" value="<%= organizerOrg%>"></p>
305:                     <p><strong>Email:</strong> <input type="text" name="org_email" value="<%= organizerEmail%>"></p>
306:                     <p><strong>Mobile:</strong> <input type="text" name="org_mobile" value="<%= organizerMobile%>"></p>
307:                     <button type="submit">Save Changes</button>
308:                     <a class="cancel-button" href="#" onclick="cancelEditProfile()">Cancel</a>


An error occurred at line: [306] in the jsp file: [/admindashboard.jsp]
organizerMobile cannot be resolved to a variable
303:                     <p><strong>Name:</strong> <input type="text" name="org_name" value="<%= organizerName%>"></p>
304:                     <p><strong>Organization:</strong> <input type="text" name="org_organization" value="<%= organizerOrg%>"></p>
305:                     <p><strong>Email:</strong> <input type="text" name="org_email" value="<%= organizerEmail%>"></p>
306:                     <p><strong>Mobile:</strong> <input type="text" name="org_mobile" value="<%= organizerMobile%>"></p>
307:                     <button type="submit">Save Changes</button>
308:                     <a class="cancel-button" href="#" onclick="cancelEditProfile()">Cancel</a>
309:                 </form>


Stacktrace:
		at org.apache.jasper.compiler.DefaultErrorHandler.javacError(DefaultErrorHandler.java:102)
		at org.apache.jasper.compiler.ErrorDispatcher.javacError(ErrorDispatcher.java:214)
		at org.apache.jasper.compiler.JDTCompiler.generateClass(JDTCompiler.java:531)
		at org.apache.jasper.compiler.Compiler.compile(Compiler.java:398)
		at org.apache.jasper.compiler.Compiler.compile(Compiler.java:368)
		at org.apache.jasper.compiler.Compiler.compile(Compiler.java:352)
		at org.apache.jasper.JspCompilationContext.compile(JspCompilationContext.java:603)
		at org.apache.jasper.servlet.JspServletWrapper.service(JspServletWrapper.java:399)
		at org.apache.jasper.servlet.JspServlet.serviceJspFile(JspServlet.java:379)
		at org.apache.jasper.servlet.JspServlet.service(JspServlet.java:327)
		at javax.servlet.http.HttpServlet.service(HttpServlet.java:623)
		at org.apache.catalina.core.ApplicationFilterChain.internalDoFilter(ApplicationFilterChain.java:209)
		at org.apache.catalina.core.ApplicationFilterChain.doFilter(ApplicationFilterChain.java:153)
		at org.apache.tomcat.websocket.server.WsFilter.doFilter(WsFilter.java:51)
		at org.apache.catalina.core.ApplicationFilterChain.internalDoFilter(ApplicationFilterChain.java:178)
		at org.apache.catalina.core.ApplicationFilterChain.doFilter(ApplicationFilterChain.java:153)
		at org.apache.catalina.core.ApplicationDispatcher.invoke(ApplicationDispatcher.java:661)
		at org.apache.catalina.core.ApplicationDispatcher.processRequest(ApplicationDispatcher.java:425)
		at org.apache.catalina.core.ApplicationDispatcher.doForward(ApplicationDispatcher.java:357)
		at org.apache.catalina.core.ApplicationDispatcher.forward(ApplicationDispatcher.java:294)
		at ServersidePackages.AdminServlet.handleLogin(AdminServlet.java:246)
		at ServersidePackages.AdminServlet.doPost(AdminServlet.java:48)
		at javax.servlet.http.HttpServlet.service(HttpServlet.java:555)
		at javax.servlet.http.HttpServlet.service(HttpServlet.java:623)
		at org.apache.catalina.core.ApplicationFilterChain.internalDoFilter(ApplicationFilterChain.java:209)
		at org.apache.catalina.core.ApplicationFilterChain.doFilter(ApplicationFilterChain.java:153)
		at org.apache.tomcat.websocket.server.WsFilter.doFilter(WsFilter.java:51)
		at org.apache.catalina.core.ApplicationFilterChain.internalDoFilter(ApplicationFilterChain.java:178)
		at org.apache.catalina.core.ApplicationFilterChain.doFilter(ApplicationFilterChain.java:153)
		at org.apache.catalina.core.StandardWrapperValve.invoke(StandardWrapperValve.java:168)
		at org.apache.catalina.core.StandardContextValve.invoke(StandardContextValve.java:90)
		at org.apache.catalina.authenticator.AuthenticatorBase.invoke(AuthenticatorBase.java:481)
		at org.apache.catalina.core.StandardHostValve.invoke(StandardHostValve.java:130)
		at org.apache.catalina.valves.ErrorReportValve.invoke(ErrorReportValve.java:93)
		at org.apache.catalina.valves.AbstractAccessLogValve.invoke(AbstractAccessLogValve.java:670)
		at org.apache.catalina.core.StandardEngineValve.invoke(StandardEngineValve.java:74)
		at org.apache.catalina.connector.CoyoteAdapter.service(CoyoteAdapter.java:342)
		at org.apache.coyote.http11.Http11Processor.service(Http11Processor.java:390)
		at org.apache.coyote.AbstractProcessorLight.process(AbstractProcessorLight.java:63)
		at org.apache.coyote.AbstractProtocol$ConnectionHandler.process(AbstractProtocol.java:928)
		at org.apache.tomcat.util.net.NioEndpoint$SocketProcessor.doRun(NioEndpoint.java:1794)
		at org.apache.tomcat.util.net.SocketProcessorBase.run(SocketProcessorBase.java:52)
		at org.apache.tomcat.util.threads.ThreadPoolExecutor.runWorker(ThreadPoolExecutor.java:1191)
		at org.apache.tomcat.util.threads.ThreadPoolExecutor$Worker.run(ThreadPoolExecutor.java:659)
		at org.apache.tomcat.util.threads.TaskThread$WrappingRunnable.run(TaskThread.java:61)
		at java.base/java.lang.Thread.run(Thread.java:1583)
26-Apr-2024 19:30:29.227 SEVERE [http-nio-8080-exec-11] org.apache.catalina.core.StandardWrapperValve.invoke Servlet.service() for servlet [ServersidePackages.AdminServlet] in context with path [/FestaVista] threw exception [Unable to compile class for JSP: 

An error occurred at line: [303] in the jsp file: [/admindashboard.jsp]
organizerName cannot be resolved to a variable
300:                 <h2>Edit Profile</h2>
301:                 <form id="profileUpdateform" action="Servlet?id=updateOrgProfile" method="post">
302:                     <p><strong>Username:</strong> <input type="text" name="org_user" value="<%= loggedInUsername%>" readonly></p>
303:                     <p><strong>Name:</strong> <input type="text" name="org_name" value="<%= organizerName%>"></p>
304:                     <p><strong>Organization:</strong> <input type="text" name="org_organization" value="<%= organizerOrg%>"></p>
305:                     <p><strong>Email:</strong> <input type="text" name="org_email" value="<%= organizerEmail%>"></p>
306:                     <p><strong>Mobile:</strong> <input type="text" name="org_mobile" value="<%= organizerMobile%>"></p>


An error occurred at line: [304] in the jsp file: [/admindashboard.jsp]
organizerOrg cannot be resolved to a variable
301:                 <form id="profileUpdateform" action="Servlet?id=updateOrgProfile" method="post">
302:                     <p><strong>Username:</strong> <input type="text" name="org_user" value="<%= loggedInUsername%>" readonly></p>
303:                     <p><strong>Name:</strong> <input type="text" name="org_name" value="<%= organizerName%>"></p>
304:                     <p><strong>Organization:</strong> <input type="text" name="org_organization" value="<%= organizerOrg%>"></p>
305:                     <p><strong>Email:</strong> <input type="text" name="org_email" value="<%= organizerEmail%>"></p>
306:                     <p><strong>Mobile:</strong> <input type="text" name="org_mobile" value="<%= organizerMobile%>"></p>
307:                     <button type="submit">Save Changes</button>


An error occurred at line: [305] in the jsp file: [/admindashboard.jsp]
organizerEmail cannot be resolved to a variable
302:                     <p><strong>Username:</strong> <input type="text" name="org_user" value="<%= loggedInUsername%>" readonly></p>
303:                     <p><strong>Name:</strong> <input type="text" name="org_name" value="<%= organizerName%>"></p>
304:                     <p><strong>Organization:</strong> <input type="text" name="org_organization" value="<%= organizerOrg%>"></p>
305:                     <p><strong>Email:</strong> <input type="text" name="org_email" value="<%= organizerEmail%>"></p>
306:                     <p><strong>Mobile:</strong> <input type="text" name="org_mobile" value="<%= organizerMobile%>"></p>
307:                     <button type="submit">Save Changes</button>
308:                     <a class="cancel-button" href="#" onclick="cancelEditProfile()">Cancel</a>


An error occurred at line: [306] in the jsp file: [/admindashboard.jsp]
organizerMobile cannot be resolved to a variable
303:                     <p><strong>Name:</strong> <input type="text" name="org_name" value="<%= organizerName%>"></p>
304:                     <p><strong>Organization:</strong> <input type="text" name="org_organization" value="<%= organizerOrg%>"></p>
305:                     <p><strong>Email:</strong> <input type="text" name="org_email" value="<%= organizerEmail%>"></p>
306:                     <p><strong>Mobile:</strong> <input type="text" name="org_mobile" value="<%= organizerMobile%>"></p>
307:                     <button type="submit">Save Changes</button>
308:                     <a class="cancel-button" href="#" onclick="cancelEditProfile()">Cancel</a>
309:                 </form>


Stacktrace:] with root cause
	org.apache.jasper.JasperException: Unable to compile class for JSP: 

An error occurred at line: [303] in the jsp file: [/admindashboard.jsp]
organizerName cannot be resolved to a variable
300:                 <h2>Edit Profile</h2>
301:                 <form id="profileUpdateform" action="Servlet?id=updateOrgProfile" method="post">
302:                     <p><strong>Username:</strong> <input type="text" name="org_user" value="<%= loggedInUsername%>" readonly></p>
303:                     <p><strong>Name:</strong> <input type="text" name="org_name" value="<%= organizerName%>"></p>
304:                     <p><strong>Organization:</strong> <input type="text" name="org_organization" value="<%= organizerOrg%>"></p>
305:                     <p><strong>Email:</strong> <input type="text" name="org_email" value="<%= organizerEmail%>"></p>
306:                     <p><strong>Mobile:</strong> <input type="text" name="org_mobile" value="<%= organizerMobile%>"></p>


An error occurred at line: [304] in the jsp file: [/admindashboard.jsp]
organizerOrg cannot be resolved to a variable
301:                 <form id="profileUpdateform" action="Servlet?id=updateOrgProfile" method="post">
302:                     <p><strong>Username:</strong> <input type="text" name="org_user" value="<%= loggedInUsername%>" readonly></p>
303:                     <p><strong>Name:</strong> <input type="text" name="org_name" value="<%= organizerName%>"></p>
304:                     <p><strong>Organization:</strong> <input type="text" name="org_organization" value="<%= organizerOrg%>"></p>
305:                     <p><strong>Email:</strong> <input type="text" name="org_email" value="<%= organizerEmail%>"></p>
306:                     <p><strong>Mobile:</strong> <input type="text" name="org_mobile" value="<%= organizerMobile%>"></p>
307:                     <button type="submit">Save Changes</button>


An error occurred at line: [305] in the jsp file: [/admindashboard.jsp]
organizerEmail cannot be resolved to a variable
302:                     <p><strong>Username:</strong> <input type="text" name="org_user" value="<%= loggedInUsername%>" readonly></p>
303:                     <p><strong>Name:</strong> <input type="text" name="org_name" value="<%= organizerName%>"></p>
304:                     <p><strong>Organization:</strong> <input type="text" name="org_organization" value="<%= organizerOrg%>"></p>
305:                     <p><strong>Email:</strong> <input type="text" name="org_email" value="<%= organizerEmail%>"></p>
306:                     <p><strong>Mobile:</strong> <input type="text" name="org_mobile" value="<%= organizerMobile%>"></p>
307:                     <button type="submit">Save Changes</button>
308:                     <a class="cancel-button" href="#" onclick="cancelEditProfile()">Cancel</a>


An error occurred at line: [306] in the jsp file: [/admindashboard.jsp]
organizerMobile cannot be resolved to a variable
303:                     <p><strong>Name:</strong> <input type="text" name="org_name" value="<%= organizerName%>"></p>
304:                     <p><strong>Organization:</strong> <input type="text" name="org_organization" value="<%= organizerOrg%>"></p>
305:                     <p><strong>Email:</strong> <input type="text" name="org_email" value="<%= organizerEmail%>"></p>
306:                     <p><strong>Mobile:</strong> <input type="text" name="org_mobile" value="<%= organizerMobile%>"></p>
307:                     <button type="submit">Save Changes</button>
308:                     <a class="cancel-button" href="#" onclick="cancelEditProfile()">Cancel</a>
309:                 </form>


Stacktrace:
		at org.apache.jasper.compiler.DefaultErrorHandler.javacError(DefaultErrorHandler.java:102)
		at org.apache.jasper.compiler.ErrorDispatcher.javacError(ErrorDispatcher.java:214)
		at org.apache.jasper.compiler.JDTCompiler.generateClass(JDTCompiler.java:531)
		at org.apache.jasper.compiler.Compiler.compile(Compiler.java:398)
		at org.apache.jasper.compiler.Compiler.compile(Compiler.java:368)
		at org.apache.jasper.compiler.Compiler.compile(Compiler.java:352)
		at org.apache.jasper.JspCompilationContext.compile(JspCompilationContext.java:603)
		at org.apache.jasper.servlet.JspServletWrapper.service(JspServletWrapper.java:399)
		at org.apache.jasper.servlet.JspServlet.serviceJspFile(JspServlet.java:379)
		at org.apache.jasper.servlet.JspServlet.service(JspServlet.java:327)
		at javax.servlet.http.HttpServlet.service(HttpServlet.java:623)
		at org.apache.catalina.core.ApplicationFilterChain.internalDoFilter(ApplicationFilterChain.java:209)
		at org.apache.catalina.core.ApplicationFilterChain.doFilter(ApplicationFilterChain.java:153)
		at org.apache.tomcat.websocket.server.WsFilter.doFilter(WsFilter.java:51)
		at org.apache.catalina.core.ApplicationFilterChain.internalDoFilter(ApplicationFilterChain.java:178)
		at org.apache.catalina.core.ApplicationFilterChain.doFilter(ApplicationFilterChain.java:153)
		at org.apache.catalina.core.ApplicationDispatcher.invoke(ApplicationDispatcher.java:661)
		at org.apache.catalina.core.ApplicationDispatcher.processRequest(ApplicationDispatcher.java:425)
		at org.apache.catalina.core.ApplicationDispatcher.doForward(ApplicationDispatcher.java:357)
		at org.apache.catalina.core.ApplicationDispatcher.forward(ApplicationDispatcher.java:294)
		at ServersidePackages.AdminServlet.handleLogin(AdminServlet.java:246)
		at ServersidePackages.AdminServlet.doPost(AdminServlet.java:48)
		at javax.servlet.http.HttpServlet.service(HttpServlet.java:555)
		at javax.servlet.http.HttpServlet.service(HttpServlet.java:623)
		at org.apache.catalina.core.ApplicationFilterChain.internalDoFilter(ApplicationFilterChain.java:209)
		at org.apache.catalina.core.ApplicationFilterChain.doFilter(ApplicationFilterChain.java:153)
		at org.apache.tomcat.websocket.server.WsFilter.doFilter(WsFilter.java:51)
		at org.apache.catalina.core.ApplicationFilterChain.internalDoFilter(ApplicationFilterChain.java:178)
		at org.apache.catalina.core.ApplicationFilterChain.doFilter(ApplicationFilterChain.java:153)
		at org.apache.catalina.core.StandardWrapperValve.invoke(StandardWrapperValve.java:168)
		at org.apache.catalina.core.StandardContextValve.invoke(StandardContextValve.java:90)
		at org.apache.catalina.authenticator.AuthenticatorBase.invoke(AuthenticatorBase.java:481)
		at org.apache.catalina.core.StandardHostValve.invoke(StandardHostValve.java:130)
		at org.apache.catalina.valves.ErrorReportValve.invoke(ErrorReportValve.java:93)
		at org.apache.catalina.valves.AbstractAccessLogValve.invoke(AbstractAccessLogValve.java:670)
		at org.apache.catalina.core.StandardEngineValve.invoke(StandardEngineValve.java:74)
		at org.apache.catalina.connector.CoyoteAdapter.service(CoyoteAdapter.java:342)
		at org.apache.coyote.http11.Http11Processor.service(Http11Processor.java:390)
		at org.apache.coyote.AbstractProcessorLight.process(AbstractProcessorLight.java:63)
		at org.apache.coyote.AbstractProtocol$ConnectionHandler.process(AbstractProtocol.java:928)
		at org.apache.tomcat.util.net.NioEndpoint$SocketProcessor.doRun(NioEndpoint.java:1794)
		at org.apache.tomcat.util.net.SocketProcessorBase.run(SocketProcessorBase.java:52)
		at org.apache.tomcat.util.threads.ThreadPoolExecutor.runWorker(ThreadPoolExecutor.java:1191)
		at org.apache.tomcat.util.threads.ThreadPoolExecutor$Worker.run(ThreadPoolExecutor.java:659)
		at org.apache.tomcat.util.threads.TaskThread$WrappingRunnable.run(TaskThread.java:61)
		at java.base/java.lang.Thread.run(Thread.java:1583)
