22-Mar-2024 17:24:01.016 INFO [main] org.apache.catalina.core.ApplicationContext.log No Spring WebApplicationInitializer types detected on classpath
22-Mar-2024 17:24:01.045 INFO [main] org.apache.catalina.core.ApplicationContext.log Initializing Spring root WebApplicationContext
22-Mar-2024 17:24:01.351 INFO [main] org.apache.catalina.core.ApplicationContext.log Initializing Spring FrameworkServlet 'dispatcher'
22-Mar-2024 17:24:02.400 INFO [main] org.apache.catalina.core.ApplicationContext.log ContextListener: contextInitialized()
22-Mar-2024 17:24:02.400 INFO [main] org.apache.catalina.core.ApplicationContext.log SessionListener: contextInitialized()
22-Mar-2024 17:24:02.400 INFO [main] org.apache.catalina.core.ApplicationContext.log ContextListener: attributeAdded('StockTicker', 'async.Stockticker@3338d706')
22-Mar-2024 19:09:39.181 INFO [main] org.apache.catalina.core.ApplicationContext.log SessionListener: contextDestroyed()
22-Mar-2024 19:09:39.188 INFO [main] org.apache.catalina.core.ApplicationContext.log ContextListener: contextDestroyed()
22-Mar-2024 19:09:39.197 INFO [main] org.apache.catalina.core.ApplicationContext.log Destroying Spring FrameworkServlet 'dispatcher'
22-Mar-2024 19:09:39.205 INFO [main] org.apache.catalina.core.ApplicationContext.log Closing Spring root WebApplicationContext
22-Mar-2024 19:21:27.092 INFO [main] org.apache.catalina.core.ApplicationContext.log No Spring WebApplicationInitializer types detected on classpath
22-Mar-2024 19:21:27.127 INFO [main] org.apache.catalina.core.ApplicationContext.log Initializing Spring root WebApplicationContext
22-Mar-2024 19:21:27.430 INFO [main] org.apache.catalina.core.ApplicationContext.log Initializing Spring FrameworkServlet 'dispatcher'
22-Mar-2024 19:21:28.426 INFO [main] org.apache.catalina.core.ApplicationContext.log ContextListener: contextInitialized()
22-Mar-2024 19:21:28.426 INFO [main] org.apache.catalina.core.ApplicationContext.log SessionListener: contextInitialized()
22-Mar-2024 19:21:28.428 INFO [main] org.apache.catalina.core.ApplicationContext.log ContextListener: attributeAdded('StockTicker', 'async.Stockticker@32f8a37b')
22-Mar-2024 19:41:51.938 INFO [main] org.apache.catalina.core.ApplicationContext.log SessionListener: contextDestroyed()
22-Mar-2024 19:41:51.939 INFO [main] org.apache.catalina.core.ApplicationContext.log ContextListener: contextDestroyed()
22-Mar-2024 19:41:51.946 INFO [main] org.apache.catalina.core.ApplicationContext.log Destroying Spring FrameworkServlet 'dispatcher'
22-Mar-2024 19:41:51.949 INFO [main] org.apache.catalina.core.ApplicationContext.log Closing Spring root WebApplicationContext
