22-Apr-2024 12:37:22.688 INFO [http-nio-8080-exec-5] org.apache.catalina.core.ApplicationContext.log Manager: init: Associated with Deployer 'Catalina:type=Deployer,host=localhost'
22-Apr-2024 12:37:22.689 INFO [http-nio-8080-exec-5] org.apache.catalina.core.ApplicationContext.log Manager: init: Global resources are available
22-Apr-2024 12:37:22.756 INFO [http-nio-8080-exec-10] org.apache.catalina.core.ApplicationContext.log Manager: list: Listing contexts for virtual host 'localhost'
22-Apr-2024 12:37:22.763 INFO [http-nio-8080-exec-2] org.apache.catalina.core.ApplicationContext.log Manager: list: Listing contexts for virtual host 'localhost'
22-Apr-2024 12:38:30.797 INFO [http-nio-8080-exec-3] org.apache.catalina.core.ApplicationContext.log Manager: list: Listing contexts for virtual host 'localhost'
22-Apr-2024 13:17:47.475 INFO [http-nio-8080-exec-3] org.apache.catalina.core.ApplicationContext.log Manager: list: Listing contexts for virtual host 'localhost'
22-Apr-2024 13:17:47.482 INFO [http-nio-8080-exec-7] org.apache.catalina.core.ApplicationContext.log Manager: restart: Reloading web application '/FestaVista'
22-Apr-2024 13:19:58.404 INFO [http-nio-8080-exec-9] org.apache.catalina.core.ApplicationContext.log Manager: list: Listing contexts for virtual host 'localhost'
22-Apr-2024 13:19:58.407 INFO [http-nio-8080-exec-14] org.apache.catalina.core.ApplicationContext.log Manager: restart: Reloading web application '/FestaVista'
22-Apr-2024 13:21:31.709 INFO [http-nio-8080-exec-8] org.apache.catalina.core.ApplicationContext.log Manager: list: Listing contexts for virtual host 'localhost'
22-Apr-2024 13:24:20.806 INFO [http-nio-8080-exec-17] org.apache.catalina.core.ApplicationContext.log Manager: list: Listing contexts for virtual host 'localhost'
22-Apr-2024 13:24:20.812 INFO [http-nio-8080-exec-16] org.apache.catalina.core.ApplicationContext.log Manager: restart: Reloading web application '/FestaVista'
22-Apr-2024 13:24:23.149 INFO [http-nio-8080-exec-19] org.apache.catalina.core.ApplicationContext.log Manager: list: Listing contexts for virtual host 'localhost'
22-Apr-2024 13:24:23.154 INFO [http-nio-8080-exec-20] org.apache.catalina.core.ApplicationContext.log Manager: restart: Reloading web application '/FestaVista'
22-Apr-2024 13:26:39.340 INFO [http-nio-8080-exec-25] org.apache.catalina.core.ApplicationContext.log Manager: list: Listing contexts for virtual host 'localhost'
22-Apr-2024 13:26:39.346 INFO [http-nio-8080-exec-19] org.apache.catalina.core.ApplicationContext.log Manager: restart: Reloading web application '/FestaVista'
22-Apr-2024 13:27:22.450 INFO [http-nio-8080-exec-22] org.apache.catalina.core.ApplicationContext.log Manager: list: Listing contexts for virtual host 'localhost'
22-Apr-2024 13:27:22.456 INFO [http-nio-8080-exec-20] org.apache.catalina.core.ApplicationContext.log Manager: restart: Reloading web application '/FestaVista'
22-Apr-2024 13:28:03.746 INFO [http-nio-8080-exec-29] org.apache.catalina.core.ApplicationContext.log Manager: list: Listing contexts for virtual host 'localhost'
22-Apr-2024 13:28:03.751 INFO [http-nio-8080-exec-22] org.apache.catalina.core.ApplicationContext.log Manager: restart: Reloading web application '/FestaVista'
22-Apr-2024 13:29:40.085 INFO [http-nio-8080-exec-28] org.apache.catalina.core.ApplicationContext.log Manager: list: Listing contexts for virtual host 'localhost'
22-Apr-2024 13:29:42.033 INFO [http-nio-8080-exec-17] org.apache.catalina.core.ApplicationContext.log Manager: list: Listing contexts for virtual host 'localhost'
22-Apr-2024 13:29:42.038 INFO [http-nio-8080-exec-24] org.apache.catalina.core.ApplicationContext.log Manager: restart: Reloading web application '/FestaVista'
22-Apr-2024 13:29:42.642 INFO [http-nio-8080-exec-19] org.apache.catalina.core.ApplicationContext.log Manager: list: Listing contexts for virtual host 'localhost'
22-Apr-2024 13:29:42.647 INFO [http-nio-8080-exec-20] org.apache.catalina.core.ApplicationContext.log Manager: restart: Reloading web application '/FestaVista'
22-Apr-2024 13:31:09.670 INFO [http-nio-8080-exec-37] org.apache.catalina.core.ApplicationContext.log Manager: list: Listing contexts for virtual host 'localhost'
22-Apr-2024 13:31:09.675 INFO [http-nio-8080-exec-38] org.apache.catalina.core.ApplicationContext.log Manager: restart: Reloading web application '/FestaVista'
22-Apr-2024 13:32:40.665 INFO [http-nio-8080-exec-46] org.apache.catalina.core.ApplicationContext.log Manager: list: Listing contexts for virtual host 'localhost'
22-Apr-2024 13:34:47.943 INFO [http-nio-8080-exec-47] org.apache.catalina.core.ApplicationContext.log Manager: list: Listing contexts for virtual host 'localhost'
22-Apr-2024 19:27:11.478 INFO [http-nio-8080-exec-53] org.apache.catalina.core.ApplicationContext.log Manager: list: Listing contexts for virtual host 'localhost'
22-Apr-2024 19:27:11.481 INFO [http-nio-8080-exec-51] org.apache.catalina.core.ApplicationContext.log Manager: list: Listing contexts for virtual host 'localhost'
22-Apr-2024 19:31:50.664 INFO [http-nio-8080-exec-50] org.apache.catalina.core.ApplicationContext.log Manager: list: Listing contexts for virtual host 'localhost'
22-Apr-2024 19:31:50.670 INFO [http-nio-8080-exec-49] org.apache.catalina.core.ApplicationContext.log Manager: list: Listing contexts for virtual host 'localhost'
22-Apr-2024 19:39:36.747 INFO [http-nio-8080-exec-47] org.apache.catalina.core.ApplicationContext.log Manager: list: Listing contexts for virtual host 'localhost'
22-Apr-2024 19:39:36.764 INFO [http-nio-8080-exec-46] org.apache.catalina.core.ApplicationContext.log Manager: restart: Reloading web application '/Construction_Monitoring_System'
22-Apr-2024 19:39:38.481 INFO [http-nio-8080-exec-48] org.apache.catalina.core.ApplicationContext.log Manager: list: Listing contexts for virtual host 'localhost'
22-Apr-2024 19:39:38.493 INFO [http-nio-8080-exec-47] org.apache.catalina.core.ApplicationContext.log Manager: restart: Reloading web application '/Construction_Monitoring_System'
22-Apr-2024 19:45:01.871 INFO [http-nio-8080-exec-57] org.apache.catalina.core.ApplicationContext.log Manager: list: Listing contexts for virtual host 'localhost'
22-Apr-2024 19:51:23.090 INFO [http-nio-8080-exec-60] org.apache.catalina.core.ApplicationContext.log Manager: list: Listing contexts for virtual host 'localhost'
22-Apr-2024 20:26:31.532 INFO [http-nio-8080-exec-60] org.apache.catalina.core.ApplicationContext.log Manager: list: Listing contexts for virtual host 'localhost'
22-Apr-2024 20:26:31.545 INFO [http-nio-8080-exec-61] org.apache.catalina.core.ApplicationContext.log Manager: restart: Reloading web application '/Construction_Monitoring_System'
22-Apr-2024 20:26:32.331 INFO [http-nio-8080-exec-56] org.apache.catalina.core.ApplicationContext.log Manager: list: Listing contexts for virtual host 'localhost'
22-Apr-2024 20:26:32.341 INFO [http-nio-8080-exec-57] org.apache.catalina.core.ApplicationContext.log Manager: restart: Reloading web application '/Construction_Monitoring_System'
22-Apr-2024 20:26:41.727 INFO [http-nio-8080-exec-58] org.apache.catalina.core.ApplicationContext.log Manager: list: Listing contexts for virtual host 'localhost'
22-Apr-2024 20:26:41.741 INFO [http-nio-8080-exec-66] org.apache.catalina.core.ApplicationContext.log Manager: restart: Reloading web application '/Construction_Monitoring_System'
22-Apr-2024 20:26:47.215 INFO [http-nio-8080-exec-64] org.apache.catalina.core.ApplicationContext.log Manager: list: Listing contexts for virtual host 'localhost'
22-Apr-2024 20:26:47.224 INFO [http-nio-8080-exec-59] org.apache.catalina.core.ApplicationContext.log Manager: restart: Reloading web application '/Construction_Monitoring_System'
22-Apr-2024 20:26:47.225 SEVERE [http-nio-8080-exec-59] org.apache.catalina.core.ApplicationContext.log Manager: Error reloading [/Construction_Monitoring_System]
	java.lang.IllegalStateException: Context with name [/Construction_Monitoring_System] has not yet been started
		at org.apache.catalina.core.StandardContext.reload(StandardContext.java:3564)
		at org.apache.catalina.manager.ManagerServlet.reload(ManagerServlet.java:1060)
		at org.apache.catalina.manager.ManagerServlet.doGet(ManagerServlet.java:342)
		at javax.servlet.http.HttpServlet.service(HttpServlet.java:529)
		at javax.servlet.http.HttpServlet.service(HttpServlet.java:623)
		at org.apache.catalina.core.ApplicationFilterChain.internalDoFilter(ApplicationFilterChain.java:209)
		at org.apache.catalina.core.ApplicationFilterChain.doFilter(ApplicationFilterChain.java:153)
		at org.apache.tomcat.websocket.server.WsFilter.doFilter(WsFilter.java:51)
		at org.apache.catalina.core.ApplicationFilterChain.internalDoFilter(ApplicationFilterChain.java:178)
		at org.apache.catalina.core.ApplicationFilterChain.doFilter(ApplicationFilterChain.java:153)
		at org.apache.catalina.filters.HttpHeaderSecurityFilter.doFilter(HttpHeaderSecurityFilter.java:129)
		at org.apache.catalina.core.ApplicationFilterChain.internalDoFilter(ApplicationFilterChain.java:178)
		at org.apache.catalina.core.ApplicationFilterChain.doFilter(ApplicationFilterChain.java:153)
		at org.apache.catalina.core.StandardWrapperValve.invoke(StandardWrapperValve.java:168)
		at org.apache.catalina.core.StandardContextValve.invoke(StandardContextValve.java:90)
		at org.apache.catalina.authenticator.AuthenticatorBase.invoke(AuthenticatorBase.java:596)
		at org.apache.catalina.valves.RequestFilterValve.process(RequestFilterValve.java:355)
		at org.apache.catalina.valves.RemoteAddrValve.invoke(RemoteAddrValve.java:54)
		at org.apache.catalina.core.StandardHostValve.invoke(StandardHostValve.java:130)
		at org.apache.catalina.valves.ErrorReportValve.invoke(ErrorReportValve.java:93)
		at org.apache.catalina.valves.AbstractAccessLogValve.invoke(AbstractAccessLogValve.java:670)
		at org.apache.catalina.core.StandardEngineValve.invoke(StandardEngineValve.java:74)
		at org.apache.catalina.connector.CoyoteAdapter.service(CoyoteAdapter.java:342)
		at org.apache.coyote.http11.Http11Processor.service(Http11Processor.java:390)
		at org.apache.coyote.AbstractProcessorLight.process(AbstractProcessorLight.java:63)
		at org.apache.coyote.AbstractProtocol$ConnectionHandler.process(AbstractProtocol.java:928)
		at org.apache.tomcat.util.net.NioEndpoint$SocketProcessor.doRun(NioEndpoint.java:1794)
		at org.apache.tomcat.util.net.SocketProcessorBase.run(SocketProcessorBase.java:52)
		at org.apache.tomcat.util.threads.ThreadPoolExecutor.runWorker(ThreadPoolExecutor.java:1191)
		at org.apache.tomcat.util.threads.ThreadPoolExecutor$Worker.run(ThreadPoolExecutor.java:659)
		at org.apache.tomcat.util.threads.TaskThread$WrappingRunnable.run(TaskThread.java:61)
		at java.base/java.lang.Thread.run(Thread.java:1583)
22-Apr-2024 20:26:47.573 INFO [http-nio-8080-exec-65] org.apache.catalina.core.ApplicationContext.log Manager: list: Listing contexts for virtual host 'localhost'
22-Apr-2024 20:26:47.577 INFO [http-nio-8080-exec-60] org.apache.catalina.core.ApplicationContext.log Manager: list: Listing contexts for virtual host 'localhost'
22-Apr-2024 20:26:47.599 INFO [http-nio-8080-exec-64] org.apache.catalina.core.ApplicationContext.log Manager: undeploy: Undeploying web application at '/Construction_Monitoring_System'
22-Apr-2024 20:26:48.157 INFO [http-nio-8080-exec-56] org.apache.catalina.core.ApplicationContext.log Manager: install: Installing context configuration at 'file:/C:/Users/abhig/AppData/Local/Temp/context18285320071331752571.xml'
22-Apr-2024 20:35:10.505 INFO [http-nio-8080-exec-72] org.apache.catalina.core.ApplicationContext.log Manager: list: Listing contexts for virtual host 'localhost'
22-Apr-2024 20:35:10.512 INFO [http-nio-8080-exec-76] org.apache.catalina.core.ApplicationContext.log Manager: list: Listing contexts for virtual host 'localhost'
22-Apr-2024 20:35:10.549 INFO [http-nio-8080-exec-77] org.apache.catalina.core.ApplicationContext.log Manager: undeploy: Undeploying web application at '/Construction_Monitoring_System'
22-Apr-2024 20:35:11.094 INFO [http-nio-8080-exec-73] org.apache.catalina.core.ApplicationContext.log Manager: install: Installing context configuration at 'file:/C:/Users/abhig/AppData/Local/Temp/context17171371545660953021.xml'
22-Apr-2024 20:35:58.735 INFO [http-nio-8080-exec-78] org.apache.catalina.core.ApplicationContext.log Manager: list: Listing contexts for virtual host 'localhost'
22-Apr-2024 20:35:58.751 INFO [http-nio-8080-exec-79] org.apache.catalina.core.ApplicationContext.log Manager: list: Listing contexts for virtual host 'localhost'
22-Apr-2024 20:35:58.778 INFO [http-nio-8080-exec-73] org.apache.catalina.core.ApplicationContext.log Manager: undeploy: Undeploying web application at '/Construction_Monitoring_System'
22-Apr-2024 20:35:59.323 INFO [http-nio-8080-exec-71] org.apache.catalina.core.ApplicationContext.log Manager: install: Installing context configuration at 'file:/C:/Users/abhig/AppData/Local/Temp/context10802095326384454375.xml'
22-Apr-2024 20:37:57.372 INFO [http-nio-8080-exec-78] org.apache.catalina.core.ApplicationContext.log Manager: list: Listing contexts for virtual host 'localhost'
22-Apr-2024 20:37:57.378 INFO [http-nio-8080-exec-83] org.apache.catalina.core.ApplicationContext.log Manager: list: Listing contexts for virtual host 'localhost'
22-Apr-2024 20:37:57.408 INFO [http-nio-8080-exec-73] org.apache.catalina.core.ApplicationContext.log Manager: undeploy: Undeploying web application at '/Construction_Monitoring_System'
22-Apr-2024 20:37:57.953 INFO [http-nio-8080-exec-72] org.apache.catalina.core.ApplicationContext.log Manager: install: Installing context configuration at 'file:/C:/Users/abhig/AppData/Local/Temp/context5416193053066305996.xml'
22-Apr-2024 20:37:58.748 INFO [http-nio-8080-exec-83] org.apache.catalina.core.ApplicationContext.log Manager: list: Listing contexts for virtual host 'localhost'
22-Apr-2024 20:37:58.783 INFO [http-nio-8080-exec-75] org.apache.catalina.core.ApplicationContext.log Manager: list: Listing contexts for virtual host 'localhost'
22-Apr-2024 20:37:58.816 INFO [http-nio-8080-exec-73] org.apache.catalina.core.ApplicationContext.log Manager: undeploy: Undeploying web application at '/Construction_Monitoring_System'
22-Apr-2024 20:37:59.353 INFO [http-nio-8080-exec-78] org.apache.catalina.core.ApplicationContext.log Manager: install: Installing context configuration at 'file:/C:/Users/abhig/AppData/Local/Temp/context9208797950923916557.xml'
22-Apr-2024 20:38:09.699 INFO [http-nio-8080-exec-86] org.apache.catalina.core.ApplicationContext.log Manager: list: Listing contexts for virtual host 'localhost'
22-Apr-2024 20:38:09.709 INFO [http-nio-8080-exec-75] org.apache.catalina.core.ApplicationContext.log Manager: list: Listing contexts for virtual host 'localhost'
22-Apr-2024 20:38:09.732 INFO [http-nio-8080-exec-85] org.apache.catalina.core.ApplicationContext.log Manager: undeploy: Undeploying web application at '/Construction_Monitoring_System'
22-Apr-2024 20:38:10.285 INFO [http-nio-8080-exec-80] org.apache.catalina.core.ApplicationContext.log Manager: install: Installing context configuration at 'file:/C:/Users/abhig/AppData/Local/Temp/context16328829742759533655.xml'
22-Apr-2024 20:39:07.318 INFO [http-nio-8080-exec-75] org.apache.catalina.core.ApplicationContext.log Manager: list: Listing contexts for virtual host 'localhost'
22-Apr-2024 20:39:07.322 INFO [http-nio-8080-exec-85] org.apache.catalina.core.ApplicationContext.log Manager: list: Listing contexts for virtual host 'localhost'
22-Apr-2024 20:39:07.339 INFO [http-nio-8080-exec-80] org.apache.catalina.core.ApplicationContext.log Manager: undeploy: Undeploying web application at '/Construction_Monitoring_System'
22-Apr-2024 20:39:07.894 INFO [http-nio-8080-exec-85] org.apache.catalina.core.ApplicationContext.log Manager: install: Installing context configuration at 'file:/C:/Users/abhig/AppData/Local/Temp/context16219545110296916670.xml'
22-Apr-2024 20:39:16.020 INFO [http-nio-8080-exec-84] org.apache.catalina.core.ApplicationContext.log Manager: list: Listing contexts for virtual host 'localhost'
22-Apr-2024 20:39:16.022 INFO [http-nio-8080-exec-87] org.apache.catalina.core.ApplicationContext.log Manager: list: Listing contexts for virtual host 'localhost'
22-Apr-2024 20:39:16.070 INFO [http-nio-8080-exec-80] org.apache.catalina.core.ApplicationContext.log Manager: restart: Reloading web application '/Construction_Monitoring_System'
22-Apr-2024 20:39:16.070 SEVERE [http-nio-8080-exec-80] org.apache.catalina.core.ApplicationContext.log Manager: Error reloading [/Construction_Monitoring_System]
	java.lang.IllegalStateException: Context with name [/Construction_Monitoring_System] has not yet been started
		at org.apache.catalina.core.StandardContext.reload(StandardContext.java:3564)
		at org.apache.catalina.manager.ManagerServlet.reload(ManagerServlet.java:1060)
		at org.apache.catalina.manager.ManagerServlet.doGet(ManagerServlet.java:342)
		at javax.servlet.http.HttpServlet.service(HttpServlet.java:529)
		at javax.servlet.http.HttpServlet.service(HttpServlet.java:623)
		at org.apache.catalina.core.ApplicationFilterChain.internalDoFilter(ApplicationFilterChain.java:209)
		at org.apache.catalina.core.ApplicationFilterChain.doFilter(ApplicationFilterChain.java:153)
		at org.apache.tomcat.websocket.server.WsFilter.doFilter(WsFilter.java:51)
		at org.apache.catalina.core.ApplicationFilterChain.internalDoFilter(ApplicationFilterChain.java:178)
		at org.apache.catalina.core.ApplicationFilterChain.doFilter(ApplicationFilterChain.java:153)
		at org.apache.catalina.filters.HttpHeaderSecurityFilter.doFilter(HttpHeaderSecurityFilter.java:129)
		at org.apache.catalina.core.ApplicationFilterChain.internalDoFilter(ApplicationFilterChain.java:178)
		at org.apache.catalina.core.ApplicationFilterChain.doFilter(ApplicationFilterChain.java:153)
		at org.apache.catalina.core.StandardWrapperValve.invoke(StandardWrapperValve.java:168)
		at org.apache.catalina.core.StandardContextValve.invoke(StandardContextValve.java:90)
		at org.apache.catalina.authenticator.AuthenticatorBase.invoke(AuthenticatorBase.java:596)
		at org.apache.catalina.valves.RequestFilterValve.process(RequestFilterValve.java:355)
		at org.apache.catalina.valves.RemoteAddrValve.invoke(RemoteAddrValve.java:54)
		at org.apache.catalina.core.StandardHostValve.invoke(StandardHostValve.java:130)
		at org.apache.catalina.valves.ErrorReportValve.invoke(ErrorReportValve.java:93)
		at org.apache.catalina.valves.AbstractAccessLogValve.invoke(AbstractAccessLogValve.java:670)
		at org.apache.catalina.core.StandardEngineValve.invoke(StandardEngineValve.java:74)
		at org.apache.catalina.connector.CoyoteAdapter.service(CoyoteAdapter.java:342)
		at org.apache.coyote.http11.Http11Processor.service(Http11Processor.java:390)
		at org.apache.coyote.AbstractProcessorLight.process(AbstractProcessorLight.java:63)
		at org.apache.coyote.AbstractProtocol$ConnectionHandler.process(AbstractProtocol.java:928)
		at org.apache.tomcat.util.net.NioEndpoint$SocketProcessor.doRun(NioEndpoint.java:1794)
		at org.apache.tomcat.util.net.SocketProcessorBase.run(SocketProcessorBase.java:52)
		at org.apache.tomcat.util.threads.ThreadPoolExecutor.runWorker(ThreadPoolExecutor.java:1191)
		at org.apache.tomcat.util.threads.ThreadPoolExecutor$Worker.run(ThreadPoolExecutor.java:659)
		at org.apache.tomcat.util.threads.TaskThread$WrappingRunnable.run(TaskThread.java:61)
		at java.base/java.lang.Thread.run(Thread.java:1583)
22-Apr-2024 20:39:35.259 INFO [http-nio-8080-exec-89] org.apache.catalina.core.ApplicationContext.log Manager: list: Listing contexts for virtual host 'localhost'
22-Apr-2024 20:39:35.263 INFO [http-nio-8080-exec-92] org.apache.catalina.core.ApplicationContext.log Manager: list: Listing contexts for virtual host 'localhost'
22-Apr-2024 20:39:49.026 INFO [http-nio-8080-exec-84] org.apache.catalina.core.ApplicationContext.log Manager: start: Starting web application '/Construction_Monitoring_System'
22-Apr-2024 20:39:49.080 SEVERE [http-nio-8080-exec-84] org.apache.catalina.core.ApplicationContext.log Manager: Error starting [/Construction_Monitoring_System]
	org.apache.catalina.LifecycleException: Failed to start component [StandardEngine[Catalina].StandardHost[localhost].StandardContext[/Construction_Monitoring_System]]
		at org.apache.catalina.util.LifecycleBase.handleSubClassException(LifecycleBase.java:419)
		at org.apache.catalina.util.LifecycleBase.start(LifecycleBase.java:186)
		at org.apache.catalina.manager.ManagerServlet.start(ManagerServlet.java:1335)
		at org.apache.catalina.manager.ManagerServlet.doGet(ManagerServlet.java:354)
		at javax.servlet.http.HttpServlet.service(HttpServlet.java:529)
		at javax.servlet.http.HttpServlet.service(HttpServlet.java:623)
		at org.apache.catalina.core.ApplicationFilterChain.internalDoFilter(ApplicationFilterChain.java:209)
		at org.apache.catalina.core.ApplicationFilterChain.doFilter(ApplicationFilterChain.java:153)
		at org.apache.tomcat.websocket.server.WsFilter.doFilter(WsFilter.java:51)
		at org.apache.catalina.core.ApplicationFilterChain.internalDoFilter(ApplicationFilterChain.java:178)
		at org.apache.catalina.core.ApplicationFilterChain.doFilter(ApplicationFilterChain.java:153)
		at org.apache.catalina.filters.HttpHeaderSecurityFilter.doFilter(HttpHeaderSecurityFilter.java:129)
		at org.apache.catalina.core.ApplicationFilterChain.internalDoFilter(ApplicationFilterChain.java:178)
		at org.apache.catalina.core.ApplicationFilterChain.doFilter(ApplicationFilterChain.java:153)
		at org.apache.catalina.core.StandardWrapperValve.invoke(StandardWrapperValve.java:168)
		at org.apache.catalina.core.StandardContextValve.invoke(StandardContextValve.java:90)
		at org.apache.catalina.authenticator.AuthenticatorBase.invoke(AuthenticatorBase.java:596)
		at org.apache.catalina.valves.RequestFilterValve.process(RequestFilterValve.java:355)
		at org.apache.catalina.valves.RemoteAddrValve.invoke(RemoteAddrValve.java:54)
		at org.apache.catalina.core.StandardHostValve.invoke(StandardHostValve.java:130)
		at org.apache.catalina.valves.ErrorReportValve.invoke(ErrorReportValve.java:93)
		at org.apache.catalina.valves.AbstractAccessLogValve.invoke(AbstractAccessLogValve.java:670)
		at org.apache.catalina.core.StandardEngineValve.invoke(StandardEngineValve.java:74)
		at org.apache.catalina.connector.CoyoteAdapter.service(CoyoteAdapter.java:342)
		at org.apache.coyote.http11.Http11Processor.service(Http11Processor.java:390)
		at org.apache.coyote.AbstractProcessorLight.process(AbstractProcessorLight.java:63)
		at org.apache.coyote.AbstractProtocol$ConnectionHandler.process(AbstractProtocol.java:928)
		at org.apache.tomcat.util.net.NioEndpoint$SocketProcessor.doRun(NioEndpoint.java:1794)
		at org.apache.tomcat.util.net.SocketProcessorBase.run(SocketProcessorBase.java:52)
		at org.apache.tomcat.util.threads.ThreadPoolExecutor.runWorker(ThreadPoolExecutor.java:1191)
		at org.apache.tomcat.util.threads.ThreadPoolExecutor$Worker.run(ThreadPoolExecutor.java:659)
		at org.apache.tomcat.util.threads.TaskThread$WrappingRunnable.run(TaskThread.java:61)
		at java.base/java.lang.Thread.run(Thread.java:1583)
	Caused by: java.lang.IllegalArgumentException: The servlets named [ServerPackages.AdminServlet] and [ServersidePackages.AdminServlet] are both mapped to the url-pattern [/AdminServlet] which is not permitted
		at org.apache.tomcat.util.descriptor.web.WebXml.addServletMappingDecoded(WebXml.java:354)
		at org.apache.tomcat.util.descriptor.web.WebXml.addServletMapping(WebXml.java:347)
		at org.apache.catalina.startup.ContextConfig.processAnnotationWebServlet(ContextConfig.java:2682)
		at org.apache.catalina.startup.ContextConfig.processClass(ContextConfig.java:2365)
		at org.apache.catalina.startup.ContextConfig.processAnnotationsStream(ContextConfig.java:2354)
		at org.apache.catalina.startup.ContextConfig.processAnnotationsWebResource(ContextConfig.java:2255)
		at org.apache.catalina.startup.ContextConfig.processAnnotationsWebResource(ContextConfig.java:2249)
		at org.apache.catalina.startup.ContextConfig.processClasses(ContextConfig.java:1403)
		at org.apache.catalina.startup.ContextConfig.webConfig(ContextConfig.java:1308)
		at org.apache.catalina.startup.ContextConfig.configureStart(ContextConfig.java:991)
		at org.apache.catalina.startup.ContextConfig.lifecycleEvent(ContextConfig.java:304)
		at org.apache.catalina.util.LifecycleBase.fireLifecycleEvent(LifecycleBase.java:114)
		at org.apache.catalina.core.StandardContext.startInternal(StandardContext.java:4820)
		at org.apache.catalina.util.LifecycleBase.start(LifecycleBase.java:171)
		... 31 more
22-Apr-2024 20:43:39.892 INFO [http-nio-8080-exec-97] org.apache.catalina.core.ApplicationContext.log Manager: list: Listing contexts for virtual host 'localhost'
22-Apr-2024 20:43:39.898 INFO [http-nio-8080-exec-92] org.apache.catalina.core.ApplicationContext.log Manager: list: Listing contexts for virtual host 'localhost'
22-Apr-2024 20:43:39.944 INFO [http-nio-8080-exec-90] org.apache.catalina.core.ApplicationContext.log Manager: restart: Reloading web application '/Construction_Monitoring_System'
22-Apr-2024 20:43:39.944 SEVERE [http-nio-8080-exec-90] org.apache.catalina.core.ApplicationContext.log Manager: Error reloading [/Construction_Monitoring_System]
	java.lang.IllegalStateException: Context with name [/Construction_Monitoring_System] has not yet been started
		at org.apache.catalina.core.StandardContext.reload(StandardContext.java:3564)
		at org.apache.catalina.manager.ManagerServlet.reload(ManagerServlet.java:1060)
		at org.apache.catalina.manager.ManagerServlet.doGet(ManagerServlet.java:342)
		at javax.servlet.http.HttpServlet.service(HttpServlet.java:529)
		at javax.servlet.http.HttpServlet.service(HttpServlet.java:623)
		at org.apache.catalina.core.ApplicationFilterChain.internalDoFilter(ApplicationFilterChain.java:209)
		at org.apache.catalina.core.ApplicationFilterChain.doFilter(ApplicationFilterChain.java:153)
		at org.apache.tomcat.websocket.server.WsFilter.doFilter(WsFilter.java:51)
		at org.apache.catalina.core.ApplicationFilterChain.internalDoFilter(ApplicationFilterChain.java:178)
		at org.apache.catalina.core.ApplicationFilterChain.doFilter(ApplicationFilterChain.java:153)
		at org.apache.catalina.filters.HttpHeaderSecurityFilter.doFilter(HttpHeaderSecurityFilter.java:129)
		at org.apache.catalina.core.ApplicationFilterChain.internalDoFilter(ApplicationFilterChain.java:178)
		at org.apache.catalina.core.ApplicationFilterChain.doFilter(ApplicationFilterChain.java:153)
		at org.apache.catalina.core.StandardWrapperValve.invoke(StandardWrapperValve.java:168)
		at org.apache.catalina.core.StandardContextValve.invoke(StandardContextValve.java:90)
		at org.apache.catalina.authenticator.AuthenticatorBase.invoke(AuthenticatorBase.java:596)
		at org.apache.catalina.valves.RequestFilterValve.process(RequestFilterValve.java:355)
		at org.apache.catalina.valves.RemoteAddrValve.invoke(RemoteAddrValve.java:54)
		at org.apache.catalina.core.StandardHostValve.invoke(StandardHostValve.java:130)
		at org.apache.catalina.valves.ErrorReportValve.invoke(ErrorReportValve.java:93)
		at org.apache.catalina.valves.AbstractAccessLogValve.invoke(AbstractAccessLogValve.java:670)
		at org.apache.catalina.core.StandardEngineValve.invoke(StandardEngineValve.java:74)
		at org.apache.catalina.connector.CoyoteAdapter.service(CoyoteAdapter.java:342)
		at org.apache.coyote.http11.Http11Processor.service(Http11Processor.java:390)
		at org.apache.coyote.AbstractProcessorLight.process(AbstractProcessorLight.java:63)
		at org.apache.coyote.AbstractProtocol$ConnectionHandler.process(AbstractProtocol.java:928)
		at org.apache.tomcat.util.net.NioEndpoint$SocketProcessor.doRun(NioEndpoint.java:1794)
		at org.apache.tomcat.util.net.SocketProcessorBase.run(SocketProcessorBase.java:52)
		at org.apache.tomcat.util.threads.ThreadPoolExecutor.runWorker(ThreadPoolExecutor.java:1191)
		at org.apache.tomcat.util.threads.ThreadPoolExecutor$Worker.run(ThreadPoolExecutor.java:659)
		at org.apache.tomcat.util.threads.TaskThread$WrappingRunnable.run(TaskThread.java:61)
		at java.base/java.lang.Thread.run(Thread.java:1583)
22-Apr-2024 20:44:20.630 INFO [http-nio-8080-exec-96] org.apache.catalina.core.ApplicationContext.log Manager: list: Listing contexts for virtual host 'localhost'
22-Apr-2024 20:44:20.630 INFO [http-nio-8080-exec-100] org.apache.catalina.core.ApplicationContext.log Manager: list: Listing contexts for virtual host 'localhost'
22-Apr-2024 20:44:20.688 INFO [http-nio-8080-exec-90] org.apache.catalina.core.ApplicationContext.log Manager: restart: Reloading web application '/Construction_Monitoring_System'
22-Apr-2024 20:44:20.689 SEVERE [http-nio-8080-exec-90] org.apache.catalina.core.ApplicationContext.log Manager: Error reloading [/Construction_Monitoring_System]
	java.lang.IllegalStateException: Context with name [/Construction_Monitoring_System] has not yet been started
		at org.apache.catalina.core.StandardContext.reload(StandardContext.java:3564)
		at org.apache.catalina.manager.ManagerServlet.reload(ManagerServlet.java:1060)
		at org.apache.catalina.manager.ManagerServlet.doGet(ManagerServlet.java:342)
		at javax.servlet.http.HttpServlet.service(HttpServlet.java:529)
		at javax.servlet.http.HttpServlet.service(HttpServlet.java:623)
		at org.apache.catalina.core.ApplicationFilterChain.internalDoFilter(ApplicationFilterChain.java:209)
		at org.apache.catalina.core.ApplicationFilterChain.doFilter(ApplicationFilterChain.java:153)
		at org.apache.tomcat.websocket.server.WsFilter.doFilter(WsFilter.java:51)
		at org.apache.catalina.core.ApplicationFilterChain.internalDoFilter(ApplicationFilterChain.java:178)
		at org.apache.catalina.core.ApplicationFilterChain.doFilter(ApplicationFilterChain.java:153)
		at org.apache.catalina.filters.HttpHeaderSecurityFilter.doFilter(HttpHeaderSecurityFilter.java:129)
		at org.apache.catalina.core.ApplicationFilterChain.internalDoFilter(ApplicationFilterChain.java:178)
		at org.apache.catalina.core.ApplicationFilterChain.doFilter(ApplicationFilterChain.java:153)
		at org.apache.catalina.core.StandardWrapperValve.invoke(StandardWrapperValve.java:168)
		at org.apache.catalina.core.StandardContextValve.invoke(StandardContextValve.java:90)
		at org.apache.catalina.authenticator.AuthenticatorBase.invoke(AuthenticatorBase.java:596)
		at org.apache.catalina.valves.RequestFilterValve.process(RequestFilterValve.java:355)
		at org.apache.catalina.valves.RemoteAddrValve.invoke(RemoteAddrValve.java:54)
		at org.apache.catalina.core.StandardHostValve.invoke(StandardHostValve.java:130)
		at org.apache.catalina.valves.ErrorReportValve.invoke(ErrorReportValve.java:93)
		at org.apache.catalina.valves.AbstractAccessLogValve.invoke(AbstractAccessLogValve.java:670)
		at org.apache.catalina.core.StandardEngineValve.invoke(StandardEngineValve.java:74)
		at org.apache.catalina.connector.CoyoteAdapter.service(CoyoteAdapter.java:342)
		at org.apache.coyote.http11.Http11Processor.service(Http11Processor.java:390)
		at org.apache.coyote.AbstractProcessorLight.process(AbstractProcessorLight.java:63)
		at org.apache.coyote.AbstractProtocol$ConnectionHandler.process(AbstractProtocol.java:928)
		at org.apache.tomcat.util.net.NioEndpoint$SocketProcessor.doRun(NioEndpoint.java:1794)
		at org.apache.tomcat.util.net.SocketProcessorBase.run(SocketProcessorBase.java:52)
		at org.apache.tomcat.util.threads.ThreadPoolExecutor.runWorker(ThreadPoolExecutor.java:1191)
		at org.apache.tomcat.util.threads.ThreadPoolExecutor$Worker.run(ThreadPoolExecutor.java:659)
		at org.apache.tomcat.util.threads.TaskThread$WrappingRunnable.run(TaskThread.java:61)
		at java.base/java.lang.Thread.run(Thread.java:1583)
22-Apr-2024 20:45:22.929 INFO [http-nio-8080-exec-4] org.apache.catalina.core.ApplicationContext.log Manager: init: Associated with Deployer 'Catalina:type=Deployer,host=localhost'
22-Apr-2024 20:45:22.929 INFO [http-nio-8080-exec-4] org.apache.catalina.core.ApplicationContext.log Manager: init: Global resources are available
22-Apr-2024 20:45:22.953 INFO [http-nio-8080-exec-4] org.apache.catalina.core.ApplicationContext.log Manager: list: Listing contexts for virtual host 'localhost'
22-Apr-2024 20:45:22.960 INFO [http-nio-8080-exec-8] org.apache.catalina.core.ApplicationContext.log Manager: list: Listing contexts for virtual host 'localhost'
22-Apr-2024 20:45:22.993 INFO [http-nio-8080-exec-9] org.apache.catalina.core.ApplicationContext.log Manager: restart: Reloading web application '/Construction_Monitoring_System'
22-Apr-2024 20:45:22.993 SEVERE [http-nio-8080-exec-9] org.apache.catalina.core.ApplicationContext.log Manager: Error reloading [/Construction_Monitoring_System]
	java.lang.IllegalStateException: Context with name [/Construction_Monitoring_System] has not yet been started
		at org.apache.catalina.core.StandardContext.reload(StandardContext.java:3564)
		at org.apache.catalina.manager.ManagerServlet.reload(ManagerServlet.java:1060)
		at org.apache.catalina.manager.ManagerServlet.doGet(ManagerServlet.java:342)
		at javax.servlet.http.HttpServlet.service(HttpServlet.java:529)
		at javax.servlet.http.HttpServlet.service(HttpServlet.java:623)
		at org.apache.catalina.core.ApplicationFilterChain.internalDoFilter(ApplicationFilterChain.java:209)
		at org.apache.catalina.core.ApplicationFilterChain.doFilter(ApplicationFilterChain.java:153)
		at org.apache.tomcat.websocket.server.WsFilter.doFilter(WsFilter.java:51)
		at org.apache.catalina.core.ApplicationFilterChain.internalDoFilter(ApplicationFilterChain.java:178)
		at org.apache.catalina.core.ApplicationFilterChain.doFilter(ApplicationFilterChain.java:153)
		at org.apache.catalina.filters.HttpHeaderSecurityFilter.doFilter(HttpHeaderSecurityFilter.java:129)
		at org.apache.catalina.core.ApplicationFilterChain.internalDoFilter(ApplicationFilterChain.java:178)
		at org.apache.catalina.core.ApplicationFilterChain.doFilter(ApplicationFilterChain.java:153)
		at org.apache.catalina.core.StandardWrapperValve.invoke(StandardWrapperValve.java:168)
		at org.apache.catalina.core.StandardContextValve.invoke(StandardContextValve.java:90)
		at org.apache.catalina.authenticator.AuthenticatorBase.invoke(AuthenticatorBase.java:596)
		at org.apache.catalina.valves.RequestFilterValve.process(RequestFilterValve.java:355)
		at org.apache.catalina.valves.RemoteAddrValve.invoke(RemoteAddrValve.java:54)
		at org.apache.catalina.core.StandardHostValve.invoke(StandardHostValve.java:130)
		at org.apache.catalina.valves.ErrorReportValve.invoke(ErrorReportValve.java:93)
		at org.apache.catalina.valves.AbstractAccessLogValve.invoke(AbstractAccessLogValve.java:670)
		at org.apache.catalina.core.StandardEngineValve.invoke(StandardEngineValve.java:74)
		at org.apache.catalina.connector.CoyoteAdapter.service(CoyoteAdapter.java:342)
		at org.apache.coyote.http11.Http11Processor.service(Http11Processor.java:390)
		at org.apache.coyote.AbstractProcessorLight.process(AbstractProcessorLight.java:63)
		at org.apache.coyote.AbstractProtocol$ConnectionHandler.process(AbstractProtocol.java:928)
		at org.apache.tomcat.util.net.NioEndpoint$SocketProcessor.doRun(NioEndpoint.java:1794)
		at org.apache.tomcat.util.net.SocketProcessorBase.run(SocketProcessorBase.java:52)
		at org.apache.tomcat.util.threads.ThreadPoolExecutor.runWorker(ThreadPoolExecutor.java:1191)
		at org.apache.tomcat.util.threads.ThreadPoolExecutor$Worker.run(ThreadPoolExecutor.java:659)
		at org.apache.tomcat.util.threads.TaskThread$WrappingRunnable.run(TaskThread.java:61)
		at java.base/java.lang.Thread.run(Thread.java:1583)
22-Apr-2024 20:46:02.327 INFO [http-nio-8080-exec-3] org.apache.catalina.core.ApplicationContext.log Manager: list: Listing contexts for virtual host 'localhost'
22-Apr-2024 20:46:02.334 INFO [http-nio-8080-exec-4] org.apache.catalina.core.ApplicationContext.log Manager: list: Listing contexts for virtual host 'localhost'
22-Apr-2024 20:46:02.395 INFO [http-nio-8080-exec-5] org.apache.catalina.core.ApplicationContext.log Manager: restart: Reloading web application '/FestaVista'
22-Apr-2024 20:46:19.041 INFO [http-nio-8080-exec-4] org.apache.catalina.core.ApplicationContext.log Manager: list: Listing contexts for virtual host 'localhost'
22-Apr-2024 20:46:19.046 INFO [http-nio-8080-exec-8] org.apache.catalina.core.ApplicationContext.log Manager: list: Listing contexts for virtual host 'localhost'
22-Apr-2024 20:46:31.556 INFO [http-nio-8080-exec-14] org.apache.catalina.core.ApplicationContext.log Manager: list: Listing contexts for virtual host 'localhost'
22-Apr-2024 20:46:31.563 INFO [http-nio-8080-exec-11] org.apache.catalina.core.ApplicationContext.log Manager: list: Listing contexts for virtual host 'localhost'
22-Apr-2024 20:46:31.603 INFO [http-nio-8080-exec-2] org.apache.catalina.core.ApplicationContext.log Manager: restart: Reloading web application '/Construction_Monitoring_System'
22-Apr-2024 20:46:31.603 SEVERE [http-nio-8080-exec-2] org.apache.catalina.core.ApplicationContext.log Manager: Error reloading [/Construction_Monitoring_System]
	java.lang.IllegalStateException: Context with name [/Construction_Monitoring_System] has not yet been started
		at org.apache.catalina.core.StandardContext.reload(StandardContext.java:3564)
		at org.apache.catalina.manager.ManagerServlet.reload(ManagerServlet.java:1060)
		at org.apache.catalina.manager.ManagerServlet.doGet(ManagerServlet.java:342)
		at javax.servlet.http.HttpServlet.service(HttpServlet.java:529)
		at javax.servlet.http.HttpServlet.service(HttpServlet.java:623)
		at org.apache.catalina.core.ApplicationFilterChain.internalDoFilter(ApplicationFilterChain.java:209)
		at org.apache.catalina.core.ApplicationFilterChain.doFilter(ApplicationFilterChain.java:153)
		at org.apache.tomcat.websocket.server.WsFilter.doFilter(WsFilter.java:51)
		at org.apache.catalina.core.ApplicationFilterChain.internalDoFilter(ApplicationFilterChain.java:178)
		at org.apache.catalina.core.ApplicationFilterChain.doFilter(ApplicationFilterChain.java:153)
		at org.apache.catalina.filters.HttpHeaderSecurityFilter.doFilter(HttpHeaderSecurityFilter.java:129)
		at org.apache.catalina.core.ApplicationFilterChain.internalDoFilter(ApplicationFilterChain.java:178)
		at org.apache.catalina.core.ApplicationFilterChain.doFilter(ApplicationFilterChain.java:153)
		at org.apache.catalina.core.StandardWrapperValve.invoke(StandardWrapperValve.java:168)
		at org.apache.catalina.core.StandardContextValve.invoke(StandardContextValve.java:90)
		at org.apache.catalina.authenticator.AuthenticatorBase.invoke(AuthenticatorBase.java:596)
		at org.apache.catalina.valves.RequestFilterValve.process(RequestFilterValve.java:355)
		at org.apache.catalina.valves.RemoteAddrValve.invoke(RemoteAddrValve.java:54)
		at org.apache.catalina.core.StandardHostValve.invoke(StandardHostValve.java:130)
		at org.apache.catalina.valves.ErrorReportValve.invoke(ErrorReportValve.java:93)
		at org.apache.catalina.valves.AbstractAccessLogValve.invoke(AbstractAccessLogValve.java:670)
		at org.apache.catalina.core.StandardEngineValve.invoke(StandardEngineValve.java:74)
		at org.apache.catalina.connector.CoyoteAdapter.service(CoyoteAdapter.java:342)
		at org.apache.coyote.http11.Http11Processor.service(Http11Processor.java:390)
		at org.apache.coyote.AbstractProcessorLight.process(AbstractProcessorLight.java:63)
		at org.apache.coyote.AbstractProtocol$ConnectionHandler.process(AbstractProtocol.java:928)
		at org.apache.tomcat.util.net.NioEndpoint$SocketProcessor.doRun(NioEndpoint.java:1794)
		at org.apache.tomcat.util.net.SocketProcessorBase.run(SocketProcessorBase.java:52)
		at org.apache.tomcat.util.threads.ThreadPoolExecutor.runWorker(ThreadPoolExecutor.java:1191)
		at org.apache.tomcat.util.threads.ThreadPoolExecutor$Worker.run(ThreadPoolExecutor.java:659)
		at org.apache.tomcat.util.threads.TaskThread$WrappingRunnable.run(TaskThread.java:61)
		at java.base/java.lang.Thread.run(Thread.java:1583)
22-Apr-2024 20:46:57.679 INFO [http-nio-8080-exec-4] org.apache.catalina.core.ApplicationContext.log Manager: init: Associated with Deployer 'Catalina:type=Deployer,host=localhost'
22-Apr-2024 20:46:57.679 INFO [http-nio-8080-exec-4] org.apache.catalina.core.ApplicationContext.log Manager: init: Global resources are available
22-Apr-2024 20:47:05.571 INFO [http-nio-8080-exec-2] org.apache.catalina.core.ApplicationContext.log Manager: list: Listing contexts for virtual host 'localhost'
22-Apr-2024 20:47:05.577 INFO [http-nio-8080-exec-8] org.apache.catalina.core.ApplicationContext.log Manager: list: Listing contexts for virtual host 'localhost'
22-Apr-2024 20:47:05.619 INFO [http-nio-8080-exec-3] org.apache.catalina.core.ApplicationContext.log Manager: restart: Reloading web application '/Construction_Monitoring_System'
22-Apr-2024 20:47:05.619 SEVERE [http-nio-8080-exec-3] org.apache.catalina.core.ApplicationContext.log Manager: Error reloading [/Construction_Monitoring_System]
	java.lang.IllegalStateException: Context with name [/Construction_Monitoring_System] has not yet been started
		at org.apache.catalina.core.StandardContext.reload(StandardContext.java:3564)
		at org.apache.catalina.manager.ManagerServlet.reload(ManagerServlet.java:1060)
		at org.apache.catalina.manager.ManagerServlet.doGet(ManagerServlet.java:342)
		at javax.servlet.http.HttpServlet.service(HttpServlet.java:529)
		at javax.servlet.http.HttpServlet.service(HttpServlet.java:623)
		at org.apache.catalina.core.ApplicationFilterChain.internalDoFilter(ApplicationFilterChain.java:209)
		at org.apache.catalina.core.ApplicationFilterChain.doFilter(ApplicationFilterChain.java:153)
		at org.apache.tomcat.websocket.server.WsFilter.doFilter(WsFilter.java:51)
		at org.apache.catalina.core.ApplicationFilterChain.internalDoFilter(ApplicationFilterChain.java:178)
		at org.apache.catalina.core.ApplicationFilterChain.doFilter(ApplicationFilterChain.java:153)
		at org.apache.catalina.filters.HttpHeaderSecurityFilter.doFilter(HttpHeaderSecurityFilter.java:129)
		at org.apache.catalina.core.ApplicationFilterChain.internalDoFilter(ApplicationFilterChain.java:178)
		at org.apache.catalina.core.ApplicationFilterChain.doFilter(ApplicationFilterChain.java:153)
		at org.apache.catalina.core.StandardWrapperValve.invoke(StandardWrapperValve.java:168)
		at org.apache.catalina.core.StandardContextValve.invoke(StandardContextValve.java:90)
		at org.apache.catalina.authenticator.AuthenticatorBase.invoke(AuthenticatorBase.java:596)
		at org.apache.catalina.valves.RequestFilterValve.process(RequestFilterValve.java:355)
		at org.apache.catalina.valves.RemoteAddrValve.invoke(RemoteAddrValve.java:54)
		at org.apache.catalina.core.StandardHostValve.invoke(StandardHostValve.java:130)
		at org.apache.catalina.valves.ErrorReportValve.invoke(ErrorReportValve.java:93)
		at org.apache.catalina.valves.AbstractAccessLogValve.invoke(AbstractAccessLogValve.java:670)
		at org.apache.catalina.core.StandardEngineValve.invoke(StandardEngineValve.java:74)
		at org.apache.catalina.connector.CoyoteAdapter.service(CoyoteAdapter.java:342)
		at org.apache.coyote.http11.Http11Processor.service(Http11Processor.java:390)
		at org.apache.coyote.AbstractProcessorLight.process(AbstractProcessorLight.java:63)
		at org.apache.coyote.AbstractProtocol$ConnectionHandler.process(AbstractProtocol.java:928)
		at org.apache.tomcat.util.net.NioEndpoint$SocketProcessor.doRun(NioEndpoint.java:1794)
		at org.apache.tomcat.util.net.SocketProcessorBase.run(SocketProcessorBase.java:52)
		at org.apache.tomcat.util.threads.ThreadPoolExecutor.runWorker(ThreadPoolExecutor.java:1191)
		at org.apache.tomcat.util.threads.ThreadPoolExecutor$Worker.run(ThreadPoolExecutor.java:659)
		at org.apache.tomcat.util.threads.TaskThread$WrappingRunnable.run(TaskThread.java:61)
		at java.base/java.lang.Thread.run(Thread.java:1583)
22-Apr-2024 20:47:19.253 INFO [http-nio-8080-exec-2] org.apache.catalina.core.ApplicationContext.log Manager: list: Listing contexts for virtual host 'localhost'
22-Apr-2024 20:47:19.257 INFO [http-nio-8080-exec-7] org.apache.catalina.core.ApplicationContext.log Manager: list: Listing contexts for virtual host 'localhost'
22-Apr-2024 20:47:23.041 INFO [http-nio-8080-exec-8] org.apache.catalina.core.ApplicationContext.log Manager: start: Starting web application '/Construction_Monitoring_System'
22-Apr-2024 20:47:23.102 SEVERE [http-nio-8080-exec-8] org.apache.catalina.core.ApplicationContext.log Manager: Error starting [/Construction_Monitoring_System]
	org.apache.catalina.LifecycleException: Failed to start component [StandardEngine[Catalina].StandardHost[localhost].StandardContext[/Construction_Monitoring_System]]
		at org.apache.catalina.util.LifecycleBase.handleSubClassException(LifecycleBase.java:419)
		at org.apache.catalina.util.LifecycleBase.start(LifecycleBase.java:186)
		at org.apache.catalina.manager.ManagerServlet.start(ManagerServlet.java:1335)
		at org.apache.catalina.manager.ManagerServlet.doGet(ManagerServlet.java:354)
		at javax.servlet.http.HttpServlet.service(HttpServlet.java:529)
		at javax.servlet.http.HttpServlet.service(HttpServlet.java:623)
		at org.apache.catalina.core.ApplicationFilterChain.internalDoFilter(ApplicationFilterChain.java:209)
		at org.apache.catalina.core.ApplicationFilterChain.doFilter(ApplicationFilterChain.java:153)
		at org.apache.tomcat.websocket.server.WsFilter.doFilter(WsFilter.java:51)
		at org.apache.catalina.core.ApplicationFilterChain.internalDoFilter(ApplicationFilterChain.java:178)
		at org.apache.catalina.core.ApplicationFilterChain.doFilter(ApplicationFilterChain.java:153)
		at org.apache.catalina.filters.HttpHeaderSecurityFilter.doFilter(HttpHeaderSecurityFilter.java:129)
		at org.apache.catalina.core.ApplicationFilterChain.internalDoFilter(ApplicationFilterChain.java:178)
		at org.apache.catalina.core.ApplicationFilterChain.doFilter(ApplicationFilterChain.java:153)
		at org.apache.catalina.core.StandardWrapperValve.invoke(StandardWrapperValve.java:168)
		at org.apache.catalina.core.StandardContextValve.invoke(StandardContextValve.java:90)
		at org.apache.catalina.authenticator.AuthenticatorBase.invoke(AuthenticatorBase.java:596)
		at org.apache.catalina.valves.RequestFilterValve.process(RequestFilterValve.java:355)
		at org.apache.catalina.valves.RemoteAddrValve.invoke(RemoteAddrValve.java:54)
		at org.apache.catalina.core.StandardHostValve.invoke(StandardHostValve.java:130)
		at org.apache.catalina.valves.ErrorReportValve.invoke(ErrorReportValve.java:93)
		at org.apache.catalina.valves.AbstractAccessLogValve.invoke(AbstractAccessLogValve.java:670)
		at org.apache.catalina.core.StandardEngineValve.invoke(StandardEngineValve.java:74)
		at org.apache.catalina.connector.CoyoteAdapter.service(CoyoteAdapter.java:342)
		at org.apache.coyote.http11.Http11Processor.service(Http11Processor.java:390)
		at org.apache.coyote.AbstractProcessorLight.process(AbstractProcessorLight.java:63)
		at org.apache.coyote.AbstractProtocol$ConnectionHandler.process(AbstractProtocol.java:928)
		at org.apache.tomcat.util.net.NioEndpoint$SocketProcessor.doRun(NioEndpoint.java:1794)
		at org.apache.tomcat.util.net.SocketProcessorBase.run(SocketProcessorBase.java:52)
		at org.apache.tomcat.util.threads.ThreadPoolExecutor.runWorker(ThreadPoolExecutor.java:1191)
		at org.apache.tomcat.util.threads.ThreadPoolExecutor$Worker.run(ThreadPoolExecutor.java:659)
		at org.apache.tomcat.util.threads.TaskThread$WrappingRunnable.run(TaskThread.java:61)
		at java.base/java.lang.Thread.run(Thread.java:1583)
	Caused by: java.lang.IllegalArgumentException: The servlets named [ServerPackages.AdminServlet] and [ServersidePackages.AdminServlet] are both mapped to the url-pattern [/AdminServlet] which is not permitted
		at org.apache.tomcat.util.descriptor.web.WebXml.addServletMappingDecoded(WebXml.java:354)
		at org.apache.tomcat.util.descriptor.web.WebXml.addServletMapping(WebXml.java:347)
		at org.apache.catalina.startup.ContextConfig.processAnnotationWebServlet(ContextConfig.java:2682)
		at org.apache.catalina.startup.ContextConfig.processClass(ContextConfig.java:2365)
		at org.apache.catalina.startup.ContextConfig.processAnnotationsStream(ContextConfig.java:2354)
		at org.apache.catalina.startup.ContextConfig.processAnnotationsWebResource(ContextConfig.java:2255)
		at org.apache.catalina.startup.ContextConfig.processAnnotationsWebResource(ContextConfig.java:2249)
		at org.apache.catalina.startup.ContextConfig.processClasses(ContextConfig.java:1403)
		at org.apache.catalina.startup.ContextConfig.webConfig(ContextConfig.java:1308)
		at org.apache.catalina.startup.ContextConfig.configureStart(ContextConfig.java:991)
		at org.apache.catalina.startup.ContextConfig.lifecycleEvent(ContextConfig.java:304)
		at org.apache.catalina.util.LifecycleBase.fireLifecycleEvent(LifecycleBase.java:114)
		at org.apache.catalina.core.StandardContext.startInternal(StandardContext.java:4820)
		at org.apache.catalina.util.LifecycleBase.start(LifecycleBase.java:171)
		... 31 more
22-Apr-2024 20:47:59.209 INFO [http-nio-8080-exec-1] org.apache.catalina.core.ApplicationContext.log Manager: undeploy: Undeploying web application at '/eventhub'
22-Apr-2024 20:47:59.756 INFO [http-nio-8080-exec-11] org.apache.catalina.core.ApplicationContext.log Manager: list: Listing contexts for virtual host 'localhost'
22-Apr-2024 20:47:59.764 INFO [http-nio-8080-exec-12] org.apache.catalina.core.ApplicationContext.log Manager: list: Listing contexts for virtual host 'localhost'
22-Apr-2024 20:48:06.170 INFO [http-nio-8080-exec-3] org.apache.catalina.core.ApplicationContext.log Manager: undeploy: Undeploying web application at '/Construction_Monitoring_System'
22-Apr-2024 20:48:06.709 INFO [http-nio-8080-exec-13] org.apache.catalina.core.ApplicationContext.log Manager: list: Listing contexts for virtual host 'localhost'
22-Apr-2024 20:48:06.715 INFO [http-nio-8080-exec-11] org.apache.catalina.core.ApplicationContext.log Manager: list: Listing contexts for virtual host 'localhost'
22-Apr-2024 20:48:14.202 INFO [http-nio-8080-exec-9] org.apache.catalina.core.ApplicationContext.log Manager: undeploy: Undeploying web application at '/EventManagement'
22-Apr-2024 20:48:14.772 INFO [http-nio-8080-exec-10] org.apache.catalina.core.ApplicationContext.log Manager: list: Listing contexts for virtual host 'localhost'
22-Apr-2024 20:48:14.776 INFO [http-nio-8080-exec-5] org.apache.catalina.core.ApplicationContext.log Manager: list: Listing contexts for virtual host 'localhost'
22-Apr-2024 20:48:21.602 INFO [http-nio-8080-exec-13] org.apache.catalina.core.ApplicationContext.log Manager: undeploy: Undeploying web application at '/'
22-Apr-2024 20:48:22.179 INFO [http-nio-8080-exec-14] org.apache.catalina.core.ApplicationContext.log Manager: list: Listing contexts for virtual host 'localhost'
22-Apr-2024 20:48:22.183 INFO [http-nio-8080-exec-4] org.apache.catalina.core.ApplicationContext.log Manager: list: Listing contexts for virtual host 'localhost'
22-Apr-2024 20:50:11.322 INFO [http-nio-8080-exec-4] org.apache.catalina.core.ApplicationContext.log Manager: init: Associated with Deployer 'Catalina:type=Deployer,host=localhost'
22-Apr-2024 20:50:11.322 INFO [http-nio-8080-exec-4] org.apache.catalina.core.ApplicationContext.log Manager: init: Global resources are available
22-Apr-2024 20:50:12.360 INFO [http-nio-8080-exec-4] org.apache.catalina.core.ApplicationContext.log Manager: list: Listing contexts for virtual host 'localhost'
22-Apr-2024 20:50:12.366 INFO [http-nio-8080-exec-8] org.apache.catalina.core.ApplicationContext.log Manager: list: Listing contexts for virtual host 'localhost'
22-Apr-2024 20:50:12.385 INFO [http-nio-8080-exec-3] org.apache.catalina.core.ApplicationContext.log Manager: install: Installing context configuration at 'file:/C:/Users/abhig/AppData/Local/Temp/context17818626812271029402.xml'
22-Apr-2024 20:52:05.090 INFO [http-nio-8080-exec-5] org.apache.catalina.core.ApplicationContext.log Manager: list: Listing contexts for virtual host 'localhost'
22-Apr-2024 20:52:05.109 INFO [http-nio-8080-exec-8] org.apache.catalina.core.ApplicationContext.log Manager: list: Listing contexts for virtual host 'localhost'
22-Apr-2024 20:52:05.122 INFO [http-nio-8080-exec-7] org.apache.catalina.core.ApplicationContext.log Manager: undeploy: Undeploying web application at '/Construction_Monitoring_System'
22-Apr-2024 20:52:05.660 INFO [http-nio-8080-exec-3] org.apache.catalina.core.ApplicationContext.log Manager: install: Installing context configuration at 'file:/C:/Users/abhig/AppData/Local/Temp/context1117986559652890371.xml'
22-Apr-2024 20:52:28.296 INFO [http-nio-8080-exec-8] org.apache.catalina.core.ApplicationContext.log Manager: list: Listing contexts for virtual host 'localhost'
22-Apr-2024 20:52:28.301 INFO [http-nio-8080-exec-1] org.apache.catalina.core.ApplicationContext.log Manager: list: Listing contexts for virtual host 'localhost'
22-Apr-2024 20:52:28.316 INFO [http-nio-8080-exec-10] org.apache.catalina.core.ApplicationContext.log Manager: undeploy: Undeploying web application at '/Construction_Monitoring_System'
22-Apr-2024 20:52:28.864 INFO [http-nio-8080-exec-12] org.apache.catalina.core.ApplicationContext.log Manager: install: Installing context configuration at 'file:/C:/Users/abhig/AppData/Local/Temp/context15806282044449277425.xml'
22-Apr-2024 20:52:29.847 INFO [http-nio-8080-exec-10] org.apache.catalina.core.ApplicationContext.log Manager: list: Listing contexts for virtual host 'localhost'
22-Apr-2024 20:52:29.853 INFO [http-nio-8080-exec-8] org.apache.catalina.core.ApplicationContext.log Manager: list: Listing contexts for virtual host 'localhost'
22-Apr-2024 20:52:29.867 INFO [http-nio-8080-exec-3] org.apache.catalina.core.ApplicationContext.log Manager: undeploy: Undeploying web application at '/Construction_Monitoring_System'
22-Apr-2024 20:52:30.407 INFO [http-nio-8080-exec-8] org.apache.catalina.core.ApplicationContext.log Manager: install: Installing context configuration at 'file:/C:/Users/abhig/AppData/Local/Temp/context13809561826374642194.xml'
22-Apr-2024 20:52:43.435 INFO [http-nio-8080-exec-3] org.apache.catalina.core.ApplicationContext.log Manager: list: Listing contexts for virtual host 'localhost'
22-Apr-2024 20:52:43.439 INFO [http-nio-8080-exec-10] org.apache.catalina.core.ApplicationContext.log Manager: list: Listing contexts for virtual host 'localhost'
22-Apr-2024 20:52:43.486 INFO [http-nio-8080-exec-1] org.apache.catalina.core.ApplicationContext.log Manager: restart: Reloading web application '/Construction_Monitoring_System'
22-Apr-2024 20:52:43.486 SEVERE [http-nio-8080-exec-1] org.apache.catalina.core.ApplicationContext.log Manager: Error reloading [/Construction_Monitoring_System]
	java.lang.IllegalStateException: Context with name [/Construction_Monitoring_System] has not yet been started
		at org.apache.catalina.core.StandardContext.reload(StandardContext.java:3564)
		at org.apache.catalina.manager.ManagerServlet.reload(ManagerServlet.java:1060)
		at org.apache.catalina.manager.ManagerServlet.doGet(ManagerServlet.java:342)
		at javax.servlet.http.HttpServlet.service(HttpServlet.java:529)
		at javax.servlet.http.HttpServlet.service(HttpServlet.java:623)
		at org.apache.catalina.core.ApplicationFilterChain.internalDoFilter(ApplicationFilterChain.java:209)
		at org.apache.catalina.core.ApplicationFilterChain.doFilter(ApplicationFilterChain.java:153)
		at org.apache.tomcat.websocket.server.WsFilter.doFilter(WsFilter.java:51)
		at org.apache.catalina.core.ApplicationFilterChain.internalDoFilter(ApplicationFilterChain.java:178)
		at org.apache.catalina.core.ApplicationFilterChain.doFilter(ApplicationFilterChain.java:153)
		at org.apache.catalina.filters.HttpHeaderSecurityFilter.doFilter(HttpHeaderSecurityFilter.java:129)
		at org.apache.catalina.core.ApplicationFilterChain.internalDoFilter(ApplicationFilterChain.java:178)
		at org.apache.catalina.core.ApplicationFilterChain.doFilter(ApplicationFilterChain.java:153)
		at org.apache.catalina.core.StandardWrapperValve.invoke(StandardWrapperValve.java:168)
		at org.apache.catalina.core.StandardContextValve.invoke(StandardContextValve.java:90)
		at org.apache.catalina.authenticator.AuthenticatorBase.invoke(AuthenticatorBase.java:596)
		at org.apache.catalina.valves.RequestFilterValve.process(RequestFilterValve.java:355)
		at org.apache.catalina.valves.RemoteAddrValve.invoke(RemoteAddrValve.java:54)
		at org.apache.catalina.core.StandardHostValve.invoke(StandardHostValve.java:130)
		at org.apache.catalina.valves.ErrorReportValve.invoke(ErrorReportValve.java:93)
		at org.apache.catalina.valves.AbstractAccessLogValve.invoke(AbstractAccessLogValve.java:670)
		at org.apache.catalina.core.StandardEngineValve.invoke(StandardEngineValve.java:74)
		at org.apache.catalina.connector.CoyoteAdapter.service(CoyoteAdapter.java:342)
		at org.apache.coyote.http11.Http11Processor.service(Http11Processor.java:390)
		at org.apache.coyote.AbstractProcessorLight.process(AbstractProcessorLight.java:63)
		at org.apache.coyote.AbstractProtocol$ConnectionHandler.process(AbstractProtocol.java:928)
		at org.apache.tomcat.util.net.NioEndpoint$SocketProcessor.doRun(NioEndpoint.java:1794)
		at org.apache.tomcat.util.net.SocketProcessorBase.run(SocketProcessorBase.java:52)
		at org.apache.tomcat.util.threads.ThreadPoolExecutor.runWorker(ThreadPoolExecutor.java:1191)
		at org.apache.tomcat.util.threads.ThreadPoolExecutor$Worker.run(ThreadPoolExecutor.java:659)
		at org.apache.tomcat.util.threads.TaskThread$WrappingRunnable.run(TaskThread.java:61)
		at java.base/java.lang.Thread.run(Thread.java:1583)
22-Apr-2024 20:55:19.016 INFO [http-nio-8080-exec-15] org.apache.catalina.core.ApplicationContext.log Manager: list: Listing contexts for virtual host 'localhost'
22-Apr-2024 20:55:19.031 INFO [http-nio-8080-exec-3] org.apache.catalina.core.ApplicationContext.log Manager: list: Listing contexts for virtual host 'localhost'
22-Apr-2024 20:55:19.039 INFO [http-nio-8080-exec-2] org.apache.catalina.core.ApplicationContext.log Manager: install: Installing context configuration at 'file:/C:/Users/abhig/AppData/Local/Temp/context15270121557290141364.xml'
22-Apr-2024 20:55:19.120 INFO [http-nio-8080-exec-8] org.apache.catalina.core.ApplicationContext.log Manager: start: Starting web application '/RealTimeConstructionDashboard'
22-Apr-2024 20:55:56.702 INFO [http-nio-8080-exec-20] org.apache.catalina.core.ApplicationContext.log Manager: list: Listing contexts for virtual host 'localhost'
22-Apr-2024 20:55:56.706 INFO [http-nio-8080-exec-16] org.apache.catalina.core.ApplicationContext.log Manager: list: Listing contexts for virtual host 'localhost'
22-Apr-2024 20:57:23.162 INFO [http-nio-8080-exec-18] org.apache.catalina.core.ApplicationContext.log Manager: list: Listing contexts for virtual host 'localhost'
22-Apr-2024 20:57:23.171 INFO [http-nio-8080-exec-20] org.apache.catalina.core.ApplicationContext.log Manager: undeploy: Undeploying web application at '/Construction_Monitoring_System'
22-Apr-2024 20:57:57.351 INFO [http-nio-8080-exec-24] org.apache.catalina.core.ApplicationContext.log Manager: list: Listing contexts for virtual host 'localhost'
22-Apr-2024 20:57:57.351 INFO [http-nio-8080-exec-22] org.apache.catalina.core.ApplicationContext.log Manager: list: Listing contexts for virtual host 'localhost'
22-Apr-2024 20:59:04.975 INFO [http-nio-8080-exec-31] org.apache.catalina.core.ApplicationContext.log Manager: list: Listing contexts for virtual host 'localhost'
22-Apr-2024 21:00:22.219 INFO [http-nio-8080-exec-31] org.apache.catalina.core.ApplicationContext.log Manager: list: Listing contexts for virtual host 'localhost'
22-Apr-2024 21:00:28.482 INFO [http-nio-8080-exec-29] org.apache.catalina.core.ApplicationContext.log Manager: list: Listing contexts for virtual host 'localhost'
22-Apr-2024 21:00:43.103 INFO [http-nio-8080-exec-28] org.apache.catalina.core.ApplicationContext.log Manager: list: Listing contexts for virtual host 'localhost'
22-Apr-2024 21:05:50.306 INFO [http-nio-8080-exec-29] org.apache.catalina.core.ApplicationContext.log Manager: list: Listing contexts for virtual host 'localhost'
22-Apr-2024 21:05:50.321 INFO [http-nio-8080-exec-30] org.apache.catalina.core.ApplicationContext.log Manager: restart: Reloading web application '/Realtime_Construction'
22-Apr-2024 21:05:54.834 INFO [http-nio-8080-exec-28] org.apache.catalina.core.ApplicationContext.log Manager: list: Listing contexts for virtual host 'localhost'
22-Apr-2024 21:05:54.844 INFO [http-nio-8080-exec-29] org.apache.catalina.core.ApplicationContext.log Manager: restart: Reloading web application '/Realtime_Construction'
22-Apr-2024 21:06:03.622 INFO [http-nio-8080-exec-31] org.apache.catalina.core.ApplicationContext.log Manager: list: Listing contexts for virtual host 'localhost'
22-Apr-2024 21:06:03.629 INFO [http-nio-8080-exec-28] org.apache.catalina.core.ApplicationContext.log Manager: undeploy: Undeploying web application at '/RealTimeConstructionDashboard'
22-Apr-2024 21:07:52.397 INFO [http-nio-8080-exec-27] org.apache.catalina.core.ApplicationContext.log Manager: list: Listing contexts for virtual host 'localhost'
22-Apr-2024 21:07:52.407 INFO [http-nio-8080-exec-31] org.apache.catalina.core.ApplicationContext.log Manager: restart: Reloading web application '/Realtime_Construction'
22-Apr-2024 21:07:56.519 INFO [http-nio-8080-exec-27] org.apache.catalina.core.ApplicationContext.log Manager: list: Listing contexts for virtual host 'localhost'
22-Apr-2024 21:07:56.526 INFO [http-nio-8080-exec-39] org.apache.catalina.core.ApplicationContext.log Manager: restart: Reloading web application '/Realtime_Construction'
22-Apr-2024 21:08:05.769 INFO [http-nio-8080-exec-41] org.apache.catalina.core.ApplicationContext.log Manager: list: Listing contexts for virtual host 'localhost'
22-Apr-2024 21:08:05.781 INFO [http-nio-8080-exec-25] org.apache.catalina.core.ApplicationContext.log Manager: restart: Reloading web application '/Realtime_Construction'
22-Apr-2024 21:08:09.669 INFO [http-nio-8080-exec-28] org.apache.catalina.core.ApplicationContext.log Manager: list: Listing contexts for virtual host 'localhost'
22-Apr-2024 21:08:09.677 INFO [http-nio-8080-exec-42] org.apache.catalina.core.ApplicationContext.log Manager: restart: Reloading web application '/Realtime_Construction'
22-Apr-2024 21:12:33.181 INFO [http-nio-8080-exec-46] org.apache.catalina.core.ApplicationContext.log Manager: list: Listing contexts for virtual host 'localhost'
22-Apr-2024 21:12:33.191 INFO [http-nio-8080-exec-47] org.apache.catalina.core.ApplicationContext.log Manager: restart: Reloading web application '/Realtime_Construction'
22-Apr-2024 21:12:56.053 INFO [http-nio-8080-exec-46] org.apache.catalina.core.ApplicationContext.log Manager: list: Listing contexts for virtual host 'localhost'
22-Apr-2024 21:12:58.397 INFO [http-nio-8080-exec-57] org.apache.catalina.core.ApplicationContext.log Manager: list: Listing contexts for virtual host 'localhost'
22-Apr-2024 21:12:58.401 INFO [http-nio-8080-exec-53] org.apache.catalina.core.ApplicationContext.log Manager: list: Listing contexts for virtual host 'localhost'
22-Apr-2024 21:12:58.454 INFO [http-nio-8080-exec-55] org.apache.catalina.core.ApplicationContext.log Manager: restart: Reloading web application '/Realtime_Construction'
22-Apr-2024 21:14:07.494 INFO [http-nio-8080-exec-60] org.apache.catalina.core.ApplicationContext.log Manager: list: Listing contexts for virtual host 'localhost'
22-Apr-2024 21:15:36.639 INFO [http-nio-8080-exec-63] org.apache.catalina.core.ApplicationContext.log Manager: list: Listing contexts for virtual host 'localhost'
22-Apr-2024 21:17:59.747 INFO [http-nio-8080-exec-60] org.apache.catalina.core.ApplicationContext.log Manager: list: Listing contexts for virtual host 'localhost'
22-Apr-2024 21:17:59.758 INFO [http-nio-8080-exec-61] org.apache.catalina.core.ApplicationContext.log Manager: restart: Reloading web application '/Realtime_Construction'
22-Apr-2024 21:18:02.531 INFO [http-nio-8080-exec-58] org.apache.catalina.core.ApplicationContext.log Manager: list: Listing contexts for virtual host 'localhost'
22-Apr-2024 21:18:02.536 INFO [http-nio-8080-exec-59] org.apache.catalina.core.ApplicationContext.log Manager: list: Listing contexts for virtual host 'localhost'
22-Apr-2024 21:18:03.229 INFO [http-nio-8080-exec-65] org.apache.catalina.core.ApplicationContext.log Manager: restart: Reloading web application '/Realtime_Construction'
22-Apr-2024 21:18:53.084 INFO [http-nio-8080-exec-64] org.apache.catalina.core.ApplicationContext.log Manager: list: Listing contexts for virtual host 'localhost'
22-Apr-2024 21:18:53.094 INFO [http-nio-8080-exec-68] org.apache.catalina.core.ApplicationContext.log Manager: restart: Reloading web application '/Realtime_Construction'
22-Apr-2024 21:20:34.728 INFO [http-nio-8080-exec-77] org.apache.catalina.core.ApplicationContext.log Manager: list: Listing contexts for virtual host 'localhost'
22-Apr-2024 21:20:34.736 INFO [http-nio-8080-exec-78] org.apache.catalina.core.ApplicationContext.log Manager: restart: Reloading web application '/Realtime_Construction'
22-Apr-2024 21:23:26.282 INFO [http-nio-8080-exec-84] org.apache.catalina.core.ApplicationContext.log Manager: list: Listing contexts for virtual host 'localhost'
22-Apr-2024 21:23:26.295 INFO [http-nio-8080-exec-85] org.apache.catalina.core.ApplicationContext.log Manager: restart: Reloading web application '/Realtime_Construction'
